2024-10-20 14:20:04.874 [info] Log level: Info
2024-10-20 14:20:04.874 [info] Validating found git in: "git"
2024-10-20 14:20:04.874 [info] Using git "2.43.0" from "git"
2024-10-20 14:20:04.874 [info] > git rev-parse --show-toplevel [203ms]
2024-10-20 14:20:04.892 [info] > git rev-parse --git-dir --git-common-dir [4ms]
2024-10-20 14:20:04.920 [info] Open repository: /home/youwantsomethings
2024-10-20 14:20:04.980 [info] > git config --get commit.template [37ms]
2024-10-20 14:20:04.999 [info] > git rev-parse --show-toplevel [23ms]
2024-10-20 14:20:05.051 [info] > git rev-parse --show-toplevel [30ms]
2024-10-20 14:20:05.096 [info] > git rev-parse --show-toplevel [4ms]
2024-10-20 14:20:05.133 [info] > git rev-parse --show-toplevel [10ms]
2024-10-20 14:20:05.167 [info] > git rev-parse --show-toplevel [8ms]
2024-10-20 14:20:05.210 [info] > git rev-parse --show-toplevel [10ms]
2024-10-20 14:20:05.232 [info] > git rev-parse --show-toplevel [4ms]
2024-10-20 14:20:05.249 [info] > git rev-parse --show-toplevel [4ms]
2024-10-20 14:20:05.272 [info] > git rev-parse --show-toplevel [8ms]
2024-10-20 14:20:05.307 [info] > git rev-parse --show-toplevel [8ms]
2024-10-20 14:20:05.335 [info] > git rev-parse --show-toplevel [2ms]
2024-10-20 14:20:05.351 [info] > git rev-parse --show-toplevel [1ms]
2024-10-20 14:20:05.371 [info] > git rev-parse --show-toplevel [4ms]
2024-10-20 14:20:05.387 [info] > git for-each-ref --format=%(refname)%00%(upstream:short)%00%(objectname)%00%(upstream:track)%00%(upstream:remotename)%00%(upstream:remoteref) refs/heads/from-gcp-http refs/remotes/from-gcp-http [393ms]
2024-10-20 14:20:05.426 [info] > git rev-parse --show-toplevel [41ms]
2024-10-20 14:20:05.722 [info] > git ls-files --stage -- /home/youwantsomethings/etl_pipeline_dag.py [249ms]
2024-10-20 14:20:05.727 [info] > git show --textconv :etl_pipeline_dag.py [266ms]
2024-10-20 14:20:05.754 [info] > git check-ignore -v -z --stdin [199ms]
2024-10-20 14:20:12.096 [info] > git status -z -uall [6656ms]
2024-10-20 14:20:12.324 [info] > git merge-base refs/heads/from-gcp-http refs/remotes/origin/from-gcp-http [201ms]
2024-10-20 14:20:12.682 [info] > git rev-list --count --left-right refs/heads/from-gcp-http...refs/remotes/origin/from-gcp-http [338ms]
2024-10-20 14:20:12.704 [info] > git config --get commit.template [386ms]
2024-10-20 14:20:12.733 [info] > git for-each-ref --format=%(refname)%00%(upstream:short)%00%(objectname)%00%(upstream:track)%00%(upstream:remotename)%00%(upstream:remoteref) refs/heads/from-gcp-http refs/remotes/from-gcp-http [6ms]
2024-10-20 14:20:12.734 [info] > git diff --name-status -z --diff-filter=ADMR afe68ac381e045e043e820e3420adc8c3d461ee9...refs/remotes/origin/from-gcp-http [32ms]
2024-10-20 14:20:12.998 [info] > git status -z -uall [235ms]
2024-10-20 14:23:27.233 [info] > git config --get commit.template [21ms]
2024-10-20 14:23:27.233 [info] > git for-each-ref --format=%(refname)%00%(upstream:short)%00%(objectname)%00%(upstream:track)%00%(upstream:remotename)%00%(upstream:remoteref) refs/heads/from-gcp-http refs/remotes/from-gcp-http [3ms]
2024-10-20 14:23:27.445 [info] > git status -z -uall [189ms]
2024-10-20 14:23:28.132 [info] > git fetch [951ms]
2024-10-20 14:23:28.172 [info] > git config --get commit.template [20ms]
2024-10-20 14:23:28.173 [info] > git for-each-ref --format=%(refname)%00%(upstream:short)%00%(objectname)%00%(upstream:track)%00%(upstream:remotename)%00%(upstream:remoteref) refs/heads/from-gcp-http refs/remotes/from-gcp-http [3ms]
2024-10-20 14:23:28.373 [info] > git status -z -uall [181ms]
2024-10-20 14:23:29.555 [info] > git ls-files --stage -- /home/youwantsomethings/etl_pipeline_dag.py [13ms]
2024-10-20 14:23:29.640 [info] > git show --textconv :etl_pipeline_dag.py [11ms]
2024-10-20 14:23:31.729 [info] > git check-ignore -v -z --stdin [16ms]
2024-10-20 14:23:32.498 [info] > git config --get commit.template [21ms]
2024-10-20 14:23:32.500 [info] > git for-each-ref --format=%(refname)%00%(upstream:short)%00%(objectname)%00%(upstream:track)%00%(upstream:remotename)%00%(upstream:remoteref) refs/heads/from-gcp-http refs/remotes/from-gcp-http [3ms]
2024-10-20 14:23:32.699 [info] > git status -z -uall [178ms]
2024-10-20 14:23:37.768 [info] > git config --get commit.template [27ms]
2024-10-20 14:23:37.770 [info] > git for-each-ref --format=%(refname)%00%(upstream:short)%00%(objectname)%00%(upstream:track)%00%(upstream:remotename)%00%(upstream:remoteref) refs/heads/from-gcp-http refs/remotes/from-gcp-http [3ms]
2024-10-20 14:23:37.963 [info] > git status -z -uall [175ms]
2024-10-20 14:27:17.874 [info] > git config --get commit.template [19ms]
2024-10-20 14:27:17.877 [info] > git for-each-ref --format=%(refname)%00%(upstream:short)%00%(objectname)%00%(upstream:track)%00%(upstream:remotename)%00%(upstream:remoteref) refs/heads/from-gcp-http refs/remotes/from-gcp-http [5ms]
2024-10-20 14:27:18.085 [info] > git status -z -uall [187ms]
2024-10-20 14:27:18.459 [info] > git fetch [626ms]
2024-10-20 14:27:18.497 [info] > git config --get commit.template [19ms]
2024-10-20 14:27:18.498 [info] > git for-each-ref --format=%(refname)%00%(upstream:short)%00%(objectname)%00%(upstream:track)%00%(upstream:remotename)%00%(upstream:remoteref) refs/heads/from-gcp-http refs/remotes/from-gcp-http [2ms]
2024-10-20 14:27:18.693 [info] > git status -z -uall [176ms]
2024-10-20 14:27:20.469 [info] > git ls-files --stage -- /home/youwantsomethings/etl_pipeline_dag.py [15ms]
2024-10-20 14:27:20.558 [info] > git show --textconv :etl_pipeline_dag.py [14ms]
2024-10-20 14:27:23.134 [info] > git config --get commit.template [19ms]
2024-10-20 14:27:23.136 [info] > git for-each-ref --format=%(refname)%00%(upstream:short)%00%(objectname)%00%(upstream:track)%00%(upstream:remotename)%00%(upstream:remoteref) refs/heads/from-gcp-http refs/remotes/from-gcp-http [3ms]
2024-10-20 14:27:23.334 [info] > git status -z -uall [178ms]
2024-10-20 14:28:43.590 [info] > git config --get commit.template [19ms]
2024-10-20 14:28:43.592 [info] > git for-each-ref --format=%(refname)%00%(upstream:short)%00%(objectname)%00%(upstream:track)%00%(upstream:remotename)%00%(upstream:remoteref) refs/heads/from-gcp-http refs/remotes/from-gcp-http [4ms]
2024-10-20 14:28:43.795 [info] > git status -z -uall [184ms]
2024-10-20 14:28:48.846 [info] > git config --get commit.template [19ms]
2024-10-20 14:28:48.847 [info] > git for-each-ref --format=%(refname)%00%(upstream:short)%00%(objectname)%00%(upstream:track)%00%(upstream:remotename)%00%(upstream:remoteref) refs/heads/from-gcp-http refs/remotes/from-gcp-http [2ms]
2024-10-20 14:28:49.043 [info] > git status -z -uall [177ms]
2024-10-20 14:28:59.532 [info] > git config --get commit.template [19ms]
2024-10-20 14:28:59.534 [info] > git for-each-ref --format=%(refname)%00%(upstream:short)%00%(objectname)%00%(upstream:track)%00%(upstream:remotename)%00%(upstream:remoteref) refs/heads/from-gcp-http refs/remotes/from-gcp-http [4ms]
2024-10-20 14:28:59.730 [info] > git status -z -uall [177ms]
2024-10-20 15:00:15.458 [info] > git config --get commit.template [20ms]
2024-10-20 15:00:15.460 [info] > git for-each-ref --format=%(refname)%00%(upstream:short)%00%(objectname)%00%(upstream:track)%00%(upstream:remotename)%00%(upstream:remoteref) refs/heads/from-gcp-http refs/remotes/from-gcp-http [3ms]
2024-10-20 15:00:15.663 [info] > git status -z -uall [185ms]
2024-10-20 15:00:16.059 [info] > git fetch [644ms]
2024-10-20 15:00:16.097 [info] > git config --get commit.template [20ms]
2024-10-20 15:00:16.099 [info] > git for-each-ref --format=%(refname)%00%(upstream:short)%00%(objectname)%00%(upstream:track)%00%(upstream:remotename)%00%(upstream:remoteref) refs/heads/from-gcp-http refs/remotes/from-gcp-http [3ms]
2024-10-20 15:00:16.298 [info] > git status -z -uall [180ms]
2024-10-20 15:00:17.630 [info] > git ls-files --stage -- /home/youwantsomethings/etl_pipeline_dag.py [13ms]
2024-10-20 15:00:17.838 [info] > git show --textconv :etl_pipeline_dag.py [11ms]
2024-10-20 15:00:20.713 [info] > git config --get commit.template [21ms]
2024-10-20 15:00:20.715 [info] > git for-each-ref --format=%(refname)%00%(upstream:short)%00%(objectname)%00%(upstream:track)%00%(upstream:remotename)%00%(upstream:remoteref) refs/heads/from-gcp-http refs/remotes/from-gcp-http [3ms]
2024-10-20 15:00:20.911 [info] > git status -z -uall [177ms]
2024-10-20 15:00:44.039 [info] > git config --get commit.template [20ms]
2024-10-20 15:00:44.041 [info] > git for-each-ref --format=%(refname)%00%(upstream:short)%00%(objectname)%00%(upstream:track)%00%(upstream:remotename)%00%(upstream:remoteref) refs/heads/from-gcp-http refs/remotes/from-gcp-http [2ms]
2024-10-20 15:00:44.241 [info] > git status -z -uall [181ms]
2024-10-20 15:00:49.292 [info] > git config --get commit.template [19ms]
2024-10-20 15:00:49.294 [info] > git for-each-ref --format=%(refname)%00%(upstream:short)%00%(objectname)%00%(upstream:track)%00%(upstream:remotename)%00%(upstream:remoteref) refs/heads/from-gcp-http refs/remotes/from-gcp-http [3ms]
2024-10-20 15:00:49.490 [info] > git status -z -uall [175ms]
2024-10-20 15:00:54.538 [info] > git config --get commit.template [20ms]
2024-10-20 15:00:54.540 [info] > git for-each-ref --format=%(refname)%00%(upstream:short)%00%(objectname)%00%(upstream:track)%00%(upstream:remotename)%00%(upstream:remoteref) refs/heads/from-gcp-http refs/remotes/from-gcp-http [3ms]
2024-10-20 15:00:54.736 [info] > git status -z -uall [176ms]
2024-10-20 15:01:20.689 [info] > git config --get commit.template [19ms]
2024-10-20 15:01:20.691 [info] > git for-each-ref --format=%(refname)%00%(upstream:short)%00%(objectname)%00%(upstream:track)%00%(upstream:remotename)%00%(upstream:remoteref) refs/heads/from-gcp-http refs/remotes/from-gcp-http [4ms]
2024-10-20 15:01:20.888 [info] > git status -z -uall [178ms]
2024-10-20 15:03:52.537 [info] > git config --get commit.template [21ms]
2024-10-20 15:03:52.538 [info] > git for-each-ref --format=%(refname)%00%(upstream:short)%00%(objectname)%00%(upstream:track)%00%(upstream:remotename)%00%(upstream:remoteref) refs/heads/from-gcp-http refs/remotes/from-gcp-http [3ms]
2024-10-20 15:03:52.748 [info] > git status -z -uall [188ms]
2024-10-20 15:03:53.135 [info] > git fetch [641ms]
2024-10-20 15:03:53.175 [info] > git config --get commit.template [19ms]
2024-10-20 15:03:53.176 [info] > git for-each-ref --format=%(refname)%00%(upstream:short)%00%(objectname)%00%(upstream:track)%00%(upstream:remotename)%00%(upstream:remoteref) refs/heads/from-gcp-http refs/remotes/from-gcp-http [3ms]
2024-10-20 15:03:53.369 [info] > git status -z -uall [174ms]
2024-10-20 15:03:54.240 [info] > git merge-base refs/heads/from-gcp-http refs/remotes/origin/from-gcp-http [2ms]
2024-10-20 15:03:54.262 [info] > git rev-list --count --left-right refs/heads/from-gcp-http...refs/remotes/origin/from-gcp-http [2ms]
2024-10-20 15:03:54.582 [info] > git ls-files --stage -- /home/youwantsomethings/etl_pipeline_dag.py [14ms]
2024-10-20 15:03:54.666 [info] > git show --textconv :etl_pipeline_dag.py [11ms]
2024-10-20 15:03:55.097 [info] > git check-ignore -v -z --stdin [30ms]
2024-10-20 15:03:57.803 [info] > git config --get commit.template [22ms]
2024-10-20 15:03:57.804 [info] > git for-each-ref --format=%(refname)%00%(upstream:short)%00%(objectname)%00%(upstream:track)%00%(upstream:remotename)%00%(upstream:remoteref) refs/heads/from-gcp-http refs/remotes/from-gcp-http [3ms]
2024-10-20 15:03:58.005 [info] > git status -z -uall [181ms]
2024-10-20 15:04:03.055 [info] > git config --get commit.template [21ms]
2024-10-20 15:04:03.057 [info] > git for-each-ref --format=%(refname)%00%(upstream:short)%00%(objectname)%00%(upstream:track)%00%(upstream:remotename)%00%(upstream:remoteref) refs/heads/from-gcp-http refs/remotes/from-gcp-http [3ms]
2024-10-20 15:04:03.255 [info] > git status -z -uall [178ms]
