2024-10-08 12:02:43.349 [info] Default formatter is set to null for workspace /home/youwantsomethings
2024-10-08 12:02:43.349 [info] Test server listening.
2024-10-08 12:02:43.349 [info] Python interpreter path: /bin/python
2024-10-08 12:02:43.765 [info] > pyenv which python
2024-10-08 12:02:43.765 [info] cwd: .
2024-10-08 12:02:49.185 [info] Starting Jedi language server for youwantsomethings.
2024-10-08 12:12:18.924 [info] Discover tests for workspace name: youwantsomethings - uri: /home/youwantsomethings/real_dataflow_etl.py
2024-10-08 12:12:19.261 [info] Discover tests for workspace name: youwantsomethings - uri: /home/youwantsomethings/real_dataflow_etl.py
2024-10-08 12:14:41.251 [info] Discover tests for workspace name: youwantsomethings - uri: /home/youwantsomethings/real_dataflow_etl.py
2024-10-08 12:33:40.185 [info] Discover tests for workspace name: youwantsomethings - uri: /home/youwantsomethings/real_dataflow_etl.py
2024-10-08 12:33:40.585 [info] Discover tests for workspace name: youwantsomethings - uri: /home/youwantsomethings/real_dataflow_etl.py
2024-10-08 12:33:41.456 [info] Discover tests for workspace name: youwantsomethings - uri: /home/youwantsomethings/real_dataflow_etl.py
2024-10-08 12:34:44.238 [info] Discover tests for workspace name: youwantsomethings - uri: /home/youwantsomethings/real_dataflow_etl.py
2024-10-08 12:34:44.588 [info] Discover tests for workspace name: youwantsomethings - uri: /home/youwantsomethings/real_dataflow_etl.py
2024-10-08 12:37:03.506 [info] Discover tests for workspace name: youwantsomethings - uri: /home/youwantsomethings/real_dataflow_etl.py
2024-10-08 12:37:04.034 [info] Discover tests for workspace name: youwantsomethings - uri: /home/youwantsomethings/real_dataflow_etl.py
2024-10-08 12:39:01.382 [info] Discover tests for workspace name: youwantsomethings - uri: /home/youwantsomethings/real_dataflow_etl.py
2024-10-08 12:39:01.883 [info] Discover tests for workspace name: youwantsomethings - uri: /home/youwantsomethings/real_dataflow_etl.py
2024-10-08 12:39:02.226 [info] Discover tests for workspace name: youwantsomethings - uri: /home/youwantsomethings/real_dataflow_etl.py
2024-10-08 12:41:00.190 [info] Discover tests for workspace name: youwantsomethings - uri: /home/youwantsomethings/real_dataflow_etl.py
2024-10-08 12:41:20.657 [info] Discover tests for workspace name: youwantsomethings - uri: /home/youwantsomethings/real_dataflow_etl.py
2024-10-08 12:41:24.173 [info] Discover tests for workspace name: youwantsomethings - uri: /home/youwantsomethings/real_dataflow_etl.py
2024-10-08 12:41:32.013 [info] Discover tests for workspace name: youwantsomethings - uri: /home/youwantsomethings/real_dataflow_etl.py
2024-10-08 12:42:29.558 [info] Discover tests for workspace name: youwantsomethings - uri: /home/youwantsomethings/real_dataflow_etl.py
2024-10-08 12:42:45.102 [info] Discover tests for workspace name: youwantsomethings - uri: /home/youwantsomethings/real_dataflow_etl.py
2024-10-08 12:43:59.324 [info] Discover tests for workspace name: youwantsomethings - uri: /home/youwantsomethings/real_dataflow_etl.py
2024-10-08 12:44:07.271 [info] Discover tests for workspace name: youwantsomethings - uri: /home/youwantsomethings/real_dataflow_etl.py
2024-10-08 12:44:09.251 [info] Discover tests for workspace name: youwantsomethings - uri: /home/youwantsomethings/real_dataflow_etl.py
2024-10-08 12:44:12.408 [info] Discover tests for workspace name: youwantsomethings - uri: /home/youwantsomethings/real_dataflow_etl.py
2024-10-08 12:44:14.442 [info] Discover tests for workspace name: youwantsomethings - uri: /home/youwantsomethings/real_dataflow_etl.py
2024-10-08 12:44:14.914 [info] Discover tests for workspace name: youwantsomethings - uri: /home/youwantsomethings/real_dataflow_etl.py
2024-10-08 12:44:31.005 [info] Discover tests for workspace name: youwantsomethings - uri: /home/youwantsomethings/real_dataflow_etl.py
2024-10-08 12:44:36.761 [info] Discover tests for workspace name: youwantsomethings - uri: /home/youwantsomethings/real_dataflow_etl.py
2024-10-08 12:44:42.225 [info] Discover tests for workspace name: youwantsomethings - uri: /home/youwantsomethings/real_dataflow_etl.py
2024-10-08 12:44:42.637 [info] Discover tests for workspace name: youwantsomethings - uri: /home/youwantsomethings/real_dataflow_etl.py
2024-10-08 12:45:38.647 [info] Discover tests for workspace name: youwantsomethings - uri: /home/youwantsomethings/real_dataflow_etl.py
2024-10-08 12:45:38.996 [info] Discover tests for workspace name: youwantsomethings - uri: /home/youwantsomethings/real_dataflow_etl.py
2024-10-08 12:45:39.320 [info] Discover tests for workspace name: youwantsomethings - uri: /home/youwantsomethings/real_dataflow_etl.py
2024-10-08 12:46:06.185 [info] Discover tests for workspace name: undefined - uri: /User/settings.json
2024-10-08 12:46:47.208 [info] Discover tests for workspace name: youwantsomethings - uri: /home/youwantsomethings/real_dataflow_etl.py
2024-10-08 12:47:20.199 [info] Discover tests for workspace name: youwantsomethings - uri: /home/youwantsomethings/real_dataflow_etl.py
2024-10-08 12:47:27.246 [info] Discover tests for workspace name: youwantsomethings - uri: /home/youwantsomethings/real_dataflow_etl.py
2024-10-08 12:47:30.105 [info] Discover tests for workspace name: youwantsomethings - uri: /home/youwantsomethings/real_dataflow_etl.py
2024-10-08 12:47:40.395 [info] Discover tests for workspace name: youwantsomethings - uri: /home/youwantsomethings/real_dataflow_etl.py
2024-10-08 12:47:40.698 [info] Discover tests for workspace name: youwantsomethings - uri: /home/youwantsomethings/real_dataflow_etl.py
2024-10-08 12:50:40.594 [info] Discover tests for workspace name: youwantsomethings - uri: /home/youwantsomethings/real_dataflow_etl.py
2024-10-08 12:50:41.644 [info] Discover tests for workspace name: youwantsomethings - uri: /home/youwantsomethings/real_dataflow_etl.py
