Initializing document watcher...
Document watcher initialized
youwantsomethings/dataflow_etl.py: {}
youwantsomethings/dataflow_etl.py: Using EditorConfig core...
youwantsomethings/dataflow_etl.py: {}
youwantsomethings/Untitled-1: {}
youwantsomethings/Untitled-1: {}
youwantsomethings/Untitled-1: {}
youwantsomethings/Untitled-1: {}
youwantsomethings/pub.py: Using EditorConfig core...
youwantsomethings/pub.py: {}
youwantsomethings/pub.py: {}
youwantsomethings/pub.py: {}
youwantsomethings/pub.py: {}
youwantsomethings/pub.py: {}
youwantsomethings/pub.py: {}
youwantsomethings/pub.py: {}
youwantsomethings/pub.py: {}
youwantsomethings/pub.py: Using EditorConfig core...
youwantsomethings/pub.py: Using EditorConfig core...
youwantsomethings/pub.py: {}
youwantsomethings/pub.py: {}
youwantsomethings/pub.py: {}
youwantsomethings/dataflow_etl.py: {}
youwantsomethings/batch_dataflow_etl.py: {}
youwantsomethings/Untitled-1: {}
youwantsomethings/real_dataflow_etl.py: Using EditorConfig core...
youwantsomethings/real_dataflow_etl.py: {}
youwantsomethings/real_dataflow_etl.py: {}
youwantsomethings/real_dataflow_etl.py: {}
youwantsomethings/real_dataflow_etl.py: {}
youwantsomethings/real_dataflow_etl.py: {}
youwantsomethings/real_dataflow_etl.py: Using EditorConfig core...
youwantsomethings/real_dataflow_etl.py: Using EditorConfig core...
youwantsomethings/real_dataflow_etl.py: Using EditorConfig core...
youwantsomethings/real_dataflow_etl.py: {}
youwantsomethings/real_dataflow_etl.py: {}
youwantsomethings/real_dataflow_etl.py: Using EditorConfig core...
youwantsomethings/real_dataflow_etl.py: {}
