2024-10-16 06:18:07.543 [info] Log level: Info
2024-10-16 06:18:07.544 [info] Validating found git in: "git"
2024-10-16 06:18:07.595 [info] Using git "2.43.0" from "git"
2024-10-16 06:18:07.658 [info] > git rev-parse --show-toplevel [40ms]
2024-10-16 06:18:07.698 [info] > git rev-parse --git-dir --git-common-dir [3ms]
2024-10-16 06:18:07.754 [info] Open repository: /home/youwantsomethings
2024-10-16 06:18:07.893 [info] > git rev-parse --show-toplevel [57ms]
2024-10-16 06:18:07.894 [info] > git config --get commit.template [86ms]
2024-10-16 06:18:07.980 [info] > git rev-parse --show-toplevel [65ms]
2024-10-16 06:18:08.001 [info] > git rev-parse --show-toplevel [1ms]
2024-10-16 06:18:08.038 [info] > git rev-parse --show-toplevel [5ms]
2024-10-16 06:18:08.051 [info] > git rev-parse --show-toplevel [2ms]
2024-10-16 06:18:08.077 [info] > git rev-parse --show-toplevel [7ms]
2024-10-16 06:18:08.126 [info] > git rev-parse --show-toplevel [8ms]
2024-10-16 06:18:08.223 [info] > git rev-parse --show-toplevel [79ms]
2024-10-16 06:18:08.249 [info] > git rev-parse --show-toplevel [5ms]
2024-10-16 06:18:08.250 [info] > git for-each-ref --format=%(refname)%00%(upstream:short)%00%(objectname)%00%(upstream:track)%00%(upstream:remotename)%00%(upstream:remoteref) refs/heads/df_gcp_last refs/remotes/df_gcp_last [318ms]
2024-10-16 06:18:08.375 [info] > git rev-parse --show-toplevel [89ms]
2024-10-16 06:18:08.443 [info] > git rev-parse --show-toplevel [16ms]
2024-10-16 06:18:08.475 [info] > git rev-parse --show-toplevel [4ms]
2024-10-16 06:18:08.497 [info] > git rev-parse --show-toplevel [5ms]
2024-10-16 06:18:08.542 [info] > git rev-parse --show-toplevel [3ms]
2024-10-16 06:18:08.580 [info] > git rev-parse --show-toplevel [8ms]
2024-10-16 06:18:08.626 [info] > git check-ignore -v -z --stdin [253ms]
2024-10-16 06:18:08.632 [info] > git show --textconv :dataflow_python/5_Streaming_Analytics/solution/streaming_minute_traffic_pipeline.py [37ms]
2024-10-16 06:18:08.657 [info] > git ls-files --stage -- /home/youwantsomethings/dataflow_python/5_Streaming_Analytics/solution/streaming_minute_traffic_pipeline.py [34ms]
2024-10-16 06:18:09.661 [info] > git fetch [1909ms]
2024-10-16 06:18:09.726 [info] > git status -z -uall [1394ms] (cancelled)
2024-10-16 06:18:09.857 [info] > git config --get commit.template [164ms]
2024-10-16 06:18:09.863 [info] > git config --get commit.template [138ms]
2024-10-16 06:18:09.902 [info] > git for-each-ref --format=%(refname)%00%(upstream:short)%00%(objectname)%00%(upstream:track)%00%(upstream:remotename)%00%(upstream:remoteref) refs/heads/df_gcp_last refs/remotes/df_gcp_last [17ms]
2024-10-16 06:18:09.903 [info] > git for-each-ref --format=%(refname)%00%(upstream:short)%00%(objectname)%00%(upstream:track)%00%(upstream:remotename)%00%(upstream:remoteref) refs/heads/df_gcp_last refs/remotes/df_gcp_last [3ms]
2024-10-16 06:18:13.469 [info] > git status -z -uall [3551ms]
2024-10-16 06:18:14.349 [info] > git merge-base refs/heads/df_gcp_last refs/remotes/origin/df_gcp_last [817ms]
2024-10-16 06:18:14.428 [info] > git rev-list --count --left-right refs/heads/df_gcp_last...refs/remotes/origin/df_gcp_last [54ms]
2024-10-16 06:18:14.464 [info] > git check-ignore -v -z --stdin [42ms]
2024-10-16 06:18:14.467 [info] > git diff --name-status -z --diff-filter=ADMR d24c42116c27a743067d8c7911c3fc08e9075a5e...refs/remotes/origin/df_gcp_last [7ms]
2024-10-16 06:18:22.427 [info] > git check-ignore -v -z --stdin [14ms]
2024-10-16 06:18:22.547 [info] > git show --textconv :.git/req.sh [48ms]
2024-10-16 06:18:22.561 [info] > git ls-files --stage -- /home/youwantsomethings/.git/req.sh [15ms]
2024-10-16 06:18:23.496 [info] > git show --textconv :https_operators_demo_dag.py [42ms]
2024-10-16 06:18:23.510 [info] > git ls-files --stage -- /home/youwantsomethings/https_operators_demo_dag.py [16ms]
2024-10-16 06:18:30.575 [info] > git config --get commit.template [4ms]
2024-10-16 06:18:30.605 [info] > git for-each-ref --format=%(refname)%00%(upstream:short)%00%(objectname)%00%(upstream:track)%00%(upstream:remotename)%00%(upstream:remoteref) refs/heads/df_gcp_last refs/remotes/df_gcp_last [2ms]
2024-10-16 06:18:30.816 [info] > git status -z -uall [183ms]
2024-10-16 06:18:35.949 [info] > git config --get commit.template [30ms]
2024-10-16 06:18:35.950 [info] > git for-each-ref --format=%(refname)%00%(upstream:short)%00%(objectname)%00%(upstream:track)%00%(upstream:remotename)%00%(upstream:remoteref) refs/heads/df_gcp_last refs/remotes/df_gcp_last [2ms]
2024-10-16 06:18:36.154 [info] > git status -z -uall [175ms]
2024-10-16 06:18:41.835 [info] > git config --get commit.template [2ms]
2024-10-16 06:18:41.867 [info] > git for-each-ref --format=%(refname)%00%(upstream:short)%00%(objectname)%00%(upstream:track)%00%(upstream:remotename)%00%(upstream:remoteref) refs/heads/df_gcp_last refs/remotes/df_gcp_last [3ms]
2024-10-16 06:18:42.072 [info] > git status -z -uall [176ms]
2024-10-16 06:18:47.184 [info] > git config --get commit.template [29ms]
2024-10-16 06:18:47.186 [info] > git for-each-ref --format=%(refname)%00%(upstream:short)%00%(objectname)%00%(upstream:track)%00%(upstream:remotename)%00%(upstream:remoteref) refs/heads/df_gcp_last refs/remotes/df_gcp_last [2ms]
2024-10-16 06:18:47.395 [info] > git status -z -uall [181ms]
2024-10-16 06:18:52.505 [info] > git config --get commit.template [34ms]
2024-10-16 06:18:52.506 [info] > git for-each-ref --format=%(refname)%00%(upstream:short)%00%(objectname)%00%(upstream:track)%00%(upstream:remotename)%00%(upstream:remoteref) refs/heads/df_gcp_last refs/remotes/df_gcp_last [3ms]
2024-10-16 06:18:52.721 [info] > git status -z -uall [185ms]
2024-10-16 06:18:57.832 [info] > git config --get commit.template [31ms]
2024-10-16 06:18:57.834 [info] > git for-each-ref --format=%(refname)%00%(upstream:short)%00%(objectname)%00%(upstream:track)%00%(upstream:remotename)%00%(upstream:remoteref) refs/heads/df_gcp_last refs/remotes/df_gcp_last [3ms]
2024-10-16 06:18:58.049 [info] > git status -z -uall [184ms]
2024-10-16 06:19:03.154 [info] > git config --get commit.template [31ms]
2024-10-16 06:19:03.155 [info] > git for-each-ref --format=%(refname)%00%(upstream:short)%00%(objectname)%00%(upstream:track)%00%(upstream:remotename)%00%(upstream:remoteref) refs/heads/df_gcp_last refs/remotes/df_gcp_last [2ms]
2024-10-16 06:19:03.364 [info] > git status -z -uall [178ms]
2024-10-16 06:19:08.476 [info] > git config --get commit.template [33ms]
2024-10-16 06:19:08.476 [info] > git for-each-ref --format=%(refname)%00%(upstream:short)%00%(objectname)%00%(upstream:track)%00%(upstream:remotename)%00%(upstream:remoteref) refs/heads/df_gcp_last refs/remotes/df_gcp_last [2ms]
2024-10-16 06:19:08.695 [info] > git status -z -uall [186ms]
2024-10-16 06:19:13.816 [info] > git config --get commit.template [34ms]
2024-10-16 06:19:13.816 [info] > git for-each-ref --format=%(refname)%00%(upstream:short)%00%(objectname)%00%(upstream:track)%00%(upstream:remotename)%00%(upstream:remoteref) refs/heads/df_gcp_last refs/remotes/df_gcp_last [2ms]
2024-10-16 06:19:14.032 [info] > git status -z -uall [183ms]
2024-10-16 06:19:19.130 [info] > git config --get commit.template [27ms]
2024-10-16 06:19:19.131 [info] > git for-each-ref --format=%(refname)%00%(upstream:short)%00%(objectname)%00%(upstream:track)%00%(upstream:remotename)%00%(upstream:remoteref) refs/heads/df_gcp_last refs/remotes/df_gcp_last [2ms]
2024-10-16 06:19:19.334 [info] > git status -z -uall [175ms]
2024-10-16 06:19:24.438 [info] > git config --get commit.template [26ms]
2024-10-16 06:19:24.439 [info] > git for-each-ref --format=%(refname)%00%(upstream:short)%00%(objectname)%00%(upstream:track)%00%(upstream:remotename)%00%(upstream:remoteref) refs/heads/df_gcp_last refs/remotes/df_gcp_last [3ms]
2024-10-16 06:19:24.648 [info] > git status -z -uall [184ms]
2024-10-16 06:19:29.751 [info] > git config --get commit.template [29ms]
2024-10-16 06:19:29.752 [info] > git for-each-ref --format=%(refname)%00%(upstream:short)%00%(objectname)%00%(upstream:track)%00%(upstream:remotename)%00%(upstream:remoteref) refs/heads/df_gcp_last refs/remotes/df_gcp_last [2ms]
2024-10-16 06:19:29.967 [info] > git status -z -uall [187ms]
2024-10-16 06:19:35.048 [info] > git config --get commit.template [1ms]
2024-10-16 06:19:35.073 [info] > git for-each-ref --format=%(refname)%00%(upstream:short)%00%(objectname)%00%(upstream:track)%00%(upstream:remotename)%00%(upstream:remoteref) refs/heads/df_gcp_last refs/remotes/df_gcp_last [2ms]
2024-10-16 06:19:35.276 [info] > git status -z -uall [178ms]
2024-10-16 06:19:40.350 [info] > git config --get commit.template [1ms]
2024-10-16 06:19:40.378 [info] > git for-each-ref --format=%(refname)%00%(upstream:short)%00%(objectname)%00%(upstream:track)%00%(upstream:remotename)%00%(upstream:remoteref) refs/heads/df_gcp_last refs/remotes/df_gcp_last [2ms]
2024-10-16 06:19:40.579 [info] > git status -z -uall [178ms]
2024-10-16 06:19:45.687 [info] > git config --get commit.template [25ms]
2024-10-16 06:19:45.688 [info] > git for-each-ref --format=%(refname)%00%(upstream:short)%00%(objectname)%00%(upstream:track)%00%(upstream:remotename)%00%(upstream:remoteref) refs/heads/df_gcp_last refs/remotes/df_gcp_last [2ms]
2024-10-16 06:19:45.902 [info] > git status -z -uall [188ms]
2024-10-16 06:19:51.016 [info] > git config --get commit.template [24ms]
2024-10-16 06:19:51.017 [info] > git for-each-ref --format=%(refname)%00%(upstream:short)%00%(objectname)%00%(upstream:track)%00%(upstream:remotename)%00%(upstream:remoteref) refs/heads/df_gcp_last refs/remotes/df_gcp_last [1ms]
2024-10-16 06:19:51.215 [info] > git status -z -uall [174ms]
2024-10-16 06:19:56.321 [info] > git config --get commit.template [25ms]
2024-10-16 06:19:56.322 [info] > git for-each-ref --format=%(refname)%00%(upstream:short)%00%(objectname)%00%(upstream:track)%00%(upstream:remotename)%00%(upstream:remoteref) refs/heads/df_gcp_last refs/remotes/df_gcp_last [2ms]
2024-10-16 06:19:56.527 [info] > git status -z -uall [181ms]
2024-10-16 06:20:01.631 [info] > git config --get commit.template [25ms]
2024-10-16 06:20:01.632 [info] > git for-each-ref --format=%(refname)%00%(upstream:short)%00%(objectname)%00%(upstream:track)%00%(upstream:remotename)%00%(upstream:remoteref) refs/heads/df_gcp_last refs/remotes/df_gcp_last [2ms]
2024-10-16 06:20:01.833 [info] > git status -z -uall [177ms]
2024-10-16 06:20:06.930 [info] > git config --get commit.template [25ms]
2024-10-16 06:20:06.931 [info] > git for-each-ref --format=%(refname)%00%(upstream:short)%00%(objectname)%00%(upstream:track)%00%(upstream:remotename)%00%(upstream:remoteref) refs/heads/df_gcp_last refs/remotes/df_gcp_last [2ms]
2024-10-16 06:20:07.136 [info] > git status -z -uall [181ms]
2024-10-16 06:20:12.231 [info] > git config --get commit.template [25ms]
2024-10-16 06:20:12.233 [info] > git for-each-ref --format=%(refname)%00%(upstream:short)%00%(objectname)%00%(upstream:track)%00%(upstream:remotename)%00%(upstream:remoteref) refs/heads/df_gcp_last refs/remotes/df_gcp_last [2ms]
2024-10-16 06:20:12.434 [info] > git status -z -uall [176ms]
2024-10-16 06:20:17.535 [info] > git config --get commit.template [24ms]
2024-10-16 06:20:17.536 [info] > git for-each-ref --format=%(refname)%00%(upstream:short)%00%(objectname)%00%(upstream:track)%00%(upstream:remotename)%00%(upstream:remoteref) refs/heads/df_gcp_last refs/remotes/df_gcp_last [2ms]
2024-10-16 06:20:17.740 [info] > git status -z -uall [182ms]
2024-10-16 06:20:22.837 [info] > git config --get commit.template [25ms]
2024-10-16 06:20:22.838 [info] > git for-each-ref --format=%(refname)%00%(upstream:short)%00%(objectname)%00%(upstream:track)%00%(upstream:remotename)%00%(upstream:remoteref) refs/heads/df_gcp_last refs/remotes/df_gcp_last [2ms]
2024-10-16 06:20:23.042 [info] > git status -z -uall [180ms]
2024-10-16 06:20:28.142 [info] > git config --get commit.template [24ms]
2024-10-16 06:20:28.143 [info] > git for-each-ref --format=%(refname)%00%(upstream:short)%00%(objectname)%00%(upstream:track)%00%(upstream:remotename)%00%(upstream:remoteref) refs/heads/df_gcp_last refs/remotes/df_gcp_last [2ms]
2024-10-16 06:20:28.350 [info] > git status -z -uall [183ms]
2024-10-16 06:20:33.447 [info] > git config --get commit.template [24ms]
2024-10-16 06:20:33.448 [info] > git for-each-ref --format=%(refname)%00%(upstream:short)%00%(objectname)%00%(upstream:track)%00%(upstream:remotename)%00%(upstream:remoteref) refs/heads/df_gcp_last refs/remotes/df_gcp_last [2ms]
2024-10-16 06:20:33.652 [info] > git status -z -uall [178ms]
2024-10-16 06:20:38.748 [info] > git config --get commit.template [24ms]
2024-10-16 06:20:38.749 [info] > git for-each-ref --format=%(refname)%00%(upstream:short)%00%(objectname)%00%(upstream:track)%00%(upstream:remotename)%00%(upstream:remoteref) refs/heads/df_gcp_last refs/remotes/df_gcp_last [2ms]
2024-10-16 06:20:38.955 [info] > git status -z -uall [183ms]
2024-10-16 06:20:44.050 [info] > git config --get commit.template [23ms]
2024-10-16 06:20:44.051 [info] > git for-each-ref --format=%(refname)%00%(upstream:short)%00%(objectname)%00%(upstream:track)%00%(upstream:remotename)%00%(upstream:remoteref) refs/heads/df_gcp_last refs/remotes/df_gcp_last [2ms]
2024-10-16 06:20:44.251 [info] > git status -z -uall [176ms]
2024-10-16 06:20:49.351 [info] > git config --get commit.template [23ms]
2024-10-16 06:20:49.352 [info] > git for-each-ref --format=%(refname)%00%(upstream:short)%00%(objectname)%00%(upstream:track)%00%(upstream:remotename)%00%(upstream:remoteref) refs/heads/df_gcp_last refs/remotes/df_gcp_last [2ms]
2024-10-16 06:20:49.547 [info] > git status -z -uall [171ms]
2024-10-16 06:20:54.653 [info] > git config --get commit.template [24ms]
2024-10-16 06:20:54.654 [info] > git for-each-ref --format=%(refname)%00%(upstream:short)%00%(objectname)%00%(upstream:track)%00%(upstream:remotename)%00%(upstream:remoteref) refs/heads/df_gcp_last refs/remotes/df_gcp_last [2ms]
2024-10-16 06:20:54.850 [info] > git status -z -uall [170ms]
2024-10-16 06:20:59.949 [info] > git config --get commit.template [24ms]
2024-10-16 06:20:59.950 [info] > git for-each-ref --format=%(refname)%00%(upstream:short)%00%(objectname)%00%(upstream:track)%00%(upstream:remotename)%00%(upstream:remoteref) refs/heads/df_gcp_last refs/remotes/df_gcp_last [2ms]
2024-10-16 06:21:00.163 [info] > git status -z -uall [182ms]
2024-10-16 06:21:05.261 [info] > git config --get commit.template [25ms]
2024-10-16 06:21:05.263 [info] > git for-each-ref --format=%(refname)%00%(upstream:short)%00%(objectname)%00%(upstream:track)%00%(upstream:remotename)%00%(upstream:remoteref) refs/heads/df_gcp_last refs/remotes/df_gcp_last [2ms]
2024-10-16 06:21:05.477 [info] > git status -z -uall [182ms]
2024-10-16 06:21:10.515 [info] > git fetch [584ms]
2024-10-16 06:21:10.562 [info] > git config --get commit.template [24ms]
2024-10-16 06:21:10.564 [info] > git for-each-ref --format=%(refname)%00%(upstream:short)%00%(objectname)%00%(upstream:track)%00%(upstream:remotename)%00%(upstream:remoteref) refs/heads/df_gcp_last refs/remotes/df_gcp_last [3ms]
2024-10-16 06:21:10.773 [info] > git status -z -uall [187ms]
2024-10-16 06:21:10.854 [info] > git config --get commit.template [8ms]
2024-10-16 06:21:10.878 [info] > git for-each-ref --format=%(refname)%00%(upstream:short)%00%(objectname)%00%(upstream:track)%00%(upstream:remotename)%00%(upstream:remoteref) refs/heads/df_gcp_last refs/remotes/df_gcp_last [1ms]
2024-10-16 06:21:11.329 [info] > git status -z -uall [428ms]
2024-10-16 06:21:11.971 [info] > git ls-files --stage -- /home/youwantsomethings/https_operators_demo_dag.py [10ms]
2024-10-16 06:21:12.049 [info] > git show --textconv :https_operators_demo_dag.py [9ms]
2024-10-16 06:21:16.447 [info] > git config --get commit.template [25ms]
2024-10-16 06:21:16.449 [info] > git for-each-ref --format=%(refname)%00%(upstream:short)%00%(objectname)%00%(upstream:track)%00%(upstream:remotename)%00%(upstream:remoteref) refs/heads/df_gcp_last refs/remotes/df_gcp_last [3ms]
2024-10-16 06:21:16.656 [info] > git status -z -uall [183ms]
2024-10-16 06:21:21.764 [info] > git config --get commit.template [25ms]
2024-10-16 06:21:21.765 [info] > git for-each-ref --format=%(refname)%00%(upstream:short)%00%(objectname)%00%(upstream:track)%00%(upstream:remotename)%00%(upstream:remoteref) refs/heads/df_gcp_last refs/remotes/df_gcp_last [2ms]
2024-10-16 06:21:21.964 [info] > git status -z -uall [174ms]
2024-10-16 06:21:27.064 [info] > git config --get commit.template [25ms]
2024-10-16 06:21:27.065 [info] > git for-each-ref --format=%(refname)%00%(upstream:short)%00%(objectname)%00%(upstream:track)%00%(upstream:remotename)%00%(upstream:remoteref) refs/heads/df_gcp_last refs/remotes/df_gcp_last [2ms]
2024-10-16 06:21:27.285 [info] > git status -z -uall [195ms]
2024-10-16 06:21:32.395 [info] > git config --get commit.template [25ms]
2024-10-16 06:21:32.396 [info] > git for-each-ref --format=%(refname)%00%(upstream:short)%00%(objectname)%00%(upstream:track)%00%(upstream:remotename)%00%(upstream:remoteref) refs/heads/df_gcp_last refs/remotes/df_gcp_last [2ms]
2024-10-16 06:21:32.603 [info] > git status -z -uall [181ms]
2024-10-16 06:21:37.698 [info] > git config --get commit.template [24ms]
2024-10-16 06:21:37.699 [info] > git for-each-ref --format=%(refname)%00%(upstream:short)%00%(objectname)%00%(upstream:track)%00%(upstream:remotename)%00%(upstream:remoteref) refs/heads/df_gcp_last refs/remotes/df_gcp_last [2ms]
2024-10-16 06:21:37.909 [info] > git status -z -uall [184ms]
2024-10-16 06:21:43.008 [info] > git config --get commit.template [25ms]
2024-10-16 06:21:43.009 [info] > git for-each-ref --format=%(refname)%00%(upstream:short)%00%(objectname)%00%(upstream:track)%00%(upstream:remotename)%00%(upstream:remoteref) refs/heads/df_gcp_last refs/remotes/df_gcp_last [2ms]
2024-10-16 06:21:43.211 [info] > git status -z -uall [178ms]
2024-10-16 06:21:48.306 [info] > git config --get commit.template [24ms]
2024-10-16 06:21:48.306 [info] > git for-each-ref --format=%(refname)%00%(upstream:short)%00%(objectname)%00%(upstream:track)%00%(upstream:remotename)%00%(upstream:remoteref) refs/heads/df_gcp_last refs/remotes/df_gcp_last [2ms]
2024-10-16 06:21:48.509 [info] > git status -z -uall [178ms]
2024-10-16 06:21:53.602 [info] > git config --get commit.template [23ms]
2024-10-16 06:21:53.603 [info] > git for-each-ref --format=%(refname)%00%(upstream:short)%00%(objectname)%00%(upstream:track)%00%(upstream:remotename)%00%(upstream:remoteref) refs/heads/df_gcp_last refs/remotes/df_gcp_last [3ms]
2024-10-16 06:21:53.808 [info] > git status -z -uall [182ms]
2024-10-16 06:21:58.909 [info] > git config --get commit.template [25ms]
2024-10-16 06:21:58.910 [info] > git for-each-ref --format=%(refname)%00%(upstream:short)%00%(objectname)%00%(upstream:track)%00%(upstream:remotename)%00%(upstream:remoteref) refs/heads/df_gcp_last refs/remotes/df_gcp_last [2ms]
2024-10-16 06:21:59.114 [info] > git status -z -uall [180ms]
2024-10-16 06:22:04.212 [info] > git config --get commit.template [25ms]
2024-10-16 06:22:04.212 [info] > git for-each-ref --format=%(refname)%00%(upstream:short)%00%(objectname)%00%(upstream:track)%00%(upstream:remotename)%00%(upstream:remoteref) refs/heads/df_gcp_last refs/remotes/df_gcp_last [2ms]
2024-10-16 06:22:04.416 [info] > git status -z -uall [179ms]
2024-10-16 06:22:09.515 [info] > git config --get commit.template [27ms]
2024-10-16 06:22:09.516 [info] > git for-each-ref --format=%(refname)%00%(upstream:short)%00%(objectname)%00%(upstream:track)%00%(upstream:remotename)%00%(upstream:remoteref) refs/heads/df_gcp_last refs/remotes/df_gcp_last [2ms]
2024-10-16 06:22:09.725 [info] > git status -z -uall [185ms]
2024-10-16 06:22:16.383 [info] > git config --get commit.template [25ms]
2024-10-16 06:22:16.384 [info] > git for-each-ref --format=%(refname)%00%(upstream:short)%00%(objectname)%00%(upstream:track)%00%(upstream:remotename)%00%(upstream:remoteref) refs/heads/df_gcp_last refs/remotes/df_gcp_last [2ms]
2024-10-16 06:22:16.589 [info] > git status -z -uall [178ms]
2024-10-16 06:22:21.685 [info] > git config --get commit.template [25ms]
2024-10-16 06:22:21.685 [info] > git for-each-ref --format=%(refname)%00%(upstream:short)%00%(objectname)%00%(upstream:track)%00%(upstream:remotename)%00%(upstream:remoteref) refs/heads/df_gcp_last refs/remotes/df_gcp_last [2ms]
2024-10-16 06:22:21.879 [info] > git status -z -uall [170ms]
2024-10-16 06:22:26.979 [info] > git config --get commit.template [25ms]
2024-10-16 06:22:26.980 [info] > git for-each-ref --format=%(refname)%00%(upstream:short)%00%(objectname)%00%(upstream:track)%00%(upstream:remotename)%00%(upstream:remoteref) refs/heads/df_gcp_last refs/remotes/df_gcp_last [2ms]
2024-10-16 06:22:27.179 [info] > git status -z -uall [175ms]
2024-10-16 06:22:32.254 [info] > git config --get commit.template [6ms]
2024-10-16 06:22:32.279 [info] > git for-each-ref --format=%(refname)%00%(upstream:short)%00%(objectname)%00%(upstream:track)%00%(upstream:remotename)%00%(upstream:remoteref) refs/heads/df_gcp_last refs/remotes/df_gcp_last [2ms]
2024-10-16 06:22:32.487 [info] > git status -z -uall [183ms]
2024-10-16 06:22:37.584 [info] > git config --get commit.template [26ms]
2024-10-16 06:22:37.584 [info] > git for-each-ref --format=%(refname)%00%(upstream:short)%00%(objectname)%00%(upstream:track)%00%(upstream:remotename)%00%(upstream:remoteref) refs/heads/df_gcp_last refs/remotes/df_gcp_last [2ms]
2024-10-16 06:22:37.790 [info] > git status -z -uall [180ms]
2024-10-16 06:22:42.889 [info] > git config --get commit.template [26ms]
2024-10-16 06:22:42.890 [info] > git for-each-ref --format=%(refname)%00%(upstream:short)%00%(objectname)%00%(upstream:track)%00%(upstream:remotename)%00%(upstream:remoteref) refs/heads/df_gcp_last refs/remotes/df_gcp_last [2ms]
2024-10-16 06:22:43.086 [info] > git status -z -uall [171ms]
2024-10-16 06:22:48.186 [info] > git config --get commit.template [25ms]
2024-10-16 06:22:48.188 [info] > git for-each-ref --format=%(refname)%00%(upstream:short)%00%(objectname)%00%(upstream:track)%00%(upstream:remotename)%00%(upstream:remoteref) refs/heads/df_gcp_last refs/remotes/df_gcp_last [2ms]
2024-10-16 06:22:48.428 [info] > git status -z -uall [216ms]
2024-10-16 06:22:53.526 [info] > git config --get commit.template [25ms]
2024-10-16 06:22:53.526 [info] > git for-each-ref --format=%(refname)%00%(upstream:short)%00%(objectname)%00%(upstream:track)%00%(upstream:remotename)%00%(upstream:remoteref) refs/heads/df_gcp_last refs/remotes/df_gcp_last [2ms]
2024-10-16 06:22:53.722 [info] > git status -z -uall [172ms]
2024-10-16 06:22:58.817 [info] > git config --get commit.template [26ms]
2024-10-16 06:22:58.819 [info] > git for-each-ref --format=%(refname)%00%(upstream:short)%00%(objectname)%00%(upstream:track)%00%(upstream:remotename)%00%(upstream:remoteref) refs/heads/df_gcp_last refs/remotes/df_gcp_last [2ms]
2024-10-16 06:22:59.018 [info] > git status -z -uall [174ms]
2024-10-16 06:23:04.117 [info] > git config --get commit.template [25ms]
2024-10-16 06:23:04.118 [info] > git for-each-ref --format=%(refname)%00%(upstream:short)%00%(objectname)%00%(upstream:track)%00%(upstream:remotename)%00%(upstream:remoteref) refs/heads/df_gcp_last refs/remotes/df_gcp_last [2ms]
2024-10-16 06:23:04.325 [info] > git status -z -uall [182ms]
2024-10-16 06:23:09.421 [info] > git config --get commit.template [25ms]
2024-10-16 06:23:09.421 [info] > git for-each-ref --format=%(refname)%00%(upstream:short)%00%(objectname)%00%(upstream:track)%00%(upstream:remotename)%00%(upstream:remoteref) refs/heads/df_gcp_last refs/remotes/df_gcp_last [2ms]
2024-10-16 06:23:09.617 [info] > git status -z -uall [171ms]
2024-10-16 06:23:14.716 [info] > git config --get commit.template [26ms]
2024-10-16 06:23:14.717 [info] > git for-each-ref --format=%(refname)%00%(upstream:short)%00%(objectname)%00%(upstream:track)%00%(upstream:remotename)%00%(upstream:remoteref) refs/heads/df_gcp_last refs/remotes/df_gcp_last [2ms]
2024-10-16 06:23:14.915 [info] > git status -z -uall [171ms]
2024-10-16 06:23:20.016 [info] > git config --get commit.template [25ms]
2024-10-16 06:23:20.016 [info] > git for-each-ref --format=%(refname)%00%(upstream:short)%00%(objectname)%00%(upstream:track)%00%(upstream:remotename)%00%(upstream:remoteref) refs/heads/df_gcp_last refs/remotes/df_gcp_last [2ms]
2024-10-16 06:23:20.212 [info] > git status -z -uall [172ms]
2024-10-16 06:23:25.310 [info] > git config --get commit.template [25ms]
2024-10-16 06:23:25.311 [info] > git for-each-ref --format=%(refname)%00%(upstream:short)%00%(objectname)%00%(upstream:track)%00%(upstream:remotename)%00%(upstream:remoteref) refs/heads/df_gcp_last refs/remotes/df_gcp_last [2ms]
2024-10-16 06:23:25.515 [info] > git status -z -uall [179ms]
2024-10-16 06:23:30.614 [info] > git config --get commit.template [25ms]
2024-10-16 06:23:30.615 [info] > git for-each-ref --format=%(refname)%00%(upstream:short)%00%(objectname)%00%(upstream:track)%00%(upstream:remotename)%00%(upstream:remoteref) refs/heads/df_gcp_last refs/remotes/df_gcp_last [2ms]
2024-10-16 06:23:30.821 [info] > git status -z -uall [181ms]
2024-10-16 06:23:35.918 [info] > git config --get commit.template [25ms]
2024-10-16 06:23:35.919 [info] > git for-each-ref --format=%(refname)%00%(upstream:short)%00%(objectname)%00%(upstream:track)%00%(upstream:remotename)%00%(upstream:remoteref) refs/heads/df_gcp_last refs/remotes/df_gcp_last [2ms]
2024-10-16 06:23:36.122 [info] > git status -z -uall [178ms]
2024-10-16 06:23:41.219 [info] > git config --get commit.template [25ms]
2024-10-16 06:23:41.219 [info] > git for-each-ref --format=%(refname)%00%(upstream:short)%00%(objectname)%00%(upstream:track)%00%(upstream:remotename)%00%(upstream:remoteref) refs/heads/df_gcp_last refs/remotes/df_gcp_last [2ms]
2024-10-16 06:23:41.450 [info] > git status -z -uall [205ms]
2024-10-16 06:23:46.550 [info] > git config --get commit.template [25ms]
2024-10-16 06:23:46.551 [info] > git for-each-ref --format=%(refname)%00%(upstream:short)%00%(objectname)%00%(upstream:track)%00%(upstream:remotename)%00%(upstream:remoteref) refs/heads/df_gcp_last refs/remotes/df_gcp_last [2ms]
2024-10-16 06:23:46.753 [info] > git status -z -uall [177ms]
2024-10-16 06:23:51.861 [info] > git config --get commit.template [25ms]
2024-10-16 06:23:51.862 [info] > git for-each-ref --format=%(refname)%00%(upstream:short)%00%(objectname)%00%(upstream:track)%00%(upstream:remotename)%00%(upstream:remoteref) refs/heads/df_gcp_last refs/remotes/df_gcp_last [2ms]
2024-10-16 06:23:52.059 [info] > git status -z -uall [172ms]
2024-10-16 06:23:57.156 [info] > git config --get commit.template [25ms]
2024-10-16 06:23:57.157 [info] > git for-each-ref --format=%(refname)%00%(upstream:short)%00%(objectname)%00%(upstream:track)%00%(upstream:remotename)%00%(upstream:remoteref) refs/heads/df_gcp_last refs/remotes/df_gcp_last [2ms]
2024-10-16 06:23:57.366 [info] > git status -z -uall [185ms]
2024-10-16 06:24:02.466 [info] > git config --get commit.template [25ms]
2024-10-16 06:24:02.467 [info] > git for-each-ref --format=%(refname)%00%(upstream:short)%00%(objectname)%00%(upstream:track)%00%(upstream:remotename)%00%(upstream:remoteref) refs/heads/df_gcp_last refs/remotes/df_gcp_last [2ms]
2024-10-16 06:24:02.667 [info] > git status -z -uall [175ms]
2024-10-16 06:24:07.769 [info] > git config --get commit.template [25ms]
2024-10-16 06:24:07.770 [info] > git for-each-ref --format=%(refname)%00%(upstream:short)%00%(objectname)%00%(upstream:track)%00%(upstream:remotename)%00%(upstream:remoteref) refs/heads/df_gcp_last refs/remotes/df_gcp_last [3ms]
2024-10-16 06:24:07.966 [info] > git status -z -uall [172ms]
2024-10-16 06:24:11.452 [info] > git fetch [609ms]
2024-10-16 06:24:11.500 [info] > git config --get commit.template [24ms]
2024-10-16 06:24:11.501 [info] > git for-each-ref --format=%(refname)%00%(upstream:short)%00%(objectname)%00%(upstream:track)%00%(upstream:remotename)%00%(upstream:remoteref) refs/heads/df_gcp_last refs/remotes/df_gcp_last [2ms]
2024-10-16 06:24:11.706 [info] > git status -z -uall [184ms]
2024-10-16 06:24:12.742 [info] > git ls-files --stage -- /home/youwantsomethings/https_operators_demo_dag.py [11ms]
2024-10-16 06:24:12.848 [info] > git show --textconv :https_operators_demo_dag.py [9ms]
2024-10-16 06:24:13.062 [info] > git config --get commit.template [25ms]
2024-10-16 06:24:13.063 [info] > git for-each-ref --format=%(refname)%00%(upstream:short)%00%(objectname)%00%(upstream:track)%00%(upstream:remotename)%00%(upstream:remoteref) refs/heads/df_gcp_last refs/remotes/df_gcp_last [2ms]
2024-10-16 06:24:13.269 [info] > git status -z -uall [183ms]
2024-10-16 06:24:18.367 [info] > git config --get commit.template [25ms]
2024-10-16 06:24:18.368 [info] > git for-each-ref --format=%(refname)%00%(upstream:short)%00%(objectname)%00%(upstream:track)%00%(upstream:remotename)%00%(upstream:remoteref) refs/heads/df_gcp_last refs/remotes/df_gcp_last [2ms]
2024-10-16 06:24:18.571 [info] > git status -z -uall [178ms]
2024-10-16 06:24:23.671 [info] > git config --get commit.template [25ms]
2024-10-16 06:24:23.673 [info] > git for-each-ref --format=%(refname)%00%(upstream:short)%00%(objectname)%00%(upstream:track)%00%(upstream:remotename)%00%(upstream:remoteref) refs/heads/df_gcp_last refs/remotes/df_gcp_last [3ms]
2024-10-16 06:24:23.873 [info] > git status -z -uall [176ms]
2024-10-16 06:24:28.973 [info] > git for-each-ref --format=%(refname)%00%(upstream:short)%00%(objectname)%00%(upstream:track)%00%(upstream:remotename)%00%(upstream:remoteref) refs/heads/df_gcp_last refs/remotes/df_gcp_last [5ms]
2024-10-16 06:24:28.974 [info] > git config --get commit.template [30ms]
2024-10-16 06:24:29.169 [info] > git status -z -uall [171ms]
2024-10-16 06:24:34.268 [info] > git config --get commit.template [25ms]
2024-10-16 06:24:34.269 [info] > git for-each-ref --format=%(refname)%00%(upstream:short)%00%(objectname)%00%(upstream:track)%00%(upstream:remotename)%00%(upstream:remoteref) refs/heads/df_gcp_last refs/remotes/df_gcp_last [2ms]
2024-10-16 06:24:34.470 [info] > git status -z -uall [176ms]
2024-10-16 06:24:40.160 [info] > git config --get commit.template [25ms]
2024-10-16 06:24:40.161 [info] > git for-each-ref --format=%(refname)%00%(upstream:short)%00%(objectname)%00%(upstream:track)%00%(upstream:remotename)%00%(upstream:remoteref) refs/heads/df_gcp_last refs/remotes/df_gcp_last [2ms]
2024-10-16 06:24:40.356 [info] > git status -z -uall [172ms]
2024-10-16 06:24:45.432 [info] > git config --get commit.template [1ms]
2024-10-16 06:24:45.457 [info] > git for-each-ref --format=%(refname)%00%(upstream:short)%00%(objectname)%00%(upstream:track)%00%(upstream:remotename)%00%(upstream:remoteref) refs/heads/df_gcp_last refs/remotes/df_gcp_last [2ms]
2024-10-16 06:24:45.663 [info] > git status -z -uall [182ms]
2024-10-16 06:24:50.761 [info] > git config --get commit.template [25ms]
2024-10-16 06:24:50.762 [info] > git for-each-ref --format=%(refname)%00%(upstream:short)%00%(objectname)%00%(upstream:track)%00%(upstream:remotename)%00%(upstream:remoteref) refs/heads/df_gcp_last refs/remotes/df_gcp_last [2ms]
2024-10-16 06:24:50.963 [info] > git status -z -uall [176ms]
2024-10-16 06:24:56.068 [info] > git config --get commit.template [25ms]
2024-10-16 06:24:56.069 [info] > git for-each-ref --format=%(refname)%00%(upstream:short)%00%(objectname)%00%(upstream:track)%00%(upstream:remotename)%00%(upstream:remoteref) refs/heads/df_gcp_last refs/remotes/df_gcp_last [2ms]
2024-10-16 06:24:56.270 [info] > git status -z -uall [174ms]
2024-10-16 06:25:01.384 [info] > git config --get commit.template [31ms]
2024-10-16 06:25:01.385 [info] > git for-each-ref --format=%(refname)%00%(upstream:short)%00%(objectname)%00%(upstream:track)%00%(upstream:remotename)%00%(upstream:remoteref) refs/heads/df_gcp_last refs/remotes/df_gcp_last [2ms]
2024-10-16 06:25:01.600 [info] > git status -z -uall [183ms]
2024-10-16 06:25:06.695 [info] > git config --get commit.template [25ms]
2024-10-16 06:25:06.696 [info] > git for-each-ref --format=%(refname)%00%(upstream:short)%00%(objectname)%00%(upstream:track)%00%(upstream:remotename)%00%(upstream:remoteref) refs/heads/df_gcp_last refs/remotes/df_gcp_last [3ms]
2024-10-16 06:25:06.898 [info] > git status -z -uall [177ms]
2024-10-16 06:25:12.000 [info] > git config --get commit.template [25ms]
2024-10-16 06:25:12.001 [info] > git for-each-ref --format=%(refname)%00%(upstream:short)%00%(objectname)%00%(upstream:track)%00%(upstream:remotename)%00%(upstream:remoteref) refs/heads/df_gcp_last refs/remotes/df_gcp_last [3ms]
2024-10-16 06:25:12.198 [info] > git status -z -uall [172ms]
2024-10-16 06:25:17.292 [info] > git config --get commit.template [24ms]
2024-10-16 06:25:17.293 [info] > git for-each-ref --format=%(refname)%00%(upstream:short)%00%(objectname)%00%(upstream:track)%00%(upstream:remotename)%00%(upstream:remoteref) refs/heads/df_gcp_last refs/remotes/df_gcp_last [2ms]
2024-10-16 06:25:17.498 [info] > git status -z -uall [181ms]
2024-10-16 06:25:22.593 [info] > git config --get commit.template [25ms]
2024-10-16 06:25:22.595 [info] > git for-each-ref --format=%(refname)%00%(upstream:short)%00%(objectname)%00%(upstream:track)%00%(upstream:remotename)%00%(upstream:remoteref) refs/heads/df_gcp_last refs/remotes/df_gcp_last [2ms]
2024-10-16 06:25:22.802 [info] > git status -z -uall [182ms]
2024-10-16 06:25:27.898 [info] > git config --get commit.template [24ms]
2024-10-16 06:25:27.900 [info] > git for-each-ref --format=%(refname)%00%(upstream:short)%00%(objectname)%00%(upstream:track)%00%(upstream:remotename)%00%(upstream:remoteref) refs/heads/df_gcp_last refs/remotes/df_gcp_last [3ms]
2024-10-16 06:25:28.101 [info] > git status -z -uall [177ms]
2024-10-16 06:25:33.200 [info] > git config --get commit.template [21ms]
2024-10-16 06:25:33.201 [info] > git for-each-ref --format=%(refname)%00%(upstream:short)%00%(objectname)%00%(upstream:track)%00%(upstream:remotename)%00%(upstream:remoteref) refs/heads/df_gcp_last refs/remotes/df_gcp_last [3ms]
2024-10-16 06:25:33.397 [info] > git status -z -uall [173ms]
2024-10-16 06:25:38.493 [info] > git config --get commit.template [25ms]
2024-10-16 06:25:38.494 [info] > git for-each-ref --format=%(refname)%00%(upstream:short)%00%(objectname)%00%(upstream:track)%00%(upstream:remotename)%00%(upstream:remoteref) refs/heads/df_gcp_last refs/remotes/df_gcp_last [2ms]
2024-10-16 06:25:38.701 [info] > git status -z -uall [183ms]
2024-10-16 06:25:43.795 [info] > git config --get commit.template [24ms]
2024-10-16 06:25:43.796 [info] > git for-each-ref --format=%(refname)%00%(upstream:short)%00%(objectname)%00%(upstream:track)%00%(upstream:remotename)%00%(upstream:remoteref) refs/heads/df_gcp_last refs/remotes/df_gcp_last [2ms]
2024-10-16 06:25:43.998 [info] > git status -z -uall [177ms]
2024-10-16 06:25:49.075 [info] > git config --get commit.template [5ms]
2024-10-16 06:25:49.100 [info] > git for-each-ref --format=%(refname)%00%(upstream:short)%00%(objectname)%00%(upstream:track)%00%(upstream:remotename)%00%(upstream:remoteref) refs/heads/df_gcp_last refs/remotes/df_gcp_last [2ms]
2024-10-16 06:25:49.307 [info] > git status -z -uall [184ms]
2024-10-16 06:25:54.408 [info] > git config --get commit.template [25ms]
2024-10-16 06:25:54.409 [info] > git for-each-ref --format=%(refname)%00%(upstream:short)%00%(objectname)%00%(upstream:track)%00%(upstream:remotename)%00%(upstream:remoteref) refs/heads/df_gcp_last refs/remotes/df_gcp_last [2ms]
2024-10-16 06:25:54.610 [info] > git status -z -uall [177ms]
2024-10-16 06:25:59.711 [info] > git config --get commit.template [26ms]
2024-10-16 06:25:59.711 [info] > git for-each-ref --format=%(refname)%00%(upstream:short)%00%(objectname)%00%(upstream:track)%00%(upstream:remotename)%00%(upstream:remoteref) refs/heads/df_gcp_last refs/remotes/df_gcp_last [2ms]
2024-10-16 06:25:59.920 [info] > git status -z -uall [184ms]
2024-10-16 06:26:05.022 [info] > git config --get commit.template [26ms]
2024-10-16 06:26:05.023 [info] > git for-each-ref --format=%(refname)%00%(upstream:short)%00%(objectname)%00%(upstream:track)%00%(upstream:remotename)%00%(upstream:remoteref) refs/heads/df_gcp_last refs/remotes/df_gcp_last [1ms]
2024-10-16 06:26:05.231 [info] > git status -z -uall [183ms]
2024-10-16 06:26:10.325 [info] > git config --get commit.template [23ms]
2024-10-16 06:26:10.326 [info] > git for-each-ref --format=%(refname)%00%(upstream:short)%00%(objectname)%00%(upstream:track)%00%(upstream:remotename)%00%(upstream:remoteref) refs/heads/df_gcp_last refs/remotes/df_gcp_last [2ms]
2024-10-16 06:26:10.534 [info] > git status -z -uall [183ms]
2024-10-16 06:26:15.631 [info] > git config --get commit.template [25ms]
2024-10-16 06:26:15.632 [info] > git for-each-ref --format=%(refname)%00%(upstream:short)%00%(objectname)%00%(upstream:track)%00%(upstream:remotename)%00%(upstream:remoteref) refs/heads/df_gcp_last refs/remotes/df_gcp_last [2ms]
2024-10-16 06:26:15.833 [info] > git status -z -uall [175ms]
2024-10-16 06:26:20.931 [info] > git config --get commit.template [25ms]
2024-10-16 06:26:20.931 [info] > git for-each-ref --format=%(refname)%00%(upstream:short)%00%(objectname)%00%(upstream:track)%00%(upstream:remotename)%00%(upstream:remoteref) refs/heads/df_gcp_last refs/remotes/df_gcp_last [2ms]
2024-10-16 06:26:21.177 [info] > git status -z -uall [214ms]
2024-10-16 06:26:26.275 [info] > git config --get commit.template [25ms]
2024-10-16 06:26:26.275 [info] > git for-each-ref --format=%(refname)%00%(upstream:short)%00%(objectname)%00%(upstream:track)%00%(upstream:remotename)%00%(upstream:remoteref) refs/heads/df_gcp_last refs/remotes/df_gcp_last [2ms]
2024-10-16 06:26:26.479 [info] > git status -z -uall [178ms]
2024-10-16 06:26:31.583 [info] > git config --get commit.template [26ms]
2024-10-16 06:26:31.584 [info] > git for-each-ref --format=%(refname)%00%(upstream:short)%00%(objectname)%00%(upstream:track)%00%(upstream:remotename)%00%(upstream:remoteref) refs/heads/df_gcp_last refs/remotes/df_gcp_last [2ms]
2024-10-16 06:26:31.779 [info] > git status -z -uall [169ms]
2024-10-16 06:26:36.877 [info] > git config --get commit.template [24ms]
2024-10-16 06:26:36.878 [info] > git for-each-ref --format=%(refname)%00%(upstream:short)%00%(objectname)%00%(upstream:track)%00%(upstream:remotename)%00%(upstream:remoteref) refs/heads/df_gcp_last refs/remotes/df_gcp_last [2ms]
2024-10-16 06:26:37.085 [info] > git status -z -uall [183ms]
2024-10-16 06:26:42.180 [info] > git config --get commit.template [24ms]
2024-10-16 06:26:42.181 [info] > git for-each-ref --format=%(refname)%00%(upstream:short)%00%(objectname)%00%(upstream:track)%00%(upstream:remotename)%00%(upstream:remoteref) refs/heads/df_gcp_last refs/remotes/df_gcp_last [2ms]
2024-10-16 06:26:42.386 [info] > git status -z -uall [180ms]
2024-10-16 06:26:47.483 [info] > git config --get commit.template [24ms]
2024-10-16 06:26:47.484 [info] > git for-each-ref --format=%(refname)%00%(upstream:short)%00%(objectname)%00%(upstream:track)%00%(upstream:remotename)%00%(upstream:remoteref) refs/heads/df_gcp_last refs/remotes/df_gcp_last [2ms]
2024-10-16 06:26:47.694 [info] > git status -z -uall [186ms]
2024-10-16 06:26:52.795 [info] > git config --get commit.template [24ms]
2024-10-16 06:26:52.796 [info] > git for-each-ref --format=%(refname)%00%(upstream:short)%00%(objectname)%00%(upstream:track)%00%(upstream:remotename)%00%(upstream:remoteref) refs/heads/df_gcp_last refs/remotes/df_gcp_last [2ms]
2024-10-16 06:26:52.997 [info] > git status -z -uall [178ms]
2024-10-16 06:26:58.092 [info] > git config --get commit.template [24ms]
2024-10-16 06:26:58.093 [info] > git for-each-ref --format=%(refname)%00%(upstream:short)%00%(objectname)%00%(upstream:track)%00%(upstream:remotename)%00%(upstream:remoteref) refs/heads/df_gcp_last refs/remotes/df_gcp_last [2ms]
2024-10-16 06:26:58.299 [info] > git status -z -uall [182ms]
2024-10-16 06:27:03.392 [info] > git config --get commit.template [24ms]
2024-10-16 06:27:03.392 [info] > git for-each-ref --format=%(refname)%00%(upstream:short)%00%(objectname)%00%(upstream:track)%00%(upstream:remotename)%00%(upstream:remoteref) refs/heads/df_gcp_last refs/remotes/df_gcp_last [2ms]
2024-10-16 06:27:03.598 [info] > git status -z -uall [183ms]
2024-10-16 06:27:08.699 [info] > git config --get commit.template [25ms]
2024-10-16 06:27:08.700 [info] > git for-each-ref --format=%(refname)%00%(upstream:short)%00%(objectname)%00%(upstream:track)%00%(upstream:remotename)%00%(upstream:remoteref) refs/heads/df_gcp_last refs/remotes/df_gcp_last [3ms]
2024-10-16 06:27:08.901 [info] > git status -z -uall [175ms]
2024-10-16 06:27:12.370 [info] > git fetch [592ms]
2024-10-16 06:27:12.417 [info] > git config --get commit.template [24ms]
2024-10-16 06:27:12.418 [info] > git for-each-ref --format=%(refname)%00%(upstream:short)%00%(objectname)%00%(upstream:track)%00%(upstream:remotename)%00%(upstream:remoteref) refs/heads/df_gcp_last refs/remotes/df_gcp_last [2ms]
2024-10-16 06:27:12.614 [info] > git status -z -uall [172ms]
2024-10-16 06:27:13.732 [info] > git ls-files --stage -- /home/youwantsomethings/https_operators_demo_dag.py [11ms]
2024-10-16 06:27:13.817 [info] > git show --textconv :https_operators_demo_dag.py [8ms]
2024-10-16 06:27:14.002 [info] > git config --get commit.template [26ms]
2024-10-16 06:27:14.002 [info] > git for-each-ref --format=%(refname)%00%(upstream:short)%00%(objectname)%00%(upstream:track)%00%(upstream:remotename)%00%(upstream:remoteref) refs/heads/df_gcp_last refs/remotes/df_gcp_last [3ms]
2024-10-16 06:27:14.211 [info] > git status -z -uall [183ms]
2024-10-16 06:27:19.308 [info] > git config --get commit.template [24ms]
2024-10-16 06:27:19.309 [info] > git for-each-ref --format=%(refname)%00%(upstream:short)%00%(objectname)%00%(upstream:track)%00%(upstream:remotename)%00%(upstream:remoteref) refs/heads/df_gcp_last refs/remotes/df_gcp_last [2ms]
2024-10-16 06:27:19.516 [info] > git status -z -uall [182ms]
2024-10-16 06:27:24.616 [info] > git config --get commit.template [25ms]
2024-10-16 06:27:24.617 [info] > git for-each-ref --format=%(refname)%00%(upstream:short)%00%(objectname)%00%(upstream:track)%00%(upstream:remotename)%00%(upstream:remoteref) refs/heads/df_gcp_last refs/remotes/df_gcp_last [2ms]
2024-10-16 06:27:24.826 [info] > git status -z -uall [185ms]
2024-10-16 06:27:29.923 [info] > git config --get commit.template [25ms]
2024-10-16 06:27:29.924 [info] > git for-each-ref --format=%(refname)%00%(upstream:short)%00%(objectname)%00%(upstream:track)%00%(upstream:remotename)%00%(upstream:remoteref) refs/heads/df_gcp_last refs/remotes/df_gcp_last [2ms]
2024-10-16 06:27:30.125 [info] > git status -z -uall [177ms]
2024-10-16 06:27:35.225 [info] > git config --get commit.template [25ms]
2024-10-16 06:27:35.226 [info] > git for-each-ref --format=%(refname)%00%(upstream:short)%00%(objectname)%00%(upstream:track)%00%(upstream:remotename)%00%(upstream:remoteref) refs/heads/df_gcp_last refs/remotes/df_gcp_last [2ms]
2024-10-16 06:27:35.433 [info] > git status -z -uall [182ms]
2024-10-16 06:27:40.530 [info] > git config --get commit.template [26ms]
2024-10-16 06:27:40.531 [info] > git for-each-ref --format=%(refname)%00%(upstream:short)%00%(objectname)%00%(upstream:track)%00%(upstream:remotename)%00%(upstream:remoteref) refs/heads/df_gcp_last refs/remotes/df_gcp_last [2ms]
2024-10-16 06:27:40.742 [info] > git status -z -uall [186ms]
2024-10-16 06:27:47.376 [info] > git config --get commit.template [2ms]
2024-10-16 06:27:47.401 [info] > git for-each-ref --format=%(refname)%00%(upstream:short)%00%(objectname)%00%(upstream:track)%00%(upstream:remotename)%00%(upstream:remoteref) refs/heads/df_gcp_last refs/remotes/df_gcp_last [2ms]
2024-10-16 06:27:47.599 [info] > git status -z -uall [174ms]
2024-10-16 06:27:52.693 [info] > git config --get commit.template [24ms]
2024-10-16 06:27:52.694 [info] > git for-each-ref --format=%(refname)%00%(upstream:short)%00%(objectname)%00%(upstream:track)%00%(upstream:remotename)%00%(upstream:remoteref) refs/heads/df_gcp_last refs/remotes/df_gcp_last [3ms]
2024-10-16 06:27:52.900 [info] > git status -z -uall [182ms]
2024-10-16 06:27:58.002 [info] > git config --get commit.template [27ms]
2024-10-16 06:27:58.004 [info] > git for-each-ref --format=%(refname)%00%(upstream:short)%00%(objectname)%00%(upstream:track)%00%(upstream:remotename)%00%(upstream:remoteref) refs/heads/df_gcp_last refs/remotes/df_gcp_last [3ms]
2024-10-16 06:27:58.212 [info] > git status -z -uall [184ms]
2024-10-16 06:28:03.309 [info] > git config --get commit.template [25ms]
2024-10-16 06:28:03.310 [info] > git for-each-ref --format=%(refname)%00%(upstream:short)%00%(objectname)%00%(upstream:track)%00%(upstream:remotename)%00%(upstream:remoteref) refs/heads/df_gcp_last refs/remotes/df_gcp_last [2ms]
2024-10-16 06:28:03.513 [info] > git status -z -uall [177ms]
2024-10-16 06:28:08.604 [info] > git config --get commit.template [24ms]
2024-10-16 06:28:08.606 [info] > git for-each-ref --format=%(refname)%00%(upstream:short)%00%(objectname)%00%(upstream:track)%00%(upstream:remotename)%00%(upstream:remoteref) refs/heads/df_gcp_last refs/remotes/df_gcp_last [2ms]
2024-10-16 06:28:08.810 [info] > git status -z -uall [181ms]
2024-10-16 06:28:13.906 [info] > git config --get commit.template [25ms]
2024-10-16 06:28:13.907 [info] > git for-each-ref --format=%(refname)%00%(upstream:short)%00%(objectname)%00%(upstream:track)%00%(upstream:remotename)%00%(upstream:remoteref) refs/heads/df_gcp_last refs/remotes/df_gcp_last [2ms]
2024-10-16 06:28:14.113 [info] > git status -z -uall [181ms]
2024-10-16 06:28:19.212 [info] > git config --get commit.template [24ms]
2024-10-16 06:28:19.212 [info] > git for-each-ref --format=%(refname)%00%(upstream:short)%00%(objectname)%00%(upstream:track)%00%(upstream:remotename)%00%(upstream:remoteref) refs/heads/df_gcp_last refs/remotes/df_gcp_last [2ms]
2024-10-16 06:28:19.421 [info] > git status -z -uall [183ms]
2024-10-16 06:28:24.522 [info] > git config --get commit.template [25ms]
2024-10-16 06:28:24.523 [info] > git for-each-ref --format=%(refname)%00%(upstream:short)%00%(objectname)%00%(upstream:track)%00%(upstream:remotename)%00%(upstream:remoteref) refs/heads/df_gcp_last refs/remotes/df_gcp_last [2ms]
2024-10-16 06:28:24.734 [info] > git status -z -uall [186ms]
2024-10-16 06:30:01.736 [info] > git config --get commit.template [3ms]
2024-10-16 06:30:01.763 [info] > git for-each-ref --format=%(refname)%00%(upstream:short)%00%(objectname)%00%(upstream:track)%00%(upstream:remotename)%00%(upstream:remoteref) refs/heads/df_gcp_last refs/remotes/df_gcp_last [2ms]
2024-10-16 06:30:01.976 [info] > git status -z -uall [193ms]
2024-10-16 06:30:07.094 [info] > git config --get commit.template [22ms]
2024-10-16 06:30:07.095 [info] > git for-each-ref --format=%(refname)%00%(upstream:short)%00%(objectname)%00%(upstream:track)%00%(upstream:remotename)%00%(upstream:remoteref) refs/heads/df_gcp_last refs/remotes/df_gcp_last [2ms]
2024-10-16 06:30:07.296 [info] > git status -z -uall [180ms]
2024-10-16 06:30:12.395 [info] > git config --get commit.template [24ms]
2024-10-16 06:30:12.396 [info] > git for-each-ref --format=%(refname)%00%(upstream:short)%00%(objectname)%00%(upstream:track)%00%(upstream:remotename)%00%(upstream:remoteref) refs/heads/df_gcp_last refs/remotes/df_gcp_last [2ms]
2024-10-16 06:30:12.591 [info] > git status -z -uall [173ms]
2024-10-16 06:30:13.284 [info] > git fetch [605ms]
2024-10-16 06:30:13.329 [info] > git config --get commit.template [23ms]
2024-10-16 06:30:13.330 [info] > git for-each-ref --format=%(refname)%00%(upstream:short)%00%(objectname)%00%(upstream:track)%00%(upstream:remotename)%00%(upstream:remoteref) refs/heads/df_gcp_last refs/remotes/df_gcp_last [2ms]
2024-10-16 06:30:13.526 [info] > git status -z -uall [173ms]
2024-10-16 06:30:15.484 [info] > git ls-files --stage -- /home/youwantsomethings/https_operators_demo_dag.py [11ms]
2024-10-16 06:30:15.942 [info] > git show --textconv :https_operators_demo_dag.py [10ms]
2024-10-16 06:30:17.684 [info] > git config --get commit.template [23ms]
2024-10-16 06:30:17.685 [info] > git for-each-ref --format=%(refname)%00%(upstream:short)%00%(objectname)%00%(upstream:track)%00%(upstream:remotename)%00%(upstream:remoteref) refs/heads/df_gcp_last refs/remotes/df_gcp_last [2ms]
2024-10-16 06:30:17.882 [info] > git status -z -uall [174ms]
2024-10-16 06:30:23.715 [info] > git config --get commit.template [24ms]
2024-10-16 06:30:23.716 [info] > git for-each-ref --format=%(refname)%00%(upstream:short)%00%(objectname)%00%(upstream:track)%00%(upstream:remotename)%00%(upstream:remoteref) refs/heads/df_gcp_last refs/remotes/df_gcp_last [2ms]
2024-10-16 06:30:23.909 [info] > git status -z -uall [170ms]
2024-10-16 06:30:50.341 [info] > git config --get commit.template [24ms]
2024-10-16 06:30:50.342 [info] > git for-each-ref --format=%(refname)%00%(upstream:short)%00%(objectname)%00%(upstream:track)%00%(upstream:remotename)%00%(upstream:remoteref) refs/heads/df_gcp_last refs/remotes/df_gcp_last [3ms]
2024-10-16 06:30:50.556 [info] > git status -z -uall [190ms]
2024-10-16 06:47:28.348 [info] > git config --get commit.template [22ms]
2024-10-16 06:47:28.349 [info] > git for-each-ref --format=%(refname)%00%(upstream:short)%00%(objectname)%00%(upstream:track)%00%(upstream:remotename)%00%(upstream:remoteref) refs/heads/df_gcp_last refs/remotes/df_gcp_last [2ms]
2024-10-16 06:47:28.562 [info] > git status -z -uall [194ms]
2024-10-16 06:47:29.075 [info] > git fetch [773ms]
2024-10-16 06:47:29.103 [info] > git config --get commit.template [2ms]
2024-10-16 06:47:29.129 [info] > git for-each-ref --format=%(refname)%00%(upstream:short)%00%(objectname)%00%(upstream:track)%00%(upstream:remotename)%00%(upstream:remoteref) refs/heads/df_gcp_last refs/remotes/df_gcp_last [2ms]
2024-10-16 06:47:29.332 [info] > git status -z -uall [179ms]
2024-10-16 06:47:30.282 [info] > git ls-files --stage -- /home/youwantsomethings/https_operators_demo_dag.py [10ms]
2024-10-16 06:47:30.361 [info] > git show --textconv :https_operators_demo_dag.py [8ms]
2024-10-16 06:47:33.675 [info] > git config --get commit.template [28ms]
2024-10-16 06:47:33.677 [info] > git for-each-ref --format=%(refname)%00%(upstream:short)%00%(objectname)%00%(upstream:track)%00%(upstream:remotename)%00%(upstream:remoteref) refs/heads/df_gcp_last refs/remotes/df_gcp_last [3ms]
2024-10-16 06:47:33.890 [info] > git status -z -uall [186ms]
2024-10-16 06:47:39.118 [info] > git config --get commit.template [25ms]
2024-10-16 06:47:39.119 [info] > git for-each-ref --format=%(refname)%00%(upstream:short)%00%(objectname)%00%(upstream:track)%00%(upstream:remotename)%00%(upstream:remoteref) refs/heads/df_gcp_last refs/remotes/df_gcp_last [2ms]
2024-10-16 06:47:39.317 [info] > git status -z -uall [174ms]
2024-10-16 06:47:44.406 [info] > git config --get commit.template [21ms]
2024-10-16 06:47:44.407 [info] > git for-each-ref --format=%(refname)%00%(upstream:short)%00%(objectname)%00%(upstream:track)%00%(upstream:remotename)%00%(upstream:remoteref) refs/heads/df_gcp_last refs/remotes/df_gcp_last [2ms]
2024-10-16 06:47:44.618 [info] > git status -z -uall [191ms]
2024-10-16 06:47:49.725 [info] > git config --get commit.template [28ms]
2024-10-16 06:47:49.726 [info] > git for-each-ref --format=%(refname)%00%(upstream:short)%00%(objectname)%00%(upstream:track)%00%(upstream:remotename)%00%(upstream:remoteref) refs/heads/df_gcp_last refs/remotes/df_gcp_last [3ms]
2024-10-16 06:47:49.934 [info] > git status -z -uall [181ms]
2024-10-16 06:48:07.607 [info] > git config --get commit.template [2ms]
2024-10-16 06:48:07.635 [info] > git for-each-ref --format=%(refname)%00%(upstream:short)%00%(objectname)%00%(upstream:track)%00%(upstream:remotename)%00%(upstream:remoteref) refs/heads/df_gcp_last refs/remotes/df_gcp_last [3ms]
2024-10-16 06:48:07.832 [info] > git status -z -uall [171ms]
2024-10-16 06:48:12.944 [info] > git config --get commit.template [27ms]
2024-10-16 06:48:12.945 [info] > git for-each-ref --format=%(refname)%00%(upstream:short)%00%(objectname)%00%(upstream:track)%00%(upstream:remotename)%00%(upstream:remoteref) refs/heads/df_gcp_last refs/remotes/df_gcp_last [2ms]
2024-10-16 06:48:13.143 [info] > git status -z -uall [172ms]
2024-10-16 06:48:18.247 [info] > git config --get commit.template [26ms]
2024-10-16 06:48:18.248 [info] > git for-each-ref --format=%(refname)%00%(upstream:short)%00%(objectname)%00%(upstream:track)%00%(upstream:remotename)%00%(upstream:remoteref) refs/heads/df_gcp_last refs/remotes/df_gcp_last [3ms]
2024-10-16 06:48:18.460 [info] > git status -z -uall [190ms]
2024-10-16 06:48:24.149 [info] > git config --get commit.template [2ms]
2024-10-16 06:48:24.175 [info] > git for-each-ref --format=%(refname)%00%(upstream:short)%00%(objectname)%00%(upstream:track)%00%(upstream:remotename)%00%(upstream:remoteref) refs/heads/df_gcp_last refs/remotes/df_gcp_last [2ms]
2024-10-16 06:48:24.371 [info] > git status -z -uall [169ms]
2024-10-16 06:49:01.162 [info] > git config --get commit.template [2ms]
2024-10-16 06:49:01.189 [info] > git for-each-ref --format=%(refname)%00%(upstream:short)%00%(objectname)%00%(upstream:track)%00%(upstream:remotename)%00%(upstream:remoteref) refs/heads/df_gcp_last refs/remotes/df_gcp_last [2ms]
2024-10-16 06:49:01.426 [info] > git status -z -uall [213ms]
2024-10-16 06:54:45.149 [info] > git config --get commit.template [21ms]
2024-10-16 06:54:45.149 [info] > git for-each-ref --format=%(refname)%00%(upstream:short)%00%(objectname)%00%(upstream:track)%00%(upstream:remotename)%00%(upstream:remoteref) refs/heads/df_gcp_last refs/remotes/df_gcp_last [2ms]
2024-10-16 06:54:45.367 [info] > git status -z -uall [194ms]
2024-10-16 06:54:45.914 [info] > git fetch [807ms]
2024-10-16 06:54:45.952 [info] > git config --get commit.template [19ms]
2024-10-16 06:54:45.953 [info] > git for-each-ref --format=%(refname)%00%(upstream:short)%00%(objectname)%00%(upstream:track)%00%(upstream:remotename)%00%(upstream:remoteref) refs/heads/df_gcp_last refs/remotes/df_gcp_last [2ms]
2024-10-16 06:54:46.151 [info] > git status -z -uall [176ms]
2024-10-16 06:54:47.094 [info] > git ls-files --stage -- /home/youwantsomethings/https_operators_demo_dag.py [12ms]
2024-10-16 06:54:47.171 [info] > git show --textconv :https_operators_demo_dag.py [9ms]
2024-10-16 06:54:50.495 [info] > git config --get commit.template [24ms]
2024-10-16 06:54:50.496 [info] > git for-each-ref --format=%(refname)%00%(upstream:short)%00%(objectname)%00%(upstream:track)%00%(upstream:remotename)%00%(upstream:remoteref) refs/heads/df_gcp_last refs/remotes/df_gcp_last [2ms]
2024-10-16 06:54:50.701 [info] > git status -z -uall [180ms]
2024-10-16 06:54:56.830 [info] > git config --get commit.template [2ms]
2024-10-16 06:54:56.854 [info] > git for-each-ref --format=%(refname)%00%(upstream:short)%00%(objectname)%00%(upstream:track)%00%(upstream:remotename)%00%(upstream:remoteref) refs/heads/df_gcp_last refs/remotes/df_gcp_last [2ms]
2024-10-16 06:54:57.057 [info] > git status -z -uall [179ms]
2024-10-16 06:55:02.152 [info] > git config --get commit.template [23ms]
2024-10-16 06:55:02.153 [info] > git for-each-ref --format=%(refname)%00%(upstream:short)%00%(objectname)%00%(upstream:track)%00%(upstream:remotename)%00%(upstream:remoteref) refs/heads/df_gcp_last refs/remotes/df_gcp_last [3ms]
2024-10-16 06:55:02.361 [info] > git status -z -uall [186ms]
2024-10-16 06:55:07.478 [info] > git config --get commit.template [21ms]
2024-10-16 06:55:07.480 [info] > git for-each-ref --format=%(refname)%00%(upstream:short)%00%(objectname)%00%(upstream:track)%00%(upstream:remotename)%00%(upstream:remoteref) refs/heads/df_gcp_last refs/remotes/df_gcp_last [2ms]
2024-10-16 06:55:07.686 [info] > git status -z -uall [182ms]
2024-10-16 06:55:15.962 [info] > git config --get commit.template [21ms]
2024-10-16 06:55:15.963 [info] > git for-each-ref --format=%(refname)%00%(upstream:short)%00%(objectname)%00%(upstream:track)%00%(upstream:remotename)%00%(upstream:remoteref) refs/heads/df_gcp_last refs/remotes/df_gcp_last [3ms]
2024-10-16 06:55:16.169 [info] > git status -z -uall [183ms]
2024-10-16 06:56:10.705 [info] > git config --get commit.template [23ms]
2024-10-16 06:56:10.706 [info] > git for-each-ref --format=%(refname)%00%(upstream:short)%00%(objectname)%00%(upstream:track)%00%(upstream:remotename)%00%(upstream:remoteref) refs/heads/df_gcp_last refs/remotes/df_gcp_last [2ms]
2024-10-16 06:56:10.916 [info] > git status -z -uall [186ms]
2024-10-16 06:56:16.020 [info] > git config --get commit.template [25ms]
2024-10-16 06:56:16.021 [info] > git for-each-ref --format=%(refname)%00%(upstream:short)%00%(objectname)%00%(upstream:track)%00%(upstream:remotename)%00%(upstream:remoteref) refs/heads/df_gcp_last refs/remotes/df_gcp_last [2ms]
2024-10-16 06:56:16.227 [info] > git status -z -uall [181ms]
2024-10-16 06:56:21.307 [info] > git config --get commit.template [2ms]
2024-10-16 06:56:21.343 [info] > git for-each-ref --format=%(refname)%00%(upstream:short)%00%(objectname)%00%(upstream:track)%00%(upstream:remotename)%00%(upstream:remoteref) refs/heads/df_gcp_last refs/remotes/df_gcp_last [3ms]
2024-10-16 06:56:21.580 [info] > git status -z -uall [199ms]
2024-10-16 06:56:26.691 [info] > git config --get commit.template [24ms]
2024-10-16 06:56:26.692 [info] > git for-each-ref --format=%(refname)%00%(upstream:short)%00%(objectname)%00%(upstream:track)%00%(upstream:remotename)%00%(upstream:remoteref) refs/heads/df_gcp_last refs/remotes/df_gcp_last [3ms]
2024-10-16 06:56:26.924 [info] > git status -z -uall [211ms]
2024-10-16 06:56:28.077 [info] > git merge-base refs/heads/df_gcp_last refs/remotes/origin/df_gcp_last [2ms]
2024-10-16 06:56:28.104 [info] > git rev-list --count --left-right refs/heads/df_gcp_last...refs/remotes/origin/df_gcp_last [3ms]
2024-10-16 06:56:29.081 [info] > git check-ignore -v -z --stdin [23ms]
2024-10-16 06:56:31.999 [info] > git config --get commit.template [3ms]
2024-10-16 06:56:32.022 [info] > git for-each-ref --format=%(refname)%00%(upstream:short)%00%(objectname)%00%(upstream:track)%00%(upstream:remotename)%00%(upstream:remoteref) refs/heads/df_gcp_last refs/remotes/df_gcp_last [2ms]
2024-10-16 06:56:32.250 [info] > git status -z -uall [205ms]
