Initializing document watcher...
Document watcher initialized
youwantsomethings/real_dataflow_etl.py: {}
youwantsomethings/final_real.py: {}
youwantsomethings/final_real.py: Using EditorConfig core...
youwantsomethings/final_real.py: Using EditorConfig core...
youwantsomethings/final_real.py: Using EditorConfig core...
youwantsomethings/final_real.py: Using EditorConfig core...
youwantsomethings/final_real.py: {}
youwantsomethings/final_real.py: {}
youwantsomethings/final_real.py: {}
youwantsomethings/final_real.py: {}
youwantsomethings/final_real.py: {}
youwantsomethings/final_real.py: {}
youwantsomethings/final_real.py: {}
youwantsomethings/final_real.py: {}
youwantsomethings/final_real.py: {}
youwantsomethings/final_real.py: {}
youwantsomethings/final_real.py: {}
youwantsomethings/final_real.py: {}
youwantsomethings/final_real.py: {}
youwantsomethings/final_real.py: {}
youwantsomethings/final_real.py: {}
youwantsomethings/final_real.py: {}
youwantsomethings/Untitled-2: {}
youwantsomethings/final_real.py: {}
youwantsomethings/final_real.py: {}
youwantsomethings/final_real.py: {}
youwantsomethings/final_real.py: {}
youwantsomethings/final_real.py: {}
youwantsomethings/final_real.py: {}
youwantsomethings/final_real.py: {}
youwantsomethings/final_real.py: {}
youwantsomethings/final_real.py: {}
