2024-10-10 15:05:05.027 [info] Log level: Info
2024-10-10 15:05:05.028 [info] Validating found git in: "git"
2024-10-10 15:05:05.028 [info] Using git "2.43.0" from "git"
2024-10-10 15:05:05.028 [info] > git rev-parse --show-toplevel [7ms]
2024-10-10 15:05:05.041 [info] > git rev-parse --git-dir --git-common-dir [14ms]
2024-10-10 15:05:05.077 [info] Open repository: /home/youwantsomethings
2024-10-10 15:05:09.364 [info] > git rev-parse --show-toplevel [44ms]
2024-10-10 15:05:09.364 [info] fatal: this operation must be run in a work tree
2024-10-10 15:05:09.365 [info] > git config --get commit.template [71ms]
2024-10-10 15:05:09.365 [info] > git fetch [4290ms]
2024-10-10 15:05:09.519 [info] > git config --get commit.template [106ms]
2024-10-10 15:05:09.520 [info] > git rev-parse --show-toplevel [130ms]
2024-10-10 15:05:09.553 [info] > git for-each-ref --format=%(refname)%00%(upstream:short)%00%(objectname)%00%(upstream:track)%00%(upstream:remotename)%00%(upstream:remoteref) refs/heads/df_gcp_last refs/remotes/df_gcp_last [114ms]
2024-10-10 15:05:09.580 [info] > git rev-parse --show-toplevel [31ms]
2024-10-10 15:05:09.582 [info] > git for-each-ref --format=%(refname)%00%(upstream:short)%00%(objectname)%00%(upstream:track)%00%(upstream:remotename)%00%(upstream:remoteref) refs/heads/df_gcp_last refs/remotes/df_gcp_last [4ms]
2024-10-10 15:05:09.642 [info] > git rev-parse --show-toplevel [37ms]
2024-10-10 15:05:09.827 [info] > git config --get commit.template [185ms]
2024-10-10 15:05:09.981 [info] > git check-ignore -v -z --stdin [58ms]
2024-10-10 15:05:09.983 [info] > git rev-parse --show-toplevel [133ms]
2024-10-10 15:05:10.023 [info] > git for-each-ref --format=%(refname)%00%(upstream:short)%00%(objectname)%00%(upstream:track)%00%(upstream:remotename)%00%(upstream:remoteref) refs/heads/df_gcp_last refs/remotes/df_gcp_last [65ms]
2024-10-10 15:05:10.024 [info] > git rev-parse --show-toplevel [8ms]
2024-10-10 15:05:10.064 [info] > git rev-parse --show-toplevel [8ms]
2024-10-10 15:05:10.299 [info] > git rev-parse --show-toplevel [128ms]
2024-10-10 15:05:10.400 [info] > git status -z -uall [310ms]
2024-10-10 15:05:11.465 [info] > git merge-base refs/heads/df_gcp_last refs/remotes/origin/df_gcp_last [920ms]
2024-10-10 15:05:11.493 [info] > git rev-parse --show-toplevel [1116ms]
2024-10-10 15:05:11.549 [info] > git rev-list --count --left-right refs/heads/df_gcp_last...refs/remotes/origin/df_gcp_last [57ms]
2024-10-10 15:05:11.641 [info] > git diff --name-status -z --diff-filter=ADMR d24c42116c27a743067d8c7911c3fc08e9075a5e...refs/remotes/origin/df_gcp_last [61ms]
2024-10-10 15:05:11.643 [info] > git rev-parse --show-toplevel [100ms]
2024-10-10 15:05:11.712 [info] > git rev-parse --show-toplevel [25ms]
2024-10-10 15:05:11.757 [info] > git rev-parse --show-toplevel [20ms]
2024-10-10 15:05:11.846 [info] > git rev-parse --show-toplevel [60ms]
2024-10-10 15:05:11.985 [info] > git rev-parse --show-toplevel [113ms]
2024-10-10 15:05:12.588 [info] > git rev-parse --show-toplevel [98ms]
2024-10-10 15:05:12.761 [info] > git show --textconv :.git/stream.py [88ms]
2024-10-10 15:05:12.865 [info] > git ls-files --stage -- /home/youwantsomethings/.git/stream.py [113ms]
2024-10-10 15:05:17.942 [info] > git config --get commit.template [4ms]
2024-10-10 15:05:17.983 [info] > git for-each-ref --format=%(refname)%00%(upstream:short)%00%(objectname)%00%(upstream:track)%00%(upstream:remotename)%00%(upstream:remoteref) refs/heads/df_gcp_last refs/remotes/df_gcp_last [4ms]
2024-10-10 15:05:18.267 [info] > git status -z -uall [252ms]
2024-10-10 15:05:23.427 [info] > git config --get commit.template [14ms]
2024-10-10 15:05:23.481 [info] > git for-each-ref --format=%(refname)%00%(upstream:short)%00%(objectname)%00%(upstream:track)%00%(upstream:remotename)%00%(upstream:remoteref) refs/heads/df_gcp_last refs/remotes/df_gcp_last [6ms]
2024-10-10 15:05:23.905 [info] > git status -z -uall [374ms]
2024-10-10 15:05:29.176 [info] > git config --get commit.template [88ms]
2024-10-10 15:05:29.199 [info] > git for-each-ref --format=%(refname)%00%(upstream:short)%00%(objectname)%00%(upstream:track)%00%(upstream:remotename)%00%(upstream:remoteref) refs/heads/df_gcp_last refs/remotes/df_gcp_last [24ms]
2024-10-10 15:05:29.934 [info] > git status -z -uall [619ms]
2024-10-10 15:05:35.271 [info] > git config --get commit.template [47ms]
2024-10-10 15:05:35.275 [info] > git for-each-ref --format=%(refname)%00%(upstream:short)%00%(objectname)%00%(upstream:track)%00%(upstream:remotename)%00%(upstream:remoteref) refs/heads/df_gcp_last refs/remotes/df_gcp_last [7ms]
2024-10-10 15:05:35.573 [info] > git status -z -uall [252ms]
2024-10-10 15:05:40.748 [info] > git config --get commit.template [42ms]
2024-10-10 15:05:40.749 [info] > git for-each-ref --format=%(refname)%00%(upstream:short)%00%(objectname)%00%(upstream:track)%00%(upstream:remotename)%00%(upstream:remoteref) refs/heads/df_gcp_last refs/remotes/df_gcp_last [3ms]
2024-10-10 15:05:40.997 [info] > git status -z -uall [206ms]
2024-10-10 15:05:41.771 [info] > git show --textconv :.git/req.sh [35ms]
2024-10-10 15:05:41.778 [info] > git ls-files --stage -- /home/youwantsomethings/.git/req.sh [12ms]
2024-10-10 15:05:46.118 [info] > git config --get commit.template [29ms]
2024-10-10 15:05:46.118 [info] > git for-each-ref --format=%(refname)%00%(upstream:short)%00%(objectname)%00%(upstream:track)%00%(upstream:remotename)%00%(upstream:remoteref) refs/heads/df_gcp_last refs/remotes/df_gcp_last [2ms]
2024-10-10 15:05:46.347 [info] > git status -z -uall [201ms]
2024-10-10 15:05:51.461 [info] > git config --get commit.template [28ms]
2024-10-10 15:05:51.462 [info] > git for-each-ref --format=%(refname)%00%(upstream:short)%00%(objectname)%00%(upstream:track)%00%(upstream:remotename)%00%(upstream:remoteref) refs/heads/df_gcp_last refs/remotes/df_gcp_last [3ms]
2024-10-10 15:05:51.685 [info] > git status -z -uall [195ms]
2024-10-10 15:05:56.791 [info] > git config --get commit.template [28ms]
2024-10-10 15:05:56.793 [info] > git for-each-ref --format=%(refname)%00%(upstream:short)%00%(objectname)%00%(upstream:track)%00%(upstream:remotename)%00%(upstream:remoteref) refs/heads/df_gcp_last refs/remotes/df_gcp_last [3ms]
2024-10-10 15:05:57.016 [info] > git status -z -uall [194ms]
2024-10-10 15:06:02.112 [info] > git config --get commit.template [3ms]
2024-10-10 15:06:02.141 [info] > git for-each-ref --format=%(refname)%00%(upstream:short)%00%(objectname)%00%(upstream:track)%00%(upstream:remotename)%00%(upstream:remoteref) refs/heads/df_gcp_last refs/remotes/df_gcp_last [2ms]
2024-10-10 15:06:02.369 [info] > git status -z -uall [199ms]
2024-10-10 15:06:02.913 [info] > git check-ignore -v -z --stdin [23ms]
2024-10-10 15:06:03.498 [info] > git check-ignore -v -z --stdin [10ms]
2024-10-10 15:06:07.506 [info] > git config --get commit.template [37ms]
2024-10-10 15:06:07.507 [info] > git for-each-ref --format=%(refname)%00%(upstream:short)%00%(objectname)%00%(upstream:track)%00%(upstream:remotename)%00%(upstream:remoteref) refs/heads/df_gcp_last refs/remotes/df_gcp_last [3ms]
2024-10-10 15:06:07.766 [info] > git status -z -uall [221ms]
2024-10-10 15:06:12.878 [info] > git config --get commit.template [29ms]
2024-10-10 15:06:12.879 [info] > git for-each-ref --format=%(refname)%00%(upstream:short)%00%(objectname)%00%(upstream:track)%00%(upstream:remotename)%00%(upstream:remoteref) refs/heads/df_gcp_last refs/remotes/df_gcp_last [2ms]
2024-10-10 15:06:13.112 [info] > git status -z -uall [205ms]
2024-10-10 15:06:14.141 [info] > git check-ignore -v -z --stdin [11ms]
2024-10-10 15:06:15.116 [info] > git check-ignore -v -z --stdin [10ms]
2024-10-10 15:06:15.812 [info] > git show --textconv :dataflow_python/5_Streaming_Analytics/solution/streaming_minute_traffic_pipeline.py [30ms]
2024-10-10 15:06:15.820 [info] > git ls-files --stage -- /home/youwantsomethings/dataflow_python/5_Streaming_Analytics/solution/streaming_minute_traffic_pipeline.py [11ms]
2024-10-10 15:06:18.229 [info] > git config --get commit.template [29ms]
2024-10-10 15:06:18.231 [info] > git for-each-ref --format=%(refname)%00%(upstream:short)%00%(objectname)%00%(upstream:track)%00%(upstream:remotename)%00%(upstream:remoteref) refs/heads/df_gcp_last refs/remotes/df_gcp_last [4ms]
2024-10-10 15:06:18.474 [info] > git status -z -uall [210ms]
2024-10-10 15:06:23.585 [info] > git config --get commit.template [29ms]
2024-10-10 15:06:23.587 [info] > git for-each-ref --format=%(refname)%00%(upstream:short)%00%(objectname)%00%(upstream:track)%00%(upstream:remotename)%00%(upstream:remoteref) refs/heads/df_gcp_last refs/remotes/df_gcp_last [3ms]
2024-10-10 15:06:23.807 [info] > git status -z -uall [192ms]
2024-10-10 15:06:28.919 [info] > git config --get commit.template [29ms]
2024-10-10 15:06:28.919 [info] > git for-each-ref --format=%(refname)%00%(upstream:short)%00%(objectname)%00%(upstream:track)%00%(upstream:remotename)%00%(upstream:remoteref) refs/heads/df_gcp_last refs/remotes/df_gcp_last [2ms]
2024-10-10 15:06:29.141 [info] > git status -z -uall [193ms]
2024-10-10 15:06:34.259 [info] > git config --get commit.template [31ms]
2024-10-10 15:06:34.260 [info] > git for-each-ref --format=%(refname)%00%(upstream:short)%00%(objectname)%00%(upstream:track)%00%(upstream:remotename)%00%(upstream:remoteref) refs/heads/df_gcp_last refs/remotes/df_gcp_last [5ms]
2024-10-10 15:06:34.482 [info] > git status -z -uall [193ms]
2024-10-10 15:07:00.081 [info] > git config --get commit.template [30ms]
2024-10-10 15:07:00.082 [info] > git for-each-ref --format=%(refname)%00%(upstream:short)%00%(objectname)%00%(upstream:track)%00%(upstream:remotename)%00%(upstream:remoteref) refs/heads/df_gcp_last refs/remotes/df_gcp_last [2ms]
2024-10-10 15:07:00.308 [info] > git status -z -uall [198ms]
2024-10-10 15:07:08.325 [info] > git config --get commit.template [30ms]
2024-10-10 15:07:08.326 [info] > git for-each-ref --format=%(refname)%00%(upstream:short)%00%(objectname)%00%(upstream:track)%00%(upstream:remotename)%00%(upstream:remoteref) refs/heads/df_gcp_last refs/remotes/df_gcp_last [3ms]
2024-10-10 15:07:08.553 [info] > git status -z -uall [199ms]
2024-10-10 15:07:13.652 [info] > git config --get commit.template [5ms]
2024-10-10 15:07:13.692 [info] > git for-each-ref --format=%(refname)%00%(upstream:short)%00%(objectname)%00%(upstream:track)%00%(upstream:remotename)%00%(upstream:remoteref) refs/heads/df_gcp_last refs/remotes/df_gcp_last [2ms]
2024-10-10 15:07:13.949 [info] > git status -z -uall [220ms]
2024-10-10 15:07:20.211 [info] > git config --get commit.template [2ms]
2024-10-10 15:07:20.240 [info] > git for-each-ref --format=%(refname)%00%(upstream:short)%00%(objectname)%00%(upstream:track)%00%(upstream:remotename)%00%(upstream:remoteref) refs/heads/df_gcp_last refs/remotes/df_gcp_last [2ms]
2024-10-10 15:07:20.466 [info] > git status -z -uall [198ms]
2024-10-10 15:07:25.579 [info] > git config --get commit.template [30ms]
2024-10-10 15:07:25.580 [info] > git for-each-ref --format=%(refname)%00%(upstream:short)%00%(objectname)%00%(upstream:track)%00%(upstream:remotename)%00%(upstream:remoteref) refs/heads/df_gcp_last refs/remotes/df_gcp_last [3ms]
2024-10-10 15:07:25.818 [info] > git status -z -uall [210ms]
2024-10-10 15:10:58.164 [info] > git config --get commit.template [28ms]
2024-10-10 15:10:58.164 [info] > git for-each-ref --format=%(refname)%00%(upstream:short)%00%(objectname)%00%(upstream:track)%00%(upstream:remotename)%00%(upstream:remoteref) refs/heads/df_gcp_last refs/remotes/df_gcp_last [3ms]
2024-10-10 15:10:58.399 [info] > git status -z -uall [208ms]
2024-10-10 15:10:58.941 [info] > git fetch [838ms]
2024-10-10 15:10:58.997 [info] > git config --get commit.template [29ms]
2024-10-10 15:10:58.998 [info] > git for-each-ref --format=%(refname)%00%(upstream:short)%00%(objectname)%00%(upstream:track)%00%(upstream:remotename)%00%(upstream:remoteref) refs/heads/df_gcp_last refs/remotes/df_gcp_last [2ms]
2024-10-10 15:10:59.222 [info] > git status -z -uall [198ms]
2024-10-10 15:11:00.129 [info] > git ls-files --stage -- /home/youwantsomethings/dataflow_python/5_Streaming_Analytics/solution/streaming_minute_traffic_pipeline.py [10ms]
2024-10-10 15:11:00.213 [info] > git show --textconv :dataflow_python/5_Streaming_Analytics/solution/streaming_minute_traffic_pipeline.py [10ms]
2024-10-10 15:11:03.535 [info] > git config --get commit.template [29ms]
2024-10-10 15:11:03.537 [info] > git for-each-ref --format=%(refname)%00%(upstream:short)%00%(objectname)%00%(upstream:track)%00%(upstream:remotename)%00%(upstream:remoteref) refs/heads/df_gcp_last refs/remotes/df_gcp_last [3ms]
2024-10-10 15:11:03.764 [info] > git status -z -uall [200ms]
2024-10-10 15:11:08.891 [info] > git config --get commit.template [41ms]
2024-10-10 15:11:08.892 [info] > git for-each-ref --format=%(refname)%00%(upstream:short)%00%(objectname)%00%(upstream:track)%00%(upstream:remotename)%00%(upstream:remoteref) refs/heads/df_gcp_last refs/remotes/df_gcp_last [3ms]
2024-10-10 15:11:09.126 [info] > git status -z -uall [198ms]
2024-10-10 15:11:18.784 [info] > git config --get commit.template [3ms]
2024-10-10 15:11:18.813 [info] > git for-each-ref --format=%(refname)%00%(upstream:short)%00%(objectname)%00%(upstream:track)%00%(upstream:remotename)%00%(upstream:remoteref) refs/heads/df_gcp_last refs/remotes/df_gcp_last [3ms]
2024-10-10 15:11:19.043 [info] > git status -z -uall [201ms]
2024-10-10 15:11:24.185 [info] > git config --get commit.template [35ms]
2024-10-10 15:11:24.186 [info] > git for-each-ref --format=%(refname)%00%(upstream:short)%00%(objectname)%00%(upstream:track)%00%(upstream:remotename)%00%(upstream:remoteref) refs/heads/df_gcp_last refs/remotes/df_gcp_last [3ms]
2024-10-10 15:11:24.448 [info] > git status -z -uall [228ms]
2024-10-10 15:11:31.170 [info] > git config --get commit.template [3ms]
2024-10-10 15:11:31.209 [info] > git for-each-ref --format=%(refname)%00%(upstream:short)%00%(objectname)%00%(upstream:track)%00%(upstream:remotename)%00%(upstream:remoteref) refs/heads/df_gcp_last refs/remotes/df_gcp_last [2ms]
2024-10-10 15:11:31.460 [info] > git status -z -uall [215ms]
2024-10-10 15:11:36.568 [info] > git config --get commit.template [29ms]
2024-10-10 15:11:36.569 [info] > git for-each-ref --format=%(refname)%00%(upstream:short)%00%(objectname)%00%(upstream:track)%00%(upstream:remotename)%00%(upstream:remoteref) refs/heads/df_gcp_last refs/remotes/df_gcp_last [2ms]
2024-10-10 15:11:36.799 [info] > git status -z -uall [200ms]
2024-10-10 15:11:41.935 [info] > git config --get commit.template [40ms]
2024-10-10 15:11:41.936 [info] > git for-each-ref --format=%(refname)%00%(upstream:short)%00%(objectname)%00%(upstream:track)%00%(upstream:remotename)%00%(upstream:remoteref) refs/heads/df_gcp_last refs/remotes/df_gcp_last [3ms]
2024-10-10 15:11:42.188 [info] > git status -z -uall [211ms]
2024-10-10 15:11:47.328 [info] > git config --get commit.template [42ms]
2024-10-10 15:11:47.329 [info] > git for-each-ref --format=%(refname)%00%(upstream:short)%00%(objectname)%00%(upstream:track)%00%(upstream:remotename)%00%(upstream:remoteref) refs/heads/df_gcp_last refs/remotes/df_gcp_last [3ms]
2024-10-10 15:11:47.586 [info] > git status -z -uall [217ms]
2024-10-10 15:11:52.716 [info] > git config --get commit.template [38ms]
2024-10-10 15:11:52.717 [info] > git for-each-ref --format=%(refname)%00%(upstream:short)%00%(objectname)%00%(upstream:track)%00%(upstream:remotename)%00%(upstream:remoteref) refs/heads/df_gcp_last refs/remotes/df_gcp_last [3ms]
2024-10-10 15:11:52.970 [info] > git status -z -uall [213ms]
2024-10-10 15:11:58.082 [info] > git config --get commit.template [30ms]
2024-10-10 15:11:58.083 [info] > git for-each-ref --format=%(refname)%00%(upstream:short)%00%(objectname)%00%(upstream:track)%00%(upstream:remotename)%00%(upstream:remoteref) refs/heads/df_gcp_last refs/remotes/df_gcp_last [3ms]
2024-10-10 15:11:58.319 [info] > git status -z -uall [206ms]
2024-10-10 15:12:03.445 [info] > git config --get commit.template [38ms]
2024-10-10 15:12:03.446 [info] > git for-each-ref --format=%(refname)%00%(upstream:short)%00%(objectname)%00%(upstream:track)%00%(upstream:remotename)%00%(upstream:remoteref) refs/heads/df_gcp_last refs/remotes/df_gcp_last [3ms]
2024-10-10 15:12:03.695 [info] > git status -z -uall [209ms]
2024-10-10 15:12:08.804 [info] > git config --get commit.template [29ms]
2024-10-10 15:12:08.805 [info] > git for-each-ref --format=%(refname)%00%(upstream:short)%00%(objectname)%00%(upstream:track)%00%(upstream:remotename)%00%(upstream:remoteref) refs/heads/df_gcp_last refs/remotes/df_gcp_last [3ms]
2024-10-10 15:12:09.036 [info] > git status -z -uall [201ms]
2024-10-10 15:12:14.164 [info] > git config --get commit.template [38ms]
2024-10-10 15:12:14.165 [info] > git for-each-ref --format=%(refname)%00%(upstream:short)%00%(objectname)%00%(upstream:track)%00%(upstream:remotename)%00%(upstream:remoteref) refs/heads/df_gcp_last refs/remotes/df_gcp_last [2ms]
2024-10-10 15:12:14.415 [info] > git status -z -uall [212ms]
2024-10-10 15:12:19.684 [info] > git config --get commit.template [2ms]
2024-10-10 15:12:19.713 [info] > git for-each-ref --format=%(refname)%00%(upstream:short)%00%(objectname)%00%(upstream:track)%00%(upstream:remotename)%00%(upstream:remoteref) refs/heads/df_gcp_last refs/remotes/df_gcp_last [2ms]
2024-10-10 15:12:19.944 [info] > git status -z -uall [202ms]
2024-10-10 15:12:30.173 [info] > git config --get commit.template [29ms]
2024-10-10 15:12:30.174 [info] > git for-each-ref --format=%(refname)%00%(upstream:short)%00%(objectname)%00%(upstream:track)%00%(upstream:remotename)%00%(upstream:remoteref) refs/heads/df_gcp_last refs/remotes/df_gcp_last [2ms]
2024-10-10 15:12:30.402 [info] > git status -z -uall [198ms]
2024-10-10 15:12:35.510 [info] > git config --get commit.template [28ms]
2024-10-10 15:12:35.511 [info] > git for-each-ref --format=%(refname)%00%(upstream:short)%00%(objectname)%00%(upstream:track)%00%(upstream:remotename)%00%(upstream:remoteref) refs/heads/df_gcp_last refs/remotes/df_gcp_last [2ms]
2024-10-10 15:12:35.737 [info] > git status -z -uall [197ms]
2024-10-10 15:12:40.844 [info] > git config --get commit.template [29ms]
2024-10-10 15:12:40.845 [info] > git for-each-ref --format=%(refname)%00%(upstream:short)%00%(objectname)%00%(upstream:track)%00%(upstream:remotename)%00%(upstream:remoteref) refs/heads/df_gcp_last refs/remotes/df_gcp_last [2ms]
2024-10-10 15:12:41.069 [info] > git status -z -uall [195ms]
2024-10-10 15:12:46.178 [info] > git config --get commit.template [29ms]
2024-10-10 15:12:46.179 [info] > git for-each-ref --format=%(refname)%00%(upstream:short)%00%(objectname)%00%(upstream:track)%00%(upstream:remotename)%00%(upstream:remoteref) refs/heads/df_gcp_last refs/remotes/df_gcp_last [2ms]
2024-10-10 15:12:46.400 [info] > git status -z -uall [193ms]
2024-10-10 15:12:51.523 [info] > git config --get commit.template [38ms]
2024-10-10 15:12:51.524 [info] > git for-each-ref --format=%(refname)%00%(upstream:short)%00%(objectname)%00%(upstream:track)%00%(upstream:remotename)%00%(upstream:remoteref) refs/heads/df_gcp_last refs/remotes/df_gcp_last [2ms]
2024-10-10 15:12:51.772 [info] > git status -z -uall [211ms]
2024-10-10 15:12:56.883 [info] > git config --get commit.template [28ms]
2024-10-10 15:12:56.885 [info] > git for-each-ref --format=%(refname)%00%(upstream:short)%00%(objectname)%00%(upstream:track)%00%(upstream:remotename)%00%(upstream:remoteref) refs/heads/df_gcp_last refs/remotes/df_gcp_last [2ms]
2024-10-10 15:12:57.113 [info] > git status -z -uall [199ms]
2024-10-10 15:13:02.245 [info] > git config --get commit.template [38ms]
2024-10-10 15:13:02.245 [info] > git for-each-ref --format=%(refname)%00%(upstream:short)%00%(objectname)%00%(upstream:track)%00%(upstream:remotename)%00%(upstream:remoteref) refs/heads/df_gcp_last refs/remotes/df_gcp_last [2ms]
2024-10-10 15:13:02.490 [info] > git status -z -uall [209ms]
2024-10-10 15:13:08.165 [info] > git config --get commit.template [31ms]
2024-10-10 15:13:08.167 [info] > git for-each-ref --format=%(refname)%00%(upstream:short)%00%(objectname)%00%(upstream:track)%00%(upstream:remotename)%00%(upstream:remoteref) refs/heads/df_gcp_last refs/remotes/df_gcp_last [3ms]
2024-10-10 15:13:08.396 [info] > git status -z -uall [201ms]
2024-10-10 15:13:13.525 [info] > git config --get commit.template [39ms]
2024-10-10 15:13:13.527 [info] > git for-each-ref --format=%(refname)%00%(upstream:short)%00%(objectname)%00%(upstream:track)%00%(upstream:remotename)%00%(upstream:remoteref) refs/heads/df_gcp_last refs/remotes/df_gcp_last [2ms]
2024-10-10 15:13:13.777 [info] > git status -z -uall [213ms]
2024-10-10 15:13:36.621 [info] > git config --get commit.template [29ms]
2024-10-10 15:13:36.622 [info] > git for-each-ref --format=%(refname)%00%(upstream:short)%00%(objectname)%00%(upstream:track)%00%(upstream:remotename)%00%(upstream:remoteref) refs/heads/df_gcp_last refs/remotes/df_gcp_last [2ms]
2024-10-10 15:13:36.853 [info] > git status -z -uall [203ms]
2024-10-10 15:13:41.970 [info] > git config --get commit.template [27ms]
2024-10-10 15:13:41.971 [info] > git for-each-ref --format=%(refname)%00%(upstream:short)%00%(objectname)%00%(upstream:track)%00%(upstream:remotename)%00%(upstream:remoteref) refs/heads/df_gcp_last refs/remotes/df_gcp_last [2ms]
2024-10-10 15:13:42.197 [info] > git status -z -uall [198ms]
