2024-10-17 08:38:52.380 [info] Log level: Info
2024-10-17 08:38:52.380 [info] Validating found git in: "git"
2024-10-17 08:38:52.380 [info] Using git "2.43.0" from "git"
2024-10-17 08:38:52.380 [info] > git rev-parse --show-toplevel [87ms]
2024-10-17 08:38:52.402 [info] > git rev-parse --git-dir --git-common-dir [3ms]
2024-10-17 08:38:52.447 [info] Open repository: /home/youwantsomethings
2024-10-17 08:38:52.496 [info] > git config --get commit.template [27ms]
2024-10-17 08:38:52.568 [info] > git rev-parse --show-toplevel [71ms]
2024-10-17 08:38:52.605 [info] > git rev-parse --show-toplevel [2ms]
2024-10-17 08:38:52.624 [info] > git rev-parse --show-toplevel [4ms]
2024-10-17 08:38:52.645 [info] > git rev-parse --show-toplevel [5ms]
2024-10-17 08:38:52.667 [info] > git rev-parse --show-toplevel [2ms]
2024-10-17 08:38:52.685 [info] > git rev-parse --show-toplevel [2ms]
2024-10-17 08:38:52.704 [info] > git rev-parse --show-toplevel [2ms]
2024-10-17 08:38:52.723 [info] > git rev-parse --show-toplevel [2ms]
2024-10-17 08:38:52.753 [info] > git rev-parse --show-toplevel [18ms]
2024-10-17 08:38:52.776 [info] > git rev-parse --show-toplevel [7ms]
2024-10-17 08:38:52.795 [info] > git rev-parse --show-toplevel [4ms]
2024-10-17 08:38:52.809 [info] > git rev-parse --show-toplevel [3ms]
2024-10-17 08:38:52.859 [info] > git rev-parse --show-toplevel [33ms]
2024-10-17 08:38:52.862 [info] > git for-each-ref --format=%(refname)%00%(upstream:short)%00%(objectname)%00%(upstream:track)%00%(upstream:remotename)%00%(upstream:remoteref) refs/heads/from-gcp-http refs/remotes/from-gcp-http [344ms]
2024-10-17 08:38:53.003 [info] > git ls-files --stage -- /home/youwantsomethings/from-http-gcs.py [28ms]
2024-10-17 08:38:53.076 [info] > git cat-file -s 39ba13fef1a24bff67ecc5482fa56ed05b47c09c [56ms]
2024-10-17 08:38:53.079 [info] > git show --textconv :from-http-gcs.py [123ms]
2024-10-17 08:38:53.107 [info] > git check-ignore -v -z --stdin [34ms]
2024-10-17 08:38:55.121 [info] > git fetch [2676ms]
2024-10-17 08:38:55.216 [info] > git status -z -uall [2336ms] (cancelled)
2024-10-17 08:38:55.303 [info] > git config --get commit.template [89ms]
2024-10-17 08:38:55.304 [info] > git config --get commit.template [114ms]
2024-10-17 08:38:55.341 [info] > git for-each-ref --format=%(refname)%00%(upstream:short)%00%(objectname)%00%(upstream:track)%00%(upstream:remotename)%00%(upstream:remoteref) refs/heads/from-gcp-http refs/remotes/from-gcp-http [20ms]
2024-10-17 08:38:55.350 [info] > git for-each-ref --format=%(refname)%00%(upstream:short)%00%(objectname)%00%(upstream:track)%00%(upstream:remotename)%00%(upstream:remoteref) refs/heads/from-gcp-http refs/remotes/from-gcp-http [10ms]
2024-10-17 08:38:59.222 [info] > git status -z -uall [3856ms]
2024-10-17 08:38:59.262 [info] > git merge-base refs/heads/from-gcp-http refs/remotes/origin/from-gcp-http [14ms]
2024-10-17 08:38:59.501 [info] > git rev-list --count --left-right refs/heads/from-gcp-http...refs/remotes/origin/from-gcp-http [217ms]
2024-10-17 08:38:59.532 [info] > git diff --name-status -z --diff-filter=ADMR d3f9abf92fee09b4bc10853cc682efecb0eaf304...refs/remotes/origin/from-gcp-http [6ms]
2024-10-17 08:39:47.621 [info] > git config --get commit.template [2ms]
2024-10-17 08:39:47.642 [info] > git for-each-ref --format=%(refname)%00%(upstream:short)%00%(objectname)%00%(upstream:track)%00%(upstream:remotename)%00%(upstream:remoteref) refs/heads/from-gcp-http refs/remotes/from-gcp-http [3ms]
2024-10-17 08:39:47.847 [info] > git status -z -uall [180ms]
2024-10-17 08:43:20.803 [info] > git config --get commit.template [23ms]
2024-10-17 08:43:20.804 [info] > git for-each-ref --format=%(refname)%00%(upstream:short)%00%(objectname)%00%(upstream:track)%00%(upstream:remotename)%00%(upstream:remoteref) refs/heads/from-gcp-http refs/remotes/from-gcp-http [4ms]
2024-10-17 08:43:20.994 [info] > git status -z -uall [166ms]
2024-10-17 08:43:21.349 [info] > git fetch [595ms]
2024-10-17 08:43:21.388 [info] > git config --get commit.template [19ms]
2024-10-17 08:43:21.389 [info] > git for-each-ref --format=%(refname)%00%(upstream:short)%00%(objectname)%00%(upstream:track)%00%(upstream:remotename)%00%(upstream:remoteref) refs/heads/from-gcp-http refs/remotes/from-gcp-http [3ms]
2024-10-17 08:43:21.570 [info] > git status -z -uall [162ms]
2024-10-17 08:43:22.766 [info] > git ls-files --stage -- /home/youwantsomethings/from-http-gcs.py [14ms]
2024-10-17 08:43:22.788 [info] > git cat-file -s 39ba13fef1a24bff67ecc5482fa56ed05b47c09c [3ms]
2024-10-17 08:43:22.873 [info] > git show --textconv :from-http-gcs.py [11ms]
2024-10-17 08:43:26.049 [info] > git config --get commit.template [23ms]
2024-10-17 08:43:26.050 [info] > git for-each-ref --format=%(refname)%00%(upstream:short)%00%(objectname)%00%(upstream:track)%00%(upstream:remotename)%00%(upstream:remoteref) refs/heads/from-gcp-http refs/remotes/from-gcp-http [4ms]
2024-10-17 08:43:26.242 [info] > git status -z -uall [171ms]
2024-10-17 08:43:31.292 [info] > git config --get commit.template [21ms]
2024-10-17 08:43:31.293 [info] > git for-each-ref --format=%(refname)%00%(upstream:short)%00%(objectname)%00%(upstream:track)%00%(upstream:remotename)%00%(upstream:remoteref) refs/heads/from-gcp-http refs/remotes/from-gcp-http [3ms]
2024-10-17 08:43:31.484 [info] > git status -z -uall [171ms]
2024-10-17 08:53:50.862 [info] > git config --get commit.template [18ms]
2024-10-17 08:53:50.863 [info] > git for-each-ref --format=%(refname)%00%(upstream:short)%00%(objectname)%00%(upstream:track)%00%(upstream:remotename)%00%(upstream:remoteref) refs/heads/from-gcp-http refs/remotes/from-gcp-http [3ms]
2024-10-17 08:53:51.042 [info] > git status -z -uall [162ms]
2024-10-17 08:53:51.336 [info] > git check-ignore -v -z --stdin [13ms]
2024-10-17 08:53:51.441 [info] > git fetch [618ms]
2024-10-17 08:53:51.482 [info] > git config --get commit.template [20ms]
2024-10-17 08:53:51.483 [info] > git for-each-ref --format=%(refname)%00%(upstream:short)%00%(objectname)%00%(upstream:track)%00%(upstream:remotename)%00%(upstream:remoteref) refs/heads/from-gcp-http refs/remotes/from-gcp-http [2ms]
2024-10-17 08:53:51.670 [info] > git status -z -uall [167ms]
2024-10-17 08:53:52.873 [info] > git ls-files --stage -- /home/youwantsomethings/from-http-gcs.py [11ms]
2024-10-17 08:53:52.895 [info] > git cat-file -s 39ba13fef1a24bff67ecc5482fa56ed05b47c09c [2ms]
2024-10-17 08:53:52.973 [info] > git show --textconv :from-http-gcs.py [12ms]
2024-10-17 08:53:54.288 [info] > git show --textconv :stock_data.json [24ms]
2024-10-17 08:53:54.299 [info] > git ls-files --stage -- /home/youwantsomethings/stock_data.json [14ms]
2024-10-17 08:53:56.089 [info] > git config --get commit.template [21ms]
2024-10-17 08:53:56.090 [info] > git for-each-ref --format=%(refname)%00%(upstream:short)%00%(objectname)%00%(upstream:track)%00%(upstream:remotename)%00%(upstream:remoteref) refs/heads/from-gcp-http refs/remotes/from-gcp-http [2ms]
2024-10-17 08:53:56.270 [info] > git status -z -uall [161ms]
2024-10-17 08:54:01.322 [info] > git config --get commit.template [24ms]
2024-10-17 08:54:01.323 [info] > git for-each-ref --format=%(refname)%00%(upstream:short)%00%(objectname)%00%(upstream:track)%00%(upstream:remotename)%00%(upstream:remoteref) refs/heads/from-gcp-http refs/remotes/from-gcp-http [3ms]
2024-10-17 08:54:01.502 [info] > git status -z -uall [156ms]
2024-10-17 08:54:06.531 [info] > git config --get commit.template [2ms]
2024-10-17 08:54:06.553 [info] > git for-each-ref --format=%(refname)%00%(upstream:short)%00%(objectname)%00%(upstream:track)%00%(upstream:remotename)%00%(upstream:remoteref) refs/heads/from-gcp-http refs/remotes/from-gcp-http [2ms]
2024-10-17 08:54:06.753 [info] > git status -z -uall [178ms]
2024-10-17 08:54:11.802 [info] > git config --get commit.template [20ms]
2024-10-17 08:54:11.802 [info] > git for-each-ref --format=%(refname)%00%(upstream:short)%00%(objectname)%00%(upstream:track)%00%(upstream:remotename)%00%(upstream:remoteref) refs/heads/from-gcp-http refs/remotes/from-gcp-http [2ms]
2024-10-17 08:54:11.988 [info] > git status -z -uall [163ms]
2024-10-17 08:54:17.038 [info] > git config --get commit.template [21ms]
2024-10-17 08:54:17.038 [info] > git for-each-ref --format=%(refname)%00%(upstream:short)%00%(objectname)%00%(upstream:track)%00%(upstream:remotename)%00%(upstream:remoteref) refs/heads/from-gcp-http refs/remotes/from-gcp-http [2ms]
2024-10-17 08:54:17.232 [info] > git status -z -uall [173ms]
2024-10-17 08:54:22.281 [info] > git config --get commit.template [21ms]
2024-10-17 08:54:22.281 [info] > git for-each-ref --format=%(refname)%00%(upstream:short)%00%(objectname)%00%(upstream:track)%00%(upstream:remotename)%00%(upstream:remoteref) refs/heads/from-gcp-http refs/remotes/from-gcp-http [2ms]
2024-10-17 08:54:22.477 [info] > git status -z -uall [176ms]
2024-10-17 08:54:26.482 [info] > git merge-base refs/heads/from-gcp-http refs/remotes/origin/from-gcp-http [2ms]
2024-10-17 08:54:26.506 [info] > git rev-list --count --left-right refs/heads/from-gcp-http...refs/remotes/origin/from-gcp-http [2ms]
2024-10-17 08:54:27.263 [info] > git check-ignore -v -z --stdin [28ms]
2024-10-17 08:54:27.528 [info] > git config --get commit.template [23ms]
2024-10-17 08:54:27.530 [info] > git for-each-ref --format=%(refname)%00%(upstream:short)%00%(objectname)%00%(upstream:track)%00%(upstream:remotename)%00%(upstream:remoteref) refs/heads/from-gcp-http refs/remotes/from-gcp-http [3ms]
2024-10-17 08:54:27.718 [info] > git status -z -uall [166ms]
2024-10-17 08:54:32.769 [info] > git config --get commit.template [21ms]
2024-10-17 08:54:32.771 [info] > git for-each-ref --format=%(refname)%00%(upstream:short)%00%(objectname)%00%(upstream:track)%00%(upstream:remotename)%00%(upstream:remoteref) refs/heads/from-gcp-http refs/remotes/from-gcp-http [3ms]
2024-10-17 08:54:32.951 [info] > git status -z -uall [159ms]
2024-10-17 08:54:38.171 [info] > git add -A -- . [1044ms]
2024-10-17 08:54:38.416 [info] > git -c user.useConfigOnly=true commit --quiet --allow-empty-message --file - [220ms]
2024-10-17 08:54:38.440 [info] > git config --get commit.template [2ms]
2024-10-17 08:54:38.488 [info] > git config --get commit.template [23ms]
2024-10-17 08:54:38.489 [info] > git for-each-ref --format=%(refname)%00%(upstream:short)%00%(objectname)%00%(upstream:track)%00%(upstream:remotename)%00%(upstream:remoteref) refs/heads/from-gcp-http refs/remotes/from-gcp-http [3ms]
2024-10-17 08:54:38.685 [info] > git status -z -uall [171ms]
2024-10-17 08:54:38.768 [info] > git merge-base refs/heads/from-gcp-http refs/remotes/origin/from-gcp-http [61ms]
2024-10-17 08:54:38.800 [info] > git rev-list --count --left-right refs/heads/from-gcp-http...refs/remotes/origin/from-gcp-http [6ms]
2024-10-17 08:54:38.827 [info] > git config --get commit.template [62ms]
2024-10-17 08:54:38.853 [info] > git diff --name-status -z --diff-filter=ADMR d3f9abf92fee09b4bc10853cc682efecb0eaf304...refs/remotes/origin/from-gcp-http [27ms]
2024-10-17 08:54:38.878 [info] > git for-each-ref --format=%(refname)%00%(upstream:short)%00%(objectname)%00%(upstream:track)%00%(upstream:remotename)%00%(upstream:remoteref) refs/heads/from-gcp-http refs/remotes/from-gcp-http [27ms]
2024-10-17 08:54:38.882 [info] > git merge-base refs/heads/from-gcp-http refs/remotes/origin/from-gcp-http [6ms]
2024-10-17 08:54:38.929 [info] > git rev-list --count --left-right refs/heads/from-gcp-http...refs/remotes/origin/from-gcp-http [23ms]
2024-10-17 08:54:39.112 [info] > git status -z -uall [183ms]
2024-10-17 08:54:39.539 [info] > git check-ignore -v -z --stdin [13ms]
2024-10-17 08:54:39.855 [info] > git ls-files --stage -- /home/youwantsomethings/stock_data.json [13ms]
2024-10-17 08:54:39.878 [info] > git cat-file -s 0ccaf0fa7064b96b856b2d7ba7c61cf6d25fd8cd [3ms]
2024-10-17 08:54:39.974 [info] > git show --textconv :stock_data.json [12ms]
2024-10-17 08:55:37.984 [info] > git push origin from-gcp-http:from-gcp-http [59242ms]
2024-10-17 08:55:37.984 [info] To https://github.com/Vinipallakki/df_from_gcp.git
   d3f9abf9..afe68ac3  from-gcp-http -> from-gcp-http
2024-10-17 08:55:38.032 [info] > git config --get commit.template [24ms]
2024-10-17 08:55:38.033 [info] > git for-each-ref --format=%(refname)%00%(upstream:short)%00%(objectname)%00%(upstream:track)%00%(upstream:remotename)%00%(upstream:remoteref) refs/heads/from-gcp-http refs/remotes/from-gcp-http [2ms]
2024-10-17 08:55:38.216 [info] > git status -z -uall [160ms]
2024-10-17 08:55:38.254 [info] > git merge-base refs/heads/from-gcp-http refs/remotes/origin/from-gcp-http [11ms]
2024-10-17 08:55:38.281 [info] > git rev-list --count --left-right refs/heads/from-gcp-http...refs/remotes/origin/from-gcp-http [3ms]
2024-10-17 08:55:38.306 [info] > git diff --name-status -z --diff-filter=ADMR afe68ac381e045e043e820e3420adc8c3d461ee9...refs/remotes/origin/from-gcp-http [3ms]
2024-10-17 08:55:38.607 [info] > git merge-base refs/heads/from-gcp-http refs/remotes/origin/from-gcp-http [27ms]
2024-10-17 08:55:38.631 [info] > git config --get commit.template [25ms]
2024-10-17 08:55:38.631 [info] > git rev-list --count --left-right refs/heads/from-gcp-http...refs/remotes/origin/from-gcp-http [2ms]
2024-10-17 08:55:38.656 [info] > git for-each-ref --format=%(refname)%00%(upstream:short)%00%(objectname)%00%(upstream:track)%00%(upstream:remotename)%00%(upstream:remoteref) refs/heads/from-gcp-http refs/remotes/from-gcp-http [2ms]
2024-10-17 08:55:38.836 [info] > git status -z -uall [157ms]
2024-10-17 08:55:39.221 [info] > git check-ignore -v -z --stdin [12ms]
2024-10-17 08:55:47.587 [info] > git config --get commit.template [25ms]
2024-10-17 08:55:47.587 [info] > git for-each-ref --format=%(refname)%00%(upstream:short)%00%(objectname)%00%(upstream:track)%00%(upstream:remotename)%00%(upstream:remoteref) refs/heads/from-gcp-http refs/remotes/from-gcp-http [2ms]
2024-10-17 08:55:47.680 [info] > git ls-files --stage -- /home/youwantsomethings/stock_data.json [15ms]
2024-10-17 08:55:47.707 [info] > git cat-file -s 0ccaf0fa7064b96b856b2d7ba7c61cf6d25fd8cd [3ms]
2024-10-17 08:55:47.772 [info] > git status -z -uall [163ms]
2024-10-17 08:55:47.847 [info] > git show --textconv :stock_data.json [13ms]
2024-10-17 08:55:48.476 [info] > git check-ignore -v -z --stdin [14ms]
2024-10-17 08:55:49.669 [info] > git add -A -- . [237ms]
2024-10-17 08:55:50.478 [info] > git show --textconv :.git/COMMIT_EDITMSG [21ms]
2024-10-17 08:55:50.487 [info] > git ls-files --stage -- /home/youwantsomethings/.git/COMMIT_EDITMSG [10ms]
2024-10-17 08:55:50.704 [info] > git check-ignore -v -z --stdin [11ms]
2024-10-17 08:55:51.290 [info] > git ls-files --stage -- /home/youwantsomethings/.git/COMMIT_EDITMSG [12ms]
2024-10-17 08:55:51.371 [info] > git show --textconv :.git/COMMIT_EDITMSG [12ms]
2024-10-17 08:55:54.755 [info] > git ls-files --stage -- /home/youwantsomethings/.git/COMMIT_EDITMSG [12ms]
2024-10-17 08:55:54.838 [info] > git show --textconv :.git/COMMIT_EDITMSG [12ms]
2024-10-17 08:55:57.509 [info] > git -c user.useConfigOnly=true commit --quiet [7817ms]
2024-10-17 08:55:57.555 [info] > git config --get commit.template [24ms]
2024-10-17 08:55:57.556 [info] > git for-each-ref --format=%(refname)%00%(upstream:short)%00%(objectname)%00%(upstream:track)%00%(upstream:remotename)%00%(upstream:remoteref) refs/heads/from-gcp-http refs/remotes/from-gcp-http [3ms]
2024-10-17 08:55:57.749 [info] > git status -z -uall [170ms]
2024-10-17 08:55:57.749 [info] > git show --textconv :stock_data.json [35ms]
2024-10-17 08:55:57.816 [info] > git merge-base refs/heads/from-gcp-http refs/remotes/origin/from-gcp-http [37ms]
2024-10-17 08:55:57.839 [info] > git ls-files --stage -- /home/youwantsomethings/stock_data.json [96ms]
2024-10-17 08:55:57.867 [info] > git cat-file -s 0ccaf0fa7064b96b856b2d7ba7c61cf6d25fd8cd [7ms]
2024-10-17 08:55:57.868 [info] > git rev-list --count --left-right refs/heads/from-gcp-http...refs/remotes/origin/from-gcp-http [30ms]
2024-10-17 08:55:57.892 [info] > git config --get commit.template [80ms]
2024-10-17 08:55:57.917 [info] > git diff --name-status -z --diff-filter=ADMR afe68ac381e045e043e820e3420adc8c3d461ee9...refs/remotes/origin/from-gcp-http [25ms]
2024-10-17 08:55:57.918 [info] > git for-each-ref --format=%(refname)%00%(upstream:short)%00%(objectname)%00%(upstream:track)%00%(upstream:remotename)%00%(upstream:remoteref) refs/heads/from-gcp-http refs/remotes/from-gcp-http [3ms]
2024-10-17 08:55:58.019 [info] > git status -z -uall [79ms] (cancelled)
2024-10-17 08:55:58.020 [info] > git merge-base refs/heads/from-gcp-http refs/remotes/origin/from-gcp-http [33ms]
2024-10-17 08:55:58.046 [info] > git config --get commit.template [27ms]
2024-10-17 08:55:58.047 [info] > git rev-list --count --left-right refs/heads/from-gcp-http...refs/remotes/origin/from-gcp-http [5ms]
2024-10-17 08:55:58.072 [info] > git for-each-ref --format=%(refname)%00%(upstream:short)%00%(objectname)%00%(upstream:track)%00%(upstream:remotename)%00%(upstream:remoteref) refs/heads/from-gcp-http refs/remotes/from-gcp-http [2ms]
2024-10-17 08:55:58.261 [info] > git status -z -uall [168ms]
2024-10-17 08:55:58.742 [info] > git check-ignore -v -z --stdin [13ms]
2024-10-17 08:56:28.563 [info] > git config --get commit.template [23ms]
2024-10-17 08:56:28.564 [info] > git for-each-ref --format=%(refname)%00%(upstream:short)%00%(objectname)%00%(upstream:track)%00%(upstream:remotename)%00%(upstream:remoteref) refs/heads/from-gcp-http refs/remotes/from-gcp-http [3ms]
2024-10-17 08:56:28.755 [info] > git status -z -uall [169ms]
2024-10-17 08:56:29.445 [info] > git check-ignore -v -z --stdin [12ms]
2024-10-17 08:57:02.228 [info] > git config --get commit.template [26ms]
2024-10-17 08:57:02.229 [info] > git for-each-ref --format=%(refname)%00%(upstream:short)%00%(objectname)%00%(upstream:track)%00%(upstream:remotename)%00%(upstream:remoteref) refs/heads/from-gcp-http refs/remotes/from-gcp-http [3ms]
2024-10-17 08:57:02.415 [info] > git status -z -uall [161ms]
2024-10-17 08:57:03.613 [info] > git ls-files --stage -- /home/youwantsomethings/stock_data.json [14ms]
2024-10-17 08:57:03.636 [info] > git cat-file -s 0ccaf0fa7064b96b856b2d7ba7c61cf6d25fd8cd [3ms]
2024-10-17 08:57:03.823 [info] > git show --textconv :stock_data.json [12ms]
2024-10-17 08:57:06.155 [info] > git fetch [3980ms]
2024-10-17 08:57:06.155 [info] From https://github.com/Vinipallakki/df_from_gcp
   f12c0681..e73d300f  main       -> origin/main
2024-10-17 08:57:06.205 [info] > git config --get commit.template [23ms]
2024-10-17 08:57:06.206 [info] > git for-each-ref --format=%(refname)%00%(upstream:short)%00%(objectname)%00%(upstream:track)%00%(upstream:remotename)%00%(upstream:remoteref) refs/heads/from-gcp-http refs/remotes/from-gcp-http [2ms]
2024-10-17 08:57:06.394 [info] > git status -z -uall [165ms]
2024-10-17 09:01:57.050 [info] > git config --get commit.template [26ms]
2024-10-17 09:01:57.052 [info] > git for-each-ref --format=%(refname)%00%(upstream:short)%00%(objectname)%00%(upstream:track)%00%(upstream:remotename)%00%(upstream:remoteref) refs/heads/from-gcp-http refs/remotes/from-gcp-http [4ms]
2024-10-17 09:01:57.136 [info] > git ls-files --stage -- /home/youwantsomethings/stock_data.json [18ms]
2024-10-17 09:01:57.165 [info] > git cat-file -s 0ccaf0fa7064b96b856b2d7ba7c61cf6d25fd8cd [3ms]
2024-10-17 09:01:57.254 [info] > git show --textconv :stock_data.json [13ms]
2024-10-17 09:01:57.275 [info] > git status -z -uall [198ms]
2024-10-17 09:01:57.636 [info] > git fetch [639ms]
2024-10-17 09:01:57.686 [info] > git config --get commit.template [26ms]
2024-10-17 09:01:57.690 [info] > git for-each-ref --format=%(refname)%00%(upstream:short)%00%(objectname)%00%(upstream:track)%00%(upstream:remotename)%00%(upstream:remoteref) refs/heads/from-gcp-http refs/remotes/from-gcp-http [4ms]
2024-10-17 09:01:57.885 [info] > git status -z -uall [170ms]
2024-10-17 09:01:58.991 [info] > git ls-files --stage -- /home/youwantsomethings/stock_data.json [14ms]
2024-10-17 09:01:59.015 [info] > git cat-file -s 0ccaf0fa7064b96b856b2d7ba7c61cf6d25fd8cd [2ms]
2024-10-17 09:01:59.096 [info] > git show --textconv :stock_data.json [11ms]
2024-10-17 09:02:04.446 [info] > git config --get commit.template [3ms]
2024-10-17 09:02:04.470 [info] > git for-each-ref --format=%(refname)%00%(upstream:short)%00%(objectname)%00%(upstream:track)%00%(upstream:remotename)%00%(upstream:remoteref) refs/heads/from-gcp-http refs/remotes/from-gcp-http [3ms]
2024-10-17 09:02:04.651 [info] > git status -z -uall [158ms]
2024-10-17 09:02:17.695 [info] > git config --get commit.template [23ms]
2024-10-17 09:02:17.696 [info] > git for-each-ref --format=%(refname)%00%(upstream:short)%00%(objectname)%00%(upstream:track)%00%(upstream:remotename)%00%(upstream:remoteref) refs/heads/from-gcp-http refs/remotes/from-gcp-http [3ms]
2024-10-17 09:02:17.876 [info] > git status -z -uall [157ms]
