2024-10-08 15:26:58.792 [info] WARNING:pygls.protocol:Cancel notification for unknown message id "2"
WARNING:pygls.protocol:Cancel notification for unknown message id "3"
WARNING:pygls.protocol:Cancel notification for unknown message id "1"
WARNING:pygls.protocol:Cancel notification for unknown message id "4"

2024-10-08 15:27:02.614 [info] WARNING:pygls.protocol:Cancel notification for unknown message id "8"

2024-10-08 15:29:00.022 [info] ERROR:pygls.protocol:Failed to handle request 67 textDocument/codeAction CodeActionParams(text_document=TextDocumentIdentifier(uri='untitled:Untitled-1'), range=3:14-3:33, context=CodeActionContext(diagnostics=[], only=None, trigger_kind=<CodeActionTriggerKind.Automatic: 2>), work_done_token=None, partial_result_token=None)
Traceback (most recent call last):
  File "/google/devshell/editor/code-oss-for-cloud-shell/extensions/ms-python.python/python_files/lib/jedilsp/pygls/protocol.py", line 340, in _handle_request
    self._execute_request(msg_id, handler, params)
  File "/google/devshell/editor/code-oss-for-cloud-shell/extensions/ms-python.python/python_files/lib/jedilsp/pygls/protocol.py", line 264, in _execute_request
    self._send_response(msg_id, handler(params))
                                ^^^^^^^^^^^^^^^
  File "/google/devshell/editor/code-oss-for-cloud-shell/extensions/ms-python.python/python_files/lib/jedilsp/jedi_language_server/server.py", line 586, in code_action
    extract_variable_changes = text_edit_utils.lsp_document_changes(
                               ^^^^^^^^^^^^^^^^^^^^^^^^^^^^^^^^^^^^^
  File "/google/devshell/editor/code-oss-for-cloud-shell/extensions/ms-python.python/python_files/lib/jedilsp/jedi_language_server/text_edit_utils.py", line 47, in lsp_document_changes
    return [
           ^
  File "/google/devshell/editor/code-oss-for-cloud-shell/extensions/ms-python.python/python_files/lib/jedilsp/jedi_language_server/text_edit_utils.py", line 79, in lsp_text_document_edits
    text_edits = lsp_text_edits(document, changed_file)
                 ^^^^^^^^^^^^^^^^^^^^^^^^^^^^^^^^^^^^^^
  File "/google/devshell/editor/code-oss-for-cloud-shell/extensions/ms-python.python/python_files/lib/jedilsp/jedi_language_server/text_edit_utils.py", line 107, in lsp_text_edits
    old_code = document.source
               ^^^^^^^^^^^^^^^
  File "/google/devshell/editor/code-oss-for-cloud-shell/extensions/ms-python.python/python_files/lib/jedilsp/pygls/workspace.py", line 288, in source
    with io.open(self.path, 'r', encoding='utf-8') as f:
         ^^^^^^^^^^^^^^^^^^^^^^^^^^^^^^^^^^^^^^^^^
FileNotFoundError: [Errno 2] No such file or directory: '/home/youwantsomethings/Untitled-1'

2024-10-08 15:29:00.024 [info] [Error - 3:29:00 PM] Request textDocument/codeAction failed.
2024-10-08 15:29:00.024 [info]   Message: FileNotFoundError: [Errno 2] No such file or directory: '/home/youwantsomethings/Untitled-1'
  Code: -32602 
{'traceback': ['  File "/google/devshell/editor/code-oss-for-cloud-shell/extensions/ms-python.python/python_files/lib/jedilsp/pygls/protocol.py", line 340, in _handle_request\n    self._execute_request(msg_id, handler, params)\n', '  File "/google/devshell/editor/code-oss-for-cloud-shell/extensions/ms-python.python/python_files/lib/jedilsp/pygls/protocol.py", line 264, in _execute_request\n    self._send_response(msg_id, handler(params))\n                                ^^^^^^^^^^^^^^^\n', '  File "/google/devshell/editor/code-oss-for-cloud-shell/extensions/ms-python.python/python_files/lib/jedilsp/jedi_language_server/server.py", line 586, in code_action\n    extract_variable_changes = text_edit_utils.lsp_document_changes(\n                               ^^^^^^^^^^^^^^^^^^^^^^^^^^^^^^^^^^^^^\n', '  File "/google/devshell/editor/code-oss-for-cloud-shell/extensions/ms-python.python/python_files/lib/jedilsp/jedi_language_server/text_edit_utils.py", line 47, in lsp_document_changes\n    return [\n           ^\n', '  File "/google/devshell/editor/code-oss-for-cloud-shell/extensions/ms-python.python/python_files/lib/jedilsp/jedi_language_server/text_edit_utils.py", line 79, in lsp_text_document_edits\n    text_edits = lsp_text_edits(document, changed_file)\n                 ^^^^^^^^^^^^^^^^^^^^^^^^^^^^^^^^^^^^^^\n', '  File "/google/devshell/editor/code-oss-for-cloud-shell/extensions/ms-python.python/python_files/lib/jedilsp/jedi_language_server/text_edit_utils.py", line 107, in lsp_text_edits\n    old_code = document.source\n               ^^^^^^^^^^^^^^^\n', '  File "/google/devshell/editor/code-oss-for-cloud-shell/extensions/ms-python.python/python_files/lib/jedilsp/pygls/workspace.py", line 288, in source\n    with io.open(self.path, \'r\', encoding=\'utf-8\') as f:\n         ^^^^^^^^^^^^^^^^^^^^^^^^^^^^^^^^^^^^^^^^^\n']}
2024-10-08 15:29:01.011 [info] ERROR:pygls.protocol:Failed to handle request 68 textDocument/codeAction CodeActionParams(text_document=TextDocumentIdentifier(uri='untitled:Untitled-1'), range=3:35-3:35, context=CodeActionContext(diagnostics=[], only=None, trigger_kind=<CodeActionTriggerKind.Automatic: 2>), work_done_token=None, partial_result_token=None)
Traceback (most recent call last):
  File "/google/devshell/editor/code-oss-for-cloud-shell/extensions/ms-python.python/python_files/lib/jedilsp/pygls/protocol.py", line 340, in _handle_request
    self._execute_request(msg_id, handler, params)
  File "/google/devshell/editor/code-oss-for-cloud-shell/extensions/ms-python.python/python_files/lib/jedilsp/pygls/protocol.py", line 264, in _execute_request
    self._send_response(msg_id, handler(params))
                                ^^^^^^^^^^^^^^^
  File "/google/devshell/editor/code-oss-for-cloud-shell/extensions/ms-python.python/python_files/lib/jedilsp/jedi_language_server/server.py", line 586, in code_action
    extract_variable_changes = text_edit_utils.lsp_document_changes(
                               ^^^^^^^^^^^^^^^^^^^^^^^^^^^^^^^^^^^^^
  File "/google/devshell/editor/code-oss-for-cloud-shell/extensions/ms-python.python/python_files/lib/jedilsp/jedi_language_server/text_edit_utils.py", line 47, in lsp_document_changes
    return [
           ^
  File "/google/devshell/editor/code-oss-for-cloud-shell/extensions/ms-python.python/python_files/lib/jedilsp/jedi_language_server/text_edit_utils.py", line 79, in lsp_text_document_edits
    text_edits = lsp_text_edits(document, changed_file)
                 ^^^^^^^^^^^^^^^^^^^^^^^^^^^^^^^^^^^^^^
  File "/google/devshell/editor/code-oss-for-cloud-shell/extensions/ms-python.python/python_files/lib/jedilsp/jedi_language_server/text_edit_utils.py", line 107, in lsp_text_edits
    old_code = document.source
               ^^^^^^^^^^^^^^^
  File "/google/devshell/editor/code-oss-for-cloud-shell/extensions/ms-python.python/python_files/lib/jedilsp/pygls/workspace.py", line 288, in source
    with io.open(self.path, 'r', encoding='utf-8') as f:
         ^^^^^^^^^^^^^^^^^^^^^^^^^^^^^^^^^^^^^^^^^
FileNotFoundError: [Errno 2] No such file or directory: '/home/youwantsomethings/Untitled-1'

2024-10-08 15:29:01.013 [info] [Error - 3:29:01 PM] Request textDocument/codeAction failed.
2024-10-08 15:29:01.013 [info]   Message: FileNotFoundError: [Errno 2] No such file or directory: '/home/youwantsomethings/Untitled-1'
  Code: -32602 
{'traceback': ['  File "/google/devshell/editor/code-oss-for-cloud-shell/extensions/ms-python.python/python_files/lib/jedilsp/pygls/protocol.py", line 340, in _handle_request\n    self._execute_request(msg_id, handler, params)\n', '  File "/google/devshell/editor/code-oss-for-cloud-shell/extensions/ms-python.python/python_files/lib/jedilsp/pygls/protocol.py", line 264, in _execute_request\n    self._send_response(msg_id, handler(params))\n                                ^^^^^^^^^^^^^^^\n', '  File "/google/devshell/editor/code-oss-for-cloud-shell/extensions/ms-python.python/python_files/lib/jedilsp/jedi_language_server/server.py", line 586, in code_action\n    extract_variable_changes = text_edit_utils.lsp_document_changes(\n                               ^^^^^^^^^^^^^^^^^^^^^^^^^^^^^^^^^^^^^\n', '  File "/google/devshell/editor/code-oss-for-cloud-shell/extensions/ms-python.python/python_files/lib/jedilsp/jedi_language_server/text_edit_utils.py", line 47, in lsp_document_changes\n    return [\n           ^\n', '  File "/google/devshell/editor/code-oss-for-cloud-shell/extensions/ms-python.python/python_files/lib/jedilsp/jedi_language_server/text_edit_utils.py", line 79, in lsp_text_document_edits\n    text_edits = lsp_text_edits(document, changed_file)\n                 ^^^^^^^^^^^^^^^^^^^^^^^^^^^^^^^^^^^^^^\n', '  File "/google/devshell/editor/code-oss-for-cloud-shell/extensions/ms-python.python/python_files/lib/jedilsp/jedi_language_server/text_edit_utils.py", line 107, in lsp_text_edits\n    old_code = document.source\n               ^^^^^^^^^^^^^^^\n', '  File "/google/devshell/editor/code-oss-for-cloud-shell/extensions/ms-python.python/python_files/lib/jedilsp/pygls/workspace.py", line 288, in source\n    with io.open(self.path, \'r\', encoding=\'utf-8\') as f:\n         ^^^^^^^^^^^^^^^^^^^^^^^^^^^^^^^^^^^^^^^^^\n']}
