2024-10-08 12:02:42.305 [info] Extension host with pid 1551 started
2024-10-08 12:02:42.306 [error] Error: EEXIST: file already exists, open '/home/youwantsomethings/.codeoss/data/User/workspaceStorage/-361905d7/vscode.lock'
2024-10-08 12:02:42.328 [info] Lock '/home/youwantsomethings/.codeoss/data/User/workspaceStorage/-361905d7/vscode.lock': Could not acquire lock, checking if the file is stale.
2024-10-08 12:02:42.329 [info] Lock '/home/youwantsomethings/.codeoss/data/User/workspaceStorage/-361905d7/vscode.lock': The pid 1224 appears to be gone.
2024-10-08 12:02:42.329 [info] Lock '/home/youwantsomethings/.codeoss/data/User/workspaceStorage/-361905d7/vscode.lock': Deleting a stale lock.
2024-10-08 12:02:42.339 [info] Lock '/home/youwantsomethings/.codeoss/data/User/workspaceStorage/-361905d7/vscode.lock': Lock acquired.
2024-10-08 12:02:42.634 [info] ExtensionService#_doActivateExtension vscode.emmet, startup: false, activationEvent: 'onLanguage'
2024-10-08 12:02:42.636 [info] ExtensionService#_doActivateExtension ms-python.python, startup: false, activationEvent: 'onLanguage:python'
2024-10-08 12:02:43.328 [info] ExtensionService#_doActivateExtension vscode.git-base, startup: true, activationEvent: '*', root cause: vscode.git
2024-10-08 12:02:43.493 [info] ExtensionService#_doActivateExtension vscode.git, startup: true, activationEvent: '*'
2024-10-08 12:02:43.494 [info] ExtensionService#_doActivateExtension vscode.github, startup: true, activationEvent: '*'
2024-10-08 12:02:43.824 [info] ExtensionService#_doActivateExtension redhat.fabric8-analytics, startup: true, activationEvent: 'workspaceContains:**/package.json,**/pom.xml,**/go.mod,**/requirements.txt'
2024-10-08 12:02:44.955 [info] Eager extensions activated
2024-10-08 12:02:44.956 [info] ExtensionService#_doActivateExtension EditorConfig.EditorConfig, startup: false, activationEvent: 'onStartupFinished'
2024-10-08 12:02:44.957 [info] ExtensionService#_doActivateExtension google.cloud-shell, startup: false, activationEvent: 'onStartupFinished'
2024-10-08 12:02:44.957 [info] ExtensionService#_doActivateExtension googlecloudtools.cloudcode, startup: false, activationEvent: 'onStartupFinished'
2024-10-08 12:02:44.958 [info] ExtensionService#_doActivateExtension vscode.debug-auto-launch, startup: false, activationEvent: 'onStartupFinished'
2024-10-08 12:02:44.959 [info] ExtensionService#_doActivateExtension vscode.merge-conflict, startup: false, activationEvent: 'onStartupFinished'
2024-10-08 12:02:49.350 [info] ExtensionService#_doActivateExtension vscode.json-language-features, startup: false, activationEvent: 'onLanguage:jsonc'
2024-10-08 12:02:49.350 [info] ExtensionService#_doActivateExtension vscode.typescript-language-features, startup: false, activationEvent: 'onLanguage:jsonc'
