2024-10-09 11:04:39.132 [info] Extension host with pid 1207 started
2024-10-09 11:04:39.132 [error] Error: EEXIST: file already exists, open '/home/youwantsomethings/.codeoss/data/User/workspaceStorage/-1a8ceb9f/vscode.lock'
2024-10-09 11:04:39.169 [info] Lock '/home/youwantsomethings/.codeoss/data/User/workspaceStorage/-1a8ceb9f/vscode.lock': Could not acquire lock, checking if the file is stale.
2024-10-09 11:04:39.171 [info] Lock '/home/youwantsomethings/.codeoss/data/User/workspaceStorage/-1a8ceb9f/vscode.lock': The pid 1555 appears to be gone.
2024-10-09 11:04:39.171 [info] Lock '/home/youwantsomethings/.codeoss/data/User/workspaceStorage/-1a8ceb9f/vscode.lock': Deleting a stale lock.
2024-10-09 11:04:39.179 [info] Lock '/home/youwantsomethings/.codeoss/data/User/workspaceStorage/-1a8ceb9f/vscode.lock': Lock acquired.
2024-10-09 11:04:39.308 [info] ExtensionService#_doActivateExtension ms-python.python, startup: false, activationEvent: 'onLanguage:python'
2024-10-09 11:04:39.310 [info] ExtensionService#_doActivateExtension vscode.emmet, startup: false, activationEvent: 'onLanguage'
2024-10-09 11:04:40.163 [info] ExtensionService#_doActivateExtension vscode.git-base, startup: true, activationEvent: '*', root cause: vscode.git
2024-10-09 11:04:40.258 [info] ExtensionService#_doActivateExtension vscode.git, startup: true, activationEvent: '*'
2024-10-09 11:04:40.258 [info] ExtensionService#_doActivateExtension vscode.github, startup: true, activationEvent: '*'
2024-10-09 11:04:41.065 [info] ExtensionService#_doActivateExtension redhat.fabric8-analytics, startup: true, activationEvent: 'workspaceContains:**/package.json,**/pom.xml,**/go.mod,**/requirements.txt'
2024-10-09 11:04:42.130 [info] Eager extensions activated
2024-10-09 11:04:42.131 [info] ExtensionService#_doActivateExtension EditorConfig.EditorConfig, startup: false, activationEvent: 'onStartupFinished'
2024-10-09 11:04:42.142 [info] ExtensionService#_doActivateExtension google.cloud-shell, startup: false, activationEvent: 'onStartupFinished'
2024-10-09 11:04:42.143 [info] ExtensionService#_doActivateExtension googlecloudtools.cloudcode, startup: false, activationEvent: 'onStartupFinished'
2024-10-09 11:04:42.154 [info] ExtensionService#_doActivateExtension vscode.debug-auto-launch, startup: false, activationEvent: 'onStartupFinished'
2024-10-09 11:04:42.169 [info] ExtensionService#_doActivateExtension vscode.merge-conflict, startup: false, activationEvent: 'onStartupFinished'
2024-10-09 11:04:46.883 [info] ExtensionService#_doActivateExtension vscode.json-language-features, startup: false, activationEvent: 'onLanguage:jsonc'
2024-10-09 11:04:46.883 [info] ExtensionService#_doActivateExtension vscode.typescript-language-features, startup: false, activationEvent: 'onLanguage:jsonc'
2024-10-09 11:13:58.345 [error] [ms-python.python] provider FAILED
2024-10-09 11:13:58.371 [error] Error: AttributeError: 'HoverDisable' object has no attribute 'namespace_'
    at ae (/google/devshell/editor/code-oss-for-cloud-shell/extensions/ms-python.python/out/client/extension.js:2:2306827)
    at oe (/google/devshell/editor/code-oss-for-cloud-shell/extensions/ms-python.python/out/client/extension.js:2:2304787)
    at Immediate.<anonymous> (/google/devshell/editor/code-oss-for-cloud-shell/extensions/ms-python.python/out/client/extension.js:2:2301081)
    at processImmediate (node:internal/timers:476:21)
