2024-10-10 04:19:55.516 [info] Log level: Info
2024-10-10 04:19:55.516 [info] Validating found git in: "git"
2024-10-10 04:19:55.516 [info] Using git "2.43.0" from "git"
2024-10-10 04:19:55.516 [info] > git rev-parse --show-toplevel [92ms]
2024-10-10 04:19:55.516 [info] fatal: not a git repository (or any parent up to mount point /)
Stopping at filesystem boundary (GIT_DISCOVERY_ACROSS_FILESYSTEM not set).
2024-10-10 04:19:55.516 [info] > git rev-parse --show-toplevel [5ms]
2024-10-10 04:19:55.516 [info] fatal: not a git repository (or any parent up to mount point /)
Stopping at filesystem boundary (GIT_DISCOVERY_ACROSS_FILESYSTEM not set).
2024-10-10 04:19:55.531 [info] > git rev-parse --show-toplevel [15ms]
2024-10-10 04:19:55.531 [info] fatal: not a git repository (or any parent up to mount point /)
Stopping at filesystem boundary (GIT_DISCOVERY_ACROSS_FILESYSTEM not set).
2024-10-10 04:19:55.554 [info] > git rev-parse --show-toplevel [3ms]
2024-10-10 04:19:55.554 [info] fatal: not a git repository (or any parent up to mount point /)
Stopping at filesystem boundary (GIT_DISCOVERY_ACROSS_FILESYSTEM not set).
2024-10-10 04:19:55.570 [info] > git rev-parse --show-toplevel [4ms]
2024-10-10 04:19:55.570 [info] fatal: not a git repository (or any parent up to mount point /)
Stopping at filesystem boundary (GIT_DISCOVERY_ACROSS_FILESYSTEM not set).
2024-10-10 04:19:55.585 [info] > git rev-parse --show-toplevel [4ms]
2024-10-10 04:19:55.585 [info] fatal: not a git repository (or any parent up to mount point /)
Stopping at filesystem boundary (GIT_DISCOVERY_ACROSS_FILESYSTEM not set).
2024-10-10 04:19:55.601 [info] > git rev-parse --show-toplevel [4ms]
2024-10-10 04:19:55.602 [info] fatal: not a git repository (or any parent up to mount point /)
Stopping at filesystem boundary (GIT_DISCOVERY_ACROSS_FILESYSTEM not set).
2024-10-10 04:20:00.012 [info] > git rev-parse --show-toplevel [3963ms]
2024-10-10 04:20:00.013 [info] fatal: not a git repository (or any parent up to mount point /)
Stopping at filesystem boundary (GIT_DISCOVERY_ACROSS_FILESYSTEM not set).
2024-10-10 04:20:00.046 [info] > git rev-parse --show-toplevel [5ms]
2024-10-10 04:20:00.046 [info] fatal: not a git repository (or any parent up to mount point /)
Stopping at filesystem boundary (GIT_DISCOVERY_ACROSS_FILESYSTEM not set).
2024-10-10 04:20:00.135 [info] > git rev-parse --show-toplevel [51ms]
2024-10-10 04:20:00.135 [info] fatal: not a git repository (or any parent up to mount point /)
Stopping at filesystem boundary (GIT_DISCOVERY_ACROSS_FILESYSTEM not set).
2024-10-10 04:20:00.441 [info] > git rev-parse --show-toplevel [280ms]
2024-10-10 04:20:00.441 [info] fatal: not a git repository (or any parent up to mount point /)
Stopping at filesystem boundary (GIT_DISCOVERY_ACROSS_FILESYSTEM not set).
2024-10-10 04:20:00.496 [info] > git rev-parse --show-toplevel [27ms]
2024-10-10 04:20:00.496 [info] fatal: not a git repository (or any parent up to mount point /)
Stopping at filesystem boundary (GIT_DISCOVERY_ACROSS_FILESYSTEM not set).
2024-10-10 04:20:00.528 [info] > git rev-parse --show-toplevel [6ms]
2024-10-10 04:20:00.528 [info] fatal: not a git repository (or any parent up to mount point /)
Stopping at filesystem boundary (GIT_DISCOVERY_ACROSS_FILESYSTEM not set).
2024-10-10 04:20:00.567 [info] > git rev-parse --show-toplevel [7ms]
2024-10-10 04:20:00.567 [info] fatal: not a git repository (or any parent up to mount point /)
Stopping at filesystem boundary (GIT_DISCOVERY_ACROSS_FILESYSTEM not set).
2024-10-10 04:20:01.009 [info] > git rev-parse --show-toplevel [4ms]
2024-10-10 04:20:01.009 [info] fatal: not a git repository (or any parent up to mount point /)
Stopping at filesystem boundary (GIT_DISCOVERY_ACROSS_FILESYSTEM not set).
2024-10-10 04:28:24.210 [info] > git rev-parse --show-toplevel [3ms]
2024-10-10 04:28:24.210 [info] fatal: not a git repository (or any parent up to mount point /)
Stopping at filesystem boundary (GIT_DISCOVERY_ACROSS_FILESYSTEM not set).
2024-10-10 04:28:30.984 [info] > git rev-parse --show-toplevel [3ms]
2024-10-10 04:28:30.984 [info] fatal: not a git repository (or any parent up to mount point /)
Stopping at filesystem boundary (GIT_DISCOVERY_ACROSS_FILESYSTEM not set).
2024-10-10 04:37:02.456 [info] > git init -b main [25ms]
2024-10-10 04:37:02.479 [info] > git rev-parse --show-toplevel [2ms]
2024-10-10 04:37:02.505 [info] > git rev-parse --git-dir --git-common-dir [2ms]
2024-10-10 04:37:02.530 [info] Open repository: /home/youwantsomethings
2024-10-10 04:37:02.592 [info] > git config --get commit.template [1ms]
2024-10-10 04:37:02.620 [info] No remotes found in the git config file.
2024-10-10 04:37:02.622 [info] > git for-each-ref --format=%(refname)%00%(upstream:short)%00%(objectname)%00%(upstream:track)%00%(upstream:remotename)%00%(upstream:remoteref) refs/heads/main refs/remotes/main [5ms]
2024-10-10 04:37:02.623 [warning] No such branch: main.
2024-10-10 04:37:02.840 [info] > git status -z -uall [192ms] (cancelled)
2024-10-10 04:37:03.205 [info] > git show --textconv :final_real.py [27ms]
2024-10-10 04:37:03.207 [info] > git ls-files --stage -- /home/youwantsomethings/final_real.py [3ms]
2024-10-10 04:37:03.361 [info] > git check-ignore -v -z --stdin [1ms]
2024-10-10 04:37:04.035 [info] > git ls-files --stage -- /home/youwantsomethings/final_real.py [2ms]
2024-10-10 04:37:04.111 [info] > git show --textconv :final_real.py [2ms]
2024-10-10 04:37:09.990 [info] > git config --get commit.template [90ms]
2024-10-10 04:37:10.057 [info] No remotes found in the git config file.
2024-10-10 04:37:10.059 [info] > git for-each-ref --format=%(refname)%00%(upstream:short)%00%(objectname)%00%(upstream:track)%00%(upstream:remotename)%00%(upstream:remoteref) refs/heads/main refs/remotes/main [3ms]
2024-10-10 04:37:10.060 [warning] No such branch: main.
2024-10-10 04:37:11.809 [info] > git status -z -uall [1714ms] (cancelled)
2024-10-10 04:37:21.060 [info] > git check-ignore -v -z --stdin [2ms]
