2024-10-10 14:09:14.080 [info] Log level: Info
2024-10-10 14:09:14.080 [info] Validating found git in: "git"
2024-10-10 14:09:14.080 [info] Using git "2.43.0" from "git"
2024-10-10 14:09:14.126 [info] > git rev-parse --show-toplevel [42ms]
2024-10-10 14:09:14.140 [info] > git rev-parse --git-dir --git-common-dir [2ms]
2024-10-10 14:09:14.165 [info] Open repository: /home/youwantsomethings
2024-10-10 14:09:14.205 [info] > git config --get commit.template [23ms]
2024-10-10 14:09:14.207 [info] > git rev-parse --show-toplevel [16ms]
2024-10-10 14:09:14.232 [info] > git rev-parse --show-toplevel [4ms]
2024-10-10 14:09:14.244 [info] > git rev-parse --show-toplevel [3ms]
2024-10-10 14:09:14.268 [info] > git rev-parse --show-toplevel [4ms]
2024-10-10 14:09:14.282 [info] > git rev-parse --show-toplevel [1ms]
2024-10-10 14:09:14.296 [info] > git rev-parse --show-toplevel [2ms]
2024-10-10 14:09:14.311 [info] > git rev-parse --show-toplevel [2ms]
2024-10-10 14:09:14.323 [info] > git rev-parse --show-toplevel [2ms]
2024-10-10 14:09:14.335 [info] > git rev-parse --show-toplevel [3ms]
2024-10-10 14:09:14.347 [info] > git rev-parse --show-toplevel [2ms]
2024-10-10 14:09:14.358 [info] > git rev-parse --show-toplevel [2ms]
2024-10-10 14:09:14.370 [info] > git rev-parse --show-toplevel [2ms]
2024-10-10 14:09:14.383 [info] > git rev-parse --show-toplevel [3ms]
2024-10-10 14:09:14.436 [info] > git for-each-ref --format=%(refname)%00%(upstream:short)%00%(objectname)%00%(upstream:track)%00%(upstream:remotename)%00%(upstream:remoteref) refs/heads/df_gcp_last refs/remotes/df_gcp_last [219ms]
2024-10-10 14:09:14.782 [info] > git check-ignore -v -z --stdin [58ms]
2024-10-10 14:09:15.788 [info] > git status -z -uall [1336ms]
2024-10-10 14:09:15.839 [info] > git merge-base refs/heads/df_gcp_last refs/remotes/origin/df_gcp_last [34ms]
2024-10-10 14:09:15.855 [info] > git config --get commit.template [16ms]
2024-10-10 14:09:15.870 [info] > git for-each-ref --format=%(refname)%00%(upstream:short)%00%(objectname)%00%(upstream:track)%00%(upstream:remotename)%00%(upstream:remoteref) refs/heads/df_gcp_last refs/remotes/df_gcp_last [4ms]
2024-10-10 14:09:16.069 [info] > git rev-list --count --left-right refs/heads/df_gcp_last...refs/remotes/origin/df_gcp_last [217ms]
2024-10-10 14:09:16.092 [info] > git status -z -uall [209ms]
2024-10-10 14:09:16.104 [info] > git diff --name-status -z --diff-filter=ADMR d24c42116c27a743067d8c7911c3fc08e9075a5e...refs/remotes/origin/df_gcp_last [22ms]
2024-10-10 14:09:17.212 [info] > git show --textconv :test.py [404ms]
2024-10-10 14:09:17.234 [info] > git ls-files --stage -- /home/youwantsomethings/test.py [412ms]
2024-10-10 14:09:17.268 [info] > git cat-file -s dfbc40964525042e06b686aba3fd65bca6117fe5 [23ms]
2024-10-10 14:10:04.213 [info] > git config --get commit.template [32ms]
2024-10-10 14:10:04.215 [info] > git for-each-ref --format=%(refname)%00%(upstream:short)%00%(objectname)%00%(upstream:track)%00%(upstream:remotename)%00%(upstream:remoteref) refs/heads/df_gcp_last refs/remotes/df_gcp_last [5ms]
2024-10-10 14:10:04.415 [info] > git status -z -uall [169ms]
2024-10-10 14:10:06.530 [info] > git fetch [2385ms]
2024-10-10 14:10:06.530 [info] From https://github.com/Vinipallakki/df_from_gcp
   125e6b26..5c92dfeb  main       -> origin/main
2024-10-10 14:10:06.575 [info] > git config --get commit.template [23ms]
2024-10-10 14:10:06.576 [info] > git for-each-ref --format=%(refname)%00%(upstream:short)%00%(objectname)%00%(upstream:track)%00%(upstream:remotename)%00%(upstream:remoteref) refs/heads/df_gcp_last refs/remotes/df_gcp_last [3ms]
2024-10-10 14:10:06.752 [info] > git status -z -uall [156ms]
2024-10-10 14:10:13.665 [info] > git config --get commit.template [3ms]
2024-10-10 14:10:13.687 [info] > git for-each-ref --format=%(refname)%00%(upstream:short)%00%(objectname)%00%(upstream:track)%00%(upstream:remotename)%00%(upstream:remoteref) refs/heads/df_gcp_last refs/remotes/df_gcp_last [2ms]
2024-10-10 14:10:13.850 [info] > git status -z -uall [142ms]
2024-10-10 14:10:14.206 [info] > git ls-files --stage -- /home/youwantsomethings/test.py [95ms]
2024-10-10 14:10:14.233 [info] > git cat-file -s dfbc40964525042e06b686aba3fd65bca6117fe5 [6ms]
2024-10-10 14:10:15.324 [info] > git ls-files --stage -- /home/youwantsomethings/banded-edge-437103-i9-2b57fbf82072.json [27ms]
2024-10-10 14:10:15.348 [info] > git show --textconv :banded-edge-437103-i9-2b57fbf82072.json [70ms]
2024-10-10 14:10:15.348 [info] > git show --textconv :test.py [31ms]
2024-10-10 14:10:15.350 [info] > git cat-file -s b75b27fa3ddad9cd7fa3d51343e031309167c823 [5ms]
2024-10-10 14:10:18.907 [info] > git config --get commit.template [26ms]
2024-10-10 14:10:18.908 [info] > git for-each-ref --format=%(refname)%00%(upstream:short)%00%(objectname)%00%(upstream:track)%00%(upstream:remotename)%00%(upstream:remoteref) refs/heads/df_gcp_last refs/remotes/df_gcp_last [2ms]
2024-10-10 14:10:19.082 [info] > git status -z -uall [150ms]
2024-10-10 14:10:24.144 [info] > git config --get commit.template [26ms]
2024-10-10 14:10:24.146 [info] > git for-each-ref --format=%(refname)%00%(upstream:short)%00%(objectname)%00%(upstream:track)%00%(upstream:remotename)%00%(upstream:remoteref) refs/heads/df_gcp_last refs/remotes/df_gcp_last [2ms]
2024-10-10 14:10:24.333 [info] > git status -z -uall [161ms]
2024-10-10 14:10:25.857 [info] > git show --textconv :test.py [24ms]
2024-10-10 14:10:25.869 [info] > git ls-files --stage -- /home/youwantsomethings/test.py [15ms]
2024-10-10 14:10:25.892 [info] > git cat-file -s dfbc40964525042e06b686aba3fd65bca6117fe5 [3ms]
2024-10-10 14:10:26.796 [info] > git show --textconv :iot_real_time.py [23ms]
2024-10-10 14:10:26.806 [info] > git ls-files --stage -- /home/youwantsomethings/iot_real_time.py [12ms]
2024-10-10 14:10:26.828 [info] > git cat-file -s 7ae55b4a76fac93e1b2f57f33db9c5cb0ff440a1 [2ms]
2024-10-10 14:10:28.528 [info] > git show --textconv :test.py [25ms]
2024-10-10 14:10:28.538 [info] > git ls-files --stage -- /home/youwantsomethings/test.py [14ms]
2024-10-10 14:10:28.560 [info] > git cat-file -s dfbc40964525042e06b686aba3fd65bca6117fe5 [2ms]
2024-10-10 14:10:29.363 [info] > git config --get commit.template [2ms]
2024-10-10 14:10:29.386 [info] > git for-each-ref --format=%(refname)%00%(upstream:short)%00%(objectname)%00%(upstream:track)%00%(upstream:remotename)%00%(upstream:remoteref) refs/heads/df_gcp_last refs/remotes/df_gcp_last [3ms]
2024-10-10 14:10:29.524 [info] > git show --textconv :pubs.py [29ms]
2024-10-10 14:10:29.536 [info] > git ls-files --stage -- /home/youwantsomethings/pubs.py [14ms]
2024-10-10 14:10:29.566 [info] > git cat-file -s 19278fc127852be2b0e9d9932530d18f15db16b8 [4ms]
2024-10-10 14:10:29.570 [info] > git status -z -uall [161ms]
2024-10-10 14:10:30.859 [info] > git show --textconv :test.py [22ms]
2024-10-10 14:10:30.871 [info] > git ls-files --stage -- /home/youwantsomethings/test.py [14ms]
2024-10-10 14:10:30.895 [info] > git cat-file -s dfbc40964525042e06b686aba3fd65bca6117fe5 [2ms]
2024-10-10 14:10:34.623 [info] > git config --get commit.template [21ms]
2024-10-10 14:10:34.624 [info] > git for-each-ref --format=%(refname)%00%(upstream:short)%00%(objectname)%00%(upstream:track)%00%(upstream:remotename)%00%(upstream:remoteref) refs/heads/df_gcp_last refs/remotes/df_gcp_last [2ms]
2024-10-10 14:10:34.810 [info] > git status -z -uall [166ms]
2024-10-10 14:10:36.704 [info] > git ls-files --stage -- /home/youwantsomethings/final_real.py [12ms]
2024-10-10 14:10:36.727 [info] > git show --textconv :final_real.py [57ms]
2024-10-10 14:10:36.729 [info] > git cat-file -s e69de29bb2d1d6434b8b29ae775ad8c2e48c5391 [5ms]
2024-10-10 14:10:39.858 [info] > git config --get commit.template [22ms]
2024-10-10 14:10:39.859 [info] > git for-each-ref --format=%(refname)%00%(upstream:short)%00%(objectname)%00%(upstream:track)%00%(upstream:remotename)%00%(upstream:remoteref) refs/heads/df_gcp_last refs/remotes/df_gcp_last [2ms]
2024-10-10 14:10:40.018 [info] > git status -z -uall [139ms]
2024-10-10 14:10:45.070 [info] > git config --get commit.template [22ms]
2024-10-10 14:10:45.070 [info] > git for-each-ref --format=%(refname)%00%(upstream:short)%00%(objectname)%00%(upstream:track)%00%(upstream:remotename)%00%(upstream:remoteref) refs/heads/df_gcp_last refs/remotes/df_gcp_last [2ms]
2024-10-10 14:10:45.229 [info] > git status -z -uall [134ms]
2024-10-10 14:10:50.289 [info] > git config --get commit.template [26ms]
2024-10-10 14:10:50.289 [info] > git for-each-ref --format=%(refname)%00%(upstream:short)%00%(objectname)%00%(upstream:track)%00%(upstream:remotename)%00%(upstream:remoteref) refs/heads/df_gcp_last refs/remotes/df_gcp_last [2ms]
2024-10-10 14:10:50.463 [info] > git status -z -uall [147ms]
2024-10-10 14:10:56.037 [info] > git config --get commit.template [22ms]
2024-10-10 14:10:56.038 [info] > git for-each-ref --format=%(refname)%00%(upstream:short)%00%(objectname)%00%(upstream:track)%00%(upstream:remotename)%00%(upstream:remoteref) refs/heads/df_gcp_last refs/remotes/df_gcp_last [3ms]
2024-10-10 14:10:56.205 [info] > git status -z -uall [144ms]
2024-10-10 14:10:58.691 [info] > git check-ignore -v -z --stdin [13ms]
2024-10-10 14:11:01.261 [info] > git config --get commit.template [23ms]
2024-10-10 14:11:01.262 [info] > git for-each-ref --format=%(refname)%00%(upstream:short)%00%(objectname)%00%(upstream:track)%00%(upstream:remotename)%00%(upstream:remoteref) refs/heads/df_gcp_last refs/remotes/df_gcp_last [3ms]
2024-10-10 14:11:01.423 [info] > git status -z -uall [138ms]
2024-10-10 14:11:06.471 [info] > git config --get commit.template [22ms]
2024-10-10 14:11:06.472 [info] > git for-each-ref --format=%(refname)%00%(upstream:short)%00%(objectname)%00%(upstream:track)%00%(upstream:remotename)%00%(upstream:remoteref) refs/heads/df_gcp_last refs/remotes/df_gcp_last [2ms]
2024-10-10 14:11:06.631 [info] > git status -z -uall [138ms]
2024-10-10 14:11:11.685 [info] > git config --get commit.template [24ms]
2024-10-10 14:11:11.686 [info] > git for-each-ref --format=%(refname)%00%(upstream:short)%00%(objectname)%00%(upstream:track)%00%(upstream:remotename)%00%(upstream:remoteref) refs/heads/df_gcp_last refs/remotes/df_gcp_last [3ms]
2024-10-10 14:11:11.845 [info] > git status -z -uall [138ms]
2024-10-10 14:11:16.898 [info] > git config --get commit.template [21ms]
2024-10-10 14:11:16.899 [info] > git for-each-ref --format=%(refname)%00%(upstream:short)%00%(objectname)%00%(upstream:track)%00%(upstream:remotename)%00%(upstream:remoteref) refs/heads/df_gcp_last refs/remotes/df_gcp_last [2ms]
2024-10-10 14:11:17.060 [info] > git status -z -uall [139ms]
2024-10-10 14:11:18.037 [info] > git show --textconv :.git/stream.py [27ms]
2024-10-10 14:11:18.045 [info] > git ls-files --stage -- /home/youwantsomethings/.git/stream.py [14ms]
2024-10-10 14:11:18.335 [info] > git check-ignore -v -z --stdin [11ms]
2024-10-10 14:11:18.988 [info] > git ls-files --stage -- /home/youwantsomethings/.git/stream.py [10ms]
2024-10-10 14:11:19.067 [info] > git show --textconv :.git/stream.py [10ms]
2024-10-10 14:11:22.119 [info] > git config --get commit.template [26ms]
2024-10-10 14:11:22.121 [info] > git for-each-ref --format=%(refname)%00%(upstream:short)%00%(objectname)%00%(upstream:track)%00%(upstream:remotename)%00%(upstream:remoteref) refs/heads/df_gcp_last refs/remotes/df_gcp_last [3ms]
2024-10-10 14:11:22.298 [info] > git status -z -uall [150ms]
2024-10-10 14:11:27.355 [info] > git config --get commit.template [26ms]
2024-10-10 14:11:27.356 [info] > git for-each-ref --format=%(refname)%00%(upstream:short)%00%(objectname)%00%(upstream:track)%00%(upstream:remotename)%00%(upstream:remoteref) refs/heads/df_gcp_last refs/remotes/df_gcp_last [2ms]
2024-10-10 14:11:27.533 [info] > git status -z -uall [153ms]
2024-10-10 14:11:31.610 [info] > git ls-files --stage -- /home/youwantsomethings/.git/stream.py [10ms]
2024-10-10 14:11:31.713 [info] > git show --textconv :.git/stream.py [10ms]
2024-10-10 14:11:35.181 [info] > git config --get commit.template [22ms]
2024-10-10 14:11:35.182 [info] > git for-each-ref --format=%(refname)%00%(upstream:short)%00%(objectname)%00%(upstream:track)%00%(upstream:remotename)%00%(upstream:remoteref) refs/heads/df_gcp_last refs/remotes/df_gcp_last [2ms]
2024-10-10 14:11:35.344 [info] > git status -z -uall [142ms]
2024-10-10 14:11:40.403 [info] > git config --get commit.template [26ms]
2024-10-10 14:11:40.404 [info] > git for-each-ref --format=%(refname)%00%(upstream:short)%00%(objectname)%00%(upstream:track)%00%(upstream:remotename)%00%(upstream:remoteref) refs/heads/df_gcp_last refs/remotes/df_gcp_last [3ms]
2024-10-10 14:11:40.587 [info] > git status -z -uall [157ms]
2024-10-10 14:11:45.640 [info] > git config --get commit.template [23ms]
2024-10-10 14:11:45.642 [info] > git for-each-ref --format=%(refname)%00%(upstream:short)%00%(objectname)%00%(upstream:track)%00%(upstream:remotename)%00%(upstream:remoteref) refs/heads/df_gcp_last refs/remotes/df_gcp_last [3ms]
2024-10-10 14:11:45.808 [info] > git status -z -uall [142ms]
2024-10-10 14:12:29.683 [info] > git config --get commit.template [21ms]
2024-10-10 14:12:29.684 [info] > git for-each-ref --format=%(refname)%00%(upstream:short)%00%(objectname)%00%(upstream:track)%00%(upstream:remotename)%00%(upstream:remoteref) refs/heads/df_gcp_last refs/remotes/df_gcp_last [2ms]
2024-10-10 14:12:29.844 [info] > git status -z -uall [138ms]
2024-10-10 14:12:34.902 [info] > git config --get commit.template [26ms]
2024-10-10 14:12:34.903 [info] > git for-each-ref --format=%(refname)%00%(upstream:short)%00%(objectname)%00%(upstream:track)%00%(upstream:remotename)%00%(upstream:remoteref) refs/heads/df_gcp_last refs/remotes/df_gcp_last [3ms]
2024-10-10 14:12:35.076 [info] > git status -z -uall [148ms]
2024-10-10 14:12:42.797 [info] > git config --get commit.template [21ms]
2024-10-10 14:12:42.798 [info] > git for-each-ref --format=%(refname)%00%(upstream:short)%00%(objectname)%00%(upstream:track)%00%(upstream:remotename)%00%(upstream:remoteref) refs/heads/df_gcp_last refs/remotes/df_gcp_last [2ms]
2024-10-10 14:12:42.957 [info] > git status -z -uall [139ms]
2024-10-10 14:12:47.987 [info] > git config --get commit.template [3ms]
2024-10-10 14:12:48.009 [info] > git for-each-ref --format=%(refname)%00%(upstream:short)%00%(objectname)%00%(upstream:track)%00%(upstream:remotename)%00%(upstream:remoteref) refs/heads/df_gcp_last refs/remotes/df_gcp_last [2ms]
2024-10-10 14:12:48.168 [info] > git status -z -uall [138ms]
2024-10-10 14:12:51.818 [info] > git show --textconv :.git/req.sh [22ms]
2024-10-10 14:12:51.825 [info] > git ls-files --stage -- /home/youwantsomethings/.git/req.sh [9ms]
2024-10-10 14:12:52.093 [info] > git check-ignore -v -z --stdin [10ms]
2024-10-10 14:12:52.750 [info] > git ls-files --stage -- /home/youwantsomethings/.git/req.sh [9ms]
2024-10-10 14:12:52.826 [info] > git show --textconv :.git/req.sh [10ms]
2024-10-10 14:12:53.217 [info] > git config --get commit.template [21ms]
2024-10-10 14:12:53.218 [info] > git for-each-ref --format=%(refname)%00%(upstream:short)%00%(objectname)%00%(upstream:track)%00%(upstream:remotename)%00%(upstream:remoteref) refs/heads/df_gcp_last refs/remotes/df_gcp_last [2ms]
2024-10-10 14:12:53.372 [info] > git status -z -uall [134ms]
2024-10-10 14:12:55.231 [info] > git show --textconv :.git/stream.py [22ms]
2024-10-10 14:12:55.239 [info] > git ls-files --stage -- /home/youwantsomethings/.git/stream.py [11ms]
2024-10-10 14:12:58.432 [info] > git config --get commit.template [26ms]
2024-10-10 14:12:58.434 [info] > git for-each-ref --format=%(refname)%00%(upstream:short)%00%(objectname)%00%(upstream:track)%00%(upstream:remotename)%00%(upstream:remoteref) refs/heads/df_gcp_last refs/remotes/df_gcp_last [2ms]
2024-10-10 14:12:58.612 [info] > git status -z -uall [153ms]
2024-10-10 14:13:09.305 [info] > git config --get commit.template [27ms]
2024-10-10 14:13:09.306 [info] > git for-each-ref --format=%(refname)%00%(upstream:short)%00%(objectname)%00%(upstream:track)%00%(upstream:remotename)%00%(upstream:remoteref) refs/heads/df_gcp_last refs/remotes/df_gcp_last [3ms]
2024-10-10 14:13:09.478 [info] > git status -z -uall [146ms]
2024-10-10 14:13:09.901 [info] > git fetch [651ms]
2024-10-10 14:13:09.944 [info] > git config --get commit.template [21ms]
2024-10-10 14:13:09.945 [info] > git for-each-ref --format=%(refname)%00%(upstream:short)%00%(objectname)%00%(upstream:track)%00%(upstream:remotename)%00%(upstream:remoteref) refs/heads/df_gcp_last refs/remotes/df_gcp_last [2ms]
2024-10-10 14:13:10.102 [info] > git status -z -uall [136ms]
2024-10-10 14:13:11.346 [info] > git ls-files --stage -- /home/youwantsomethings/.git/stream.py [9ms]
2024-10-10 14:13:11.472 [info] > git show --textconv :.git/stream.py [10ms]
2024-10-10 14:13:14.529 [info] > git config --get commit.template [22ms]
2024-10-10 14:13:14.531 [info] > git for-each-ref --format=%(refname)%00%(upstream:short)%00%(objectname)%00%(upstream:track)%00%(upstream:remotename)%00%(upstream:remoteref) refs/heads/df_gcp_last refs/remotes/df_gcp_last [3ms]
2024-10-10 14:13:14.702 [info] > git status -z -uall [150ms]
2024-10-10 14:13:19.764 [info] > git config --get commit.template [25ms]
2024-10-10 14:13:19.765 [info] > git for-each-ref --format=%(refname)%00%(upstream:short)%00%(objectname)%00%(upstream:track)%00%(upstream:remotename)%00%(upstream:remoteref) refs/heads/df_gcp_last refs/remotes/df_gcp_last [3ms]
2024-10-10 14:13:19.948 [info] > git status -z -uall [156ms]
2024-10-10 14:13:21.578 [info] > git show --textconv :.git/stream.py [34ms]
2024-10-10 14:13:21.590 [info] > git ls-files --stage -- /home/youwantsomethings/.git/stream.py [15ms]
2024-10-10 14:13:24.998 [info] > git config --get commit.template [23ms]
2024-10-10 14:13:24.999 [info] > git for-each-ref --format=%(refname)%00%(upstream:short)%00%(objectname)%00%(upstream:track)%00%(upstream:remotename)%00%(upstream:remoteref) refs/heads/df_gcp_last refs/remotes/df_gcp_last [4ms]
2024-10-10 14:13:25.157 [info] > git status -z -uall [137ms]
2024-10-10 14:13:30.209 [info] > git config --get commit.template [23ms]
2024-10-10 14:13:30.210 [info] > git for-each-ref --format=%(refname)%00%(upstream:short)%00%(objectname)%00%(upstream:track)%00%(upstream:remotename)%00%(upstream:remoteref) refs/heads/df_gcp_last refs/remotes/df_gcp_last [2ms]
2024-10-10 14:13:30.377 [info] > git status -z -uall [143ms]
2024-10-10 14:13:42.817 [info] > git config --get commit.template [2ms]
2024-10-10 14:13:42.838 [info] > git for-each-ref --format=%(refname)%00%(upstream:short)%00%(objectname)%00%(upstream:track)%00%(upstream:remotename)%00%(upstream:remoteref) refs/heads/df_gcp_last refs/remotes/df_gcp_last [2ms]
2024-10-10 14:13:42.995 [info] > git status -z -uall [136ms]
2024-10-10 14:13:48.058 [info] > git config --get commit.template [27ms]
2024-10-10 14:13:48.059 [info] > git for-each-ref --format=%(refname)%00%(upstream:short)%00%(objectname)%00%(upstream:track)%00%(upstream:remotename)%00%(upstream:remoteref) refs/heads/df_gcp_last refs/remotes/df_gcp_last [2ms]
2024-10-10 14:13:48.234 [info] > git status -z -uall [149ms]
2024-10-10 14:14:23.096 [info] > git check-ignore -v -z --stdin [11ms]
2024-10-10 14:15:15.130 [info] > git check-ignore -v -z --stdin [10ms]
2024-10-10 14:16:11.198 [info] > git check-ignore -v -z --stdin [10ms]
2024-10-10 14:17:28.020 [info] > git check-ignore -v -z --stdin [11ms]
2024-10-10 14:18:22.586 [info] > git config --get commit.template [30ms]
2024-10-10 14:18:22.588 [info] > git for-each-ref --format=%(refname)%00%(upstream:short)%00%(objectname)%00%(upstream:track)%00%(upstream:remotename)%00%(upstream:remoteref) refs/heads/df_gcp_last refs/remotes/df_gcp_last [4ms]
2024-10-10 14:18:22.804 [info] > git status -z -uall [190ms]
2024-10-10 14:18:23.259 [info] > git fetch [733ms]
2024-10-10 14:18:23.326 [info] > git config --get commit.template [39ms]
2024-10-10 14:18:23.327 [info] > git for-each-ref --format=%(refname)%00%(upstream:short)%00%(objectname)%00%(upstream:track)%00%(upstream:remotename)%00%(upstream:remoteref) refs/heads/df_gcp_last refs/remotes/df_gcp_last [10ms]
2024-10-10 14:18:23.517 [info] > git status -z -uall [167ms]
2024-10-10 14:18:25.605 [info] > git ls-files --stage -- /home/youwantsomethings/.git/stream.py [10ms]
2024-10-10 14:18:25.716 [info] > git show --textconv :.git/stream.py [9ms]
2024-10-10 14:18:27.900 [info] > git config --get commit.template [23ms]
2024-10-10 14:18:27.902 [info] > git for-each-ref --format=%(refname)%00%(upstream:short)%00%(objectname)%00%(upstream:track)%00%(upstream:remotename)%00%(upstream:remoteref) refs/heads/df_gcp_last refs/remotes/df_gcp_last [2ms]
2024-10-10 14:18:28.034 [info] > git show --textconv :pub.sh [30ms]
2024-10-10 14:18:28.044 [info] > git ls-files --stage -- /home/youwantsomethings/pub.sh [12ms]
2024-10-10 14:18:28.102 [info] > git status -z -uall [179ms]
2024-10-10 14:18:33.943 [info] > git config --get commit.template [23ms]
2024-10-10 14:18:33.944 [info] > git for-each-ref --format=%(refname)%00%(upstream:short)%00%(objectname)%00%(upstream:track)%00%(upstream:remotename)%00%(upstream:remoteref) refs/heads/df_gcp_last refs/remotes/df_gcp_last [2ms]
2024-10-10 14:18:34.133 [info] > git status -z -uall [166ms]
2024-10-10 14:19:11.260 [info] > git config --get commit.template [31ms]
2024-10-10 14:19:11.261 [info] > git for-each-ref --format=%(refname)%00%(upstream:short)%00%(objectname)%00%(upstream:track)%00%(upstream:remotename)%00%(upstream:remoteref) refs/heads/df_gcp_last refs/remotes/df_gcp_last [3ms]
2024-10-10 14:19:11.476 [info] > git status -z -uall [187ms]
2024-10-10 14:19:14.654 [info] > git show --textconv :req.sh [27ms]
2024-10-10 14:19:14.663 [info] > git ls-files --stage -- /home/youwantsomethings/req.sh [11ms]
2024-10-10 14:19:16.575 [info] > git config --get commit.template [28ms]
2024-10-10 14:19:16.576 [info] > git for-each-ref --format=%(refname)%00%(upstream:short)%00%(objectname)%00%(upstream:track)%00%(upstream:remotename)%00%(upstream:remoteref) refs/heads/df_gcp_last refs/remotes/df_gcp_last [3ms]
2024-10-10 14:19:16.790 [info] > git status -z -uall [188ms]
2024-10-10 14:19:21.856 [info] > git config --get commit.template [3ms]
2024-10-10 14:19:21.885 [info] > git for-each-ref --format=%(refname)%00%(upstream:short)%00%(objectname)%00%(upstream:track)%00%(upstream:remotename)%00%(upstream:remoteref) refs/heads/df_gcp_last refs/remotes/df_gcp_last [3ms]
2024-10-10 14:19:22.103 [info] > git status -z -uall [191ms]
2024-10-10 14:19:25.851 [info] > git show --textconv :.git/stream.py [23ms]
2024-10-10 14:19:25.858 [info] > git ls-files --stage -- /home/youwantsomethings/.git/stream.py [9ms]
2024-10-10 14:19:27.175 [info] > git config --get commit.template [23ms]
2024-10-10 14:19:27.176 [info] > git for-each-ref --format=%(refname)%00%(upstream:short)%00%(objectname)%00%(upstream:track)%00%(upstream:remotename)%00%(upstream:remoteref) refs/heads/df_gcp_last refs/remotes/df_gcp_last [3ms]
2024-10-10 14:19:27.371 [info] > git status -z -uall [174ms]
2024-10-10 14:19:32.444 [info] > git config --get commit.template [27ms]
2024-10-10 14:19:32.445 [info] > git for-each-ref --format=%(refname)%00%(upstream:short)%00%(objectname)%00%(upstream:track)%00%(upstream:remotename)%00%(upstream:remoteref) refs/heads/df_gcp_last refs/remotes/df_gcp_last [4ms]
2024-10-10 14:19:32.637 [info] > git status -z -uall [169ms]
2024-10-10 14:19:32.723 [info] > git show --textconv :.git/stream.py [23ms]
2024-10-10 14:19:32.730 [info] > git ls-files --stage -- /home/youwantsomethings/.git/stream.py [9ms]
2024-10-10 14:19:37.711 [info] > git config --get commit.template [23ms]
2024-10-10 14:19:37.712 [info] > git for-each-ref --format=%(refname)%00%(upstream:short)%00%(objectname)%00%(upstream:track)%00%(upstream:remotename)%00%(upstream:remoteref) refs/heads/df_gcp_last refs/remotes/df_gcp_last [2ms]
2024-10-10 14:19:37.901 [info] > git status -z -uall [167ms]
2024-10-10 14:19:42.984 [info] > git config --get commit.template [28ms]
2024-10-10 14:19:42.985 [info] > git for-each-ref --format=%(refname)%00%(upstream:short)%00%(objectname)%00%(upstream:track)%00%(upstream:remotename)%00%(upstream:remoteref) refs/heads/df_gcp_last refs/remotes/df_gcp_last [3ms]
2024-10-10 14:19:43.200 [info] > git status -z -uall [186ms]
2024-10-10 14:19:48.290 [info] > git config --get commit.template [29ms]
2024-10-10 14:19:48.291 [info] > git for-each-ref --format=%(refname)%00%(upstream:short)%00%(objectname)%00%(upstream:track)%00%(upstream:remotename)%00%(upstream:remoteref) refs/heads/df_gcp_last refs/remotes/df_gcp_last [3ms]
2024-10-10 14:19:48.502 [info] > git status -z -uall [183ms]
2024-10-10 14:19:53.578 [info] > git config --get commit.template [23ms]
2024-10-10 14:19:53.579 [info] > git for-each-ref --format=%(refname)%00%(upstream:short)%00%(objectname)%00%(upstream:track)%00%(upstream:remotename)%00%(upstream:remoteref) refs/heads/df_gcp_last refs/remotes/df_gcp_last [3ms]
2024-10-10 14:19:53.776 [info] > git status -z -uall [174ms]
2024-10-10 14:19:59.896 [info] > git config --get commit.template [24ms]
2024-10-10 14:19:59.898 [info] > git for-each-ref --format=%(refname)%00%(upstream:short)%00%(objectname)%00%(upstream:track)%00%(upstream:remotename)%00%(upstream:remoteref) refs/heads/df_gcp_last refs/remotes/df_gcp_last [2ms]
2024-10-10 14:20:00.099 [info] > git status -z -uall [177ms]
2024-10-10 14:21:12.216 [info] > git check-ignore -v -z --stdin [11ms]
2024-10-10 14:53:13.707 [info] > git config --get commit.template [2ms]
2024-10-10 14:53:13.731 [info] > git for-each-ref --format=%(refname)%00%(upstream:short)%00%(objectname)%00%(upstream:track)%00%(upstream:remotename)%00%(upstream:remoteref) refs/heads/df_gcp_last refs/remotes/df_gcp_last [2ms]
2024-10-10 14:53:13.993 [info] > git status -z -uall [236ms]
2024-10-10 14:53:14.550 [info] > git fetch [870ms]
2024-10-10 14:53:14.588 [info] > git config --get commit.template [5ms]
2024-10-10 14:53:14.634 [info] > git for-each-ref --format=%(refname)%00%(upstream:short)%00%(objectname)%00%(upstream:track)%00%(upstream:remotename)%00%(upstream:remoteref) refs/heads/df_gcp_last refs/remotes/df_gcp_last [13ms]
2024-10-10 14:53:14.938 [info] > git status -z -uall [273ms]
2024-10-10 14:53:18.091 [info] > git ls-files --stage -- /home/youwantsomethings/.git/stream.py [11ms]
2024-10-10 14:53:18.177 [info] > git show --textconv :.git/stream.py [12ms]
2024-10-10 14:53:19.119 [info] > git config --get commit.template [24ms]
2024-10-10 14:53:19.120 [info] > git for-each-ref --format=%(refname)%00%(upstream:short)%00%(objectname)%00%(upstream:track)%00%(upstream:remotename)%00%(upstream:remoteref) refs/heads/df_gcp_last refs/remotes/df_gcp_last [3ms]
2024-10-10 14:53:19.355 [info] > git status -z -uall [208ms]
2024-10-10 14:53:24.466 [info] > git config --get commit.template [25ms]
2024-10-10 14:53:24.467 [info] > git for-each-ref --format=%(refname)%00%(upstream:short)%00%(objectname)%00%(upstream:track)%00%(upstream:remotename)%00%(upstream:remoteref) refs/heads/df_gcp_last refs/remotes/df_gcp_last [2ms]
2024-10-10 14:53:24.712 [info] > git status -z -uall [221ms]
2024-10-10 14:53:31.385 [info] > git config --get commit.template [24ms]
2024-10-10 14:53:31.387 [info] > git for-each-ref --format=%(refname)%00%(upstream:short)%00%(objectname)%00%(upstream:track)%00%(upstream:remotename)%00%(upstream:remoteref) refs/heads/df_gcp_last refs/remotes/df_gcp_last [3ms]
2024-10-10 14:53:31.603 [info] > git status -z -uall [194ms]
2024-10-10 14:54:42.139 [info] > git config --get commit.template [23ms]
2024-10-10 14:54:42.140 [info] > git for-each-ref --format=%(refname)%00%(upstream:short)%00%(objectname)%00%(upstream:track)%00%(upstream:remotename)%00%(upstream:remoteref) refs/heads/df_gcp_last refs/remotes/df_gcp_last [2ms]
2024-10-10 14:54:42.361 [info] > git status -z -uall [198ms]
2024-10-10 14:55:02.980 [info] > git config --get commit.template [23ms]
2024-10-10 14:55:02.981 [info] > git for-each-ref --format=%(refname)%00%(upstream:short)%00%(objectname)%00%(upstream:track)%00%(upstream:remotename)%00%(upstream:remoteref) refs/heads/df_gcp_last refs/remotes/df_gcp_last [3ms]
2024-10-10 14:55:03.056 [info] > git ls-files --stage -- /home/youwantsomethings/.git/stream.py [15ms]
2024-10-10 14:55:03.144 [info] > git show --textconv :.git/stream.py [10ms]
2024-10-10 14:55:03.216 [info] > git status -z -uall [212ms]
2024-10-10 14:55:08.333 [info] > git config --get commit.template [25ms]
2024-10-10 14:55:08.334 [info] > git for-each-ref --format=%(refname)%00%(upstream:short)%00%(objectname)%00%(upstream:track)%00%(upstream:remotename)%00%(upstream:remoteref) refs/heads/df_gcp_last refs/remotes/df_gcp_last [3ms]
2024-10-10 14:55:08.551 [info] > git status -z -uall [194ms]
2024-10-10 14:55:18.644 [info] > git config --get commit.template [31ms]
2024-10-10 14:55:18.645 [info] > git for-each-ref --format=%(refname)%00%(upstream:short)%00%(objectname)%00%(upstream:track)%00%(upstream:remotename)%00%(upstream:remoteref) refs/heads/df_gcp_last refs/remotes/df_gcp_last [3ms]
2024-10-10 14:55:18.870 [info] > git status -z -uall [198ms]
2024-10-10 14:55:23.963 [info] > git config --get commit.template [24ms]
2024-10-10 14:55:23.965 [info] > git for-each-ref --format=%(refname)%00%(upstream:short)%00%(objectname)%00%(upstream:track)%00%(upstream:remotename)%00%(upstream:remoteref) refs/heads/df_gcp_last refs/remotes/df_gcp_last [3ms]
2024-10-10 14:55:24.180 [info] > git status -z -uall [192ms]
2024-10-10 14:55:29.274 [info] > git config --get commit.template [25ms]
2024-10-10 14:55:29.275 [info] > git for-each-ref --format=%(refname)%00%(upstream:short)%00%(objectname)%00%(upstream:track)%00%(upstream:remotename)%00%(upstream:remoteref) refs/heads/df_gcp_last refs/remotes/df_gcp_last [3ms]
2024-10-10 14:55:29.494 [info] > git status -z -uall [196ms]
2024-10-10 14:55:33.153 [info] > git ls-files --stage -- /home/youwantsomethings/.git/stream.py [10ms]
2024-10-10 14:55:33.270 [info] > git show --textconv :.git/stream.py [10ms]
2024-10-10 14:55:41.655 [info] > git config --get commit.template [23ms]
2024-10-10 14:55:41.657 [info] > git for-each-ref --format=%(refname)%00%(upstream:short)%00%(objectname)%00%(upstream:track)%00%(upstream:remotename)%00%(upstream:remoteref) refs/heads/df_gcp_last refs/remotes/df_gcp_last [2ms]
2024-10-10 14:55:41.732 [info] > git ls-files --stage -- /home/youwantsomethings/.git/stream.py [14ms]
2024-10-10 14:55:41.833 [info] > git show --textconv :.git/stream.py [14ms]
2024-10-10 14:55:41.887 [info] > git status -z -uall [206ms]
2024-10-10 14:55:46.994 [info] > git config --get commit.template [27ms]
2024-10-10 14:55:46.996 [info] > git for-each-ref --format=%(refname)%00%(upstream:short)%00%(objectname)%00%(upstream:track)%00%(upstream:remotename)%00%(upstream:remoteref) refs/heads/df_gcp_last refs/remotes/df_gcp_last [2ms]
2024-10-10 14:55:47.246 [info] > git status -z -uall [226ms]
2024-10-10 14:56:02.470 [info] > git config --get commit.template [26ms]
2024-10-10 14:56:02.495 [info] > git for-each-ref --format=%(refname)%00%(upstream:short)%00%(objectname)%00%(upstream:track)%00%(upstream:remotename)%00%(upstream:remoteref) refs/heads/df_gcp_last refs/remotes/df_gcp_last [26ms]
2024-10-10 14:56:02.521 [info] > git ls-files --stage -- /home/youwantsomethings/.git/stream.py [26ms]
2024-10-10 14:56:02.603 [info] > git show --textconv :.git/stream.py [11ms]
2024-10-10 14:56:02.719 [info] > git status -z -uall [199ms]
2024-10-10 14:56:07.814 [info] > git config --get commit.template [26ms]
2024-10-10 14:56:07.816 [info] > git for-each-ref --format=%(refname)%00%(upstream:short)%00%(objectname)%00%(upstream:track)%00%(upstream:remotename)%00%(upstream:remoteref) refs/heads/df_gcp_last refs/remotes/df_gcp_last [3ms]
2024-10-10 14:56:08.038 [info] > git status -z -uall [199ms]
2024-10-10 14:56:13.153 [info] > git config --get commit.template [29ms]
2024-10-10 14:56:13.155 [info] > git for-each-ref --format=%(refname)%00%(upstream:short)%00%(objectname)%00%(upstream:track)%00%(upstream:remotename)%00%(upstream:remoteref) refs/heads/df_gcp_last refs/remotes/df_gcp_last [2ms]
2024-10-10 14:56:13.397 [info] > git status -z -uall [214ms]
2024-10-10 14:56:15.647 [info] > git fetch [636ms]
2024-10-10 14:56:15.698 [info] > git config --get commit.template [25ms]
2024-10-10 14:56:15.699 [info] > git for-each-ref --format=%(refname)%00%(upstream:short)%00%(objectname)%00%(upstream:track)%00%(upstream:remotename)%00%(upstream:remoteref) refs/heads/df_gcp_last refs/remotes/df_gcp_last [3ms]
2024-10-10 14:56:15.941 [info] > git status -z -uall [218ms]
2024-10-10 14:56:16.965 [info] > git ls-files --stage -- /home/youwantsomethings/.git/stream.py [17ms]
2024-10-10 14:56:17.051 [info] > git show --textconv :.git/stream.py [10ms]
2024-10-10 14:56:18.132 [info] > git ls-files --stage -- /home/youwantsomethings/.git/stream.py [9ms]
2024-10-10 14:56:18.214 [info] > git show --textconv :.git/stream.py [9ms]
2024-10-10 14:56:18.476 [info] > git config --get commit.template [3ms]
2024-10-10 14:56:18.502 [info] > git for-each-ref --format=%(refname)%00%(upstream:short)%00%(objectname)%00%(upstream:track)%00%(upstream:remotename)%00%(upstream:remoteref) refs/heads/df_gcp_last refs/remotes/df_gcp_last [2ms]
2024-10-10 14:56:18.750 [info] > git status -z -uall [223ms]
2024-10-10 14:56:19.864 [info] > git ls-files --stage -- /home/youwantsomethings/.git/stream.py [9ms]
2024-10-10 14:56:19.946 [info] > git show --textconv :.git/stream.py [9ms]
2024-10-10 14:56:39.802 [info] > git config --get commit.template [24ms]
2024-10-10 14:56:39.803 [info] > git for-each-ref --format=%(refname)%00%(upstream:short)%00%(objectname)%00%(upstream:track)%00%(upstream:remotename)%00%(upstream:remoteref) refs/heads/df_gcp_last refs/remotes/df_gcp_last [3ms]
2024-10-10 14:56:39.889 [info] > git ls-files --stage -- /home/youwantsomethings/.git/stream.py [10ms]
2024-10-10 14:56:39.987 [info] > git show --textconv :.git/stream.py [10ms]
2024-10-10 14:56:40.025 [info] > git status -z -uall [197ms]
2024-10-10 14:56:45.118 [info] > git config --get commit.template [24ms]
2024-10-10 14:56:45.119 [info] > git for-each-ref --format=%(refname)%00%(upstream:short)%00%(objectname)%00%(upstream:track)%00%(upstream:remotename)%00%(upstream:remoteref) refs/heads/df_gcp_last refs/remotes/df_gcp_last [2ms]
2024-10-10 14:56:45.338 [info] > git status -z -uall [196ms]
2024-10-10 14:58:17.239 [info] > git config --get commit.template [23ms]
2024-10-10 14:58:17.240 [info] > git for-each-ref --format=%(refname)%00%(upstream:short)%00%(objectname)%00%(upstream:track)%00%(upstream:remotename)%00%(upstream:remoteref) refs/heads/df_gcp_last refs/remotes/df_gcp_last [2ms]
2024-10-10 14:58:17.463 [info] > git status -z -uall [202ms]
2024-10-10 14:58:44.258 [info] > git config --get commit.template [23ms]
2024-10-10 14:58:44.259 [info] > git for-each-ref --format=%(refname)%00%(upstream:short)%00%(objectname)%00%(upstream:track)%00%(upstream:remotename)%00%(upstream:remoteref) refs/heads/df_gcp_last refs/remotes/df_gcp_last [2ms]
2024-10-10 14:58:44.347 [info] > git ls-files --stage -- /home/youwantsomethings/.git/stream.py [10ms]
2024-10-10 14:58:44.426 [info] > git show --textconv :.git/stream.py [10ms]
2024-10-10 14:58:44.483 [info] > git status -z -uall [202ms]
2024-10-10 14:59:41.204 [info] > git config --get commit.template [31ms]
2024-10-10 14:59:41.205 [info] > git for-each-ref --format=%(refname)%00%(upstream:short)%00%(objectname)%00%(upstream:track)%00%(upstream:remotename)%00%(upstream:remoteref) refs/heads/df_gcp_last refs/remotes/df_gcp_last [4ms]
2024-10-10 14:59:41.454 [info] > git status -z -uall [217ms]
2024-10-10 14:59:42.009 [info] > git fetch [866ms]
2024-10-10 14:59:42.057 [info] > git config --get commit.template [22ms]
2024-10-10 14:59:42.058 [info] > git for-each-ref --format=%(refname)%00%(upstream:short)%00%(objectname)%00%(upstream:track)%00%(upstream:remotename)%00%(upstream:remoteref) refs/heads/df_gcp_last refs/remotes/df_gcp_last [3ms]
2024-10-10 14:59:42.285 [info] > git status -z -uall [204ms]
2024-10-10 14:59:43.357 [info] > git ls-files --stage -- /home/youwantsomethings/.git/stream.py [10ms]
2024-10-10 14:59:43.438 [info] > git show --textconv :.git/stream.py [9ms]
2024-10-10 14:59:51.749 [info] > git config --get commit.template [29ms]
2024-10-10 14:59:51.750 [info] > git for-each-ref --format=%(refname)%00%(upstream:short)%00%(objectname)%00%(upstream:track)%00%(upstream:remotename)%00%(upstream:remoteref) refs/heads/df_gcp_last refs/remotes/df_gcp_last [2ms]
2024-10-10 14:59:51.999 [info] > git status -z -uall [219ms]
2024-10-10 14:59:57.105 [info] > git config --get commit.template [26ms]
2024-10-10 14:59:57.106 [info] > git for-each-ref --format=%(refname)%00%(upstream:short)%00%(objectname)%00%(upstream:track)%00%(upstream:remotename)%00%(upstream:remoteref) refs/heads/df_gcp_last refs/remotes/df_gcp_last [2ms]
2024-10-10 14:59:57.331 [info] > git status -z -uall [201ms]
2024-10-10 15:00:02.426 [info] > git config --get commit.template [25ms]
2024-10-10 15:00:02.427 [info] > git for-each-ref --format=%(refname)%00%(upstream:short)%00%(objectname)%00%(upstream:track)%00%(upstream:remotename)%00%(upstream:remoteref) refs/heads/df_gcp_last refs/remotes/df_gcp_last [2ms]
2024-10-10 15:00:02.649 [info] > git status -z -uall [198ms]
2024-10-10 15:00:07.761 [info] > git config --get commit.template [32ms]
2024-10-10 15:00:07.762 [info] > git for-each-ref --format=%(refname)%00%(upstream:short)%00%(objectname)%00%(upstream:track)%00%(upstream:remotename)%00%(upstream:remoteref) refs/heads/df_gcp_last refs/remotes/df_gcp_last [3ms]
2024-10-10 15:00:08.002 [info] > git status -z -uall [209ms]
2024-10-10 15:00:13.103 [info] > git config --get commit.template [27ms]
2024-10-10 15:00:13.104 [info] > git for-each-ref --format=%(refname)%00%(upstream:short)%00%(objectname)%00%(upstream:track)%00%(upstream:remotename)%00%(upstream:remoteref) refs/heads/df_gcp_last refs/remotes/df_gcp_last [3ms]
2024-10-10 15:00:13.332 [info] > git status -z -uall [203ms]
2024-10-10 15:00:20.994 [info] > git config --get commit.template [25ms]
2024-10-10 15:00:20.995 [info] > git for-each-ref --format=%(refname)%00%(upstream:short)%00%(objectname)%00%(upstream:track)%00%(upstream:remotename)%00%(upstream:remoteref) refs/heads/df_gcp_last refs/remotes/df_gcp_last [2ms]
2024-10-10 15:00:21.215 [info] > git status -z -uall [195ms]
2024-10-10 15:00:26.312 [info] > git config --get commit.template [27ms]
2024-10-10 15:00:26.313 [info] > git for-each-ref --format=%(refname)%00%(upstream:short)%00%(objectname)%00%(upstream:track)%00%(upstream:remotename)%00%(upstream:remoteref) refs/heads/df_gcp_last refs/remotes/df_gcp_last [2ms]
2024-10-10 15:00:26.530 [info] > git status -z -uall [192ms]
2024-10-10 15:00:31.647 [info] > git config --get commit.template [34ms]
2024-10-10 15:00:31.647 [info] > git for-each-ref --format=%(refname)%00%(upstream:short)%00%(objectname)%00%(upstream:track)%00%(upstream:remotename)%00%(upstream:remoteref) refs/heads/df_gcp_last refs/remotes/df_gcp_last [3ms]
2024-10-10 15:00:31.890 [info] > git status -z -uall [210ms]
2024-10-10 15:00:36.993 [info] > git config --get commit.template [26ms]
2024-10-10 15:00:36.994 [info] > git for-each-ref --format=%(refname)%00%(upstream:short)%00%(objectname)%00%(upstream:track)%00%(upstream:remotename)%00%(upstream:remoteref) refs/heads/df_gcp_last refs/remotes/df_gcp_last [3ms]
2024-10-10 15:00:37.226 [info] > git status -z -uall [204ms]
2024-10-10 15:00:42.324 [info] > git config --get commit.template [28ms]
2024-10-10 15:00:42.325 [info] > git for-each-ref --format=%(refname)%00%(upstream:short)%00%(objectname)%00%(upstream:track)%00%(upstream:remotename)%00%(upstream:remoteref) refs/heads/df_gcp_last refs/remotes/df_gcp_last [2ms]
2024-10-10 15:00:42.549 [info] > git status -z -uall [197ms]
2024-10-10 15:00:45.663 [info] > git ls-files --stage -- /home/youwantsomethings/.git/stream.py [10ms]
2024-10-10 15:00:45.744 [info] > git show --textconv :.git/stream.py [11ms]
2024-10-10 15:00:49.208 [info] > git config --get commit.template [25ms]
2024-10-10 15:00:49.209 [info] > git for-each-ref --format=%(refname)%00%(upstream:short)%00%(objectname)%00%(upstream:track)%00%(upstream:remotename)%00%(upstream:remoteref) refs/heads/df_gcp_last refs/remotes/df_gcp_last [2ms]
2024-10-10 15:00:49.430 [info] > git status -z -uall [197ms]
2024-10-10 15:00:53.400 [info] > git ls-files --stage -- /home/youwantsomethings/.git/stream.py [10ms]
2024-10-10 15:00:53.484 [info] > git show --textconv :.git/stream.py [9ms]
2024-10-10 15:00:54.535 [info] > git config --get commit.template [25ms]
2024-10-10 15:00:54.536 [info] > git for-each-ref --format=%(refname)%00%(upstream:short)%00%(objectname)%00%(upstream:track)%00%(upstream:remotename)%00%(upstream:remoteref) refs/heads/df_gcp_last refs/remotes/df_gcp_last [2ms]
2024-10-10 15:00:54.796 [info] > git status -z -uall [235ms]
2024-10-10 15:01:01.008 [info] > git ls-files --stage -- /home/youwantsomethings/.git/stream.py [10ms]
2024-10-10 15:01:01.147 [info] > git show --textconv :.git/stream.py [10ms]
2024-10-10 15:01:01.522 [info] > git config --get commit.template [26ms]
2024-10-10 15:01:01.522 [info] > git for-each-ref --format=%(refname)%00%(upstream:short)%00%(objectname)%00%(upstream:track)%00%(upstream:remotename)%00%(upstream:remoteref) refs/heads/df_gcp_last refs/remotes/df_gcp_last [3ms]
2024-10-10 15:01:01.746 [info] > git status -z -uall [198ms]
2024-10-10 15:01:06.844 [info] > git config --get commit.template [25ms]
2024-10-10 15:01:06.845 [info] > git for-each-ref --format=%(refname)%00%(upstream:short)%00%(objectname)%00%(upstream:track)%00%(upstream:remotename)%00%(upstream:remoteref) refs/heads/df_gcp_last refs/remotes/df_gcp_last [2ms]
2024-10-10 15:01:07.064 [info] > git status -z -uall [195ms]
2024-10-10 15:01:11.403 [info] > git ls-files --stage -- /home/youwantsomethings/.git/stream.py [10ms]
2024-10-10 15:01:11.484 [info] > git show --textconv :.git/stream.py [9ms]
2024-10-10 15:01:13.739 [info] > git config --get commit.template [32ms]
2024-10-10 15:01:13.741 [info] > git for-each-ref --format=%(refname)%00%(upstream:short)%00%(objectname)%00%(upstream:track)%00%(upstream:remotename)%00%(upstream:remoteref) refs/heads/df_gcp_last refs/remotes/df_gcp_last [4ms]
2024-10-10 15:01:13.997 [info] > git status -z -uall [226ms]
2024-10-10 15:01:19.114 [info] > git config --get commit.template [25ms]
2024-10-10 15:01:19.115 [info] > git for-each-ref --format=%(refname)%00%(upstream:short)%00%(objectname)%00%(upstream:track)%00%(upstream:remotename)%00%(upstream:remoteref) refs/heads/df_gcp_last refs/remotes/df_gcp_last [2ms]
2024-10-10 15:01:19.342 [info] > git status -z -uall [203ms]
2024-10-10 15:01:24.587 [info] > git config --get commit.template [33ms]
2024-10-10 15:01:24.588 [info] > git for-each-ref --format=%(refname)%00%(upstream:short)%00%(objectname)%00%(upstream:track)%00%(upstream:remotename)%00%(upstream:remoteref) refs/heads/df_gcp_last refs/remotes/df_gcp_last [10ms]
2024-10-10 15:01:24.853 [info] > git status -z -uall [238ms]
2024-10-10 15:01:44.476 [info] > git config --get commit.template [25ms]
2024-10-10 15:01:44.477 [info] > git for-each-ref --format=%(refname)%00%(upstream:short)%00%(objectname)%00%(upstream:track)%00%(upstream:remotename)%00%(upstream:remoteref) refs/heads/df_gcp_last refs/remotes/df_gcp_last [3ms]
2024-10-10 15:01:44.710 [info] > git status -z -uall [209ms]
2024-10-10 15:01:49.827 [info] > git config --get commit.template [25ms]
2024-10-10 15:01:49.828 [info] > git for-each-ref --format=%(refname)%00%(upstream:short)%00%(objectname)%00%(upstream:track)%00%(upstream:remotename)%00%(upstream:remoteref) refs/heads/df_gcp_last refs/remotes/df_gcp_last [2ms]
2024-10-10 15:01:50.045 [info] > git status -z -uall [193ms]
2024-10-10 15:01:55.154 [info] > git config --get commit.template [25ms]
2024-10-10 15:01:55.154 [info] > git for-each-ref --format=%(refname)%00%(upstream:short)%00%(objectname)%00%(upstream:track)%00%(upstream:remotename)%00%(upstream:remoteref) refs/heads/df_gcp_last refs/remotes/df_gcp_last [2ms]
2024-10-10 15:01:55.382 [info] > git status -z -uall [199ms]
2024-10-10 15:02:43.001 [info] > git fetch [645ms]
2024-10-10 15:02:43.051 [info] > git config --get commit.template [24ms]
2024-10-10 15:02:43.052 [info] > git for-each-ref --format=%(refname)%00%(upstream:short)%00%(objectname)%00%(upstream:track)%00%(upstream:remotename)%00%(upstream:remoteref) refs/heads/df_gcp_last refs/remotes/df_gcp_last [2ms]
2024-10-10 15:02:43.269 [info] > git status -z -uall [192ms]
