Initializing document watcher...
Document watcher initialized
youwantsomethings/real_dataflow_etl.py: {}
youwantsomethings/real_dataflow_etl.py: {}
youwantsomethings/Untitled-1: {}
youwantsomethings/Untitled-1: {}
youwantsomethings/realtime_dataflow.py: Using EditorConfig core...
youwantsomethings/realtime_dataflow.py: {}
youwantsomethings/realtime_dataflow.py: {}
youwantsomethings/realtime_dataflow.py: Using EditorConfig core...
youwantsomethings/realtime_dataflow.py: {}
youwantsomethings/realtime_dataflow.py: Using EditorConfig core...
youwantsomethings/realtime_dataflow.py: Using EditorConfig core...
youwantsomethings/realtime_dataflow.py: Using EditorConfig core...
youwantsomethings/realtime_dataflow.py: Using EditorConfig core...
youwantsomethings/realtime_dataflow.py: Using EditorConfig core...
youwantsomethings/realtime_dataflow.py: Using EditorConfig core...
youwantsomethings/realtime_dataflow.py: Using EditorConfig core...
youwantsomethings/realtime_dataflow.py: {}
youwantsomethings/realtime_dataflow.py: {}
youwantsomethings/Untitled-1: {}
youwantsomethings/Untitled-1: {}
youwantsomethings/pubs.py: Using EditorConfig core...
youwantsomethings/pubs.py: {}
youwantsomethings/pub.py: {}
youwantsomethings/pubs.py: {}
youwantsomethings/realtime_dataflow.py: {}
youwantsomethings/pubs.py: {}
youwantsomethings/batch_dataflow_etl.py: {}
youwantsomethings/pubs.py: {}
youwantsomethings/main.py: {}
youwantsomethings/pubs.py: {}
youwantsomethings/export_bq_to_gcs.py: {}
youwantsomethings/pubs.py: {}
youwantsomethings/requirements.txt: {}
youwantsomethings/pubs.py: {}
youwantsomethings/pubs.py: Using EditorConfig core...
youwantsomethings/pubs.py: {}
youwantsomethings/real_dataflow_etl.py: {}
youwantsomethings/real_dataflow_etl.py: {}
youwantsomethings/real_dataflow_etl.py: {}
youwantsomethings/real_dataflow_etl.py: {}
youwantsomethings/real_dataflow_etl.py: {}
youwantsomethings/real_dataflow_etl.py: {}
youwantsomethings/real_dataflow_etl.py: {}
youwantsomethings/real_dataflow_etl.py: {}
