Initializing document watcher...
Document watcher initialized
youwantsomethings/https_operators_demo_dag.py: {}
youwantsomethings/https_operators_demo_dag.py: {}
youwantsomethings/https_operators_demo_dag.py: {}
youwantsomethings/https_operators_demo_dag.py: {}
youwantsomethings/https_operators_demo_dag.py: {}
youwantsomethings/https_operators_demo_dag.py: {}
youwantsomethings/https_operators_demo_dag.py: {}
youwantsomethings/https_operators_demo_dag.py: {}
youwantsomethings/https_operators_demo_dag.py: {}
youwantsomethings/https_operators_demo_dag.py: {}
youwantsomethings/.git/COMMIT_EDITMSG: {}
youwantsomethings/.git/COMMIT_EDITMSG: Using EditorConfig core...
youwantsomethings/.git/COMMIT_EDITMSG: Using EditorConfig core...
youwantsomethings/https_operators_demo_dag.py: {}
youwantsomethings/.git/COMMIT_EDITMSG: {}
youwantsomethings/.git/COMMIT_EDITMSG: Using EditorConfig core...
youwantsomethings/.git/COMMIT_EDITMSG: Using EditorConfig core...
youwantsomethings/https_operators_demo_dag.py: {}
youwantsomethings/https_operators_demo_dag.py: {}
youwantsomethings/https_operators_demo_dag.py: {}
youwantsomethings/https_operators_demo_dag.py: {}
youwantsomethings/https_operators_demo_dag.py: {}
youwantsomethings/https_operators_demo_dag.py: {}
