2024-10-08 16:29:16.715 [info] Extension host with pid 1578 started
2024-10-08 16:29:16.715 [error] Error: EEXIST: file already exists, open '/home/youwantsomethings/.codeoss/data/User/workspaceStorage/-361905d7/vscode.lock'
2024-10-08 16:29:16.723 [info] Lock '/home/youwantsomethings/.codeoss/data/User/workspaceStorage/-361905d7/vscode.lock': Could not acquire lock, checking if the file is stale.
2024-10-08 16:29:16.725 [info] Lock '/home/youwantsomethings/.codeoss/data/User/workspaceStorage/-361905d7/vscode.lock': The pid 1333 appears to be gone.
2024-10-08 16:29:16.725 [info] Lock '/home/youwantsomethings/.codeoss/data/User/workspaceStorage/-361905d7/vscode.lock': Deleting a stale lock.
2024-10-08 16:29:16.741 [info] Lock '/home/youwantsomethings/.codeoss/data/User/workspaceStorage/-361905d7/vscode.lock': Lock acquired.
2024-10-08 16:29:16.824 [info] ExtensionService#_doActivateExtension ms-python.python, startup: false, activationEvent: 'onLanguage:python'
2024-10-08 16:29:16.825 [info] ExtensionService#_doActivateExtension vscode.emmet, startup: false, activationEvent: 'onLanguage'
2024-10-08 16:29:17.380 [info] ExtensionService#_doActivateExtension vscode.git-base, startup: true, activationEvent: '*', root cause: vscode.git
2024-10-08 16:29:17.458 [info] ExtensionService#_doActivateExtension vscode.git, startup: true, activationEvent: '*'
2024-10-08 16:29:17.458 [info] ExtensionService#_doActivateExtension vscode.github, startup: true, activationEvent: '*'
2024-10-08 16:29:24.384 [info] Not activating extension 'hashicorp.terraform': Timed out while searching for 'workspaceContains' pattern **/*.tf,**/*.tfvars
2024-10-08 16:29:24.384 [info] Not activating extension 'redhat.fabric8-analytics': Timed out while searching for 'workspaceContains' pattern **/package.json,**/pom.xml,**/go.mod,**/requirements.txt
2024-10-08 16:29:24.384 [info] Not activating extension 'redhat.java': Timed out while searching for 'workspaceContains' pattern */pom.xml,*/build.gradle,*/settings.gradle,*/build.gradle.kts,*/settings.gradle.kts,*/.classpath
2024-10-08 16:29:24.384 [info] Not activating extension 'vscjava.vscode-java-dependency': Timed out while searching for 'workspaceContains' pattern */pom.xml,*/build.gradle,*/settings.gradle,*/build.gradle.kts,*/settings.gradle.kts,*/.classpath
2024-10-08 16:29:24.384 [info] Not activating extension 'vscjava.vscode-java-test': Timed out while searching for 'workspaceContains' pattern */pom.xml,*/build.gradle,*/settings.gradle,*/build.gradle.kts,*/settings.gradle.kts,*/.classpath
2024-10-08 16:29:24.384 [info] Not activating extension 'vscjava.vscode-maven': Timed out while searching for 'workspaceContains' pattern **/pom.xml
2024-10-08 16:29:24.441 [info] Eager extensions activated
2024-10-08 16:29:24.441 [info] ExtensionService#_doActivateExtension EditorConfig.EditorConfig, startup: false, activationEvent: 'onStartupFinished'
2024-10-08 16:29:24.441 [info] ExtensionService#_doActivateExtension google.cloud-shell, startup: false, activationEvent: 'onStartupFinished'
2024-10-08 16:29:24.442 [info] ExtensionService#_doActivateExtension googlecloudtools.cloudcode, startup: false, activationEvent: 'onStartupFinished'
2024-10-08 16:29:24.442 [info] ExtensionService#_doActivateExtension vscode.debug-auto-launch, startup: false, activationEvent: 'onStartupFinished'
2024-10-08 16:29:24.443 [info] ExtensionService#_doActivateExtension vscode.merge-conflict, startup: false, activationEvent: 'onStartupFinished'
2024-10-08 16:29:26.922 [info] ExtensionService#_doActivateExtension vscode.json-language-features, startup: false, activationEvent: 'onLanguage:jsonc'
2024-10-08 16:29:26.922 [info] ExtensionService#_doActivateExtension vscode.typescript-language-features, startup: false, activationEvent: 'onLanguage:jsonc'
2024-10-08 16:30:21.385 [info] Extension host terminating: received terminate message from renderer
2024-10-08 16:30:21.386 [info] Lock '/home/youwantsomethings/.codeoss/data/User/workspaceStorage/-361905d7/vscode.lock': Marking the lockfile as scheduled to be released in 6000 ms.
2024-10-08 16:30:21.422 [info] Extension host with pid 1578 exiting with code 0
