2024-10-10 04:28:36.021 [info] Reading sessions from keychain...
2024-10-10 04:28:36.062 [info] Getting sessions for read:user,repo,user:email,workflow...
2024-10-10 04:28:36.063 [info] Got 0 sessions for read:user,repo,user:email,workflow...
2024-10-10 04:28:36.115 [info] Getting sessions for all scopes...
2024-10-10 04:28:36.115 [info] Got 0 sessions for ...
2024-10-10 04:28:38.678 [info] Logging in for the following scopes: read:user repo user:email workflow
2024-10-10 04:28:38.787 [info] Trying device code flow... (read:user repo user:email workflow)
2024-10-10 04:30:53.857 [error] Timed out
2024-10-10 04:35:19.314 [info] Trying to retrieve PAT... (read:user repo user:email workflow)
2024-10-10 04:36:41.863 [info] Getting token scopes...
2024-10-10 04:36:42.208 [info] Getting user info...
2024-10-10 04:36:42.589 [info] Got account info!
2024-10-10 04:36:42.589 [info] Storing 1 sessions...
2024-10-10 04:36:42.638 [info] Reading sessions from keychain...
2024-10-10 04:36:42.638 [info] Stored 1 sessions!
2024-10-10 04:36:42.638 [info] Login success!
2024-10-10 04:36:42.687 [info] Got stored sessions!
2024-10-10 04:36:42.687 [info] Got 1 verified sessions.
2024-10-10 04:49:34.807 [info] Getting sessions for read:user,repo,user:email,workflow...
2024-10-10 04:49:34.807 [info] Got 1 sessions for read:user,repo,user:email,workflow...
2024-10-10 04:55:01.911 [info] Getting sessions for read:user,repo,user:email,workflow...
2024-10-10 04:55:01.911 [info] Got 1 sessions for read:user,repo,user:email,workflow...
2024-10-10 04:58:23.362 [info] Getting sessions for read:user,repo,user:email,workflow...
2024-10-10 04:58:23.362 [info] Got 1 sessions for read:user,repo,user:email,workflow...
2024-10-10 05:14:15.288 [info] Getting sessions for read:user,repo,user:email,workflow...
2024-10-10 05:14:15.288 [info] Got 1 sessions for read:user,repo,user:email,workflow...
2024-10-10 05:35:52.727 [info] Getting sessions for read:user,repo,user:email,workflow...
2024-10-10 05:35:52.728 [info] Got 1 sessions for read:user,repo,user:email,workflow...
