2024-10-09 08:57:43.528 [info] Log level: Info
2024-10-09 08:57:43.528 [info] Validating found git in: "git"
2024-10-09 08:57:43.528 [info] Using git "2.43.0" from "git"
2024-10-09 08:57:43.528 [info] > git rev-parse --show-toplevel [716ms]
2024-10-09 08:57:43.528 [info] fatal: not a git repository (or any parent up to mount point /)
Stopping at filesystem boundary (GIT_DISCOVERY_ACROSS_FILESYSTEM not set).
2024-10-09 08:57:43.528 [info] > git rev-parse --show-toplevel [34ms]
2024-10-09 08:57:43.528 [info] fatal: not a git repository (or any parent up to mount point /)
Stopping at filesystem boundary (GIT_DISCOVERY_ACROSS_FILESYSTEM not set).
2024-10-09 08:57:47.858 [info] > git rev-parse --show-toplevel [4295ms]
2024-10-09 08:57:47.858 [info] fatal: not a git repository (or any parent up to mount point /)
Stopping at filesystem boundary (GIT_DISCOVERY_ACROSS_FILESYSTEM not set).
2024-10-09 08:57:47.948 [info] > git rev-parse --show-toplevel [65ms]
2024-10-09 08:57:47.948 [info] fatal: not a git repository (or any parent up to mount point /)
Stopping at filesystem boundary (GIT_DISCOVERY_ACROSS_FILESYSTEM not set).
2024-10-09 08:57:48.241 [info] > git rev-parse --show-toplevel [237ms]
2024-10-09 08:57:48.241 [info] fatal: not a git repository (or any parent up to mount point /)
Stopping at filesystem boundary (GIT_DISCOVERY_ACROSS_FILESYSTEM not set).
2024-10-09 08:57:48.316 [info] > git rev-parse --show-toplevel [47ms]
2024-10-09 08:57:48.316 [info] fatal: not a git repository (or any parent up to mount point /)
Stopping at filesystem boundary (GIT_DISCOVERY_ACROSS_FILESYSTEM not set).
2024-10-09 08:57:48.360 [info] > git rev-parse --show-toplevel [15ms]
2024-10-09 08:57:48.360 [info] fatal: not a git repository (or any parent up to mount point /)
Stopping at filesystem boundary (GIT_DISCOVERY_ACROSS_FILESYSTEM not set).
2024-10-09 08:57:48.452 [info] > git rev-parse --show-toplevel [61ms]
2024-10-09 08:57:48.452 [info] fatal: not a git repository (or any parent up to mount point /)
Stopping at filesystem boundary (GIT_DISCOVERY_ACROSS_FILESYSTEM not set).
2024-10-09 08:57:48.535 [info] > git rev-parse --show-toplevel [54ms]
2024-10-09 08:57:48.535 [info] fatal: not a git repository (or any parent up to mount point /)
Stopping at filesystem boundary (GIT_DISCOVERY_ACROSS_FILESYSTEM not set).
2024-10-09 08:57:48.588 [info] > git rev-parse --show-toplevel [4ms]
2024-10-09 08:57:48.588 [info] fatal: not a git repository (or any parent up to mount point /)
Stopping at filesystem boundary (GIT_DISCOVERY_ACROSS_FILESYSTEM not set).
2024-10-09 08:57:48.674 [info] > git rev-parse --show-toplevel [55ms]
2024-10-09 08:57:48.674 [info] fatal: not a git repository (or any parent up to mount point /)
Stopping at filesystem boundary (GIT_DISCOVERY_ACROSS_FILESYSTEM not set).
2024-10-09 08:57:48.708 [info] > git rev-parse --show-toplevel [8ms]
2024-10-09 08:57:48.708 [info] fatal: not a git repository (or any parent up to mount point /)
Stopping at filesystem boundary (GIT_DISCOVERY_ACROSS_FILESYSTEM not set).
2024-10-09 08:57:48.753 [info] > git rev-parse --show-toplevel [20ms]
2024-10-09 08:57:48.753 [info] fatal: not a git repository (or any parent up to mount point /)
Stopping at filesystem boundary (GIT_DISCOVERY_ACROSS_FILESYSTEM not set).
2024-10-09 08:57:48.787 [info] > git rev-parse --show-toplevel [2ms]
2024-10-09 08:57:48.787 [info] fatal: not a git repository (or any parent up to mount point /)
Stopping at filesystem boundary (GIT_DISCOVERY_ACROSS_FILESYSTEM not set).
2024-10-09 08:57:48.820 [info] > git rev-parse --show-toplevel [2ms]
2024-10-09 08:57:48.820 [info] fatal: not a git repository (or any parent up to mount point /)
Stopping at filesystem boundary (GIT_DISCOVERY_ACROSS_FILESYSTEM not set).
2024-10-09 08:57:48.848 [info] > git rev-parse --show-toplevel [3ms]
2024-10-09 08:57:48.848 [info] fatal: not a git repository (or any parent up to mount point /)
Stopping at filesystem boundary (GIT_DISCOVERY_ACROSS_FILESYSTEM not set).
