2024-10-20 09:15:16.003 [info] Log level: Info
2024-10-20 09:15:16.003 [info] Validating found git in: "git"
2024-10-20 09:15:16.252 [info] Using git "2.43.0" from "git"
2024-10-20 09:15:16.379 [info] > git rev-parse --show-toplevel [49ms]
2024-10-20 09:15:16.406 [info] > git rev-parse --git-dir --git-common-dir [1ms]
2024-10-20 09:15:16.431 [info] Open repository: /home/youwantsomethings
2024-10-20 09:15:19.322 [info] > git check-ignore -v -z --stdin [393ms]
2024-10-20 09:15:19.324 [info] > git rev-parse --show-toplevel [2875ms]
2024-10-20 09:15:19.325 [info] > git config --get commit.template [2884ms]
2024-10-20 09:15:19.560 [info] > git check-ignore -v -z --stdin [66ms]
2024-10-20 09:15:19.561 [info] > git rev-parse --show-toplevel [218ms]
2024-10-20 09:15:19.585 [info] > git rev-parse --show-toplevel [4ms]
2024-10-20 09:15:19.693 [info] > git rev-parse --show-toplevel [89ms]
2024-10-20 09:15:19.818 [info] > git for-each-ref --format=%(refname)%00%(upstream:short)%00%(objectname)%00%(upstream:track)%00%(upstream:remotename)%00%(upstream:remoteref) refs/heads/from-gcp-http refs/remotes/from-gcp-http [298ms]
2024-10-20 09:15:19.819 [info] > git rev-parse --show-toplevel [107ms]
2024-10-20 09:15:19.846 [info] > git rev-parse --show-toplevel [3ms]
2024-10-20 09:15:19.931 [info] > git rev-parse --show-toplevel [13ms]
2024-10-20 09:15:20.040 [info] > git rev-parse --show-toplevel [52ms]
2024-10-20 09:15:20.110 [info] > git status -z -uall [245ms]
2024-10-20 09:15:20.187 [info] > git rev-parse --show-toplevel [118ms]
2024-10-20 09:15:20.240 [info] > git merge-base refs/heads/from-gcp-http refs/remotes/origin/from-gcp-http [101ms]
2024-10-20 09:15:20.484 [info] > git rev-list --count --left-right refs/heads/from-gcp-http...refs/remotes/origin/from-gcp-http [216ms]
2024-10-20 09:15:20.511 [info] > git rev-parse --show-toplevel [272ms]
2024-10-20 09:15:20.512 [info] > git config --get commit.template [299ms]
2024-10-20 09:15:20.585 [info] > git diff --name-status -z --diff-filter=ADMR afe68ac381e045e043e820e3420adc8c3d461ee9...refs/remotes/origin/from-gcp-http [75ms]
2024-10-20 09:15:20.636 [info] > git for-each-ref --format=%(refname)%00%(upstream:short)%00%(objectname)%00%(upstream:track)%00%(upstream:remotename)%00%(upstream:remoteref) refs/heads/from-gcp-http refs/remotes/from-gcp-http [66ms]
2024-10-20 09:15:20.636 [info] > git rev-parse --show-toplevel [98ms]
2024-10-20 09:15:20.735 [info] > git rev-parse --show-toplevel [34ms]
2024-10-20 09:15:20.767 [info] > git rev-parse --show-toplevel [6ms]
2024-10-20 09:15:20.876 [info] > git show --textconv :etl_pipeline_dag.py [82ms]
2024-10-20 09:15:20.891 [info] > git ls-files --stage -- /home/youwantsomethings/etl_pipeline_dag.py [19ms]
2024-10-20 09:15:21.081 [info] > git status -z -uall [347ms]
2024-10-20 09:15:21.127 [info] > git fetch [946ms]
2024-10-20 09:15:21.183 [info] > git config --get commit.template [29ms]
2024-10-20 09:15:21.212 [info] > git for-each-ref --format=%(refname)%00%(upstream:short)%00%(objectname)%00%(upstream:track)%00%(upstream:remotename)%00%(upstream:remoteref) refs/heads/from-gcp-http refs/remotes/from-gcp-http [31ms]
2024-10-20 09:15:21.519 [info] > git status -z -uall [279ms]
2024-10-20 09:15:27.217 [info] > git config --get commit.template [5ms]
2024-10-20 09:15:27.252 [info] > git for-each-ref --format=%(refname)%00%(upstream:short)%00%(objectname)%00%(upstream:track)%00%(upstream:remotename)%00%(upstream:remoteref) refs/heads/from-gcp-http refs/remotes/from-gcp-http [4ms]
2024-10-20 09:15:27.653 [info] > git status -z -uall [362ms]
2024-10-20 09:15:32.712 [info] > git config --get commit.template [26ms]
2024-10-20 09:15:32.713 [info] > git for-each-ref --format=%(refname)%00%(upstream:short)%00%(objectname)%00%(upstream:track)%00%(upstream:remotename)%00%(upstream:remoteref) refs/heads/from-gcp-http refs/remotes/from-gcp-http [3ms]
2024-10-20 09:15:32.900 [info] > git status -z -uall [162ms]
2024-10-20 09:15:44.298 [info] > git config --get commit.template [26ms]
2024-10-20 09:15:44.300 [info] > git for-each-ref --format=%(refname)%00%(upstream:short)%00%(objectname)%00%(upstream:track)%00%(upstream:remotename)%00%(upstream:remoteref) refs/heads/from-gcp-http refs/remotes/from-gcp-http [2ms]
2024-10-20 09:15:44.497 [info] > git status -z -uall [173ms]
2024-10-20 09:15:49.547 [info] > git for-each-ref --format=%(refname)%00%(upstream:short)%00%(objectname)%00%(upstream:track)%00%(upstream:remotename)%00%(upstream:remoteref) refs/heads/from-gcp-http refs/remotes/from-gcp-http [4ms]
2024-10-20 09:15:49.548 [info] > git config --get commit.template [24ms]
2024-10-20 09:15:49.733 [info] > git status -z -uall [165ms]
2024-10-20 09:16:07.333 [info] > git config --get commit.template [20ms]
2024-10-20 09:16:07.334 [info] > git for-each-ref --format=%(refname)%00%(upstream:short)%00%(objectname)%00%(upstream:track)%00%(upstream:remotename)%00%(upstream:remoteref) refs/heads/from-gcp-http refs/remotes/from-gcp-http [3ms]
2024-10-20 09:16:07.522 [info] > git status -z -uall [170ms]
2024-10-20 09:16:12.555 [info] > git config --get commit.template [4ms]
2024-10-20 09:16:12.576 [info] > git for-each-ref --format=%(refname)%00%(upstream:short)%00%(objectname)%00%(upstream:track)%00%(upstream:remotename)%00%(upstream:remoteref) refs/heads/from-gcp-http refs/remotes/from-gcp-http [2ms]
2024-10-20 09:16:12.765 [info] > git status -z -uall [171ms]
2024-10-20 09:16:17.813 [info] > git config --get commit.template [19ms]
2024-10-20 09:16:17.814 [info] > git for-each-ref --format=%(refname)%00%(upstream:short)%00%(objectname)%00%(upstream:track)%00%(upstream:remotename)%00%(upstream:remoteref) refs/heads/from-gcp-http refs/remotes/from-gcp-http [3ms]
2024-10-20 09:16:17.997 [info] > git status -z -uall [164ms]
2024-10-20 09:16:23.047 [info] > git config --get commit.template [21ms]
2024-10-20 09:16:23.048 [info] > git for-each-ref --format=%(refname)%00%(upstream:short)%00%(objectname)%00%(upstream:track)%00%(upstream:remotename)%00%(upstream:remoteref) refs/heads/from-gcp-http refs/remotes/from-gcp-http [3ms]
2024-10-20 09:16:23.231 [info] > git status -z -uall [162ms]
2024-10-20 09:16:28.276 [info] > git config --get commit.template [19ms]
2024-10-20 09:16:28.277 [info] > git for-each-ref --format=%(refname)%00%(upstream:short)%00%(objectname)%00%(upstream:track)%00%(upstream:remotename)%00%(upstream:remoteref) refs/heads/from-gcp-http refs/remotes/from-gcp-http [3ms]
2024-10-20 09:16:28.460 [info] > git status -z -uall [164ms]
2024-10-20 09:16:33.506 [info] > git config --get commit.template [20ms]
2024-10-20 09:16:33.508 [info] > git for-each-ref --format=%(refname)%00%(upstream:short)%00%(objectname)%00%(upstream:track)%00%(upstream:remotename)%00%(upstream:remoteref) refs/heads/from-gcp-http refs/remotes/from-gcp-http [2ms]
2024-10-20 09:16:33.693 [info] > git status -z -uall [165ms]
2024-10-20 09:16:38.738 [info] > git config --get commit.template [19ms]
2024-10-20 09:16:38.740 [info] > git for-each-ref --format=%(refname)%00%(upstream:short)%00%(objectname)%00%(upstream:track)%00%(upstream:remotename)%00%(upstream:remoteref) refs/heads/from-gcp-http refs/remotes/from-gcp-http [3ms]
2024-10-20 09:16:38.924 [info] > git status -z -uall [165ms]
2024-10-20 09:16:43.953 [info] > git config --get commit.template [3ms]
2024-10-20 09:16:43.973 [info] > git for-each-ref --format=%(refname)%00%(upstream:short)%00%(objectname)%00%(upstream:track)%00%(upstream:remotename)%00%(upstream:remoteref) refs/heads/from-gcp-http refs/remotes/from-gcp-http [2ms]
2024-10-20 09:16:44.158 [info] > git status -z -uall [165ms]
2024-10-20 09:16:49.206 [info] > git config --get commit.template [23ms]
2024-10-20 09:16:49.208 [info] > git for-each-ref --format=%(refname)%00%(upstream:short)%00%(objectname)%00%(upstream:track)%00%(upstream:remotename)%00%(upstream:remoteref) refs/heads/from-gcp-http refs/remotes/from-gcp-http [3ms]
2024-10-20 09:16:49.394 [info] > git status -z -uall [168ms]
2024-10-20 09:16:54.442 [info] > git config --get commit.template [20ms]
2024-10-20 09:16:54.443 [info] > git for-each-ref --format=%(refname)%00%(upstream:short)%00%(objectname)%00%(upstream:track)%00%(upstream:remotename)%00%(upstream:remoteref) refs/heads/from-gcp-http refs/remotes/from-gcp-http [3ms]
2024-10-20 09:16:54.630 [info] > git status -z -uall [166ms]
2024-10-20 09:16:59.677 [info] > git config --get commit.template [21ms]
2024-10-20 09:16:59.679 [info] > git for-each-ref --format=%(refname)%00%(upstream:short)%00%(objectname)%00%(upstream:track)%00%(upstream:remotename)%00%(upstream:remoteref) refs/heads/from-gcp-http refs/remotes/from-gcp-http [2ms]
2024-10-20 09:16:59.866 [info] > git status -z -uall [168ms]
2024-10-20 09:17:04.913 [info] > git config --get commit.template [22ms]
2024-10-20 09:17:04.915 [info] > git for-each-ref --format=%(refname)%00%(upstream:short)%00%(objectname)%00%(upstream:track)%00%(upstream:remotename)%00%(upstream:remoteref) refs/heads/from-gcp-http refs/remotes/from-gcp-http [3ms]
2024-10-20 09:17:05.100 [info] > git status -z -uall [166ms]
2024-10-20 09:17:10.148 [info] > git config --get commit.template [21ms]
2024-10-20 09:17:10.149 [info] > git for-each-ref --format=%(refname)%00%(upstream:short)%00%(objectname)%00%(upstream:track)%00%(upstream:remotename)%00%(upstream:remoteref) refs/heads/from-gcp-http refs/remotes/from-gcp-http [3ms]
2024-10-20 09:17:10.332 [info] > git status -z -uall [164ms]
2024-10-20 09:17:15.376 [info] > git config --get commit.template [20ms]
2024-10-20 09:17:15.377 [info] > git for-each-ref --format=%(refname)%00%(upstream:short)%00%(objectname)%00%(upstream:track)%00%(upstream:remotename)%00%(upstream:remoteref) refs/heads/from-gcp-http refs/remotes/from-gcp-http [2ms]
2024-10-20 09:17:15.559 [info] > git status -z -uall [163ms]
2024-10-20 09:17:20.590 [info] > git config --get commit.template [3ms]
2024-10-20 09:17:20.611 [info] > git for-each-ref --format=%(refname)%00%(upstream:short)%00%(objectname)%00%(upstream:track)%00%(upstream:remotename)%00%(upstream:remoteref) refs/heads/from-gcp-http refs/remotes/from-gcp-http [2ms]
2024-10-20 09:17:20.796 [info] > git status -z -uall [166ms]
2024-10-20 09:17:25.838 [info] > git config --get commit.template [19ms]
2024-10-20 09:17:25.840 [info] > git for-each-ref --format=%(refname)%00%(upstream:short)%00%(objectname)%00%(upstream:track)%00%(upstream:remotename)%00%(upstream:remoteref) refs/heads/from-gcp-http refs/remotes/from-gcp-http [3ms]
2024-10-20 09:17:26.021 [info] > git status -z -uall [162ms]
2024-10-20 09:17:31.068 [info] > git config --get commit.template [18ms]
2024-10-20 09:17:31.069 [info] > git for-each-ref --format=%(refname)%00%(upstream:short)%00%(objectname)%00%(upstream:track)%00%(upstream:remotename)%00%(upstream:remoteref) refs/heads/from-gcp-http refs/remotes/from-gcp-http [3ms]
2024-10-20 09:17:31.256 [info] > git status -z -uall [168ms]
2024-10-20 09:17:36.302 [info] > git config --get commit.template [20ms]
2024-10-20 09:17:36.304 [info] > git for-each-ref --format=%(refname)%00%(upstream:short)%00%(objectname)%00%(upstream:track)%00%(upstream:remotename)%00%(upstream:remoteref) refs/heads/from-gcp-http refs/remotes/from-gcp-http [3ms]
2024-10-20 09:17:36.490 [info] > git status -z -uall [166ms]
2024-10-20 09:17:41.535 [info] > git config --get commit.template [19ms]
2024-10-20 09:17:41.536 [info] > git for-each-ref --format=%(refname)%00%(upstream:short)%00%(objectname)%00%(upstream:track)%00%(upstream:remotename)%00%(upstream:remoteref) refs/heads/from-gcp-http refs/remotes/from-gcp-http [2ms]
2024-10-20 09:17:41.721 [info] > git status -z -uall [166ms]
2024-10-20 09:17:46.766 [info] > git config --get commit.template [19ms]
2024-10-20 09:17:46.767 [info] > git for-each-ref --format=%(refname)%00%(upstream:short)%00%(objectname)%00%(upstream:track)%00%(upstream:remotename)%00%(upstream:remoteref) refs/heads/from-gcp-http refs/remotes/from-gcp-http [2ms]
2024-10-20 09:17:46.951 [info] > git status -z -uall [165ms]
2024-10-20 09:17:51.997 [info] > git config --get commit.template [19ms]
2024-10-20 09:17:51.998 [info] > git for-each-ref --format=%(refname)%00%(upstream:short)%00%(objectname)%00%(upstream:track)%00%(upstream:remotename)%00%(upstream:remoteref) refs/heads/from-gcp-http refs/remotes/from-gcp-http [3ms]
2024-10-20 09:17:52.182 [info] > git status -z -uall [166ms]
2024-10-20 09:18:03.577 [info] > git config --get commit.template [20ms]
2024-10-20 09:18:03.579 [info] > git for-each-ref --format=%(refname)%00%(upstream:short)%00%(objectname)%00%(upstream:track)%00%(upstream:remotename)%00%(upstream:remoteref) refs/heads/from-gcp-http refs/remotes/from-gcp-http [3ms]
2024-10-20 09:18:03.764 [info] > git status -z -uall [166ms]
2024-10-20 09:18:08.808 [info] > git config --get commit.template [18ms]
2024-10-20 09:18:08.809 [info] > git for-each-ref --format=%(refname)%00%(upstream:short)%00%(objectname)%00%(upstream:track)%00%(upstream:remotename)%00%(upstream:remoteref) refs/heads/from-gcp-http refs/remotes/from-gcp-http [3ms]
2024-10-20 09:18:08.992 [info] > git status -z -uall [164ms]
2024-10-20 09:18:14.036 [info] > git config --get commit.template [19ms]
2024-10-20 09:18:14.037 [info] > git for-each-ref --format=%(refname)%00%(upstream:short)%00%(objectname)%00%(upstream:track)%00%(upstream:remotename)%00%(upstream:remoteref) refs/heads/from-gcp-http refs/remotes/from-gcp-http [3ms]
2024-10-20 09:18:14.227 [info] > git status -z -uall [169ms]
2024-10-20 09:18:19.272 [info] > git config --get commit.template [20ms]
2024-10-20 09:18:19.274 [info] > git for-each-ref --format=%(refname)%00%(upstream:short)%00%(objectname)%00%(upstream:track)%00%(upstream:remotename)%00%(upstream:remoteref) refs/heads/from-gcp-http refs/remotes/from-gcp-http [2ms]
2024-10-20 09:18:19.456 [info] > git status -z -uall [164ms]
2024-10-20 09:18:22.147 [info] > git fetch [602ms]
2024-10-20 09:18:22.187 [info] > git config --get commit.template [20ms]
2024-10-20 09:18:22.188 [info] > git for-each-ref --format=%(refname)%00%(upstream:short)%00%(objectname)%00%(upstream:track)%00%(upstream:remotename)%00%(upstream:remoteref) refs/heads/from-gcp-http refs/remotes/from-gcp-http [3ms]
2024-10-20 09:18:22.374 [info] > git status -z -uall [167ms]
2024-10-20 09:18:23.464 [info] > git ls-files --stage -- /home/youwantsomethings/etl_pipeline_dag.py [12ms]
2024-10-20 09:18:23.567 [info] > git show --textconv :etl_pipeline_dag.py [11ms]
2024-10-20 09:18:24.504 [info] > git config --get commit.template [19ms]
2024-10-20 09:18:24.505 [info] > git for-each-ref --format=%(refname)%00%(upstream:short)%00%(objectname)%00%(upstream:track)%00%(upstream:remotename)%00%(upstream:remoteref) refs/heads/from-gcp-http refs/remotes/from-gcp-http [3ms]
2024-10-20 09:18:24.690 [info] > git status -z -uall [166ms]
2024-10-20 09:18:29.733 [info] > git config --get commit.template [19ms]
2024-10-20 09:18:29.734 [info] > git for-each-ref --format=%(refname)%00%(upstream:short)%00%(objectname)%00%(upstream:track)%00%(upstream:remotename)%00%(upstream:remoteref) refs/heads/from-gcp-http refs/remotes/from-gcp-http [2ms]
2024-10-20 09:18:29.916 [info] > git status -z -uall [162ms]
2024-10-20 09:18:34.963 [info] > git config --get commit.template [22ms]
2024-10-20 09:18:34.965 [info] > git for-each-ref --format=%(refname)%00%(upstream:short)%00%(objectname)%00%(upstream:track)%00%(upstream:remotename)%00%(upstream:remoteref) refs/heads/from-gcp-http refs/remotes/from-gcp-http [2ms]
2024-10-20 09:18:35.151 [info] > git status -z -uall [168ms]
2024-10-20 09:19:34.107 [info] > git config --get commit.template [22ms]
2024-10-20 09:19:34.108 [info] > git for-each-ref --format=%(refname)%00%(upstream:short)%00%(objectname)%00%(upstream:track)%00%(upstream:remotename)%00%(upstream:remoteref) refs/heads/from-gcp-http refs/remotes/from-gcp-http [2ms]
2024-10-20 09:19:34.292 [info] > git status -z -uall [164ms]
2024-10-20 09:19:39.335 [info] > git config --get commit.template [19ms]
2024-10-20 09:19:39.336 [info] > git for-each-ref --format=%(refname)%00%(upstream:short)%00%(objectname)%00%(upstream:track)%00%(upstream:remotename)%00%(upstream:remoteref) refs/heads/from-gcp-http refs/remotes/from-gcp-http [2ms]
2024-10-20 09:19:39.522 [info] > git status -z -uall [166ms]
2024-10-20 09:19:44.552 [info] > git config --get commit.template [2ms]
2024-10-20 09:19:44.573 [info] > git for-each-ref --format=%(refname)%00%(upstream:short)%00%(objectname)%00%(upstream:track)%00%(upstream:remotename)%00%(upstream:remoteref) refs/heads/from-gcp-http refs/remotes/from-gcp-http [2ms]
2024-10-20 09:19:44.759 [info] > git status -z -uall [167ms]
2024-10-20 09:19:49.804 [info] > git config --get commit.template [20ms]
2024-10-20 09:19:49.805 [info] > git for-each-ref --format=%(refname)%00%(upstream:short)%00%(objectname)%00%(upstream:track)%00%(upstream:remotename)%00%(upstream:remoteref) refs/heads/from-gcp-http refs/remotes/from-gcp-http [2ms]
2024-10-20 09:19:49.989 [info] > git status -z -uall [165ms]
2024-10-20 09:19:55.037 [info] > git config --get commit.template [20ms]
2024-10-20 09:19:55.039 [info] > git for-each-ref --format=%(refname)%00%(upstream:short)%00%(objectname)%00%(upstream:track)%00%(upstream:remotename)%00%(upstream:remoteref) refs/heads/from-gcp-http refs/remotes/from-gcp-http [2ms]
2024-10-20 09:19:55.223 [info] > git status -z -uall [166ms]
2024-10-20 09:20:00.269 [info] > git config --get commit.template [21ms]
2024-10-20 09:20:00.271 [info] > git for-each-ref --format=%(refname)%00%(upstream:short)%00%(objectname)%00%(upstream:track)%00%(upstream:remotename)%00%(upstream:remoteref) refs/heads/from-gcp-http refs/remotes/from-gcp-http [3ms]
2024-10-20 09:20:00.511 [info] > git status -z -uall [218ms]
2024-10-20 09:20:05.557 [info] > git config --get commit.template [20ms]
2024-10-20 09:20:05.558 [info] > git for-each-ref --format=%(refname)%00%(upstream:short)%00%(objectname)%00%(upstream:track)%00%(upstream:remotename)%00%(upstream:remoteref) refs/heads/from-gcp-http refs/remotes/from-gcp-http [2ms]
2024-10-20 09:20:05.784 [info] > git status -z -uall [204ms]
2024-10-20 09:20:10.829 [info] > git config --get commit.template [19ms]
2024-10-20 09:20:10.830 [info] > git for-each-ref --format=%(refname)%00%(upstream:short)%00%(objectname)%00%(upstream:track)%00%(upstream:remotename)%00%(upstream:remoteref) refs/heads/from-gcp-http refs/remotes/from-gcp-http [2ms]
2024-10-20 09:20:11.044 [info] > git status -z -uall [194ms]
2024-10-20 09:20:17.539 [info] > git config --get commit.template [2ms]
2024-10-20 09:20:17.562 [info] > git for-each-ref --format=%(refname)%00%(upstream:short)%00%(objectname)%00%(upstream:track)%00%(upstream:remotename)%00%(upstream:remoteref) refs/heads/from-gcp-http refs/remotes/from-gcp-http [2ms]
2024-10-20 09:20:17.746 [info] > git status -z -uall [165ms]
2024-10-20 09:21:37.052 [info] > git config --get commit.template [21ms]
2024-10-20 09:21:37.054 [info] > git for-each-ref --format=%(refname)%00%(upstream:short)%00%(objectname)%00%(upstream:track)%00%(upstream:remotename)%00%(upstream:remoteref) refs/heads/from-gcp-http refs/remotes/from-gcp-http [3ms]
2024-10-20 09:21:37.243 [info] > git status -z -uall [170ms]
2024-10-20 09:21:37.645 [info] > git fetch [635ms]
2024-10-20 09:21:37.684 [info] > git config --get commit.template [20ms]
2024-10-20 09:21:37.686 [info] > git for-each-ref --format=%(refname)%00%(upstream:short)%00%(objectname)%00%(upstream:track)%00%(upstream:remotename)%00%(upstream:remoteref) refs/heads/from-gcp-http refs/remotes/from-gcp-http [3ms]
2024-10-20 09:21:37.868 [info] > git status -z -uall [163ms]
2024-10-20 09:21:39.169 [info] > git ls-files --stage -- /home/youwantsomethings/etl_pipeline_dag.py [12ms]
2024-10-20 09:21:39.272 [info] > git show --textconv :etl_pipeline_dag.py [10ms]
2024-10-20 09:21:42.289 [info] > git config --get commit.template [19ms]
2024-10-20 09:21:42.290 [info] > git for-each-ref --format=%(refname)%00%(upstream:short)%00%(objectname)%00%(upstream:track)%00%(upstream:remotename)%00%(upstream:remoteref) refs/heads/from-gcp-http refs/remotes/from-gcp-http [2ms]
2024-10-20 09:21:42.473 [info] > git status -z -uall [164ms]
2024-10-20 09:21:47.518 [info] > git config --get commit.template [20ms]
2024-10-20 09:21:47.520 [info] > git for-each-ref --format=%(refname)%00%(upstream:short)%00%(objectname)%00%(upstream:track)%00%(upstream:remotename)%00%(upstream:remoteref) refs/heads/from-gcp-http refs/remotes/from-gcp-http [2ms]
2024-10-20 09:21:47.706 [info] > git status -z -uall [166ms]
2024-10-20 09:22:20.295 [info] > git config --get commit.template [19ms]
2024-10-20 09:22:20.297 [info] > git for-each-ref --format=%(refname)%00%(upstream:short)%00%(objectname)%00%(upstream:track)%00%(upstream:remotename)%00%(upstream:remoteref) refs/heads/from-gcp-http refs/remotes/from-gcp-http [3ms]
2024-10-20 09:22:20.509 [info] > git status -z -uall [192ms]
2024-10-20 09:22:25.553 [info] > git config --get commit.template [19ms]
2024-10-20 09:22:25.555 [info] > git for-each-ref --format=%(refname)%00%(upstream:short)%00%(objectname)%00%(upstream:track)%00%(upstream:remotename)%00%(upstream:remoteref) refs/heads/from-gcp-http refs/remotes/from-gcp-http [3ms]
2024-10-20 09:22:25.737 [info] > git status -z -uall [163ms]
2024-10-20 09:22:30.782 [info] > git config --get commit.template [19ms]
2024-10-20 09:22:30.784 [info] > git for-each-ref --format=%(refname)%00%(upstream:short)%00%(objectname)%00%(upstream:track)%00%(upstream:remotename)%00%(upstream:remoteref) refs/heads/from-gcp-http refs/remotes/from-gcp-http [3ms]
2024-10-20 09:22:30.966 [info] > git status -z -uall [162ms]
2024-10-20 09:22:36.012 [info] > git config --get commit.template [22ms]
2024-10-20 09:22:36.013 [info] > git for-each-ref --format=%(refname)%00%(upstream:short)%00%(objectname)%00%(upstream:track)%00%(upstream:remotename)%00%(upstream:remoteref) refs/heads/from-gcp-http refs/remotes/from-gcp-http [2ms]
2024-10-20 09:22:36.196 [info] > git status -z -uall [164ms]
2024-10-20 09:22:41.242 [info] > git config --get commit.template [22ms]
2024-10-20 09:22:41.243 [info] > git for-each-ref --format=%(refname)%00%(upstream:short)%00%(objectname)%00%(upstream:track)%00%(upstream:remotename)%00%(upstream:remoteref) refs/heads/from-gcp-http refs/remotes/from-gcp-http [3ms]
2024-10-20 09:22:41.441 [info] > git status -z -uall [179ms]
2024-10-20 09:22:46.488 [info] > git config --get commit.template [21ms]
2024-10-20 09:22:46.489 [info] > git for-each-ref --format=%(refname)%00%(upstream:short)%00%(objectname)%00%(upstream:track)%00%(upstream:remotename)%00%(upstream:remoteref) refs/heads/from-gcp-http refs/remotes/from-gcp-http [2ms]
2024-10-20 09:22:46.674 [info] > git status -z -uall [165ms]
2024-10-20 09:31:34.102 [info] > git config --get commit.template [24ms]
2024-10-20 09:31:34.103 [info] > git for-each-ref --format=%(refname)%00%(upstream:short)%00%(objectname)%00%(upstream:track)%00%(upstream:remotename)%00%(upstream:remoteref) refs/heads/from-gcp-http refs/remotes/from-gcp-http [3ms]
2024-10-20 09:31:34.301 [info] > git status -z -uall [174ms]
2024-10-20 09:31:34.695 [info] > git fetch [638ms]
2024-10-20 09:31:34.741 [info] > git for-each-ref --format=%(refname)%00%(upstream:short)%00%(objectname)%00%(upstream:track)%00%(upstream:remotename)%00%(upstream:remoteref) refs/heads/from-gcp-http refs/remotes/from-gcp-http [3ms]
2024-10-20 09:31:34.741 [info] > git config --get commit.template [26ms]
2024-10-20 09:31:35.015 [info] > git status -z -uall [237ms]
2024-10-20 09:31:36.127 [info] > git ls-files --stage -- /home/youwantsomethings/etl_pipeline_dag.py [13ms]
2024-10-20 09:31:36.214 [info] > git show --textconv :etl_pipeline_dag.py [12ms]
2024-10-20 09:31:39.345 [info] > git config --get commit.template [21ms]
2024-10-20 09:31:39.347 [info] > git for-each-ref --format=%(refname)%00%(upstream:short)%00%(objectname)%00%(upstream:track)%00%(upstream:remotename)%00%(upstream:remoteref) refs/heads/from-gcp-http refs/remotes/from-gcp-http [2ms]
2024-10-20 09:31:39.533 [info] > git status -z -uall [167ms]
2024-10-20 09:31:44.580 [info] > git config --get commit.template [21ms]
2024-10-20 09:31:44.582 [info] > git for-each-ref --format=%(refname)%00%(upstream:short)%00%(objectname)%00%(upstream:track)%00%(upstream:remotename)%00%(upstream:remoteref) refs/heads/from-gcp-http refs/remotes/from-gcp-http [3ms]
2024-10-20 09:31:44.768 [info] > git status -z -uall [165ms]
2024-10-20 09:31:52.559 [info] > git config --get commit.template [20ms]
2024-10-20 09:31:52.560 [info] > git for-each-ref --format=%(refname)%00%(upstream:short)%00%(objectname)%00%(upstream:track)%00%(upstream:remotename)%00%(upstream:remoteref) refs/heads/from-gcp-http refs/remotes/from-gcp-http [3ms]
2024-10-20 09:31:52.745 [info] > git status -z -uall [164ms]
2024-10-20 09:31:57.775 [info] > git config --get commit.template [3ms]
2024-10-20 09:31:57.796 [info] > git for-each-ref --format=%(refname)%00%(upstream:short)%00%(objectname)%00%(upstream:track)%00%(upstream:remotename)%00%(upstream:remoteref) refs/heads/from-gcp-http refs/remotes/from-gcp-http [3ms]
2024-10-20 09:31:57.980 [info] > git status -z -uall [164ms]
2024-10-20 09:32:03.025 [info] > git config --get commit.template [21ms]
2024-10-20 09:32:03.027 [info] > git for-each-ref --format=%(refname)%00%(upstream:short)%00%(objectname)%00%(upstream:track)%00%(upstream:remotename)%00%(upstream:remoteref) refs/heads/from-gcp-http refs/remotes/from-gcp-http [3ms]
2024-10-20 09:32:03.211 [info] > git status -z -uall [164ms]
2024-10-20 09:32:08.258 [info] > git config --get commit.template [21ms]
2024-10-20 09:32:08.260 [info] > git for-each-ref --format=%(refname)%00%(upstream:short)%00%(objectname)%00%(upstream:track)%00%(upstream:remotename)%00%(upstream:remoteref) refs/heads/from-gcp-http refs/remotes/from-gcp-http [3ms]
2024-10-20 09:32:08.444 [info] > git status -z -uall [165ms]
2024-10-20 09:32:13.490 [info] > git config --get commit.template [20ms]
2024-10-20 09:32:13.492 [info] > git for-each-ref --format=%(refname)%00%(upstream:short)%00%(objectname)%00%(upstream:track)%00%(upstream:remotename)%00%(upstream:remoteref) refs/heads/from-gcp-http refs/remotes/from-gcp-http [3ms]
2024-10-20 09:32:13.678 [info] > git status -z -uall [166ms]
2024-10-20 09:32:18.722 [info] > git config --get commit.template [21ms]
2024-10-20 09:32:18.724 [info] > git for-each-ref --format=%(refname)%00%(upstream:short)%00%(objectname)%00%(upstream:track)%00%(upstream:remotename)%00%(upstream:remoteref) refs/heads/from-gcp-http refs/remotes/from-gcp-http [3ms]
2024-10-20 09:32:18.907 [info] > git status -z -uall [163ms]
2024-10-20 09:32:23.956 [info] > git config --get commit.template [21ms]
2024-10-20 09:32:23.957 [info] > git for-each-ref --format=%(refname)%00%(upstream:short)%00%(objectname)%00%(upstream:track)%00%(upstream:remotename)%00%(upstream:remoteref) refs/heads/from-gcp-http refs/remotes/from-gcp-http [3ms]
2024-10-20 09:32:24.145 [info] > git status -z -uall [168ms]
2024-10-20 09:32:29.192 [info] > git config --get commit.template [21ms]
2024-10-20 09:32:29.194 [info] > git for-each-ref --format=%(refname)%00%(upstream:short)%00%(objectname)%00%(upstream:track)%00%(upstream:remotename)%00%(upstream:remoteref) refs/heads/from-gcp-http refs/remotes/from-gcp-http [3ms]
2024-10-20 09:32:29.380 [info] > git status -z -uall [166ms]
2024-10-20 09:32:34.426 [info] > git config --get commit.template [21ms]
2024-10-20 09:32:34.427 [info] > git for-each-ref --format=%(refname)%00%(upstream:short)%00%(objectname)%00%(upstream:track)%00%(upstream:remotename)%00%(upstream:remoteref) refs/heads/from-gcp-http refs/remotes/from-gcp-http [2ms]
2024-10-20 09:32:34.622 [info] > git status -z -uall [174ms]
2024-10-20 09:32:39.669 [info] > git config --get commit.template [19ms]
2024-10-20 09:32:39.670 [info] > git for-each-ref --format=%(refname)%00%(upstream:short)%00%(objectname)%00%(upstream:track)%00%(upstream:remotename)%00%(upstream:remoteref) refs/heads/from-gcp-http refs/remotes/from-gcp-http [3ms]
2024-10-20 09:32:39.862 [info] > git status -z -uall [168ms]
2024-10-20 09:32:44.907 [info] > git config --get commit.template [20ms]
2024-10-20 09:32:44.909 [info] > git for-each-ref --format=%(refname)%00%(upstream:short)%00%(objectname)%00%(upstream:track)%00%(upstream:remotename)%00%(upstream:remoteref) refs/heads/from-gcp-http refs/remotes/from-gcp-http [3ms]
2024-10-20 09:32:45.098 [info] > git status -z -uall [168ms]
2024-10-20 09:34:22.562 [info] > git check-ignore -v -z --stdin [13ms]
2024-10-20 09:41:44.581 [info] > git config --get commit.template [26ms]
2024-10-20 09:41:44.584 [info] > git for-each-ref --format=%(refname)%00%(upstream:short)%00%(objectname)%00%(upstream:track)%00%(upstream:remotename)%00%(upstream:remoteref) refs/heads/from-gcp-http refs/remotes/from-gcp-http [4ms]
2024-10-20 09:41:44.772 [info] > git status -z -uall [169ms]
2024-10-20 09:41:45.152 [info] > git fetch [619ms]
2024-10-20 09:41:45.194 [info] > git config --get commit.template [22ms]
2024-10-20 09:41:45.195 [info] > git for-each-ref --format=%(refname)%00%(upstream:short)%00%(objectname)%00%(upstream:track)%00%(upstream:remotename)%00%(upstream:remoteref) refs/heads/from-gcp-http refs/remotes/from-gcp-http [3ms]
2024-10-20 09:41:45.381 [info] > git status -z -uall [167ms]
2024-10-20 09:41:46.566 [info] > git ls-files --stage -- /home/youwantsomethings/etl_pipeline_dag.py [13ms]
2024-10-20 09:41:46.760 [info] > git show --textconv :etl_pipeline_dag.py [10ms]
2024-10-20 10:05:54.556 [info] > git config --get commit.template [21ms]
2024-10-20 10:05:54.558 [info] > git for-each-ref --format=%(refname)%00%(upstream:short)%00%(objectname)%00%(upstream:track)%00%(upstream:remotename)%00%(upstream:remoteref) refs/heads/from-gcp-http refs/remotes/from-gcp-http [3ms]
2024-10-20 10:05:54.751 [info] > git status -z -uall [174ms]
2024-10-20 10:05:55.110 [info] > git fetch [597ms]
2024-10-20 10:05:55.132 [info] > git config --get commit.template [1ms]
2024-10-20 10:05:55.154 [info] > git for-each-ref --format=%(refname)%00%(upstream:short)%00%(objectname)%00%(upstream:track)%00%(upstream:remotename)%00%(upstream:remoteref) refs/heads/from-gcp-http refs/remotes/from-gcp-http [3ms]
2024-10-20 10:05:55.341 [info] > git status -z -uall [166ms]
2024-10-20 10:05:56.557 [info] > git ls-files --stage -- /home/youwantsomethings/etl_pipeline_dag.py [13ms]
2024-10-20 10:05:56.647 [info] > git show --textconv :etl_pipeline_dag.py [10ms]
2024-10-20 10:05:59.798 [info] > git config --get commit.template [20ms]
2024-10-20 10:05:59.799 [info] > git for-each-ref --format=%(refname)%00%(upstream:short)%00%(objectname)%00%(upstream:track)%00%(upstream:remotename)%00%(upstream:remoteref) refs/heads/from-gcp-http refs/remotes/from-gcp-http [2ms]
2024-10-20 10:05:59.984 [info] > git status -z -uall [166ms]
2024-10-20 10:06:10.421 [info] > git config --get commit.template [3ms]
2024-10-20 10:06:10.448 [info] > git for-each-ref --format=%(refname)%00%(upstream:short)%00%(objectname)%00%(upstream:track)%00%(upstream:remotename)%00%(upstream:remoteref) refs/heads/from-gcp-http refs/remotes/from-gcp-http [3ms]
2024-10-20 10:06:10.636 [info] > git status -z -uall [168ms]
2024-10-20 10:06:15.681 [info] > git config --get commit.template [20ms]
2024-10-20 10:06:15.683 [info] > git for-each-ref --format=%(refname)%00%(upstream:short)%00%(objectname)%00%(upstream:track)%00%(upstream:remotename)%00%(upstream:remoteref) refs/heads/from-gcp-http refs/remotes/from-gcp-http [3ms]
2024-10-20 10:06:15.866 [info] > git status -z -uall [164ms]
2024-10-20 10:06:20.911 [info] > git config --get commit.template [20ms]
2024-10-20 10:06:20.913 [info] > git for-each-ref --format=%(refname)%00%(upstream:short)%00%(objectname)%00%(upstream:track)%00%(upstream:remotename)%00%(upstream:remoteref) refs/heads/from-gcp-http refs/remotes/from-gcp-http [3ms]
2024-10-20 10:06:21.100 [info] > git status -z -uall [168ms]
2024-10-20 10:14:39.834 [info] > git config --get commit.template [21ms]
2024-10-20 10:14:39.836 [info] > git for-each-ref --format=%(refname)%00%(upstream:short)%00%(objectname)%00%(upstream:track)%00%(upstream:remotename)%00%(upstream:remoteref) refs/heads/from-gcp-http refs/remotes/from-gcp-http [3ms]
2024-10-20 10:14:40.030 [info] > git status -z -uall [173ms]
2024-10-20 10:14:40.413 [info] > git fetch [622ms]
2024-10-20 10:14:40.461 [info] > git config --get commit.template [22ms]
2024-10-20 10:14:40.462 [info] > git for-each-ref --format=%(refname)%00%(upstream:short)%00%(objectname)%00%(upstream:track)%00%(upstream:remotename)%00%(upstream:remoteref) refs/heads/from-gcp-http refs/remotes/from-gcp-http [4ms]
2024-10-20 10:14:40.647 [info] > git status -z -uall [165ms]
2024-10-20 10:14:41.832 [info] > git ls-files --stage -- /home/youwantsomethings/etl_pipeline_dag.py [13ms]
2024-10-20 10:14:41.977 [info] > git show --textconv :etl_pipeline_dag.py [10ms]
2024-10-20 10:14:45.076 [info] > git config --get commit.template [20ms]
2024-10-20 10:14:45.077 [info] > git for-each-ref --format=%(refname)%00%(upstream:short)%00%(objectname)%00%(upstream:track)%00%(upstream:remotename)%00%(upstream:remoteref) refs/heads/from-gcp-http refs/remotes/from-gcp-http [3ms]
2024-10-20 10:14:45.286 [info] > git status -z -uall [189ms]
2024-10-20 10:34:17.315 [info] > git config --get commit.template [20ms]
2024-10-20 10:34:17.316 [info] > git for-each-ref --format=%(refname)%00%(upstream:short)%00%(objectname)%00%(upstream:track)%00%(upstream:remotename)%00%(upstream:remoteref) refs/heads/from-gcp-http refs/remotes/from-gcp-http [3ms]
2024-10-20 10:34:17.511 [info] > git status -z -uall [175ms]
2024-10-20 10:34:17.875 [info] > git fetch [603ms]
2024-10-20 10:34:17.914 [info] > git config --get commit.template [19ms]
2024-10-20 10:34:17.916 [info] > git for-each-ref --format=%(refname)%00%(upstream:short)%00%(objectname)%00%(upstream:track)%00%(upstream:remotename)%00%(upstream:remoteref) refs/heads/from-gcp-http refs/remotes/from-gcp-http [3ms]
2024-10-20 10:34:18.101 [info] > git status -z -uall [165ms]
2024-10-20 10:34:19.312 [info] > git ls-files --stage -- /home/youwantsomethings/etl_pipeline_dag.py [12ms]
2024-10-20 10:34:19.422 [info] > git show --textconv :etl_pipeline_dag.py [10ms]
2024-10-20 10:34:22.557 [info] > git config --get commit.template [21ms]
2024-10-20 10:34:22.559 [info] > git for-each-ref --format=%(refname)%00%(upstream:short)%00%(objectname)%00%(upstream:track)%00%(upstream:remotename)%00%(upstream:remoteref) refs/heads/from-gcp-http refs/remotes/from-gcp-http [3ms]
2024-10-20 10:34:22.749 [info] > git status -z -uall [171ms]
2024-10-20 10:34:27.796 [info] > git config --get commit.template [20ms]
2024-10-20 10:34:27.797 [info] > git for-each-ref --format=%(refname)%00%(upstream:short)%00%(objectname)%00%(upstream:track)%00%(upstream:remotename)%00%(upstream:remoteref) refs/heads/from-gcp-http refs/remotes/from-gcp-http [3ms]
2024-10-20 10:34:27.985 [info] > git status -z -uall [169ms]
