2024-10-10 04:19:53.558 [info] Extension host with pid 1239 started
2024-10-10 04:19:53.558 [error] Error: EEXIST: file already exists, open '/home/youwantsomethings/.codeoss/data/User/workspaceStorage/-1a8ceb9f/vscode.lock'
2024-10-10 04:19:53.585 [info] Lock '/home/youwantsomethings/.codeoss/data/User/workspaceStorage/-1a8ceb9f/vscode.lock': Could not acquire lock, checking if the file is stale.
2024-10-10 04:19:53.586 [info] Lock '/home/youwantsomethings/.codeoss/data/User/workspaceStorage/-1a8ceb9f/vscode.lock': The pid 1207 appears to be gone.
2024-10-10 04:19:53.586 [info] Lock '/home/youwantsomethings/.codeoss/data/User/workspaceStorage/-1a8ceb9f/vscode.lock': Deleting a stale lock.
2024-10-10 04:19:53.593 [info] Lock '/home/youwantsomethings/.codeoss/data/User/workspaceStorage/-1a8ceb9f/vscode.lock': Lock acquired.
2024-10-10 04:19:53.751 [info] ExtensionService#_doActivateExtension vscode.emmet, startup: false, activationEvent: 'onLanguage'
2024-10-10 04:19:53.753 [info] ExtensionService#_doActivateExtension ms-python.python, startup: false, activationEvent: 'onLanguage:python'
2024-10-10 04:19:54.402 [info] ExtensionService#_doActivateExtension vscode.git-base, startup: true, activationEvent: '*', root cause: vscode.git
2024-10-10 04:19:54.564 [info] ExtensionService#_doActivateExtension vscode.git, startup: true, activationEvent: '*'
2024-10-10 04:19:54.564 [info] ExtensionService#_doActivateExtension vscode.github, startup: true, activationEvent: '*'
2024-10-10 04:19:55.603 [info] ExtensionService#_doActivateExtension redhat.fabric8-analytics, startup: true, activationEvent: 'workspaceContains:**/package.json,**/pom.xml,**/go.mod,**/requirements.txt'
2024-10-10 04:19:56.098 [info] Eager extensions activated
2024-10-10 04:19:56.098 [info] ExtensionService#_doActivateExtension EditorConfig.EditorConfig, startup: false, activationEvent: 'onStartupFinished'
2024-10-10 04:19:56.099 [info] ExtensionService#_doActivateExtension google.cloud-shell, startup: false, activationEvent: 'onStartupFinished'
2024-10-10 04:19:56.099 [info] ExtensionService#_doActivateExtension googlecloudtools.cloudcode, startup: false, activationEvent: 'onStartupFinished'
2024-10-10 04:19:56.100 [info] ExtensionService#_doActivateExtension vscode.debug-auto-launch, startup: false, activationEvent: 'onStartupFinished'
2024-10-10 04:19:56.101 [info] ExtensionService#_doActivateExtension vscode.merge-conflict, startup: false, activationEvent: 'onStartupFinished'
2024-10-10 04:20:00.209 [info] ExtensionService#_doActivateExtension vscode.json-language-features, startup: false, activationEvent: 'onLanguage:jsonc'
2024-10-10 04:20:00.209 [info] ExtensionService#_doActivateExtension vscode.typescript-language-features, startup: false, activationEvent: 'onLanguage:jsonc'
2024-10-10 04:28:35.871 [info] ExtensionService#_doActivateExtension vscode.github-authentication, startup: false, activationEvent: 'onAuthenticationRequest:github'
2024-10-10 04:37:08.237 [warning] [Decorations] CAPPING events from decorations provider vscode.git 10000
2024-10-10 04:37:10.451 [warning] [Decorations] CAPPING events from decorations provider vscode.git 10000
2024-10-10 04:38:25.439 [warning] [Decorations] CAPPING events from decorations provider vscode.git 10000
2024-10-10 04:38:27.020 [error] Error: Failed to execute git
    at t.Git._exec (/google/devshell/editor/code-oss-for-cloud-shell/extensions/git/dist/main.js:2:129576)
    at processTicksAndRejections (node:internal/process/task_queues:95:5)
    at t.Git.exec (/google/devshell/editor/code-oss-for-cloud-shell/extensions/git/dist/main.js:2:128644)
    at N.exec (/google/devshell/editor/code-oss-for-cloud-shell/extensions/git/dist/main.js:2:134147)
    at N.handleCommitError (/google/devshell/editor/code-oss-for-cloud-shell/extensions/git/dist/main.js:2:141619)
    at N.commit (/google/devshell/editor/code-oss-for-cloud-shell/extensions/git/dist/main.js:2:141129)
    at /google/devshell/editor/code-oss-for-cloud-shell/extensions/git/dist/main.js:2:231394
    at T.retryRun (/google/devshell/editor/code-oss-for-cloud-shell/extensions/git/dist/main.js:2:246326)
    at T.run (/google/devshell/editor/code-oss-for-cloud-shell/extensions/git/dist/main.js:2:245930)
    at T.commit (/google/devshell/editor/code-oss-for-cloud-shell/extensions/git/dist/main.js:2:231076)
    at /google/devshell/editor/code-oss-for-cloud-shell/extensions/github/dist/extension.js:2:16497
2024-10-10 04:41:20.099 [warning] [Decorations] CAPPING events from decorations provider vscode.git 10000
2024-10-10 04:41:38.889 [warning] [Decorations] CAPPING events from decorations provider vscode.git 10000
2024-10-10 04:41:48.164 [warning] [Decorations] CAPPING events from decorations provider vscode.git 10000
2024-10-10 04:43:51.325 [warning] [Decorations] CAPPING events from decorations provider vscode.git 10002
2024-10-10 05:08:01.321 [error] [ms-python.python] provider FAILED
2024-10-10 05:08:01.350 [error] Error: FileNotFoundError: [Errno 2] No such file or directory: '/home/youwantsomethings/Untitled-1'
    at ae (/google/devshell/editor/code-oss-for-cloud-shell/extensions/ms-python.python/out/client/extension.js:2:2306827)
    at oe (/google/devshell/editor/code-oss-for-cloud-shell/extensions/ms-python.python/out/client/extension.js:2:2304787)
    at Immediate.<anonymous> (/google/devshell/editor/code-oss-for-cloud-shell/extensions/ms-python.python/out/client/extension.js:2:2301081)
    at processImmediate (node:internal/timers:476:21)
2024-10-10 05:26:29.435 [warning] [Decorations] CAPPING events from decorations provider vscode.git 600
2024-10-10 05:26:30.064 [warning] [Decorations] CAPPING events from decorations provider vscode.git 601
2024-10-10 05:26:34.665 [warning] [Decorations] CAPPING events from decorations provider vscode.git 601
2024-10-10 05:26:39.886 [warning] [Decorations] CAPPING events from decorations provider vscode.git 601
2024-10-10 05:26:49.509 [warning] [Decorations] CAPPING events from decorations provider vscode.git 601
2024-10-10 05:26:54.730 [warning] [Decorations] CAPPING events from decorations provider vscode.git 601
2024-10-10 05:26:59.955 [warning] [Decorations] CAPPING events from decorations provider vscode.git 601
2024-10-10 05:27:05.180 [warning] [Decorations] CAPPING events from decorations provider vscode.git 601
2024-10-10 05:27:10.395 [warning] [Decorations] CAPPING events from decorations provider vscode.git 601
2024-10-10 05:27:15.613 [warning] [Decorations] CAPPING events from decorations provider vscode.git 602
2024-10-10 05:28:18.795 [warning] [Decorations] CAPPING events from decorations provider vscode.git 602
2024-10-10 05:28:24.031 [warning] [Decorations] CAPPING events from decorations provider vscode.git 603
2024-10-10 05:29:03.863 [warning] [Decorations] CAPPING events from decorations provider vscode.git 603
2024-10-10 05:29:46.201 [warning] [Decorations] CAPPING events from decorations provider vscode.git 603
2024-10-10 05:29:46.817 [warning] [Decorations] CAPPING events from decorations provider vscode.git 603
2024-10-10 05:29:58.176 [warning] [Decorations] CAPPING events from decorations provider vscode.git 603
2024-10-10 05:30:03.402 [warning] [Decorations] CAPPING events from decorations provider vscode.git 614
2024-10-10 05:30:54.272 [warning] [Decorations] CAPPING events from decorations provider vscode.git 616
2024-10-10 05:30:59.642 [warning] [Decorations] CAPPING events from decorations provider vscode.git 616
2024-10-10 05:31:09.091 [warning] [Decorations] CAPPING events from decorations provider vscode.git 616
2024-10-10 05:31:50.093 [warning] [Decorations] CAPPING events from decorations provider vscode.git 616
2024-10-10 05:31:55.312 [warning] [Decorations] CAPPING events from decorations provider vscode.git 617
2024-10-10 05:35:38.320 [warning] [Decorations] CAPPING events from decorations provider vscode.git 617
2024-10-10 05:35:38.950 [warning] [Decorations] CAPPING events from decorations provider vscode.git 617
2024-10-10 05:35:43.542 [warning] [Decorations] CAPPING events from decorations provider vscode.git 617
2024-10-10 05:35:48.736 [warning] [Decorations] CAPPING events from decorations provider vscode.git 617
