2024-10-08 14:08:06.738 [info] Log level: Info
2024-10-08 14:08:06.738 [info] Validating found git in: "git"
2024-10-08 14:08:06.738 [info] Using git "2.43.0" from "git"
2024-10-08 14:08:06.738 [info] > git rev-parse --show-toplevel [40ms]
2024-10-08 14:08:06.738 [info] fatal: not a git repository (or any parent up to mount point /)
Stopping at filesystem boundary (GIT_DISCOVERY_ACROSS_FILESYSTEM not set).
2024-10-08 14:08:06.738 [info] > git rev-parse --show-toplevel [14ms]
2024-10-08 14:08:06.738 [info] fatal: not a git repository (or any parent up to mount point /)
Stopping at filesystem boundary (GIT_DISCOVERY_ACROSS_FILESYSTEM not set).
2024-10-08 14:08:06.773 [info] > git rev-parse --show-toplevel [68ms]
2024-10-08 14:08:06.773 [info] fatal: not a git repository (or any parent up to mount point /)
Stopping at filesystem boundary (GIT_DISCOVERY_ACROSS_FILESYSTEM not set).
2024-10-08 14:08:06.854 [info] > git rev-parse --show-toplevel [8ms]
2024-10-08 14:08:06.854 [info] fatal: not a git repository (or any parent up to mount point /)
Stopping at filesystem boundary (GIT_DISCOVERY_ACROSS_FILESYSTEM not set).
2024-10-08 14:08:06.875 [info] > git rev-parse --show-toplevel [4ms]
2024-10-08 14:08:06.875 [info] fatal: not a git repository (or any parent up to mount point /)
Stopping at filesystem boundary (GIT_DISCOVERY_ACROSS_FILESYSTEM not set).
2024-10-08 14:08:06.896 [info] > git rev-parse --show-toplevel [5ms]
2024-10-08 14:08:06.896 [info] fatal: not a git repository (or any parent up to mount point /)
Stopping at filesystem boundary (GIT_DISCOVERY_ACROSS_FILESYSTEM not set).
2024-10-08 14:08:06.951 [info] > git rev-parse --show-toplevel [36ms]
2024-10-08 14:08:06.951 [info] fatal: not a git repository (or any parent up to mount point /)
Stopping at filesystem boundary (GIT_DISCOVERY_ACROSS_FILESYSTEM not set).
2024-10-08 14:08:07.062 [info] > git rev-parse --show-toplevel [17ms]
2024-10-08 14:08:07.062 [info] fatal: not a git repository (or any parent up to mount point /)
Stopping at filesystem boundary (GIT_DISCOVERY_ACROSS_FILESYSTEM not set).
2024-10-08 14:08:07.182 [info] > git rev-parse --show-toplevel [19ms]
2024-10-08 14:08:07.182 [info] fatal: not a git repository (or any parent up to mount point /)
Stopping at filesystem boundary (GIT_DISCOVERY_ACROSS_FILESYSTEM not set).
2024-10-08 14:08:07.232 [info] > git rev-parse --show-toplevel [20ms]
2024-10-08 14:08:07.232 [info] fatal: not a git repository (or any parent up to mount point /)
Stopping at filesystem boundary (GIT_DISCOVERY_ACROSS_FILESYSTEM not set).
2024-10-08 14:08:07.255 [info] > git rev-parse --show-toplevel [5ms]
2024-10-08 14:08:07.255 [info] fatal: not a git repository (or any parent up to mount point /)
Stopping at filesystem boundary (GIT_DISCOVERY_ACROSS_FILESYSTEM not set).
2024-10-08 14:08:07.274 [info] > git rev-parse --show-toplevel [5ms]
2024-10-08 14:08:07.274 [info] fatal: not a git repository (or any parent up to mount point /)
Stopping at filesystem boundary (GIT_DISCOVERY_ACROSS_FILESYSTEM not set).
2024-10-08 14:08:07.294 [info] > git rev-parse --show-toplevel [5ms]
2024-10-08 14:08:07.294 [info] fatal: not a git repository (or any parent up to mount point /)
Stopping at filesystem boundary (GIT_DISCOVERY_ACROSS_FILESYSTEM not set).
