Initializing document watcher...
Document watcher initialized
youwantsomethings/real_dataflow_etl.py: {}
/User/settings.json: Using EditorConfig core...
youwantsomethings/real_dataflow_etl.py: {}
youwantsomethings/real_dataflow_etl.py: {}
youwantsomethings/real_dataflow_etl.py: Using EditorConfig core...
youwantsomethings/real_dataflow_etl.py: Using EditorConfig core...
youwantsomethings/real_dataflow_etl.py: Using EditorConfig core...
youwantsomethings/real_dataflow_etl.py: {}
youwantsomethings/real_dataflow_etl.py: {}
youwantsomethings/real_dataflow_etl.py: {}
youwantsomethings/real_dataflow_etl.py: {}
youwantsomethings/real_dataflow_etl.py: {}
youwantsomethings/real_dataflow_etl.py: {}
youwantsomethings/real_dataflow_etl.py: Using EditorConfig core...
youwantsomethings/real_dataflow_etl.py: Using EditorConfig core...
youwantsomethings/real_dataflow_etl.py: Using EditorConfig core...
youwantsomethings/Untitled-1: {}
youwantsomethings/Untitled-1: {}
youwantsomethings/Untitled-1: {}
youwantsomethings/Untitled-2: {}
youwantsomethings/Untitled-2: Using EditorConfig core...
youwantsomethings/Untitled-2: {}
youwantsomethings/Untitled-1: {}
youwantsomethings/Untitled-1: {}
youwantsomethings/DataflowPipeline.java: Using EditorConfig core...
youwantsomethings/DataflowPipeline.java: {}
youwantsomethings/DataflowPipeline.java: {}
youwantsomethings/DataflowPipeline.java: {}
youwantsomethings/DataflowPipeline.java: {}
youwantsomethings/real_dataflow_etl.py: {}
youwantsomethings/real_dataflow_etl.py: {}
youwantsomethings/real_dataflow_etl.py: Using EditorConfig core...
youwantsomethings/real_dataflow_etl.py: {}
youwantsomethings/real_dataflow_etl.py: {}
youwantsomethings/real_dataflow_etl.py: {}
youwantsomethings/real_dataflow_etl.py: {}
youwantsomethings/real_dataflow_etl.py: {}
youwantsomethings/real_dataflow_etl.py: {}
youwantsomethings/real_dataflow_etl.py: {}
youwantsomethings/real_dataflow_etl.py: {}
youwantsomethings/real_dataflow_etl.py: {}
youwantsomethings/real_dataflow_etl.py: {}
youwantsomethings/real_dataflow_etl.py: {}
youwantsomethings/real_dataflow_etl.py: {}
youwantsomethings/real_dataflow_etl.py: {}
youwantsomethings/real_dataflow_etl.py: {}
youwantsomethings/real_dataflow_etl.py: Using EditorConfig core...
youwantsomethings/real_dataflow_etl.py: {}
youwantsomethings/real_dataflow_etl.py: {}
youwantsomethings/real_dataflow_etl.py: {}
youwantsomethings/real_dataflow_etl.py: Using EditorConfig core...
youwantsomethings/real_dataflow_etl.py: {}
youwantsomethings/real_dataflow_etl.py: {}
youwantsomethings/real_dataflow_etl.py: Using EditorConfig core...
youwantsomethings/real_dataflow_etl.py: {}
youwantsomethings/real_dataflow_etl.py: Using EditorConfig core...
youwantsomethings/real_dataflow_etl.py: {}
youwantsomethings/real_dataflow_etl.py: Using EditorConfig core...
youwantsomethings/real_dataflow_etl.py: {}
youwantsomethings/real_dataflow_etl.py: Using EditorConfig core...
youwantsomethings/real_dataflow_etl.py: {}
youwantsomethings/real_dataflow_etl.py: {}
youwantsomethings/real_dataflow_etl.py: {}
youwantsomethings/real_dataflow_etl.py: {}
youwantsomethings/real_dataflow_etl.py: {}
youwantsomethings/real_dataflow_etl.py: Using EditorConfig core...
youwantsomethings/real_dataflow_etl.py: Using EditorConfig core...
youwantsomethings/real_dataflow_etl.py: {}
youwantsomethings/real_dataflow_etl.py: {}
youwantsomethings/real_dataflow_etl.py: {}
youwantsomethings/real_dataflow_etl.py: Using EditorConfig core...
youwantsomethings/real_dataflow_etl.py: Using EditorConfig core...
youwantsomethings/real_dataflow_etl.py: Using EditorConfig core...
youwantsomethings/real_dataflow_etl.py: Using EditorConfig core...
youwantsomethings/real_dataflow_etl.py: Using EditorConfig core...
youwantsomethings/real_dataflow_etl.py: Using EditorConfig core...
youwantsomethings/real_dataflow_etl.py: Using EditorConfig core...
youwantsomethings/real_dataflow_etl.py: Using EditorConfig core...
youwantsomethings/real_dataflow_etl.py: Using EditorConfig core...
youwantsomethings/real_dataflow_etl.py: Using EditorConfig core...
youwantsomethings/real_dataflow_etl.py: Using EditorConfig core...
youwantsomethings/real_dataflow_etl.py: {}
youwantsomethings/real_dataflow_etl.py: {}
youwantsomethings/real_dataflow_etl.py: {}
youwantsomethings/real_dataflow_etl.py: {}
youwantsomethings/real_dataflow_etl.py: {}
youwantsomethings/real_dataflow_etl.py: {}
youwantsomethings/real_dataflow_etl.py: {}
youwantsomethings/real_dataflow_etl.py: {}
youwantsomethings/real_dataflow_etl.py: {}
youwantsomethings/real_dataflow_etl.py: Using EditorConfig core...
youwantsomethings/real_dataflow_etl.py: {}
youwantsomethings/real_dataflow_etl.py: Using EditorConfig core...
youwantsomethings/real_dataflow_etl.py: Using EditorConfig core...
youwantsomethings/real_dataflow_etl.py: Using EditorConfig core...
youwantsomethings/real_dataflow_etl.py: Using EditorConfig core...
youwantsomethings/real_dataflow_etl.py: {}
youwantsomethings/real_dataflow_etl.py: {}
youwantsomethings/real_dataflow_etl.py: {}
youwantsomethings/real_dataflow_etl.py: {}
youwantsomethings/real_dataflow_etl.py: {}
youwantsomethings/real_dataflow_etl.py: {}
youwantsomethings/real_dataflow_etl.py: Using EditorConfig core...
youwantsomethings/real_dataflow_etl.py: {}
youwantsomethings/real_dataflow_etl.py: Using EditorConfig core...
youwantsomethings/real_dataflow_etl.py: Using EditorConfig core...
youwantsomethings/real_dataflow_etl.py: Using EditorConfig core...
youwantsomethings/real_dataflow_etl.py: Using EditorConfig core...
youwantsomethings/real_dataflow_etl.py: {}
youwantsomethings/real_dataflow_etl.py: {}
youwantsomethings/real_dataflow_etl.py: {}
youwantsomethings/real_dataflow_etl.py: Using EditorConfig core...
youwantsomethings/real_dataflow_etl.py: Using EditorConfig core...
youwantsomethings/real_dataflow_etl.py: Using EditorConfig core...
youwantsomethings/real_dataflow_etl.py: {}
youwantsomethings/real_dataflow_etl.py: {}
youwantsomethings/real_dataflow_etl.py: Using EditorConfig core...
youwantsomethings/real_dataflow_etl.py: Using EditorConfig core...
youwantsomethings/real_dataflow_etl.py: {}
youwantsomethings/real_dataflow_etl.py: {}
youwantsomethings/real_dataflow_etl.py: {}
youwantsomethings/real_dataflow_etl.py: {}
youwantsomethings/real_dataflow_etl.py: {}
youwantsomethings/real_dataflow_etl.py: {}
youwantsomethings/real_dataflow_etl.py: Using EditorConfig core...
youwantsomethings/real_dataflow_etl.py: Using EditorConfig core...
youwantsomethings/real_dataflow_etl.py: Using EditorConfig core...
youwantsomethings/real_dataflow_etl.py: Using EditorConfig core...
youwantsomethings/real_dataflow_etl.py: {}
youwantsomethings/real_dataflow_etl.py: {}
youwantsomethings/real_dataflow_etl.py: Using EditorConfig core...
youwantsomethings/real_dataflow_etl.py: Using EditorConfig core...
youwantsomethings/real_dataflow_etl.py: Using EditorConfig core...
youwantsomethings/real_dataflow_etl.py: Using EditorConfig core...
youwantsomethings/real_dataflow_etl.py: {}
youwantsomethings/real_dataflow_etl.py: Using EditorConfig core...
youwantsomethings/real_dataflow_etl.py: Using EditorConfig core...
youwantsomethings/real_dataflow_etl.py: Using EditorConfig core...
youwantsomethings/real_dataflow_etl.py: Using EditorConfig core...
youwantsomethings/real_dataflow_etl.py: Using EditorConfig core...
youwantsomethings/real_dataflow_etl.py: Using EditorConfig core...
youwantsomethings/real_dataflow_etl.py: Using EditorConfig core...
youwantsomethings/real_dataflow_etl.py: Using EditorConfig core...
youwantsomethings/real_dataflow_etl.py: Using EditorConfig core...
youwantsomethings/real_dataflow_etl.py: {}
youwantsomethings/real_dataflow_etl.py: Using EditorConfig core...
youwantsomethings/real_dataflow_etl.py: Using EditorConfig core...
youwantsomethings/real_dataflow_etl.py: Using EditorConfig core...
youwantsomethings/real_dataflow_etl.py: Using EditorConfig core...
youwantsomethings/real_dataflow_etl.py: {}
youwantsomethings/real_dataflow_etl.py: {}
youwantsomethings/real_dataflow_etl.py: {}
youwantsomethings/real_dataflow_etl.py: {}
youwantsomethings/real_dataflow_etl.py: {}
youwantsomethings/pubs.py: {}
youwantsomethings/pubs.py: {}
youwantsomethings/pubs.py: {}
youwantsomethings/pubs.py: {}
youwantsomethings/real_dataflow_etl.py: {}
youwantsomethings/real_dataflow_etl.py: {}
youwantsomethings/real_dataflow_etl.py: {}
youwantsomethings/real_dataflow_etl.py: {}
