Initializing document watcher...
Document watcher initialized
youwantsomethings/dataflow_python/5_Streaming_Analytics/solution/streaming_minute_traffic_pipeline.py: {}
youwantsomethings/dataflow_python/5_Streaming_Analytics/solution/streaming_minute_traffic_pipeline.py: {}
youwantsomethings/dataflow_python/5_Streaming_Analytics/solution/streaming_minute_traffic_pipeline.py: {}
youwantsomethings/dataflow_python/5_Streaming_Analytics/solution/streaming_minute_traffic_pipeline.py: {}
youwantsomethings/dataflow_python/5_Streaming_Analytics/solution/streaming_minute_traffic_pipeline.py: {}
youwantsomethings/dataflow_python/5_Streaming_Analytics/solution/streaming_minute_traffic_pipeline.py: {}
youwantsomethings/dataflow_python/5_Streaming_Analytics/solution/streaming_minute_traffic_pipeline.py: {}
youwantsomethings/dataflow_python/5_Streaming_Analytics/solution/streaming_minute_traffic_pipeline.py: {}
youwantsomethings/dataflow_python/5_Streaming_Analytics/solution/streaming_minute_traffic_pipeline.py: {}
youwantsomethings/dataflow_python/5_Streaming_Analytics/solution/streaming_minute_traffic_pipeline.py: {}
youwantsomethings/dataflow_python/5_Streaming_Analytics/solution/streaming_minute_traffic_pipeline.py: {}
youwantsomethings/dataflow_python/5_Streaming_Analytics/solution/streaming_minute_traffic_pipeline.py: Using EditorConfig core...
youwantsomethings/dataflow_python/5_Streaming_Analytics/solution/streaming_minute_traffic_pipeline.py: {}
youwantsomethings/dataflow_python/5_Streaming_Analytics/solution/streaming_minute_traffic_pipeline.py: {}
youwantsomethings/dataflow_python/generate_streaming_events.sh: {}
youwantsomethings/dataflow_python/generate_streaming_events.sh: {}
youwantsomethings/dataflow_python/generate_streaming_events.sh: {}
youwantsomethings/dataflow_python/generate_streaming_events.sh: {}
youwantsomethings/dataflow_python/generate_streaming_events.sh: {}
youwantsomethings/dataflow_python/generate_streaming_events.sh: {}
youwantsomethings/dataflow_python/5_Streaming_Analytics/solution/streaming_minute_traffic_pipeline.py: {}
youwantsomethings/dataflow_python/5_Streaming_Analytics/solution/streaming_minute_traffic_pipeline.py: {}
youwantsomethings/dataflow_python/5_Streaming_Analytics/solution/streaming_minute_traffic_pipeline.py: {}
youwantsomethings/dataflow_python/5_Streaming_Analytics/solution/streaming_minute_traffic_pipeline.py: {}
