2024-10-10 15:05:21.908 [info] WARNING:pygls.protocol:Cancel notification for unknown message id "14"

2024-10-10 15:05:21.923 [info] WARNING:pygls.protocol:Cancel notification for unknown message id "15"

2024-10-10 15:05:21.976 [info] WARNING:pygls.protocol:Cancel notification for unknown message id "16"
WARNING:pygls.protocol:Cancel notification for unknown message id "17"

2024-10-10 15:05:21.989 [info] WARNING:pygls.protocol:Cancel notification for unknown message id "19"

2024-10-10 15:05:21.990 [info] WARNING:pygls.protocol:Cancel notification for unknown message id "20"

2024-10-10 15:05:23.476 [info] WARNING:pygls.protocol:Cancel notification for unknown message id "23"
WARNING:pygls.protocol:Cancel notification for unknown message id "24"
WARNING:pygls.protocol:Cancel notification for unknown message id "25"
WARNING:pygls.protocol:Cancel notification for unknown message id "26"
WARNING:pygls.protocol:Cancel notification for unknown message id "27"
WARNING:pygls.protocol:Cancel notification for unknown message id "22"

2024-10-10 15:05:25.330 [info] WARNING:pygls.protocol:Cancel notification for unknown message id "28"
WARNING:pygls.protocol:Cancel notification for unknown message id "29"

2024-10-10 15:05:25.425 [info] WARNING:pygls.protocol:Cancel notification for unknown message id "32"

2024-10-10 15:05:25.427 [info] WARNING:pygls.protocol:Cancel notification for unknown message id "31"

2024-10-10 15:05:25.496 [info] WARNING:pygls.protocol:Cancel notification for unknown message id "34"

2024-10-10 15:05:25.498 [info] WARNING:pygls.protocol:Cancel notification for unknown message id "33"
WARNING:pygls.protocol:Cancel notification for unknown message id "30"

2024-10-10 15:05:26.876 [info] WARNING:pygls.protocol:Cancel notification for unknown message id "36"

2024-10-10 15:05:28.665 [info] WARNING:pygls.protocol:Cancel notification for unknown message id "39"

2024-10-10 15:05:28.667 [info] WARNING:pygls.protocol:Cancel notification for unknown message id "40"

2024-10-10 15:05:28.669 [info] WARNING:pygls.protocol:Cancel notification for unknown message id "38"

2024-10-10 15:05:28.694 [info] WARNING:pygls.protocol:Cancel notification for unknown message id "41"

2024-10-10 15:05:31.464 [info] WARNING:pygls.protocol:Cancel notification for unknown message id "42"

2024-10-10 15:05:31.471 [info] WARNING:pygls.protocol:Cancel notification for unknown message id "44"

2024-10-10 15:05:31.521 [info] WARNING:pygls.protocol:Cancel notification for unknown message id "43"

2024-10-10 15:05:31.571 [info] WARNING:pygls.protocol:Cancel notification for unknown message id "45"

2024-10-10 15:05:31.573 [info] WARNING:pygls.protocol:Cancel notification for unknown message id "46"

2024-10-10 15:05:31.624 [info] WARNING:pygls.protocol:Cancel notification for unknown message id "48"

2024-10-10 15:05:31.625 [info] WARNING:pygls.protocol:Cancel notification for unknown message id "49"

2024-10-10 15:06:36.782 [info] WARNING:pygls.protocol:Cancel notification for unknown message id "65"

2024-10-10 15:06:36.793 [info] WARNING:pygls.protocol:Cancel notification for unknown message id "67"

2024-10-10 15:06:37.855 [info] WARNING:pygls.protocol:Cancel notification for unknown message id "66"

2024-10-10 15:06:37.968 [info] WARNING:pygls.protocol:Cancel notification for unknown message id "69"

2024-10-10 15:06:38.977 [info] WARNING:pygls.protocol:Cancel notification for unknown message id "73"

2024-10-10 15:06:38.978 [info] WARNING:pygls.protocol:Cancel notification for unknown message id "75"

2024-10-10 15:06:38.980 [info] WARNING:pygls.protocol:Cancel notification for unknown message id "76"

2024-10-10 15:06:38.981 [info] WARNING:pygls.protocol:Cancel notification for unknown message id "77"

2024-10-10 15:06:38.982 [info] WARNING:pygls.protocol:Cancel notification for unknown message id "74"

2024-10-10 15:06:40.006 [info] WARNING:pygls.protocol:Cancel notification for unknown message id "78"

2024-10-10 15:06:40.014 [info] WARNING:pygls.protocol:Cancel notification for unknown message id "79"

2024-10-10 15:06:41.112 [info] WARNING:pygls.protocol:Cancel notification for unknown message id "80"

2024-10-10 15:06:41.119 [info] WARNING:pygls.protocol:Cancel notification for unknown message id "81"

2024-10-10 15:06:41.215 [info] WARNING:pygls.protocol:Cancel notification for unknown message id "82"

2024-10-10 15:06:41.267 [info] WARNING:pygls.protocol:Cancel notification for unknown message id "85"

2024-10-10 15:06:41.269 [info] WARNING:pygls.protocol:Cancel notification for unknown message id "83"

2024-10-10 15:06:41.313 [info] WARNING:pygls.protocol:Cancel notification for unknown message id "87"

2024-10-10 15:06:41.359 [info] WARNING:pygls.protocol:Cancel notification for unknown message id "88"

2024-10-10 15:06:42.657 [info] WARNING:pygls.protocol:Cancel notification for unknown message id "90"

2024-10-10 15:06:42.708 [info] WARNING:pygls.protocol:Cancel notification for unknown message id "92"

2024-10-10 15:06:42.761 [info] WARNING:pygls.protocol:Cancel notification for unknown message id "91"

2024-10-10 15:06:43.850 [info] WARNING:pygls.protocol:Cancel notification for unknown message id "99"

2024-10-10 15:06:43.853 [info] WARNING:pygls.protocol:Cancel notification for unknown message id "100"

2024-10-10 15:06:43.856 [info] WARNING:pygls.protocol:Cancel notification for unknown message id "101"

2024-10-10 15:06:43.859 [info] WARNING:pygls.protocol:Cancel notification for unknown message id "102"

2024-10-10 15:06:43.862 [info] WARNING:pygls.protocol:Cancel notification for unknown message id "103"

2024-10-10 15:06:43.865 [info] WARNING:pygls.protocol:Cancel notification for unknown message id "104"

2024-10-10 15:06:43.869 [info] WARNING:pygls.protocol:Cancel notification for unknown message id "105"

2024-10-10 15:06:43.872 [info] WARNING:pygls.protocol:Cancel notification for unknown message id "106"

2024-10-10 15:06:43.874 [info] WARNING:pygls.protocol:Cancel notification for unknown message id "97"

2024-10-10 15:06:44.994 [info] WARNING:pygls.protocol:Cancel notification for unknown message id "109"

2024-10-10 15:06:46.052 [info] WARNING:pygls.protocol:Cancel notification for unknown message id "110"

2024-10-10 15:06:46.062 [info] WARNING:pygls.protocol:Cancel notification for unknown message id "111"

2024-10-10 15:06:46.154 [info] WARNING:pygls.protocol:Cancel notification for unknown message id "113"

2024-10-10 15:06:47.572 [info] WARNING:pygls.protocol:Cancel notification for unknown message id "118"

2024-10-10 15:06:47.574 [info] WARNING:pygls.protocol:Cancel notification for unknown message id "119"

2024-10-10 15:07:02.672 [info] WARNING:pygls.protocol:Cancel notification for unknown message id "126"

2024-10-10 15:07:02.725 [info] WARNING:pygls.protocol:Cancel notification for unknown message id "127"

2024-10-10 15:07:23.250 [info] WARNING:pygls.protocol:Cancel notification for unknown message id "143"

2024-10-10 15:07:25.295 [info] WARNING:pygls.protocol:Cancel notification for unknown message id "145"

2024-10-10 15:07:26.862 [info] WARNING:pygls.protocol:Cancel notification for unknown message id "147"

2024-10-10 15:07:26.862 [info] WARNING:pygls.protocol:Cancel notification for unknown message id "146"

2024-10-10 15:07:26.866 [info] ERROR:pygls.protocol:Failed to handle request 148 textDocument/codeAction CodeActionParams(text_document=TextDocumentIdentifier(uri='file:///home/youwantsomethings/dataflow_python/5_Streaming_Analytics/solution/streaming_minute_traffic_pipeline.py'), range=145:78-145:78, context=CodeActionContext(diagnostics=[], only=None, trigger_kind=<CodeActionTriggerKind.Automatic: 2>), work_done_token=None, partial_result_token=None)
Traceback (most recent call last):
  File "/google/devshell/editor/code-oss-for-cloud-shell/extensions/ms-python.python/python_files/lib/jedilsp/pygls/protocol.py", line 340, in _handle_request
    self._execute_request(msg_id, handler, params)
  File "/google/devshell/editor/code-oss-for-cloud-shell/extensions/ms-python.python/python_files/lib/jedilsp/pygls/protocol.py", line 264, in _execute_request
    self._send_response(msg_id, handler(params))
                                ^^^^^^^^^^^^^^^
  File "/google/devshell/editor/code-oss-for-cloud-shell/extensions/ms-python.python/python_files/lib/jedilsp/jedi_language_server/server.py", line 580, in code_action
    extract_variable_refactoring = jedi_script.extract_variable(
                                   ^^^^^^^^^^^^^^^^^^^^^^^^^^^^^
  File "/google/devshell/editor/code-oss-for-cloud-shell/extensions/ms-python.python/python_files/lib/jedilsp/jedi/api/helpers.py", line 487, in wrapper
    return func(self, line, column, *args, **kwargs)
           ^^^^^^^^^^^^^^^^^^^^^^^^^^^^^^^^^^^^^^^^^
  File "/google/devshell/editor/code-oss-for-cloud-shell/extensions/ms-python.python/python_files/lib/jedilsp/jedi/api/__init__.py", line 628, in extract_variable
    return extract_variable(
           ^^^^^^^^^^^^^^^^^
  File "/google/devshell/editor/code-oss-for-cloud-shell/extensions/ms-python.python/python_files/lib/jedilsp/jedi/api/refactoring/extract.py", line 19, in extract_variable
    nodes = _find_nodes(module_node, pos, until_pos)
            ^^^^^^^^^^^^^^^^^^^^^^^^^^^^^^^^^^^^^^^^
  File "/google/devshell/editor/code-oss-for-cloud-shell/extensions/ms-python.python/python_files/lib/jedilsp/jedi/api/refactoring/extract.py", line 87, in _find_nodes
    nodes = _remove_unwanted_expression_nodes(parent_node, pos, until_pos)
            ^^^^^^^^^^^^^^^^^^^^^^^^^^^^^^^^^^^^^^^^^^^^^^^^^^^^^^^^^^^^^^
  File "/google/devshell/editor/code-oss-for-cloud-shell/extensions/ms-python.python/python_files/lib/jedilsp/jedi/api/refactoring/extract.py", line 198, in _remove_unwanted_expression_nodes
    nodes[0:1] = _remove_unwanted_expression_nodes(nodes[0], pos, until_pos)
                 ^^^^^^^^^^^^^^^^^^^^^^^^^^^^^^^^^^^^^^^^^^^^^^^^^^^^^^^^^^^
  File "/google/devshell/editor/code-oss-for-cloud-shell/extensions/ms-python.python/python_files/lib/jedilsp/jedi/api/refactoring/extract.py", line 196, in _remove_unwanted_expression_nodes
    nodes = nodes[start_index:end_index + 1]
                  ^^^^^^^^^^^
UnboundLocalError: cannot access local variable 'start_index' where it is not associated with a value

2024-10-10 15:07:26.869 [info] [Error - 3:07:26 PM] Request textDocument/codeAction failed.
2024-10-10 15:07:26.869 [info]   Message: UnboundLocalError: cannot access local variable 'start_index' where it is not associated with a value
  Code: -32602 
{'traceback': ['  File "/google/devshell/editor/code-oss-for-cloud-shell/extensions/ms-python.python/python_files/lib/jedilsp/pygls/protocol.py", line 340, in _handle_request\n    self._execute_request(msg_id, handler, params)\n', '  File "/google/devshell/editor/code-oss-for-cloud-shell/extensions/ms-python.python/python_files/lib/jedilsp/pygls/protocol.py", line 264, in _execute_request\n    self._send_response(msg_id, handler(params))\n                                ^^^^^^^^^^^^^^^\n', '  File "/google/devshell/editor/code-oss-for-cloud-shell/extensions/ms-python.python/python_files/lib/jedilsp/jedi_language_server/server.py", line 580, in code_action\n    extract_variable_refactoring = jedi_script.extract_variable(\n                                   ^^^^^^^^^^^^^^^^^^^^^^^^^^^^^\n', '  File "/google/devshell/editor/code-oss-for-cloud-shell/extensions/ms-python.python/python_files/lib/jedilsp/jedi/api/helpers.py", line 487, in wrapper\n    return func(self, line, column, *args, **kwargs)\n           ^^^^^^^^^^^^^^^^^^^^^^^^^^^^^^^^^^^^^^^^^\n', '  File "/google/devshell/editor/code-oss-for-cloud-shell/extensions/ms-python.python/python_files/lib/jedilsp/jedi/api/__init__.py", line 628, in extract_variable\n    return extract_variable(\n           ^^^^^^^^^^^^^^^^^\n', '  File "/google/devshell/editor/code-oss-for-cloud-shell/extensions/ms-python.python/python_files/lib/jedilsp/jedi/api/refactoring/extract.py", line 19, in extract_variable\n    nodes = _find_nodes(module_node, pos, until_pos)\n            ^^^^^^^^^^^^^^^^^^^^^^^^^^^^^^^^^^^^^^^^\n', '  File "/google/devshell/editor/code-oss-for-cloud-shell/extensions/ms-python.python/python_files/lib/jedilsp/jedi/api/refactoring/extract.py", line 87, in _find_nodes\n    nodes = _remove_unwanted_expression_nodes(parent_node, pos, until_pos)\n            ^^^^^^^^^^^^^^^^^^^^^^^^^^^^^^^^^^^^^^^^^^^^^^^^^^^^^^^^^^^^^^\n', '  File "/google/devshell/editor/code-oss-for-cloud-shell/extensions/ms-python.python/python_files/lib/jedilsp/jedi/api/refactoring/extract.py", line 198, in _remove_unwanted_expression_nodes\n    nodes[0:1] = _remove_unwanted_expression_nodes(nodes[0], pos, until_pos)\n                 ^^^^^^^^^^^^^^^^^^^^^^^^^^^^^^^^^^^^^^^^^^^^^^^^^^^^^^^^^^^\n', '  File "/google/devshell/editor/code-oss-for-cloud-shell/extensions/ms-python.python/python_files/lib/jedilsp/jedi/api/refactoring/extract.py", line 196, in _remove_unwanted_expression_nodes\n    nodes = nodes[start_index:end_index + 1]\n                  ^^^^^^^^^^^\n']}
2024-10-10 15:10:59.288 [info] ERROR:pygls.protocol:Failed to handle request 155 textDocument/codeAction CodeActionParams(text_document=TextDocumentIdentifier(uri='file:///home/youwantsomethings/dataflow_python/5_Streaming_Analytics/solution/streaming_minute_traffic_pipeline.py'), range=147:72-147:72, context=CodeActionContext(diagnostics=[], only=None, trigger_kind=<CodeActionTriggerKind.Automatic: 2>), work_done_token=None, partial_result_token=None)
Traceback (most recent call last):
  File "/google/devshell/editor/code-oss-for-cloud-shell/extensions/ms-python.python/python_files/lib/jedilsp/pygls/protocol.py", line 340, in _handle_request
    self._execute_request(msg_id, handler, params)
  File "/google/devshell/editor/code-oss-for-cloud-shell/extensions/ms-python.python/python_files/lib/jedilsp/pygls/protocol.py", line 264, in _execute_request
    self._send_response(msg_id, handler(params))
                                ^^^^^^^^^^^^^^^
  File "/google/devshell/editor/code-oss-for-cloud-shell/extensions/ms-python.python/python_files/lib/jedilsp/jedi_language_server/server.py", line 580, in code_action
    extract_variable_refactoring = jedi_script.extract_variable(
                                   ^^^^^^^^^^^^^^^^^^^^^^^^^^^^^
  File "/google/devshell/editor/code-oss-for-cloud-shell/extensions/ms-python.python/python_files/lib/jedilsp/jedi/api/helpers.py", line 487, in wrapper
    return func(self, line, column, *args, **kwargs)
           ^^^^^^^^^^^^^^^^^^^^^^^^^^^^^^^^^^^^^^^^^
  File "/google/devshell/editor/code-oss-for-cloud-shell/extensions/ms-python.python/python_files/lib/jedilsp/jedi/api/__init__.py", line 628, in extract_variable
    return extract_variable(
           ^^^^^^^^^^^^^^^^^
  File "/google/devshell/editor/code-oss-for-cloud-shell/extensions/ms-python.python/python_files/lib/jedilsp/jedi/api/refactoring/extract.py", line 19, in extract_variable
    nodes = _find_nodes(module_node, pos, until_pos)
            ^^^^^^^^^^^^^^^^^^^^^^^^^^^^^^^^^^^^^^^^
  File "/google/devshell/editor/code-oss-for-cloud-shell/extensions/ms-python.python/python_files/lib/jedilsp/jedi/api/refactoring/extract.py", line 87, in _find_nodes
    nodes = _remove_unwanted_expression_nodes(parent_node, pos, until_pos)
            ^^^^^^^^^^^^^^^^^^^^^^^^^^^^^^^^^^^^^^^^^^^^^^^^^^^^^^^^^^^^^^
  File "/google/devshell/editor/code-oss-for-cloud-shell/extensions/ms-python.python/python_files/lib/jedilsp/jedi/api/refactoring/extract.py", line 198, in _remove_unwanted_expression_nodes
    nodes[0:1] = _remove_unwanted_expression_nodes(nodes[0], pos, until_pos)
                 ^^^^^^^^^^^^^^^^^^^^^^^^^^^^^^^^^^^^^^^^^^^^^^^^^^^^^^^^^^^
  File "/google/devshell/editor/code-oss-for-cloud-shell/extensions/ms-python.python/python_files/lib/jedilsp/jedi/api/refactoring/extract.py", line 196, in _remove_unwanted_expression_nodes
    nodes = nodes[start_index:end_index + 1]
                  ^^^^^^^^^^^
UnboundLocalError: cannot access local variable 'start_index' where it is not associated with a value

2024-10-10 15:10:59.290 [info] [Error - 3:10:59 PM] Request textDocument/codeAction failed.
2024-10-10 15:10:59.290 [info]   Message: UnboundLocalError: cannot access local variable 'start_index' where it is not associated with a value
  Code: -32602 
{'traceback': ['  File "/google/devshell/editor/code-oss-for-cloud-shell/extensions/ms-python.python/python_files/lib/jedilsp/pygls/protocol.py", line 340, in _handle_request\n    self._execute_request(msg_id, handler, params)\n', '  File "/google/devshell/editor/code-oss-for-cloud-shell/extensions/ms-python.python/python_files/lib/jedilsp/pygls/protocol.py", line 264, in _execute_request\n    self._send_response(msg_id, handler(params))\n                                ^^^^^^^^^^^^^^^\n', '  File "/google/devshell/editor/code-oss-for-cloud-shell/extensions/ms-python.python/python_files/lib/jedilsp/jedi_language_server/server.py", line 580, in code_action\n    extract_variable_refactoring = jedi_script.extract_variable(\n                                   ^^^^^^^^^^^^^^^^^^^^^^^^^^^^^\n', '  File "/google/devshell/editor/code-oss-for-cloud-shell/extensions/ms-python.python/python_files/lib/jedilsp/jedi/api/helpers.py", line 487, in wrapper\n    return func(self, line, column, *args, **kwargs)\n           ^^^^^^^^^^^^^^^^^^^^^^^^^^^^^^^^^^^^^^^^^\n', '  File "/google/devshell/editor/code-oss-for-cloud-shell/extensions/ms-python.python/python_files/lib/jedilsp/jedi/api/__init__.py", line 628, in extract_variable\n    return extract_variable(\n           ^^^^^^^^^^^^^^^^^\n', '  File "/google/devshell/editor/code-oss-for-cloud-shell/extensions/ms-python.python/python_files/lib/jedilsp/jedi/api/refactoring/extract.py", line 19, in extract_variable\n    nodes = _find_nodes(module_node, pos, until_pos)\n            ^^^^^^^^^^^^^^^^^^^^^^^^^^^^^^^^^^^^^^^^\n', '  File "/google/devshell/editor/code-oss-for-cloud-shell/extensions/ms-python.python/python_files/lib/jedilsp/jedi/api/refactoring/extract.py", line 87, in _find_nodes\n    nodes = _remove_unwanted_expression_nodes(parent_node, pos, until_pos)\n            ^^^^^^^^^^^^^^^^^^^^^^^^^^^^^^^^^^^^^^^^^^^^^^^^^^^^^^^^^^^^^^\n', '  File "/google/devshell/editor/code-oss-for-cloud-shell/extensions/ms-python.python/python_files/lib/jedilsp/jedi/api/refactoring/extract.py", line 198, in _remove_unwanted_expression_nodes\n    nodes[0:1] = _remove_unwanted_expression_nodes(nodes[0], pos, until_pos)\n                 ^^^^^^^^^^^^^^^^^^^^^^^^^^^^^^^^^^^^^^^^^^^^^^^^^^^^^^^^^^^\n', '  File "/google/devshell/editor/code-oss-for-cloud-shell/extensions/ms-python.python/python_files/lib/jedilsp/jedi/api/refactoring/extract.py", line 196, in _remove_unwanted_expression_nodes\n    nodes = nodes[start_index:end_index + 1]\n                  ^^^^^^^^^^^\n']}
2024-10-10 15:11:11.584 [info] WARNING:pygls.protocol:Cancel notification for unknown message id "158"

2024-10-10 15:11:12.763 [info] WARNING:pygls.protocol:Cancel notification for unknown message id "162"

2024-10-10 15:11:23.074 [info] WARNING:pygls.protocol:Cancel notification for unknown message id "176"

2024-10-10 15:11:23.123 [info] WARNING:pygls.protocol:Cancel notification for unknown message id "177"

2024-10-10 15:11:24.294 [info] WARNING:pygls.protocol:Cancel notification for unknown message id "178"

2024-10-10 15:11:25.350 [info] WARNING:pygls.protocol:Cancel notification for unknown message id "181"

2024-10-10 15:11:26.343 [info] WARNING:pygls.protocol:Cancel notification for unknown message id "182"

