2024-10-08 14:12:42.982 [info] Log level: Info
2024-10-08 14:12:42.982 [info] Validating found git in: "git"
2024-10-08 14:12:42.982 [info] Using git "2.43.0" from "git"
2024-10-08 14:12:42.982 [info] > git rev-parse --show-toplevel [4ms]
2024-10-08 14:12:42.982 [info] fatal: not a git repository (or any parent up to mount point /)
Stopping at filesystem boundary (GIT_DISCOVERY_ACROSS_FILESYSTEM not set).
2024-10-08 14:12:42.982 [info] > git rev-parse --show-toplevel [51ms]
2024-10-08 14:12:42.982 [info] fatal: not a git repository (or any parent up to mount point /)
Stopping at filesystem boundary (GIT_DISCOVERY_ACROSS_FILESYSTEM not set).
2024-10-08 14:12:42.982 [info] > git rev-parse --show-toplevel [3ms]
2024-10-08 14:12:42.982 [info] fatal: not a git repository (or any parent up to mount point /)
Stopping at filesystem boundary (GIT_DISCOVERY_ACROSS_FILESYSTEM not set).
2024-10-08 14:12:42.984 [info] > git rev-parse --show-toplevel [2ms]
2024-10-08 14:12:42.984 [info] fatal: not a git repository (or any parent up to mount point /)
Stopping at filesystem boundary (GIT_DISCOVERY_ACROSS_FILESYSTEM not set).
2024-10-08 14:12:43.021 [info] > git rev-parse --show-toplevel [14ms]
2024-10-08 14:12:43.021 [info] fatal: not a git repository (or any parent up to mount point /)
Stopping at filesystem boundary (GIT_DISCOVERY_ACROSS_FILESYSTEM not set).
2024-10-08 14:12:43.036 [info] > git rev-parse --show-toplevel [2ms]
2024-10-08 14:12:43.037 [info] fatal: not a git repository (or any parent up to mount point /)
Stopping at filesystem boundary (GIT_DISCOVERY_ACROSS_FILESYSTEM not set).
2024-10-08 14:12:43.052 [info] > git rev-parse --show-toplevel [2ms]
2024-10-08 14:12:43.052 [info] fatal: not a git repository (or any parent up to mount point /)
Stopping at filesystem boundary (GIT_DISCOVERY_ACROSS_FILESYSTEM not set).
2024-10-08 14:12:43.069 [info] > git rev-parse --show-toplevel [3ms]
2024-10-08 14:12:43.069 [info] fatal: not a git repository (or any parent up to mount point /)
Stopping at filesystem boundary (GIT_DISCOVERY_ACROSS_FILESYSTEM not set).
2024-10-08 14:12:43.091 [info] > git rev-parse --show-toplevel [4ms]
2024-10-08 14:12:43.091 [info] fatal: not a git repository (or any parent up to mount point /)
Stopping at filesystem boundary (GIT_DISCOVERY_ACROSS_FILESYSTEM not set).
2024-10-08 14:12:43.107 [info] > git rev-parse --show-toplevel [2ms]
2024-10-08 14:12:43.107 [info] fatal: not a git repository (or any parent up to mount point /)
Stopping at filesystem boundary (GIT_DISCOVERY_ACROSS_FILESYSTEM not set).
2024-10-08 14:12:43.122 [info] > git rev-parse --show-toplevel [2ms]
2024-10-08 14:12:43.122 [info] fatal: not a git repository (or any parent up to mount point /)
Stopping at filesystem boundary (GIT_DISCOVERY_ACROSS_FILESYSTEM not set).
2024-10-08 14:12:43.138 [info] > git rev-parse --show-toplevel [2ms]
2024-10-08 14:12:43.138 [info] fatal: not a git repository (or any parent up to mount point /)
Stopping at filesystem boundary (GIT_DISCOVERY_ACROSS_FILESYSTEM not set).
2024-10-08 14:12:43.154 [info] > git rev-parse --show-toplevel [2ms]
2024-10-08 14:12:43.154 [info] fatal: not a git repository (or any parent up to mount point /)
Stopping at filesystem boundary (GIT_DISCOVERY_ACROSS_FILESYSTEM not set).
