2024-10-16 07:05:53.161 [info] Log level: Info
2024-10-16 07:05:53.161 [info] Validating found git in: "git"
2024-10-16 07:05:53.161 [info] Using git "2.43.0" from "git"
2024-10-16 07:05:53.161 [info] > git rev-parse --show-toplevel [5ms]
2024-10-16 07:05:53.161 [info] > git rev-parse --git-dir --git-common-dir [32ms]
2024-10-16 07:05:53.161 [info] Open repository: /home/youwantsomethings
2024-10-16 07:05:53.161 [info] > git rev-parse --show-toplevel [19ms]
2024-10-16 07:05:53.162 [info] > git config --get commit.template [31ms]
2024-10-16 07:05:53.162 [info] > git rev-parse --show-toplevel [339ms]
2024-10-16 07:05:53.213 [info] > git for-each-ref --format=%(refname)%00%(upstream:short)%00%(objectname)%00%(upstream:track)%00%(upstream:remotename)%00%(upstream:remoteref) refs/heads/https_gcp refs/remotes/https_gcp [140ms]
2024-10-16 07:05:53.289 [info] > git rev-parse --show-toplevel [80ms]
2024-10-16 07:05:53.380 [info] > git rev-parse --show-toplevel [24ms]
2024-10-16 07:05:53.436 [info] > git rev-parse --show-toplevel [4ms]
2024-10-16 07:05:53.466 [info] > git check-ignore -v -z --stdin [90ms]
2024-10-16 07:05:53.470 [info] > git rev-parse --show-toplevel [6ms]
2024-10-16 07:05:57.638 [info] > git status -z -uall [4352ms]
2024-10-16 07:05:57.651 [info] > git rev-parse --show-toplevel [4158ms]
2024-10-16 07:05:57.854 [info] > git rev-parse --show-toplevel [148ms]
2024-10-16 07:05:57.855 [info] > git config --get commit.template [174ms]
2024-10-16 07:05:57.938 [info] > git rev-parse --show-toplevel [46ms]
2024-10-16 07:05:58.111 [info] > git for-each-ref --format=%(refname)%00%(upstream:short)%00%(objectname)%00%(upstream:track)%00%(upstream:remotename)%00%(upstream:remoteref) refs/heads/https_gcp refs/remotes/https_gcp [174ms]
2024-10-16 07:05:58.214 [info] > git rev-parse --show-toplevel [4ms]
2024-10-16 07:05:58.319 [info] > git rev-parse --show-toplevel [67ms]
2024-10-16 07:05:58.425 [info] > git status -z -uall [287ms]
2024-10-16 07:05:58.425 [info] > git rev-parse --show-toplevel [75ms]
2024-10-16 07:05:58.781 [info] > git rev-parse --show-toplevel [297ms]
2024-10-16 07:05:58.862 [info] > git show --textconv :https_operators_demo_dag.py [54ms]
2024-10-16 07:05:58.909 [info] > git ls-files --stage -- /home/youwantsomethings/https_operators_demo_dag.py [53ms]
2024-10-16 07:05:58.972 [info] > git cat-file -s c27d53a46971c14514385134f9d857c9f5375d80 [32ms]
2024-10-16 07:06:01.155 [info] > git fetch [959ms]
2024-10-16 07:06:01.292 [info] > git config --get commit.template [68ms]
2024-10-16 07:06:01.440 [info] > git for-each-ref --format=%(refname)%00%(upstream:short)%00%(objectname)%00%(upstream:track)%00%(upstream:remotename)%00%(upstream:remoteref) refs/heads/https_gcp refs/remotes/https_gcp [76ms]
2024-10-16 07:06:03.956 [info] > git status -z -uall [2434ms]
2024-10-16 07:06:11.618 [info] > git config --get commit.template [3ms]
2024-10-16 07:06:11.666 [info] > git for-each-ref --format=%(refname)%00%(upstream:short)%00%(objectname)%00%(upstream:track)%00%(upstream:remotename)%00%(upstream:remoteref) refs/heads/https_gcp refs/remotes/https_gcp [16ms]
2024-10-16 07:06:11.937 [info] > git status -z -uall [241ms]
2024-10-16 07:06:28.464 [info] > git push -u origin https_gcp [14576ms]
2024-10-16 07:06:28.464 [info] remote: 
remote: Create a pull request for 'https_gcp' on GitHub by visiting:        
remote:      https://github.com/Vinipallakki/df_from_gcp/pull/new/https_gcp        
remote: 
To https://github.com/Vinipallakki/df_from_gcp.git
 * [new branch]        https_gcp -> https_gcp
2024-10-16 07:06:28.497 [info] > git config --get commit.template [2ms]
2024-10-16 07:06:28.529 [info] > git for-each-ref --format=%(refname)%00%(upstream:short)%00%(objectname)%00%(upstream:track)%00%(upstream:remotename)%00%(upstream:remoteref) refs/heads/https_gcp refs/remotes/https_gcp [2ms]
2024-10-16 07:06:28.717 [info] > git status -z -uall [158ms]
2024-10-16 07:06:28.796 [info] > git merge-base refs/heads/https_gcp refs/remotes/origin/https_gcp [48ms]
2024-10-16 07:06:28.838 [info] > git rev-list --count --left-right refs/heads/https_gcp...refs/remotes/origin/https_gcp [11ms]
2024-10-16 07:06:28.870 [info] > git config --get commit.template [81ms]
2024-10-16 07:06:28.873 [info] > git diff --name-status -z --diff-filter=ADMR c7a07420eb4d2f3f9834dbec2ac7b1d22a3b7d40...refs/remotes/origin/https_gcp [4ms]
2024-10-16 07:06:28.909 [info] > git for-each-ref --format=%(refname)%00%(upstream:short)%00%(objectname)%00%(upstream:track)%00%(upstream:remotename)%00%(upstream:remoteref) refs/heads/https_gcp refs/remotes/https_gcp [3ms]
2024-10-16 07:06:29.099 [info] > git status -z -uall [159ms]
2024-10-16 07:06:29.907 [info] > git ls-files --stage -- /home/youwantsomethings/https_operators_demo_dag.py [11ms]
2024-10-16 07:06:29.938 [info] > git cat-file -s c27d53a46971c14514385134f9d857c9f5375d80 [2ms]
2024-10-16 07:06:30.030 [info] > git show --textconv :https_operators_demo_dag.py [13ms]
2024-10-16 07:06:33.352 [info] > git for-each-ref --sort -committerdate --format %(refname) %(objectname) %(*objectname) [2ms]
2024-10-16 07:06:38.265 [info] > git merge-base refs/heads/https_gcp refs/remotes/origin/https_gcp [3ms]
2024-10-16 07:06:38.298 [info] > git rev-list --count --left-right refs/heads/https_gcp...refs/remotes/origin/https_gcp [2ms]
2024-10-16 07:06:39.068 [info] > git check-ignore -v -z --stdin [27ms]
2024-10-16 07:06:46.579 [info] > git for-each-ref --sort -committerdate --format %(refname) %(objectname) %(*objectname) [2ms]
2024-10-16 07:07:14.297 [info] > git config --get commit.template [23ms]
2024-10-16 07:07:14.297 [info] > git for-each-ref --format=%(refname)%00%(upstream:short)%00%(objectname)%00%(upstream:track)%00%(upstream:remotename)%00%(upstream:remoteref) refs/heads/https_gcp refs/remotes/https_gcp [3ms]
2024-10-16 07:07:14.476 [info] > git status -z -uall [155ms]
2024-10-16 07:07:15.952 [info] > git check-ignore -v -z --stdin [18ms]
2024-10-16 07:07:19.525 [info] > git config --get commit.template [23ms]
2024-10-16 07:07:19.526 [info] > git for-each-ref --format=%(refname)%00%(upstream:short)%00%(objectname)%00%(upstream:track)%00%(upstream:remotename)%00%(upstream:remoteref) refs/heads/https_gcp refs/remotes/https_gcp [3ms]
2024-10-16 07:07:19.709 [info] > git status -z -uall [161ms]
2024-10-16 07:07:22.165 [info] > git log --oneline --cherry https_gcp...https_gcp@{upstream} -- [3ms]
2024-10-16 07:07:22.877 [info] > git pull --tags origin https_gcp [691ms]
2024-10-16 07:07:22.877 [info] From https://github.com/Vinipallakki/df_from_gcp
 * branch              https_gcp  -> FETCH_HEAD
2024-10-16 07:07:22.919 [info] > git config --get commit.template [21ms]
2024-10-16 07:07:22.920 [info] > git for-each-ref --format=%(refname)%00%(upstream:short)%00%(objectname)%00%(upstream:track)%00%(upstream:remotename)%00%(upstream:remoteref) refs/heads/https_gcp refs/remotes/https_gcp [2ms]
2024-10-16 07:07:23.095 [info] > git status -z -uall [157ms]
2024-10-16 07:07:24.286 [info] > git ls-files --stage -- /home/youwantsomethings/https_operators_demo_dag.py [14ms]
2024-10-16 07:07:24.309 [info] > git cat-file -s c27d53a46971c14514385134f9d857c9f5375d80 [2ms]
2024-10-16 07:07:24.390 [info] > git show --textconv :https_operators_demo_dag.py [12ms]
2024-10-16 07:07:24.761 [info] > git config --get commit.template [22ms]
2024-10-16 07:07:24.762 [info] > git for-each-ref --format=%(refname)%00%(upstream:short)%00%(objectname)%00%(upstream:track)%00%(upstream:remotename)%00%(upstream:remoteref) refs/heads/https_gcp refs/remotes/https_gcp [2ms]
2024-10-16 07:07:24.940 [info] > git status -z -uall [156ms]
2024-10-16 07:07:46.238 [info] > git config --get commit.template [21ms]
2024-10-16 07:07:46.239 [info] > git for-each-ref --format=%(refname)%00%(upstream:short)%00%(objectname)%00%(upstream:track)%00%(upstream:remotename)%00%(upstream:remoteref) refs/heads/https_gcp refs/remotes/https_gcp [3ms]
2024-10-16 07:07:46.419 [info] > git status -z -uall [157ms]
2024-10-16 07:07:51.464 [info] > git config --get commit.template [21ms]
2024-10-16 07:07:51.465 [info] > git for-each-ref --format=%(refname)%00%(upstream:short)%00%(objectname)%00%(upstream:track)%00%(upstream:remotename)%00%(upstream:remoteref) refs/heads/https_gcp refs/remotes/https_gcp [2ms]
2024-10-16 07:07:51.650 [info] > git status -z -uall [165ms]
2024-10-16 07:07:56.699 [info] > git config --get commit.template [23ms]
2024-10-16 07:07:56.700 [info] > git for-each-ref --format=%(refname)%00%(upstream:short)%00%(objectname)%00%(upstream:track)%00%(upstream:remotename)%00%(upstream:remoteref) refs/heads/https_gcp refs/remotes/https_gcp [2ms]
2024-10-16 07:07:56.884 [info] > git status -z -uall [162ms]
2024-10-16 07:08:01.099 [info] > git add -A -- . [265ms]
2024-10-16 07:08:01.236 [info] > git -c user.useConfigOnly=true commit --quiet --allow-empty-message --file - [115ms]
2024-10-16 07:08:01.260 [info] > git config --get commit.template [2ms]
2024-10-16 07:08:01.286 [info] > git config --get commit.template [4ms]
2024-10-16 07:08:01.307 [info] > git for-each-ref --format=%(refname)%00%(upstream:short)%00%(objectname)%00%(upstream:track)%00%(upstream:remotename)%00%(upstream:remoteref) refs/heads/https_gcp refs/remotes/https_gcp [2ms]
2024-10-16 07:08:01.512 [info] > git status -z -uall [182ms]
2024-10-16 07:08:01.548 [info] > git merge-base refs/heads/https_gcp refs/remotes/origin/https_gcp [13ms]
2024-10-16 07:08:01.571 [info] > git rev-list --count --left-right refs/heads/https_gcp...refs/remotes/origin/https_gcp [2ms]
2024-10-16 07:08:01.595 [info] > git diff --name-status -z --diff-filter=ADMR c7a07420eb4d2f3f9834dbec2ac7b1d22a3b7d40...refs/remotes/origin/https_gcp [3ms]
2024-10-16 07:08:01.701 [info] > git merge-base refs/heads/https_gcp refs/remotes/origin/https_gcp [28ms]
2024-10-16 07:08:01.725 [info] > git config --get commit.template [24ms]
2024-10-16 07:08:01.746 [info] > git rev-list --count --left-right refs/heads/https_gcp...refs/remotes/origin/https_gcp [23ms]
2024-10-16 07:08:01.748 [info] > git for-each-ref --format=%(refname)%00%(upstream:short)%00%(objectname)%00%(upstream:track)%00%(upstream:remotename)%00%(upstream:remoteref) refs/heads/https_gcp refs/remotes/https_gcp [3ms]
2024-10-16 07:08:01.935 [info] > git status -z -uall [166ms]
2024-10-16 07:08:01.984 [info] > git config --get commit.template [22ms]
2024-10-16 07:08:01.985 [info] > git for-each-ref --format=%(refname)%00%(upstream:short)%00%(objectname)%00%(upstream:track)%00%(upstream:remotename)%00%(upstream:remoteref) refs/heads/https_gcp refs/remotes/https_gcp [2ms]
2024-10-16 07:08:02.162 [info] > git status -z -uall [154ms]
2024-10-16 07:08:02.729 [info] > git ls-files --stage -- /home/youwantsomethings/https_operators_demo_dag.py [11ms]
2024-10-16 07:08:02.751 [info] > git cat-file -s c27d53a46971c14514385134f9d857c9f5375d80 [2ms]
2024-10-16 07:08:02.830 [info] > git show --textconv :https_operators_demo_dag.py [11ms]
2024-10-16 07:08:10.486 [info] > git config --get commit.template [23ms]
2024-10-16 07:08:10.488 [info] > git for-each-ref --format=%(refname)%00%(upstream:short)%00%(objectname)%00%(upstream:track)%00%(upstream:remotename)%00%(upstream:remoteref) refs/heads/https_gcp refs/remotes/https_gcp [2ms]
2024-10-16 07:08:10.662 [info] > git status -z -uall [153ms]
2024-10-16 07:08:15.707 [info] > git config --get commit.template [22ms]
2024-10-16 07:08:15.709 [info] > git for-each-ref --format=%(refname)%00%(upstream:short)%00%(objectname)%00%(upstream:track)%00%(upstream:remotename)%00%(upstream:remoteref) refs/heads/https_gcp refs/remotes/https_gcp [3ms]
2024-10-16 07:08:15.884 [info] > git status -z -uall [153ms]
2024-10-16 07:08:22.426 [info] > git config --get commit.template [19ms]
2024-10-16 07:08:22.428 [info] > git for-each-ref --format=%(refname)%00%(upstream:short)%00%(objectname)%00%(upstream:track)%00%(upstream:remotename)%00%(upstream:remoteref) refs/heads/https_gcp refs/remotes/https_gcp [3ms]
2024-10-16 07:08:22.622 [info] > git status -z -uall [173ms]
2024-10-16 07:08:27.672 [info] > git config --get commit.template [24ms]
2024-10-16 07:08:27.673 [info] > git for-each-ref --format=%(refname)%00%(upstream:short)%00%(objectname)%00%(upstream:track)%00%(upstream:remotename)%00%(upstream:remoteref) refs/heads/https_gcp refs/remotes/https_gcp [2ms]
2024-10-16 07:08:27.855 [info] > git status -z -uall [160ms]
2024-10-16 07:08:32.905 [info] > git config --get commit.template [22ms]
2024-10-16 07:08:32.907 [info] > git for-each-ref --format=%(refname)%00%(upstream:short)%00%(objectname)%00%(upstream:track)%00%(upstream:remotename)%00%(upstream:remoteref) refs/heads/https_gcp refs/remotes/https_gcp [3ms]
2024-10-16 07:08:33.082 [info] > git status -z -uall [154ms]
2024-10-16 07:09:06.755 [info] > git config --get commit.template [19ms]
2024-10-16 07:09:06.758 [info] > git for-each-ref --format=%(refname)%00%(upstream:short)%00%(objectname)%00%(upstream:track)%00%(upstream:remotename)%00%(upstream:remoteref) refs/heads/https_gcp refs/remotes/https_gcp [4ms]
2024-10-16 07:09:06.943 [info] > git status -z -uall [159ms]
2024-10-16 07:09:07.340 [info] > git fetch [625ms]
2024-10-16 07:09:07.387 [info] > git for-each-ref --format=%(refname)%00%(upstream:short)%00%(objectname)%00%(upstream:track)%00%(upstream:remotename)%00%(upstream:remoteref) refs/heads/https_gcp refs/remotes/https_gcp [4ms]
2024-10-16 07:09:07.387 [info] > git config --get commit.template [25ms]
2024-10-16 07:09:07.562 [info] > git status -z -uall [153ms]
2024-10-16 07:09:08.751 [info] > git ls-files --stage -- /home/youwantsomethings/https_operators_demo_dag.py [14ms]
2024-10-16 07:09:08.774 [info] > git cat-file -s c27d53a46971c14514385134f9d857c9f5375d80 [2ms]
2024-10-16 07:09:08.860 [info] > git show --textconv :https_operators_demo_dag.py [11ms]
2024-10-16 07:09:11.990 [info] > git config --get commit.template [22ms]
2024-10-16 07:09:11.992 [info] > git for-each-ref --format=%(refname)%00%(upstream:short)%00%(objectname)%00%(upstream:track)%00%(upstream:remotename)%00%(upstream:remoteref) refs/heads/https_gcp refs/remotes/https_gcp [3ms]
2024-10-16 07:09:12.174 [info] > git status -z -uall [161ms]
2024-10-16 07:09:38.806 [info] > git push origin https_gcp:https_gcp [2925ms]
2024-10-16 07:09:38.806 [info] To https://github.com/Vinipallakki/df_from_gcp.git
   c7a07420..92ae6d43  https_gcp -> https_gcp
2024-10-16 07:09:38.850 [info] > git config --get commit.template [24ms]
2024-10-16 07:09:38.851 [info] > git for-each-ref --format=%(refname)%00%(upstream:short)%00%(objectname)%00%(upstream:track)%00%(upstream:remotename)%00%(upstream:remoteref) refs/heads/https_gcp refs/remotes/https_gcp [2ms]
2024-10-16 07:09:39.030 [info] > git status -z -uall [158ms]
2024-10-16 07:09:39.083 [info] > git merge-base refs/heads/https_gcp refs/remotes/origin/https_gcp [30ms]
2024-10-16 07:09:39.108 [info] > git config --get commit.template [26ms]
2024-10-16 07:09:39.152 [info] > git rev-list --count --left-right refs/heads/https_gcp...refs/remotes/origin/https_gcp [46ms]
2024-10-16 07:09:39.179 [info] > git diff --name-status -z --diff-filter=ADMR 92ae6d43972978228d51489c124aedd8334d38dc...refs/remotes/origin/https_gcp [5ms]
2024-10-16 07:09:39.179 [info] > git merge-base refs/heads/https_gcp refs/remotes/origin/https_gcp [29ms]
2024-10-16 07:09:39.202 [info] > git for-each-ref --format=%(refname)%00%(upstream:short)%00%(objectname)%00%(upstream:track)%00%(upstream:remotename)%00%(upstream:remoteref) refs/heads/https_gcp refs/remotes/https_gcp [73ms]
2024-10-16 07:09:39.204 [info] > git rev-list --count --left-right refs/heads/https_gcp...refs/remotes/origin/https_gcp [2ms]
2024-10-16 07:09:39.382 [info] > git status -z -uall [156ms]
2024-10-16 07:09:40.258 [info] > git ls-files --stage -- /home/youwantsomethings/https_operators_demo_dag.py [12ms]
2024-10-16 07:09:40.281 [info] > git cat-file -s c27d53a46971c14514385134f9d857c9f5375d80 [2ms]
2024-10-16 07:09:40.359 [info] > git show --textconv :https_operators_demo_dag.py [10ms]
2024-10-16 07:10:10.650 [info] > git config --get commit.template [2ms]
2024-10-16 07:10:10.673 [info] > git for-each-ref --format=%(refname)%00%(upstream:short)%00%(objectname)%00%(upstream:track)%00%(upstream:remotename)%00%(upstream:remoteref) refs/heads/https_gcp refs/remotes/https_gcp [2ms]
2024-10-16 07:10:10.859 [info] > git status -z -uall [165ms]
2024-10-16 07:10:15.909 [info] > git config --get commit.template [23ms]
2024-10-16 07:10:15.910 [info] > git for-each-ref --format=%(refname)%00%(upstream:short)%00%(objectname)%00%(upstream:track)%00%(upstream:remotename)%00%(upstream:remoteref) refs/heads/https_gcp refs/remotes/https_gcp [2ms]
2024-10-16 07:10:16.095 [info] > git status -z -uall [164ms]
2024-10-16 07:10:16.489 [info] > git for-each-ref --sort -committerdate --format %(refname) %(objectname) %(*objectname) [3ms]
2024-10-16 07:10:31.137 [info] > git for-each-ref --sort -committerdate --format %(refname) %(objectname) %(*objectname) [3ms]
2024-10-16 07:10:33.872 [info] > git checkout -q -b from-gcp-http --no-track HEAD [130ms]
2024-10-16 07:10:33.916 [info] > git config --get commit.template [21ms]
2024-10-16 07:10:33.917 [info] > git for-each-ref --format=%(refname)%00%(upstream:short)%00%(objectname)%00%(upstream:track)%00%(upstream:remotename)%00%(upstream:remoteref) refs/heads/from-gcp-http refs/remotes/from-gcp-http [2ms]
2024-10-16 07:10:34.104 [info] > git status -z -uall [168ms]
2024-10-16 07:10:34.196 [info] > git for-each-ref --format=%(refname)%00%(upstream:short)%00%(objectname)%00%(upstream:track)%00%(upstream:remotename)%00%(upstream:remoteref) refs/heads/from-gcp-http [3ms]
2024-10-16 07:10:34.226 [info] > git for-each-ref --format=%(refname)%00%(upstream:short)%00%(objectname)%00%(upstream:track)%00%(upstream:remotename)%00%(upstream:remoteref) refs/heads/from-gcp-http [3ms]
2024-10-16 07:10:34.252 [info] > git config --local branch.from-gcp-http.vscode-merge-base [2ms]
2024-10-16 07:10:34.252 [warning] git config failed: Failed to execute git
2024-10-16 07:10:34.278 [info] > git reflog refs/heads/from-gcp-http --grep-reflog=branch: Created from *. [3ms]
2024-10-16 07:10:34.306 [info] > git reflog HEAD --grep-reflog=checkout: moving from .* to from-gcp-http [5ms]
2024-10-16 07:10:34.332 [info] > git for-each-ref --format=%(refname)%00%(upstream:short)%00%(objectname)%00%(upstream:track)%00%(upstream:remotename)%00%(upstream:remoteref) refs/heads/https_gcp refs/remotes/https_gcp [2ms]
2024-10-16 07:10:34.356 [info] > git for-each-ref --format=%(refname)%00%(upstream:short)%00%(objectname)%00%(upstream:track)%00%(upstream:remotename)%00%(upstream:remoteref) refs/remotes/origin/https_gcp [2ms]
2024-10-16 07:10:34.388 [info] > git config --local branch.from-gcp-http.vscode-merge-base origin/https_gcp [4ms]
2024-10-16 07:10:34.431 [info] > git config --get commit.template [22ms]
2024-10-16 07:10:34.432 [info] > git for-each-ref --format=%(refname)%00%(upstream:short)%00%(objectname)%00%(upstream:track)%00%(upstream:remotename)%00%(upstream:remoteref) refs/heads/from-gcp-http refs/remotes/from-gcp-http [2ms]
2024-10-16 07:10:34.612 [info] > git status -z -uall [160ms]
2024-10-16 07:10:34.638 [info] > git merge-base refs/heads/from-gcp-http refs/remotes/origin/https_gcp [2ms]
2024-10-16 07:10:34.660 [info] > git rev-list --count --left-right refs/heads/from-gcp-http...refs/remotes/origin/https_gcp [2ms]
2024-10-16 07:10:35.819 [info] > git ls-files --stage -- /home/youwantsomethings/https_operators_demo_dag.py [13ms]
2024-10-16 07:10:35.841 [info] > git cat-file -s c27d53a46971c14514385134f9d857c9f5375d80 [2ms]
2024-10-16 07:10:35.941 [info] > git show --textconv :https_operators_demo_dag.py [12ms]
2024-10-16 07:10:42.684 [info] > git add -A -- . [212ms]
2024-10-16 07:10:43.466 [info] > git show --textconv :.git/COMMIT_EDITMSG [25ms]
2024-10-16 07:10:43.478 [info] > git ls-files --stage -- /home/youwantsomethings/.git/COMMIT_EDITMSG [13ms]
2024-10-16 07:10:43.688 [info] > git check-ignore -v -z --stdin [13ms]
2024-10-16 07:10:44.268 [info] > git ls-files --stage -- /home/youwantsomethings/.git/COMMIT_EDITMSG [10ms]
2024-10-16 07:10:44.360 [info] > git show --textconv :.git/COMMIT_EDITMSG [16ms]
2024-10-16 07:10:51.832 [info] > git ls-files --stage -- /home/youwantsomethings/.git/COMMIT_EDITMSG [11ms]
2024-10-16 07:10:51.911 [info] > git show --textconv :.git/COMMIT_EDITMSG [10ms]
2024-10-16 07:10:54.599 [info] > git ls-files --stage -- /home/youwantsomethings/.git/COMMIT_EDITMSG [10ms]
2024-10-16 07:10:54.696 [info] > git show --textconv :.git/COMMIT_EDITMSG [11ms]
2024-10-16 07:10:59.665 [info] > git -c user.useConfigOnly=true commit --quiet [16961ms]
2024-10-16 07:10:59.692 [info] > git config --get commit.template [5ms]
2024-10-16 07:10:59.715 [info] > git for-each-ref --format=%(refname)%00%(upstream:short)%00%(objectname)%00%(upstream:track)%00%(upstream:remotename)%00%(upstream:remoteref) refs/heads/from-gcp-http refs/remotes/from-gcp-http [2ms]
2024-10-16 07:10:59.924 [info] > git status -z -uall [189ms]
2024-10-16 07:10:59.924 [info] > git show --textconv :https_operators_demo_dag.py [24ms]
2024-10-16 07:10:59.958 [info] > git ls-files --stage -- /home/youwantsomethings/https_operators_demo_dag.py [38ms]
2024-10-16 07:10:59.980 [info] > git config --get commit.template [23ms]
2024-10-16 07:10:59.982 [info] > git cat-file -s c27d53a46971c14514385134f9d857c9f5375d80 [5ms]
2024-10-16 07:11:00.027 [info] > git for-each-ref --format=%(refname)%00%(upstream:short)%00%(objectname)%00%(upstream:track)%00%(upstream:remotename)%00%(upstream:remoteref) refs/heads/from-gcp-http refs/remotes/from-gcp-http [25ms]
2024-10-16 07:11:00.058 [info] > git status -z -uall [10ms] (cancelled)
2024-10-16 07:11:00.059 [info] > git for-each-ref --format=%(refname)%00%(upstream:short)%00%(objectname)%00%(upstream:track)%00%(upstream:remotename)%00%(upstream:remoteref) refs/heads/from-gcp-http [32ms]
2024-10-16 07:11:00.104 [info] > git config --get commit.template [3ms]
2024-10-16 07:11:00.104 [info] > git for-each-ref --format=%(refname)%00%(upstream:short)%00%(objectname)%00%(upstream:track)%00%(upstream:remotename)%00%(upstream:remoteref) refs/heads/from-gcp-http [25ms]
2024-10-16 07:11:00.145 [info] > git config --local branch.from-gcp-http.vscode-merge-base [21ms]
2024-10-16 07:11:00.168 [info] > git for-each-ref --format=%(refname)%00%(upstream:short)%00%(objectname)%00%(upstream:track)%00%(upstream:remotename)%00%(upstream:remoteref) refs/heads/from-gcp-http refs/remotes/from-gcp-http [23ms]
2024-10-16 07:11:00.189 [info] > git for-each-ref --format=%(refname)%00%(upstream:short)%00%(objectname)%00%(upstream:track)%00%(upstream:remotename)%00%(upstream:remoteref) refs/heads/origin/https_gcp refs/remotes/origin/https_gcp [23ms]
2024-10-16 07:11:00.218 [info] > git merge-base refs/heads/from-gcp-http refs/remotes/origin/https_gcp [6ms]
2024-10-16 07:11:00.246 [info] > git rev-list --count --left-right refs/heads/from-gcp-http...refs/remotes/origin/https_gcp [2ms]
2024-10-16 07:11:00.370 [info] > git status -z -uall [182ms]
2024-10-16 07:11:00.850 [info] > git check-ignore -v -z --stdin [16ms]
2024-10-16 07:11:05.104 [info] > git config --get commit.template [23ms]
2024-10-16 07:11:05.105 [info] > git for-each-ref --format=%(refname)%00%(upstream:short)%00%(objectname)%00%(upstream:track)%00%(upstream:remotename)%00%(upstream:remoteref) refs/heads/from-gcp-http refs/remotes/from-gcp-http [2ms]
2024-10-16 07:11:05.288 [info] > git status -z -uall [163ms]
2024-10-16 07:11:07.038 [info] > git add -A -- . [215ms]
2024-10-16 07:11:07.806 [info] > git show --textconv :.git/COMMIT_EDITMSG [20ms]
2024-10-16 07:11:07.817 [info] > git ls-files --stage -- /home/youwantsomethings/.git/COMMIT_EDITMSG [11ms]
2024-10-16 07:11:08.641 [info] > git ls-files --stage -- /home/youwantsomethings/.git/COMMIT_EDITMSG [12ms]
2024-10-16 07:11:08.720 [info] > git show --textconv :.git/COMMIT_EDITMSG [12ms]
2024-10-16 07:11:12.704 [info] > git ls-files --stage -- /home/youwantsomethings/.git/COMMIT_EDITMSG [11ms]
2024-10-16 07:11:12.784 [info] > git show --textconv :.git/COMMIT_EDITMSG [11ms]
2024-10-16 07:11:14.856 [info] > git ls-files --stage -- /home/youwantsomethings/.git/COMMIT_EDITMSG [13ms]
2024-10-16 07:11:14.897 [info] > git -c user.useConfigOnly=true commit --quiet [7839ms]
2024-10-16 07:11:14.945 [info] > git config --get commit.template [25ms]
2024-10-16 07:11:14.967 [info] > git show --textconv :.git/COMMIT_EDITMSG [25ms]
2024-10-16 07:11:14.969 [info] > git for-each-ref --format=%(refname)%00%(upstream:short)%00%(objectname)%00%(upstream:track)%00%(upstream:remotename)%00%(upstream:remoteref) refs/heads/from-gcp-http refs/remotes/from-gcp-http [3ms]
2024-10-16 07:11:15.161 [info] > git show --textconv :https_operators_demo_dag.py [29ms]
2024-10-16 07:11:15.164 [info] > git status -z -uall [173ms]
2024-10-16 07:11:15.225 [info] > git push [25ms]
2024-10-16 07:11:15.225 [info] fatal: The current branch from-gcp-http has no upstream branch.
To push the current branch and set the remote as upstream, use

    git push --set-upstream origin from-gcp-http

To have this happen automatically for branches without a tracking
upstream, see 'push.autoSetupRemote' in 'git help config'.
2024-10-16 07:11:15.227 [info] > git ls-files --stage -- /home/youwantsomethings/https_operators_demo_dag.py [69ms]
2024-10-16 07:11:15.272 [info] > git config --get commit.template [48ms]
2024-10-16 07:11:15.275 [info] > git config --get commit.template [5ms]
2024-10-16 07:11:15.275 [info] > git cat-file -s c27d53a46971c14514385134f9d857c9f5375d80 [28ms]
2024-10-16 07:11:15.340 [info] > git for-each-ref --format=%(refname)%00%(upstream:short)%00%(objectname)%00%(upstream:track)%00%(upstream:remotename)%00%(upstream:remoteref) refs/heads/from-gcp-http refs/remotes/from-gcp-http [25ms]
2024-10-16 07:11:15.361 [info] > git for-each-ref --format=%(refname)%00%(upstream:short)%00%(objectname)%00%(upstream:track)%00%(upstream:remotename)%00%(upstream:remoteref) refs/heads/from-gcp-http refs/remotes/from-gcp-http [65ms]
2024-10-16 07:11:15.365 [info] > git for-each-ref --format=%(refname)%00%(upstream:short)%00%(objectname)%00%(upstream:track)%00%(upstream:remotename)%00%(upstream:remoteref) refs/heads/from-gcp-http [27ms]
2024-10-16 07:11:15.408 [info] > git for-each-ref --format=%(refname)%00%(upstream:short)%00%(objectname)%00%(upstream:track)%00%(upstream:remotename)%00%(upstream:remoteref) refs/heads/from-gcp-http [4ms]
2024-10-16 07:11:15.433 [info] > git config --local branch.from-gcp-http.vscode-merge-base [2ms]
2024-10-16 07:11:15.461 [info] > git for-each-ref --format=%(refname)%00%(upstream:short)%00%(objectname)%00%(upstream:track)%00%(upstream:remotename)%00%(upstream:remoteref) refs/heads/origin/https_gcp refs/remotes/origin/https_gcp [3ms]
2024-10-16 07:11:15.488 [info] > git merge-base refs/heads/from-gcp-http refs/remotes/origin/https_gcp [4ms]
2024-10-16 07:11:15.518 [info] > git rev-list --count --left-right refs/heads/from-gcp-http...refs/remotes/origin/https_gcp [4ms]
2024-10-16 07:11:15.527 [info] > git status -z -uall [166ms]
2024-10-16 07:11:16.124 [info] > git check-ignore -v -z --stdin [13ms]
2024-10-16 07:11:17.057 [info] > git push -u origin from-gcp-http [1504ms]
2024-10-16 07:11:17.057 [info] remote: 
remote: Create a pull request for 'from-gcp-http' on GitHub by visiting:        
remote:      https://github.com/Vinipallakki/df_from_gcp/pull/new/from-gcp-http        
remote: 
To https://github.com/Vinipallakki/df_from_gcp.git
 * [new branch]        from-gcp-http -> from-gcp-http
2024-10-16 07:11:17.103 [info] > git config --get commit.template [22ms]
2024-10-16 07:11:17.104 [info] > git for-each-ref --format=%(refname)%00%(upstream:short)%00%(objectname)%00%(upstream:track)%00%(upstream:remotename)%00%(upstream:remoteref) refs/heads/from-gcp-http refs/remotes/from-gcp-http [2ms]
2024-10-16 07:11:17.290 [info] > git status -z -uall [164ms]
2024-10-16 07:11:17.319 [info] > git merge-base refs/heads/from-gcp-http refs/remotes/origin/from-gcp-http [5ms]
2024-10-16 07:11:17.342 [info] > git rev-list --count --left-right refs/heads/from-gcp-http...refs/remotes/origin/from-gcp-http [3ms]
2024-10-16 07:11:17.365 [info] > git diff --name-status -z --diff-filter=ADMR 0768d39058733fee51a917891d0db43c140b8ab7...refs/remotes/origin/from-gcp-http [2ms]
2024-10-16 07:11:17.549 [info] > git merge-base refs/heads/from-gcp-http refs/remotes/origin/from-gcp-http [23ms]
2024-10-16 07:11:17.572 [info] > git config --get commit.template [24ms]
2024-10-16 07:11:17.594 [info] > git rev-list --count --left-right refs/heads/from-gcp-http...refs/remotes/origin/from-gcp-http [24ms]
2024-10-16 07:11:17.596 [info] > git for-each-ref --format=%(refname)%00%(upstream:short)%00%(objectname)%00%(upstream:track)%00%(upstream:remotename)%00%(upstream:remoteref) refs/heads/from-gcp-http refs/remotes/from-gcp-http [3ms]
2024-10-16 07:11:17.785 [info] > git status -z -uall [167ms]
2024-10-16 07:11:18.463 [info] > git ls-files --stage -- /home/youwantsomethings/https_operators_demo_dag.py [14ms]
2024-10-16 07:11:18.485 [info] > git cat-file -s c27d53a46971c14514385134f9d857c9f5375d80 [2ms]
2024-10-16 07:11:18.569 [info] > git show --textconv :https_operators_demo_dag.py [11ms]
2024-10-16 07:11:24.786 [info] > git config --get commit.template [3ms]
2024-10-16 07:11:24.809 [info] > git for-each-ref --format=%(refname)%00%(upstream:short)%00%(objectname)%00%(upstream:track)%00%(upstream:remotename)%00%(upstream:remoteref) refs/heads/from-gcp-http refs/remotes/from-gcp-http [3ms]
2024-10-16 07:11:25.020 [info] > git status -z -uall [193ms]
2024-10-16 07:11:43.239 [info] > git config --get commit.template [2ms]
2024-10-16 07:11:43.261 [info] > git for-each-ref --format=%(refname)%00%(upstream:short)%00%(objectname)%00%(upstream:track)%00%(upstream:remotename)%00%(upstream:remoteref) refs/heads/from-gcp-http refs/remotes/from-gcp-http [2ms]
2024-10-16 07:11:43.452 [info] > git status -z -uall [169ms]
2024-10-16 07:12:11.866 [info] > git config --get commit.template [27ms]
2024-10-16 07:12:11.866 [info] > git for-each-ref --format=%(refname)%00%(upstream:short)%00%(objectname)%00%(upstream:track)%00%(upstream:remotename)%00%(upstream:remoteref) refs/heads/from-gcp-http refs/remotes/from-gcp-http [4ms]
2024-10-16 07:12:12.054 [info] > git status -z -uall [163ms]
2024-10-16 07:12:12.408 [info] > git fetch [596ms]
2024-10-16 07:12:12.433 [info] > git config --get commit.template [2ms]
2024-10-16 07:12:12.456 [info] > git for-each-ref --format=%(refname)%00%(upstream:short)%00%(objectname)%00%(upstream:track)%00%(upstream:remotename)%00%(upstream:remoteref) refs/heads/from-gcp-http refs/remotes/from-gcp-http [2ms]
2024-10-16 07:12:12.636 [info] > git status -z -uall [159ms]
2024-10-16 07:12:14.108 [info] > git ls-files --stage -- /home/youwantsomethings/https_operators_demo_dag.py [14ms]
2024-10-16 07:12:14.131 [info] > git cat-file -s c27d53a46971c14514385134f9d857c9f5375d80 [2ms]
2024-10-16 07:12:14.214 [info] > git show --textconv :https_operators_demo_dag.py [11ms]
2024-10-16 07:12:17.102 [info] > git config --get commit.template [23ms]
2024-10-16 07:12:17.102 [info] > git for-each-ref --format=%(refname)%00%(upstream:short)%00%(objectname)%00%(upstream:track)%00%(upstream:remotename)%00%(upstream:remoteref) refs/heads/from-gcp-http refs/remotes/from-gcp-http [2ms]
2024-10-16 07:12:17.278 [info] > git status -z -uall [154ms]
2024-10-16 07:12:22.325 [info] > git config --get commit.template [22ms]
2024-10-16 07:12:22.326 [info] > git for-each-ref --format=%(refname)%00%(upstream:short)%00%(objectname)%00%(upstream:track)%00%(upstream:remotename)%00%(upstream:remoteref) refs/heads/from-gcp-http refs/remotes/from-gcp-http [2ms]
2024-10-16 07:12:22.510 [info] > git status -z -uall [161ms]
2024-10-16 07:12:27.537 [info] > git config --get commit.template [2ms]
2024-10-16 07:12:27.560 [info] > git for-each-ref --format=%(refname)%00%(upstream:short)%00%(objectname)%00%(upstream:track)%00%(upstream:remotename)%00%(upstream:remoteref) refs/heads/from-gcp-http refs/remotes/from-gcp-http [2ms]
2024-10-16 07:12:27.752 [info] > git status -z -uall [170ms]
2024-10-16 07:12:32.800 [info] > git config --get commit.template [21ms]
2024-10-16 07:12:32.800 [info] > git for-each-ref --format=%(refname)%00%(upstream:short)%00%(objectname)%00%(upstream:track)%00%(upstream:remotename)%00%(upstream:remoteref) refs/heads/from-gcp-http refs/remotes/from-gcp-http [2ms]
2024-10-16 07:12:32.987 [info] > git status -z -uall [165ms]
2024-10-16 07:12:33.462 [info] > git add -A -- . [210ms]
2024-10-16 07:12:33.571 [info] > git -c user.useConfigOnly=true commit --quiet --allow-empty-message --file - [87ms]
2024-10-16 07:12:33.595 [info] > git config --get commit.template [2ms]
2024-10-16 07:12:33.640 [info] > git config --get commit.template [23ms]
2024-10-16 07:12:33.641 [info] > git for-each-ref --format=%(refname)%00%(upstream:short)%00%(objectname)%00%(upstream:track)%00%(upstream:remotename)%00%(upstream:remoteref) refs/heads/from-gcp-http refs/remotes/from-gcp-http [3ms]
2024-10-16 07:12:33.820 [info] > git status -z -uall [157ms]
2024-10-16 07:12:33.852 [info] > git merge-base refs/heads/from-gcp-http refs/remotes/origin/from-gcp-http [10ms]
2024-10-16 07:12:33.878 [info] > git rev-list --count --left-right refs/heads/from-gcp-http...refs/remotes/origin/from-gcp-http [2ms]
2024-10-16 07:12:33.927 [info] > git diff --name-status -z --diff-filter=ADMR 0768d39058733fee51a917891d0db43c140b8ab7...refs/remotes/origin/from-gcp-http [26ms]
2024-10-16 07:12:33.931 [info] > git merge-base refs/heads/from-gcp-http refs/remotes/origin/from-gcp-http [5ms]
2024-10-16 07:12:33.956 [info] > git rev-list --count --left-right refs/heads/from-gcp-http...refs/remotes/origin/from-gcp-http [3ms]
2024-10-16 07:12:34.999 [info] > git ls-files --stage -- /home/youwantsomethings/https_operators_demo_dag.py [12ms]
2024-10-16 07:12:35.021 [info] > git cat-file -s c27d53a46971c14514385134f9d857c9f5375d80 [2ms]
2024-10-16 07:12:35.136 [info] > git show --textconv :https_operators_demo_dag.py [10ms]
2024-10-16 07:12:36.890 [info] > git log --oneline --cherry from-gcp-http...from-gcp-http@{upstream} -- [3ms]
2024-10-16 07:12:37.536 [info] > git pull --tags origin from-gcp-http [624ms]
2024-10-16 07:12:37.536 [info] From https://github.com/Vinipallakki/df_from_gcp
 * branch              from-gcp-http -> FETCH_HEAD
2024-10-16 07:12:38.928 [info] > git ls-files --stage -- /home/youwantsomethings/https_operators_demo_dag.py [14ms]
2024-10-16 07:12:38.951 [info] > git cat-file -s c27d53a46971c14514385134f9d857c9f5375d80 [2ms]
2024-10-16 07:12:39.032 [info] > git show --textconv :https_operators_demo_dag.py [13ms]
2024-10-16 07:12:39.075 [info] > git push origin from-gcp-http:from-gcp-http [1518ms]
2024-10-16 07:12:39.075 [info] To https://github.com/Vinipallakki/df_from_gcp.git
   0768d390..e15b1f95  from-gcp-http -> from-gcp-http
2024-10-16 07:12:39.119 [info] > git config --get commit.template [22ms]
2024-10-16 07:12:39.121 [info] > git for-each-ref --format=%(refname)%00%(upstream:short)%00%(objectname)%00%(upstream:track)%00%(upstream:remotename)%00%(upstream:remoteref) refs/heads/from-gcp-http refs/remotes/from-gcp-http [2ms]
2024-10-16 07:12:39.294 [info] > git status -z -uall [153ms]
2024-10-16 07:12:39.324 [info] > git merge-base refs/heads/from-gcp-http refs/remotes/origin/from-gcp-http [8ms]
2024-10-16 07:12:39.347 [info] > git rev-list --count --left-right refs/heads/from-gcp-http...refs/remotes/origin/from-gcp-http [3ms]
2024-10-16 07:12:39.370 [info] > git diff --name-status -z --diff-filter=ADMR e15b1f95dad6cba28d7e6e54a1f581266f5669a4...refs/remotes/origin/from-gcp-http [3ms]
2024-10-16 07:12:39.471 [info] > git merge-base refs/heads/from-gcp-http refs/remotes/origin/from-gcp-http [27ms]
2024-10-16 07:12:39.494 [info] > git config --get commit.template [24ms]
2024-10-16 07:12:39.495 [info] > git rev-list --count --left-right refs/heads/from-gcp-http...refs/remotes/origin/from-gcp-http [3ms]
2024-10-16 07:12:39.519 [info] > git for-each-ref --format=%(refname)%00%(upstream:short)%00%(objectname)%00%(upstream:track)%00%(upstream:remotename)%00%(upstream:remoteref) refs/heads/from-gcp-http refs/remotes/from-gcp-http [2ms]
2024-10-16 07:12:39.694 [info] > git status -z -uall [154ms]
2024-10-16 07:12:39.745 [info] > git config --get commit.template [23ms]
2024-10-16 07:12:39.746 [info] > git for-each-ref --format=%(refname)%00%(upstream:short)%00%(objectname)%00%(upstream:track)%00%(upstream:remotename)%00%(upstream:remoteref) refs/heads/from-gcp-http refs/remotes/from-gcp-http [2ms]
2024-10-16 07:12:39.933 [info] > git status -z -uall [163ms]
2024-10-16 07:12:40.506 [info] > git ls-files --stage -- /home/youwantsomethings/https_operators_demo_dag.py [12ms]
2024-10-16 07:12:40.529 [info] > git cat-file -s c27d53a46971c14514385134f9d857c9f5375d80 [2ms]
2024-10-16 07:12:40.615 [info] > git show --textconv :https_operators_demo_dag.py [13ms]
2024-10-16 07:12:44.983 [info] > git config --get commit.template [22ms]
2024-10-16 07:12:44.984 [info] > git for-each-ref --format=%(refname)%00%(upstream:short)%00%(objectname)%00%(upstream:track)%00%(upstream:remotename)%00%(upstream:remoteref) refs/heads/from-gcp-http refs/remotes/from-gcp-http [2ms]
2024-10-16 07:12:45.160 [info] > git status -z -uall [153ms]
2024-10-16 07:12:50.208 [info] > git config --get commit.template [21ms]
2024-10-16 07:12:50.208 [info] > git for-each-ref --format=%(refname)%00%(upstream:short)%00%(objectname)%00%(upstream:track)%00%(upstream:remotename)%00%(upstream:remoteref) refs/heads/from-gcp-http refs/remotes/from-gcp-http [2ms]
2024-10-16 07:12:50.384 [info] > git status -z -uall [154ms]
2024-10-16 07:14:08.875 [info] > git config --get commit.template [3ms]
2024-10-16 07:14:08.898 [info] > git for-each-ref --format=%(refname)%00%(upstream:short)%00%(objectname)%00%(upstream:track)%00%(upstream:remotename)%00%(upstream:remoteref) refs/heads/from-gcp-http refs/remotes/from-gcp-http [2ms]
2024-10-16 07:14:09.085 [info] > git status -z -uall [166ms]
2024-10-16 07:15:04.976 [info] > git config --get commit.template [22ms]
2024-10-16 07:15:04.977 [info] > git for-each-ref --format=%(refname)%00%(upstream:short)%00%(objectname)%00%(upstream:track)%00%(upstream:remotename)%00%(upstream:remoteref) refs/heads/from-gcp-http refs/remotes/from-gcp-http [2ms]
2024-10-16 07:15:05.165 [info] > git status -z -uall [167ms]
2024-10-16 07:15:10.213 [info] > git config --get commit.template [23ms]
2024-10-16 07:15:10.215 [info] > git for-each-ref --format=%(refname)%00%(upstream:short)%00%(objectname)%00%(upstream:track)%00%(upstream:remotename)%00%(upstream:remoteref) refs/heads/from-gcp-http refs/remotes/from-gcp-http [2ms]
2024-10-16 07:15:10.396 [info] > git status -z -uall [160ms]
2024-10-16 07:15:11.108 [info] > git check-ignore -v -z --stdin [14ms]
2024-10-16 07:15:13.982 [info] > git ls-files --stage -- /home/youwantsomethings/https_operators_demo_dag.py [11ms]
2024-10-16 07:15:14.005 [info] > git cat-file -s c27d53a46971c14514385134f9d857c9f5375d80 [2ms]
2024-10-16 07:15:14.095 [info] > git show --textconv :https_operators_demo_dag.py [10ms]
2024-10-16 07:15:14.423 [info] > git fetch [1760ms]
2024-10-16 07:15:14.423 [info] From https://github.com/Vinipallakki/df_from_gcp
   5c92dfeb..f12c0681  main       -> origin/main
2024-10-16 07:15:14.463 [info] > git config --get commit.template [19ms]
2024-10-16 07:15:14.464 [info] > git for-each-ref --format=%(refname)%00%(upstream:short)%00%(objectname)%00%(upstream:track)%00%(upstream:remotename)%00%(upstream:remoteref) refs/heads/from-gcp-http refs/remotes/from-gcp-http [2ms]
2024-10-16 07:15:14.640 [info] > git status -z -uall [152ms]
2024-10-16 07:15:15.447 [info] > git config --get commit.template [24ms]
2024-10-16 07:15:15.448 [info] > git for-each-ref --format=%(refname)%00%(upstream:short)%00%(objectname)%00%(upstream:track)%00%(upstream:remotename)%00%(upstream:remoteref) refs/heads/from-gcp-http refs/remotes/from-gcp-http [2ms]
2024-10-16 07:15:15.638 [info] > git status -z -uall [168ms]
2024-10-16 07:15:15.829 [info] > git ls-files --stage -- /home/youwantsomethings/https_operators_demo_dag.py [12ms]
2024-10-16 07:15:15.860 [info] > git cat-file -s c27d53a46971c14514385134f9d857c9f5375d80 [9ms]
2024-10-16 07:15:15.947 [info] > git show --textconv :https_operators_demo_dag.py [10ms]
2024-10-16 07:15:21.859 [info] > git config --get commit.template [2ms]
2024-10-16 07:15:21.888 [info] > git for-each-ref --format=%(refname)%00%(upstream:short)%00%(objectname)%00%(upstream:track)%00%(upstream:remotename)%00%(upstream:remoteref) refs/heads/from-gcp-http refs/remotes/from-gcp-http [4ms]
2024-10-16 07:15:22.074 [info] > git status -z -uall [165ms]
2024-10-16 07:15:22.781 [info] > git check-ignore -v -z --stdin [12ms]
2024-10-16 07:15:27.785 [info] > git config --get commit.template [22ms]
2024-10-16 07:15:27.786 [info] > git for-each-ref --format=%(refname)%00%(upstream:short)%00%(objectname)%00%(upstream:track)%00%(upstream:remotename)%00%(upstream:remoteref) refs/heads/from-gcp-http refs/remotes/from-gcp-http [2ms]
2024-10-16 07:15:28.013 [info] > git status -z -uall [205ms]
2024-10-16 07:15:33.061 [info] > git config --get commit.template [22ms]
2024-10-16 07:15:33.062 [info] > git for-each-ref --format=%(refname)%00%(upstream:short)%00%(objectname)%00%(upstream:track)%00%(upstream:remotename)%00%(upstream:remoteref) refs/heads/from-gcp-http refs/remotes/from-gcp-http [2ms]
2024-10-16 07:15:33.236 [info] > git status -z -uall [153ms]
2024-10-16 07:15:38.282 [info] > git config --get commit.template [21ms]
2024-10-16 07:15:38.283 [info] > git for-each-ref --format=%(refname)%00%(upstream:short)%00%(objectname)%00%(upstream:track)%00%(upstream:remotename)%00%(upstream:remoteref) refs/heads/from-gcp-http refs/remotes/from-gcp-http [2ms]
2024-10-16 07:15:38.473 [info] > git status -z -uall [168ms]
2024-10-16 07:15:43.524 [info] > git config --get commit.template [21ms]
2024-10-16 07:15:43.525 [info] > git for-each-ref --format=%(refname)%00%(upstream:short)%00%(objectname)%00%(upstream:track)%00%(upstream:remotename)%00%(upstream:remoteref) refs/heads/from-gcp-http refs/remotes/from-gcp-http [2ms]
2024-10-16 07:15:43.705 [info] > git status -z -uall [158ms]
2024-10-16 07:15:44.491 [info] > git check-ignore -v -z --stdin [13ms]
2024-10-16 07:15:59.043 [info] > git config --get commit.template [22ms]
2024-10-16 07:15:59.044 [info] > git for-each-ref --format=%(refname)%00%(upstream:short)%00%(objectname)%00%(upstream:track)%00%(upstream:remotename)%00%(upstream:remoteref) refs/heads/from-gcp-http refs/remotes/from-gcp-http [2ms]
2024-10-16 07:15:59.217 [info] > git status -z -uall [152ms]
2024-10-16 07:16:04.266 [info] > git config --get commit.template [23ms]
2024-10-16 07:16:04.267 [info] > git for-each-ref --format=%(refname)%00%(upstream:short)%00%(objectname)%00%(upstream:track)%00%(upstream:remotename)%00%(upstream:remoteref) refs/heads/from-gcp-http refs/remotes/from-gcp-http [2ms]
2024-10-16 07:16:04.444 [info] > git status -z -uall [156ms]
2024-10-16 07:16:05.153 [info] > git check-ignore -v -z --stdin [12ms]
2024-10-16 07:16:09.492 [info] > git config --get commit.template [22ms]
2024-10-16 07:16:09.492 [info] > git for-each-ref --format=%(refname)%00%(upstream:short)%00%(objectname)%00%(upstream:track)%00%(upstream:remotename)%00%(upstream:remoteref) refs/heads/from-gcp-http refs/remotes/from-gcp-http [2ms]
2024-10-16 07:16:09.675 [info] > git status -z -uall [159ms]
2024-10-16 07:16:14.721 [info] > git config --get commit.template [24ms]
2024-10-16 07:16:14.722 [info] > git for-each-ref --format=%(refname)%00%(upstream:short)%00%(objectname)%00%(upstream:track)%00%(upstream:remotename)%00%(upstream:remoteref) refs/heads/from-gcp-http refs/remotes/from-gcp-http [7ms]
2024-10-16 07:16:14.919 [info] > git status -z -uall [178ms]
2024-10-16 07:16:19.971 [info] > git config --get commit.template [23ms]
2024-10-16 07:16:19.971 [info] > git for-each-ref --format=%(refname)%00%(upstream:short)%00%(objectname)%00%(upstream:track)%00%(upstream:remotename)%00%(upstream:remoteref) refs/heads/from-gcp-http refs/remotes/from-gcp-http [2ms]
2024-10-16 07:16:20.159 [info] > git status -z -uall [166ms]
2024-10-16 07:16:25.207 [info] > git config --get commit.template [23ms]
2024-10-16 07:16:25.208 [info] > git for-each-ref --format=%(refname)%00%(upstream:short)%00%(objectname)%00%(upstream:track)%00%(upstream:remotename)%00%(upstream:remoteref) refs/heads/from-gcp-http refs/remotes/from-gcp-http [3ms]
2024-10-16 07:16:25.400 [info] > git status -z -uall [168ms]
2024-10-16 07:16:30.448 [info] > git config --get commit.template [22ms]
2024-10-16 07:16:30.449 [info] > git for-each-ref --format=%(refname)%00%(upstream:short)%00%(objectname)%00%(upstream:track)%00%(upstream:remotename)%00%(upstream:remoteref) refs/heads/from-gcp-http refs/remotes/from-gcp-http [3ms]
2024-10-16 07:16:30.636 [info] > git status -z -uall [165ms]
2024-10-16 07:16:35.684 [info] > git config --get commit.template [20ms]
2024-10-16 07:16:35.685 [info] > git for-each-ref --format=%(refname)%00%(upstream:short)%00%(objectname)%00%(upstream:track)%00%(upstream:remotename)%00%(upstream:remoteref) refs/heads/from-gcp-http refs/remotes/from-gcp-http [2ms]
2024-10-16 07:16:35.869 [info] > git status -z -uall [162ms]
2024-10-16 07:16:37.398 [info] > git show --textconv :from-http-gcs.py [27ms]
2024-10-16 07:16:37.411 [info] > git ls-files --stage -- /home/youwantsomethings/from-http-gcs.py [15ms]
2024-10-16 07:16:37.630 [info] > git check-ignore -v -z --stdin [12ms]
2024-10-16 07:16:59.294 [info] > git config --get commit.template [24ms]
2024-10-16 07:16:59.295 [info] > git for-each-ref --format=%(refname)%00%(upstream:short)%00%(objectname)%00%(upstream:track)%00%(upstream:remotename)%00%(upstream:remoteref) refs/heads/from-gcp-http refs/remotes/from-gcp-http [3ms]
2024-10-16 07:16:59.476 [info] > git status -z -uall [159ms]
2024-10-16 07:17:00.253 [info] > git check-ignore -v -z --stdin [19ms]
2024-10-16 07:18:22.901 [info] > git config --get commit.template [26ms]
2024-10-16 07:18:22.902 [info] > git for-each-ref --format=%(refname)%00%(upstream:short)%00%(objectname)%00%(upstream:track)%00%(upstream:remotename)%00%(upstream:remoteref) refs/heads/from-gcp-http refs/remotes/from-gcp-http [3ms]
2024-10-16 07:18:23.095 [info] > git status -z -uall [170ms]
2024-10-16 07:18:23.430 [info] > git fetch [582ms]
2024-10-16 07:18:23.475 [info] > git config --get commit.template [22ms]
2024-10-16 07:18:23.477 [info] > git for-each-ref --format=%(refname)%00%(upstream:short)%00%(objectname)%00%(upstream:track)%00%(upstream:remotename)%00%(upstream:remoteref) refs/heads/from-gcp-http refs/remotes/from-gcp-http [2ms]
2024-10-16 07:18:23.661 [info] > git status -z -uall [161ms]
2024-10-16 07:18:24.848 [info] > git ls-files --stage -- /home/youwantsomethings/from-http-gcs.py [14ms]
2024-10-16 07:18:24.930 [info] > git show --textconv :from-http-gcs.py [12ms]
2024-10-16 07:18:55.965 [info] > git config --get commit.template [23ms]
2024-10-16 07:18:55.967 [info] > git for-each-ref --format=%(refname)%00%(upstream:short)%00%(objectname)%00%(upstream:track)%00%(upstream:remotename)%00%(upstream:remoteref) refs/heads/from-gcp-http refs/remotes/from-gcp-http [3ms]
2024-10-16 07:18:56.148 [info] > git status -z -uall [159ms]
2024-10-16 07:19:01.197 [info] > git config --get commit.template [23ms]
2024-10-16 07:19:01.200 [info] > git for-each-ref --format=%(refname)%00%(upstream:short)%00%(objectname)%00%(upstream:track)%00%(upstream:remotename)%00%(upstream:remoteref) refs/heads/from-gcp-http refs/remotes/from-gcp-http [4ms]
2024-10-16 07:19:01.419 [info] > git status -z -uall [196ms]
2024-10-16 07:19:03.663 [info] > git check-ignore -v -z --stdin [14ms]
2024-10-16 07:20:24.990 [info] > git config --get commit.template [24ms]
2024-10-16 07:20:24.991 [info] > git for-each-ref --format=%(refname)%00%(upstream:short)%00%(objectname)%00%(upstream:track)%00%(upstream:remotename)%00%(upstream:remoteref) refs/heads/from-gcp-http refs/remotes/from-gcp-http [3ms]
2024-10-16 07:20:25.187 [info] > git status -z -uall [172ms]
2024-10-16 07:24:36.492 [info] > git config --get commit.template [26ms]
2024-10-16 07:24:36.493 [info] > git for-each-ref --format=%(refname)%00%(upstream:short)%00%(objectname)%00%(upstream:track)%00%(upstream:remotename)%00%(upstream:remoteref) refs/heads/from-gcp-http refs/remotes/from-gcp-http [3ms]
2024-10-16 07:24:36.689 [info] > git status -z -uall [170ms]
2024-10-16 07:24:37.033 [info] > git fetch [595ms]
2024-10-16 07:24:37.082 [info] > git config --get commit.template [26ms]
2024-10-16 07:24:37.086 [info] > git for-each-ref --format=%(refname)%00%(upstream:short)%00%(objectname)%00%(upstream:track)%00%(upstream:remotename)%00%(upstream:remoteref) refs/heads/from-gcp-http refs/remotes/from-gcp-http [7ms]
2024-10-16 07:24:37.274 [info] > git status -z -uall [164ms]
2024-10-16 07:24:37.649 [info] > git check-ignore -v -z --stdin [14ms]
2024-10-16 07:24:38.773 [info] > git ls-files --stage -- /home/youwantsomethings/from-http-gcs.py [12ms]
2024-10-16 07:24:39.172 [info] > git show --textconv :from-http-gcs.py [11ms]
2024-10-16 07:24:41.736 [info] > git config --get commit.template [20ms]
2024-10-16 07:24:41.738 [info] > git for-each-ref --format=%(refname)%00%(upstream:short)%00%(objectname)%00%(upstream:track)%00%(upstream:remotename)%00%(upstream:remoteref) refs/heads/from-gcp-http refs/remotes/from-gcp-http [3ms]
2024-10-16 07:24:41.930 [info] > git status -z -uall [170ms]
2024-10-16 07:24:46.979 [info] > git config --get commit.template [23ms]
2024-10-16 07:24:46.980 [info] > git for-each-ref --format=%(refname)%00%(upstream:short)%00%(objectname)%00%(upstream:track)%00%(upstream:remotename)%00%(upstream:remoteref) refs/heads/from-gcp-http refs/remotes/from-gcp-http [2ms]
2024-10-16 07:24:47.172 [info] > git status -z -uall [169ms]
