Initializing document watcher...
Document watcher initialized
youwantsomethings/real_dataflow_etl.py: {}
youwantsomethings/real_dataflow_etl.py: {}
youwantsomethings/real_dataflow_etl.py: {}
youwantsomethings/real_dataflow_etl.py: Using EditorConfig core...
youwantsomethings/real_dataflow_etl.py: {}
youwantsomethings/real_dataflow_etl.py: Using EditorConfig core...
youwantsomethings/real_dataflow_etl.py: {}
youwantsomethings/real_dataflow_etl.py: Using EditorConfig core...
youwantsomethings/real_dataflow_etl.py: Using EditorConfig core...
youwantsomethings/real_dataflow_etl.py: Using EditorConfig core...
youwantsomethings/real_dataflow_etl.py: {}
youwantsomethings/real_dataflow_etl.py: Using EditorConfig core...
youwantsomethings/pubs.py: {}
youwantsomethings/pubs.py: {}
youwantsomethings/pubs.py: Using EditorConfig core...
youwantsomethings/pubs.py: {}
youwantsomethings/pubs.py: {}
youwantsomethings/pubs.py: Using EditorConfig core...
youwantsomethings/pubs.py: {}
youwantsomethings/pubs.py: {}
youwantsomethings/pubs.py: Using EditorConfig core...
youwantsomethings/real_dataflow_etl.py: {}
youwantsomethings/real_dataflow_etl.py: {}
youwantsomethings/real_dataflow_etl.py: {}
youwantsomethings/real_dataflow_etl.py: {}
youwantsomethings/real_dataflow_etl.py: {}
youwantsomethings/real_dataflow_etl.py: {}
youwantsomethings/real_dataflow_etl.py: {}
youwantsomethings/real_dataflow_etl.py: {}
youwantsomethings/real_dataflow_etl.py: {}
youwantsomethings/real_dataflow_etl.py: {}
youwantsomethings/real_dataflow_etl.py: Using EditorConfig core...
youwantsomethings/real_dataflow_etl.py: {}
youwantsomethings/real_dataflow_etl.py: {}
youwantsomethings/real_dataflow_etl.py: Using EditorConfig core...
youwantsomethings/real_dataflow_etl.py: Using EditorConfig core...
youwantsomethings/real_dataflow_etl.py: Using EditorConfig core...
youwantsomethings/real_dataflow_etl.py: Using EditorConfig core...
youwantsomethings/real_dataflow_etl.py: Using EditorConfig core...
youwantsomethings/real_dataflow_etl.py: {}
youwantsomethings/real_dataflow_etl.py: {}
youwantsomethings/real_dataflow_etl.py: {}
youwantsomethings/real_dataflow_etl.py: {}
youwantsomethings/real_dataflow_etl.py: {}
youwantsomethings/real_dataflow_etl.py: Using EditorConfig core...
youwantsomethings/real_dataflow_etl.py: Using EditorConfig core...
youwantsomethings/real_dataflow_etl.py: Using EditorConfig core...
youwantsomethings/real_dataflow_etl.py: Using EditorConfig core...
