Initializing document watcher...
Document watcher initialized
youwantsomethings/dataflow_python/5_Streaming_Analytics/solution/streaming_minute_traffic_pipeline.py: {}
youwantsomethings/.git/req.sh: {}
youwantsomethings/https_operators_demo_dag.py: {}
youwantsomethings/https_operators_demo_dag.py: {}
youwantsomethings/https_operators_demo_dag.py: {}
youwantsomethings/https_operators_demo_dag.py: {}
youwantsomethings/https_operators_demo_dag.py: {}
youwantsomethings/https_operators_demo_dag.py: {}
youwantsomethings/https_operators_demo_dag.py: {}
youwantsomethings/https_operators_demo_dag.py: Using EditorConfig core...
youwantsomethings/https_operators_demo_dag.py: Using EditorConfig core...
youwantsomethings/https_operators_demo_dag.py: Using EditorConfig core...
youwantsomethings/https_operators_demo_dag.py: Using EditorConfig core...
youwantsomethings/https_operators_demo_dag.py: Using EditorConfig core...
youwantsomethings/https_operators_demo_dag.py: Using EditorConfig core...
youwantsomethings/https_operators_demo_dag.py: Using EditorConfig core...
youwantsomethings/https_operators_demo_dag.py: Using EditorConfig core...
youwantsomethings/https_operators_demo_dag.py: Using EditorConfig core...
youwantsomethings/https_operators_demo_dag.py: {}
youwantsomethings/https_operators_demo_dag.py: Using EditorConfig core...
youwantsomethings/https_operators_demo_dag.py: {}
youwantsomethings/https_operators_demo_dag.py: {}
youwantsomethings/https_operators_demo_dag.py: {}
youwantsomethings/https_operators_demo_dag.py: {}
youwantsomethings/https_operators_demo_dag.py: Using EditorConfig core...
youwantsomethings/https_operators_demo_dag.py: Using EditorConfig core...
youwantsomethings/https_operators_demo_dag.py: Using EditorConfig core...
youwantsomethings/https_operators_demo_dag.py: {}
youwantsomethings/https_operators_demo_dag.py: {}
youwantsomethings/https_operators_demo_dag.py: Using EditorConfig core...
youwantsomethings/https_operators_demo_dag.py: Using EditorConfig core...
youwantsomethings/https_operators_demo_dag.py: Using EditorConfig core...
youwantsomethings/https_operators_demo_dag.py: {}
youwantsomethings/https_operators_demo_dag.py: {}
youwantsomethings/https_operators_demo_dag.py: {}
youwantsomethings/https_operators_demo_dag.py: Using EditorConfig core...
