Initializing document watcher...
Document watcher initialized
youwantsomethings/test.py: {}
youwantsomethings/test.py: {}
No more open editors.
youwantsomethings/banded-edge-437103-i9-2b57fbf82072.json: {}
youwantsomethings/test.py: {}
youwantsomethings/iot_real_time.py: {}
youwantsomethings/test.py: {}
youwantsomethings/pubs.py: {}
youwantsomethings/test.py: {}
youwantsomethings/final_real.py: {}
No more open editors.
No more open editors.
youwantsomethings/Untitled-1: {}
youwantsomethings/.git/stream.py: Using EditorConfig core...
youwantsomethings/.git/stream.py: {}
youwantsomethings/.git/stream.py: {}
youwantsomethings/.git/stream.py: {}
youwantsomethings/.git/stream.py: Using EditorConfig core...
youwantsomethings/.git/stream.py: Using EditorConfig core...
youwantsomethings/.git/stream.py: {}
youwantsomethings/Untitled-1: {}
youwantsomethings/Untitled-1: {}
youwantsomethings/Untitled-1: {}
youwantsomethings/Untitled-1: {}
youwantsomethings/.git/req.sh: Using EditorConfig core...
youwantsomethings/.git/req.sh: {}
youwantsomethings/.git/stream.py: {}
youwantsomethings/.git/stream.py: {}
youwantsomethings/.git/req.sh: {}
youwantsomethings/.git/stream.py: {}
youwantsomethings/.git/stream.py: {}
youwantsomethings/.git/stream.py: {}
youwantsomethings/.git/stream.py: {}
youwantsomethings/pub.sh: {}
youwantsomethings/pub.sh: {}
youwantsomethings/pub.sh: {}
youwantsomethings/req.sh: {}
youwantsomethings/.git/stream.py: {}
youwantsomethings/user_generator.py: {}
youwantsomethings/.git/stream.py: {}
youwantsomethings/.git/stream.py: {}
youwantsomethings/.git/stream.py: {}
youwantsomethings/.git/stream.py: {}
youwantsomethings/.git/stream.py: {}
youwantsomethings/.git/stream.py: {}
youwantsomethings/.git/stream.py: {}
youwantsomethings/.git/stream.py: {}
youwantsomethings/.git/stream.py: Using EditorConfig core...
youwantsomethings/.git/stream.py: {}
youwantsomethings/.git/stream.py: {}
youwantsomethings/.git/stream.py: {}
youwantsomethings/.git/stream.py: Using EditorConfig core...
youwantsomethings/.git/stream.py: Using EditorConfig core...
youwantsomethings/.git/stream.py: Using EditorConfig core...
youwantsomethings/.git/stream.py: {}
youwantsomethings/.git/stream.py: Using EditorConfig core...
youwantsomethings/.git/stream.py: {}
youwantsomethings/.git/stream.py: Using EditorConfig core...
youwantsomethings/.git/stream.py: Using EditorConfig core...
youwantsomethings/.git/stream.py: Using EditorConfig core...
youwantsomethings/.git/stream.py: Using EditorConfig core...
youwantsomethings/.git/stream.py: {}
youwantsomethings/.git/stream.py: {}
youwantsomethings/.git/stream.py: {}
youwantsomethings/.git/stream.py: Using EditorConfig core...
youwantsomethings/.git/stream.py: Using EditorConfig core...
youwantsomethings/.git/stream.py: {}
youwantsomethings/.git/stream.py: {}
youwantsomethings/.git/stream.py: {}
youwantsomethings/.git/stream.py: {}
youwantsomethings/.git/stream.py: Using EditorConfig core...
youwantsomethings/.git/stream.py: Using EditorConfig core...
youwantsomethings/.git/stream.py: Using EditorConfig core...
youwantsomethings/.git/stream.py: Using EditorConfig core...
youwantsomethings/.git/stream.py: Using EditorConfig core...
youwantsomethings/.git/stream.py: {}
youwantsomethings/.git/stream.py: {}
No more open editors.
youwantsomethings/.git/stream.py: {}
youwantsomethings/.git/stream.py: {}
No more open editors.
