2024-10-09 06:00:28.355 [info] Log level: Info
2024-10-09 06:00:28.355 [info] Validating found git in: "git"
2024-10-09 06:00:28.355 [info] Using git "2.43.0" from "git"
2024-10-09 06:00:28.355 [info] > git rev-parse --show-toplevel [10ms]
2024-10-09 06:00:28.355 [info] fatal: not a git repository (or any parent up to mount point /)
Stopping at filesystem boundary (GIT_DISCOVERY_ACROSS_FILESYSTEM not set).
2024-10-09 06:00:28.355 [info] > git rev-parse --show-toplevel [42ms]
2024-10-09 06:00:28.355 [info] fatal: not a git repository (or any parent up to mount point /)
Stopping at filesystem boundary (GIT_DISCOVERY_ACROSS_FILESYSTEM not set).
2024-10-09 06:00:28.453 [info] > git rev-parse --show-toplevel [74ms]
2024-10-09 06:00:28.453 [info] fatal: not a git repository (or any parent up to mount point /)
Stopping at filesystem boundary (GIT_DISCOVERY_ACROSS_FILESYSTEM not set).
2024-10-09 06:00:28.481 [info] > git rev-parse --show-toplevel [4ms]
2024-10-09 06:00:28.481 [info] fatal: not a git repository (or any parent up to mount point /)
Stopping at filesystem boundary (GIT_DISCOVERY_ACROSS_FILESYSTEM not set).
2024-10-09 06:00:28.516 [info] > git rev-parse --show-toplevel [6ms]
2024-10-09 06:00:28.516 [info] fatal: not a git repository (or any parent up to mount point /)
Stopping at filesystem boundary (GIT_DISCOVERY_ACROSS_FILESYSTEM not set).
2024-10-09 06:00:28.803 [info] > git rev-parse --show-toplevel [261ms]
2024-10-09 06:00:28.804 [info] fatal: not a git repository (or any parent up to mount point /)
Stopping at filesystem boundary (GIT_DISCOVERY_ACROSS_FILESYSTEM not set).
2024-10-09 06:00:28.826 [info] > git rev-parse --show-toplevel [4ms]
2024-10-09 06:00:28.826 [info] fatal: not a git repository (or any parent up to mount point /)
Stopping at filesystem boundary (GIT_DISCOVERY_ACROSS_FILESYSTEM not set).
2024-10-09 06:00:28.873 [info] > git rev-parse --show-toplevel [27ms]
2024-10-09 06:00:28.874 [info] fatal: not a git repository (or any parent up to mount point /)
Stopping at filesystem boundary (GIT_DISCOVERY_ACROSS_FILESYSTEM not set).
2024-10-09 06:00:28.924 [info] > git rev-parse --show-toplevel [29ms]
2024-10-09 06:00:28.924 [info] fatal: not a git repository (or any parent up to mount point /)
Stopping at filesystem boundary (GIT_DISCOVERY_ACROSS_FILESYSTEM not set).
2024-10-09 06:00:28.974 [info] > git rev-parse --show-toplevel [7ms]
2024-10-09 06:00:28.974 [info] fatal: not a git repository (or any parent up to mount point /)
Stopping at filesystem boundary (GIT_DISCOVERY_ACROSS_FILESYSTEM not set).
2024-10-09 06:00:29.047 [info] > git rev-parse --show-toplevel [52ms]
2024-10-09 06:00:29.048 [info] fatal: not a git repository (or any parent up to mount point /)
Stopping at filesystem boundary (GIT_DISCOVERY_ACROSS_FILESYSTEM not set).
2024-10-09 06:00:29.079 [info] > git rev-parse --show-toplevel [4ms]
2024-10-09 06:00:29.079 [info] fatal: not a git repository (or any parent up to mount point /)
Stopping at filesystem boundary (GIT_DISCOVERY_ACROSS_FILESYSTEM not set).
2024-10-09 06:00:29.110 [info] > git rev-parse --show-toplevel [6ms]
2024-10-09 06:00:29.110 [info] fatal: not a git repository (or any parent up to mount point /)
Stopping at filesystem boundary (GIT_DISCOVERY_ACROSS_FILESYSTEM not set).
2024-10-09 06:00:29.148 [info] > git rev-parse --show-toplevel [3ms]
2024-10-09 06:00:29.148 [info] fatal: not a git repository (or any parent up to mount point /)
Stopping at filesystem boundary (GIT_DISCOVERY_ACROSS_FILESYSTEM not set).
2024-10-09 06:06:22.010 [info] > git rev-parse --show-toplevel [4ms]
2024-10-09 06:06:22.010 [info] fatal: not a git repository (or any parent up to mount point /)
Stopping at filesystem boundary (GIT_DISCOVERY_ACROSS_FILESYSTEM not set).
2024-10-09 06:06:37.540 [info] > git rev-parse --show-toplevel [20ms]
2024-10-09 06:06:37.541 [info] fatal: not a git repository (or any parent up to mount point /)
Stopping at filesystem boundary (GIT_DISCOVERY_ACROSS_FILESYSTEM not set).
2024-10-09 06:08:49.143 [info] > git rev-parse --show-toplevel [2ms]
2024-10-09 06:08:49.143 [info] fatal: not a git repository (or any parent up to mount point /)
Stopping at filesystem boundary (GIT_DISCOVERY_ACROSS_FILESYSTEM not set).
2024-10-09 07:58:55.801 [info] > git rev-parse --show-toplevel [42ms]
2024-10-09 07:58:55.802 [info] fatal: not a git repository (or any parent up to mount point /)
Stopping at filesystem boundary (GIT_DISCOVERY_ACROSS_FILESYSTEM not set).
2024-10-09 08:04:12.457 [info] > git rev-parse --show-toplevel [3ms]
2024-10-09 08:04:12.457 [info] fatal: not a git repository (or any parent up to mount point /)
Stopping at filesystem boundary (GIT_DISCOVERY_ACROSS_FILESYSTEM not set).
