2024-10-09 06:00:28.262 [info] Default formatter is set to null for workspace /home/youwantsomethings
2024-10-09 06:00:28.262 [info] Test server listening.
2024-10-09 06:00:28.262 [info] > conda info --json
2024-10-09 06:00:28.262 [info] > hatch env show --json
2024-10-09 06:00:28.262 [info] cwd: .
2024-10-09 06:00:28.262 [info] > pyenv which python
2024-10-09 06:00:28.262 [info] cwd: .
2024-10-09 06:00:28.286 [info] Found: /bin/python --> /usr/bin/python3.12
2024-10-09 06:00:28.449 [info] Found: /bin/python2 --> /usr/local/bin/python2.7
2024-10-09 06:00:28.480 [info] Found: /bin/python3 --> /bin/python3.12
2024-10-09 06:00:28.482 [info] Found: /bin/python3.12 --> /bin/python3.12
2024-10-09 06:00:28.970 [info] Found: /usr/bin/python --> /usr/bin/python3.12
2024-10-09 06:00:29.018 [info] Found: /usr/bin/python2 --> /usr/local/bin/python2.7
2024-10-09 06:00:29.077 [info] Found: /usr/bin/python3 --> /usr/bin/python3.12
2024-10-09 06:00:29.080 [info] Found: /usr/bin/python3.12 --> /usr/bin/python3.12
2024-10-09 06:00:29.149 [info] Discover tests for workspace name: undefined - uri: /User/settings.json
2024-10-09 06:00:29.181 [info] Found: /usr/local/bin/python2.7 --> /usr/local/bin/python2.7
2024-10-09 06:00:29.227 [info] > ./beam_env/bin/python -I /google/devshell/editor/code-oss-for-cloud-shell/extensions/ms-python.python/python_files/get_output_via_markers.py /google/devshell/editor/code-oss-for-cloud-shell/extensions/ms-python.python/python_files/interpreterInfo.py
2024-10-09 06:00:29.284 [info] > /bin/python -I /google/devshell/editor/code-oss-for-cloud-shell/extensions/ms-python.python/python_files/get_output_via_markers.py /google/devshell/editor/code-oss-for-cloud-shell/extensions/ms-python.python/python_files/interpreterInfo.py
2024-10-09 06:00:29.363 [info] > /bin/python2 -I /google/devshell/editor/code-oss-for-cloud-shell/extensions/ms-python.python/python_files/get_output_via_markers.py /google/devshell/editor/code-oss-for-cloud-shell/extensions/ms-python.python/python_files/interpreterInfo.py
2024-10-09 06:00:29.385 [info] > /bin/python3 -I /google/devshell/editor/code-oss-for-cloud-shell/extensions/ms-python.python/python_files/get_output_via_markers.py /google/devshell/editor/code-oss-for-cloud-shell/extensions/ms-python.python/python_files/interpreterInfo.py
2024-10-09 06:00:29.391 [warning] Error: Command failed: /bin/python2 -I /google/devshell/editor/code-oss-for-cloud-shell/extensions/ms-python.python/python_files/get_output_via_markers.py /google/devshell/editor/code-oss-for-cloud-shell/extensions/ms-python.python/python_files/interpreterInfo.py
Unknown option: -I
usage: /bin/python2 [option] ... [-c cmd | -m mod | file | -] [arg] ...
Try `python -h' for more information.

    at ChildProcess.exithandler (node:child_process:422:12)
    at ChildProcess.emit (node:events:529:35)
    at maybeClose (node:internal/child_process:1098:16)
    at Socket.<anonymous> (node:internal/child_process:450:11)
    at Socket.emit (node:events:517:28)
    at Pipe.<anonymous> (node:net:350:12) {
  code: 2,
  killed: false,
  signal: null,
  cmd: '/bin/python2 -I /google/devshell/editor/code-oss-for-cloud-shell/extensions/ms-python.python/python_files/get_output_via_markers.py /google/devshell/editor/code-oss-for-cloud-shell/extensions/ms-python.python/python_files/interpreterInfo.py'
}
2024-10-09 06:00:29.391 [error] Support for Python 2.7 has been dropped by the Python extension so certain features may not work, upgrade to using Python 3.
2024-10-09 06:00:29.417 [info] > /bin/python2 /google/devshell/editor/code-oss-for-cloud-shell/extensions/ms-python.python/python_files/get_output_via_markers.py /google/devshell/editor/code-oss-for-cloud-shell/extensions/ms-python.python/python_files/interpreterInfo.py
2024-10-09 06:00:29.557 [info] Python interpreter path: ./beam_env/bin/python
2024-10-09 06:00:32.002 [info] Starting Jedi language server for youwantsomethings.
2024-10-09 06:01:48.798 [info] Discover tests for workspace name: youwantsomethings - uri: /home/youwantsomethings/real_dataflow_etl.py
2024-10-09 06:01:50.938 [info] Discover tests for workspace name: youwantsomethings - uri: /home/youwantsomethings/real_dataflow_etl.py
2024-10-09 06:01:51.276 [info] Discover tests for workspace name: youwantsomethings - uri: /home/youwantsomethings/real_dataflow_etl.py
2024-10-09 06:04:57.213 [info] Discover tests for workspace name: youwantsomethings - uri: /home/youwantsomethings/real_dataflow_etl.py
2024-10-09 06:04:59.739 [info] Discover tests for workspace name: youwantsomethings - uri: /home/youwantsomethings/real_dataflow_etl.py
2024-10-09 06:05:00.084 [info] Discover tests for workspace name: youwantsomethings - uri: /home/youwantsomethings/real_dataflow_etl.py
2024-10-09 06:09:26.152 [info] Discover tests for workspace name: youwantsomethings - uri: /home/youwantsomethings/real_dataflow_etl.py
2024-10-09 06:45:13.970 [info] Discover tests for workspace name: youwantsomethings - uri: /home/youwantsomethings/real_dataflow_etl.py
2024-10-09 06:46:03.416 [info] Discover tests for workspace name: youwantsomethings - uri: /home/youwantsomethings/real_dataflow_etl.py
2024-10-09 06:47:01.223 [info] Discover tests for workspace name: youwantsomethings - uri: /home/youwantsomethings/real_dataflow_etl.py
2024-10-09 06:48:13.760 [info] Discover tests for workspace name: youwantsomethings - uri: /home/youwantsomethings/real_dataflow_etl.py
2024-10-09 06:48:22.181 [info] Discover tests for workspace name: youwantsomethings - uri: /home/youwantsomethings/real_dataflow_etl.py
2024-10-09 06:48:32.016 [info] Discover tests for workspace name: youwantsomethings - uri: /home/youwantsomethings/real_dataflow_etl.py
2024-10-09 06:52:24.518 [info] Discover tests for workspace name: youwantsomethings - uri: /home/youwantsomethings/real_dataflow_etl.py
2024-10-09 06:52:34.952 [info] Discover tests for workspace name: youwantsomethings - uri: /home/youwantsomethings/real_dataflow_etl.py
2024-10-09 06:55:22.084 [info] Discover tests for workspace name: youwantsomethings - uri: /home/youwantsomethings/real_dataflow_etl.py
2024-10-09 06:55:23.872 [info] Discover tests for workspace name: youwantsomethings - uri: /home/youwantsomethings/real_dataflow_etl.py
2024-10-09 06:55:30.437 [info] Discover tests for workspace name: youwantsomethings - uri: /home/youwantsomethings/real_dataflow_etl.py
2024-10-09 06:55:33.165 [info] Discover tests for workspace name: youwantsomethings - uri: /home/youwantsomethings/real_dataflow_etl.py
2024-10-09 06:55:36.035 [info] Discover tests for workspace name: youwantsomethings - uri: /home/youwantsomethings/real_dataflow_etl.py
2024-10-09 06:55:37.959 [info] Discover tests for workspace name: youwantsomethings - uri: /home/youwantsomethings/real_dataflow_etl.py
2024-10-09 06:55:40.163 [info] Discover tests for workspace name: youwantsomethings - uri: /home/youwantsomethings/real_dataflow_etl.py
2024-10-09 06:55:47.400 [info] Discover tests for workspace name: youwantsomethings - uri: /home/youwantsomethings/real_dataflow_etl.py
2024-10-09 06:55:48.796 [info] Discover tests for workspace name: youwantsomethings - uri: /home/youwantsomethings/real_dataflow_etl.py
2024-10-09 06:55:50.520 [info] Discover tests for workspace name: youwantsomethings - uri: /home/youwantsomethings/real_dataflow_etl.py
2024-10-09 06:55:58.433 [info] Discover tests for workspace name: youwantsomethings - uri: /home/youwantsomethings/real_dataflow_etl.py
2024-10-09 07:06:57.412 [info] Discover tests for workspace name: youwantsomethings - uri: /home/youwantsomethings/real_dataflow_etl.py
2024-10-09 07:07:10.603 [info] Discover tests for workspace name: youwantsomethings - uri: /home/youwantsomethings/real_dataflow_etl.py
2024-10-09 07:07:15.656 [info] Discover tests for workspace name: youwantsomethings - uri: /home/youwantsomethings/real_dataflow_etl.py
2024-10-09 07:07:22.119 [info] Discover tests for workspace name: youwantsomethings - uri: /home/youwantsomethings/real_dataflow_etl.py
2024-10-09 07:15:43.567 [info] Discover tests for workspace name: youwantsomethings - uri: /home/youwantsomethings/real_dataflow_etl.py
2024-10-09 07:16:29.717 [info] Discover tests for workspace name: youwantsomethings - uri: /home/youwantsomethings/real_dataflow_etl.py
2024-10-09 07:16:37.436 [info] Discover tests for workspace name: youwantsomethings - uri: /home/youwantsomethings/real_dataflow_etl.py
2024-10-09 07:16:38.769 [info] Discover tests for workspace name: youwantsomethings - uri: /home/youwantsomethings/real_dataflow_etl.py
2024-10-09 07:16:39.125 [info] Discover tests for workspace name: youwantsomethings - uri: /home/youwantsomethings/real_dataflow_etl.py
2024-10-09 07:25:45.755 [info] Discover tests for workspace name: youwantsomethings - uri: /home/youwantsomethings/real_dataflow_etl.py
2024-10-09 07:25:48.354 [info] Discover tests for workspace name: youwantsomethings - uri: /home/youwantsomethings/real_dataflow_etl.py
2024-10-09 07:25:48.624 [info] Discover tests for workspace name: youwantsomethings - uri: /home/youwantsomethings/real_dataflow_etl.py
2024-10-09 07:33:03.570 [info] Discover tests for workspace name: youwantsomethings - uri: /home/youwantsomethings/real_dataflow_etl.py
2024-10-09 07:43:32.569 [info] Discover tests for workspace name: youwantsomethings - uri: /home/youwantsomethings/real_dataflow_etl.py
2024-10-09 07:43:33.458 [info] Discover tests for workspace name: youwantsomethings - uri: /home/youwantsomethings/real_dataflow_etl.py
2024-10-09 07:43:33.732 [info] Discover tests for workspace name: youwantsomethings - uri: /home/youwantsomethings/real_dataflow_etl.py
2024-10-09 07:43:34.039 [info] Discover tests for workspace name: youwantsomethings - uri: /home/youwantsomethings/real_dataflow_etl.py
2024-10-09 07:44:34.541 [info] Discover tests for workspace name: youwantsomethings - uri: /home/youwantsomethings/real_dataflow_etl.py
2024-10-09 07:44:36.036 [info] Discover tests for workspace name: youwantsomethings - uri: /home/youwantsomethings/real_dataflow_etl.py
2024-10-09 07:44:36.368 [info] Discover tests for workspace name: youwantsomethings - uri: /home/youwantsomethings/real_dataflow_etl.py
2024-10-09 07:44:36.702 [info] Discover tests for workspace name: youwantsomethings - uri: /home/youwantsomethings/real_dataflow_etl.py
2024-10-09 07:44:55.749 [info] Discover tests for workspace name: youwantsomethings - uri: /home/youwantsomethings/real_dataflow_etl.py
2024-10-09 07:45:03.459 [info] Discover tests for workspace name: youwantsomethings - uri: /home/youwantsomethings/real_dataflow_etl.py
2024-10-09 07:45:06.874 [info] Discover tests for workspace name: youwantsomethings - uri: /home/youwantsomethings/real_dataflow_etl.py
2024-10-09 07:45:08.397 [info] Discover tests for workspace name: youwantsomethings - uri: /home/youwantsomethings/real_dataflow_etl.py
2024-10-09 07:45:12.458 [info] Discover tests for workspace name: youwantsomethings - uri: /home/youwantsomethings/real_dataflow_etl.py
2024-10-09 07:45:18.120 [info] Discover tests for workspace name: youwantsomethings - uri: /home/youwantsomethings/real_dataflow_etl.py
2024-10-09 07:45:26.380 [info] Discover tests for workspace name: youwantsomethings - uri: /home/youwantsomethings/real_dataflow_etl.py
2024-10-09 07:45:30.479 [info] Discover tests for workspace name: youwantsomethings - uri: /home/youwantsomethings/real_dataflow_etl.py
2024-10-09 07:45:51.931 [info] Discover tests for workspace name: youwantsomethings - uri: /home/youwantsomethings/real_dataflow_etl.py
2024-10-09 07:45:52.235 [info] Discover tests for workspace name: youwantsomethings - uri: /home/youwantsomethings/real_dataflow_etl.py
2024-10-09 07:45:55.663 [info] Discover tests for workspace name: youwantsomethings - uri: /home/youwantsomethings/real_dataflow_etl.py
