2024-10-08 14:08:04.978 [info] Extension host with pid 1604 started
2024-10-08 14:08:04.978 [error] Error: EEXIST: file already exists, open '/home/youwantsomethings/.codeoss/data/User/workspaceStorage/-361905d7/vscode.lock'
2024-10-08 14:08:05.007 [info] Lock '/home/youwantsomethings/.codeoss/data/User/workspaceStorage/-361905d7/vscode.lock': Could not acquire lock, checking if the file is stale.
2024-10-08 14:08:05.009 [info] Lock '/home/youwantsomethings/.codeoss/data/User/workspaceStorage/-361905d7/vscode.lock': The pid 1551 appears to be gone.
2024-10-08 14:08:05.009 [info] Lock '/home/youwantsomethings/.codeoss/data/User/workspaceStorage/-361905d7/vscode.lock': Deleting a stale lock.
2024-10-08 14:08:05.022 [info] Lock '/home/youwantsomethings/.codeoss/data/User/workspaceStorage/-361905d7/vscode.lock': Lock acquired.
2024-10-08 14:08:05.096 [info] ExtensionService#_doActivateExtension vscode.emmet, startup: false, activationEvent: 'onLanguage'
2024-10-08 14:08:05.097 [info] ExtensionService#_doActivateExtension ms-python.python, startup: false, activationEvent: 'onLanguage:python'
2024-10-08 14:08:06.099 [info] ExtensionService#_doActivateExtension vscode.git-base, startup: true, activationEvent: '*', root cause: vscode.git
2024-10-08 14:08:06.203 [info] ExtensionService#_doActivateExtension vscode.git, startup: true, activationEvent: '*'
2024-10-08 14:08:06.204 [info] ExtensionService#_doActivateExtension vscode.github, startup: true, activationEvent: '*'
2024-10-08 14:08:07.296 [info] ExtensionService#_doActivateExtension redhat.fabric8-analytics, startup: true, activationEvent: 'workspaceContains:**/package.json,**/pom.xml,**/go.mod,**/requirements.txt'
2024-10-08 14:08:07.802 [info] Eager extensions activated
2024-10-08 14:08:07.803 [info] ExtensionService#_doActivateExtension EditorConfig.EditorConfig, startup: false, activationEvent: 'onStartupFinished'
2024-10-08 14:08:07.804 [info] ExtensionService#_doActivateExtension google.cloud-shell, startup: false, activationEvent: 'onStartupFinished'
2024-10-08 14:08:07.805 [info] ExtensionService#_doActivateExtension googlecloudtools.cloudcode, startup: false, activationEvent: 'onStartupFinished'
2024-10-08 14:08:07.806 [info] ExtensionService#_doActivateExtension vscode.debug-auto-launch, startup: false, activationEvent: 'onStartupFinished'
2024-10-08 14:08:07.807 [info] ExtensionService#_doActivateExtension vscode.merge-conflict, startup: false, activationEvent: 'onStartupFinished'
2024-10-08 14:08:11.903 [info] ExtensionService#_doActivateExtension vscode.json-language-features, startup: false, activationEvent: 'onLanguage:jsonc'
2024-10-08 14:08:11.903 [info] ExtensionService#_doActivateExtension vscode.typescript-language-features, startup: false, activationEvent: 'onLanguage:jsonc'
2024-10-08 14:12:35.747 [info] Extension host terminating: received terminate message from renderer
2024-10-08 14:12:35.748 [info] Lock '/home/youwantsomethings/.codeoss/data/User/workspaceStorage/-361905d7/vscode.lock': Marking the lockfile as scheduled to be released in 6000 ms.
2024-10-08 14:12:35.801 [info] Extension host with pid 1604 exiting with code 0
