2024-10-10 16:48:04.785 [info] Log level: Info
2024-10-10 16:48:04.785 [info] Validating found git in: "git"
2024-10-10 16:48:04.785 [info] Using git "2.43.0" from "git"
2024-10-10 16:48:04.785 [info] > git rev-parse --show-toplevel [7ms]
2024-10-10 16:48:04.785 [info] > git rev-parse --git-dir --git-common-dir [4ms]
2024-10-10 16:48:04.785 [info] Open repository: /home/youwantsomethings
2024-10-10 16:48:04.785 [info] > git config --get commit.template [12ms]
2024-10-10 16:48:04.785 [info] > git rev-parse --show-toplevel [5ms]
2024-10-10 16:48:04.786 [info] > git rev-parse --show-toplevel [14ms]
2024-10-10 16:48:04.799 [info] > git rev-parse --show-toplevel [2ms]
2024-10-10 16:48:04.811 [info] > git rev-parse --show-toplevel [2ms]
2024-10-10 16:48:04.823 [info] > git rev-parse --show-toplevel [2ms]
2024-10-10 16:48:04.839 [info] > git rev-parse --show-toplevel [6ms]
2024-10-10 16:48:04.852 [info] > git rev-parse --show-toplevel [1ms]
2024-10-10 16:48:04.865 [info] > git rev-parse --show-toplevel [2ms]
2024-10-10 16:48:04.878 [info] > git rev-parse --show-toplevel [2ms]
2024-10-10 16:48:04.892 [info] > git rev-parse --show-toplevel [3ms]
2024-10-10 16:48:04.902 [info] > git rev-parse --show-toplevel [2ms]
2024-10-10 16:48:04.914 [info] > git rev-parse --show-toplevel [2ms]
2024-10-10 16:48:04.924 [info] > git rev-parse --show-toplevel [2ms]
2024-10-10 16:48:04.935 [info] > git rev-parse --show-toplevel [2ms]
2024-10-10 16:48:04.958 [info] > git rev-parse --show-toplevel [13ms]
2024-10-10 16:48:05.076 [info] > git for-each-ref --format=%(refname)%00%(upstream:short)%00%(objectname)%00%(upstream:track)%00%(upstream:remotename)%00%(upstream:remoteref) refs/heads/df_gcp_last refs/remotes/df_gcp_last [317ms]
2024-10-10 16:48:05.353 [info] > git show --textconv :dataflow_python/5_Streaming_Analytics/solution/streaming_minute_traffic_pipeline.py [107ms]
2024-10-10 16:48:05.359 [info] > git ls-files --stage -- /home/youwantsomethings/dataflow_python/5_Streaming_Analytics/solution/streaming_minute_traffic_pipeline.py [42ms]
2024-10-10 16:48:05.374 [info] > git check-ignore -v -z --stdin [27ms]
2024-10-10 16:48:05.902 [info] > git check-ignore -v -z --stdin [38ms]
2024-10-10 16:48:11.380 [info] > git status -z -uall [6279ms]
2024-10-10 16:48:12.370 [info] > git merge-base refs/heads/df_gcp_last refs/remotes/origin/df_gcp_last [938ms]
2024-10-10 16:48:12.412 [info] > git config --get commit.template [227ms]
2024-10-10 16:48:12.442 [info] > git for-each-ref --format=%(refname)%00%(upstream:short)%00%(objectname)%00%(upstream:track)%00%(upstream:remotename)%00%(upstream:remoteref) refs/heads/df_gcp_last refs/remotes/df_gcp_last [7ms]
2024-10-10 16:48:12.534 [info] > git rev-list --count --left-right refs/heads/df_gcp_last...refs/remotes/origin/df_gcp_last [143ms]
2024-10-10 16:48:12.571 [info] > git diff --name-status -z --diff-filter=ADMR d24c42116c27a743067d8c7911c3fc08e9075a5e...refs/remotes/origin/df_gcp_last [6ms]
2024-10-10 16:48:12.767 [info] > git status -z -uall [298ms]
2024-10-10 16:48:52.887 [info] > git config --get commit.template [23ms]
2024-10-10 16:48:52.889 [info] > git for-each-ref --format=%(refname)%00%(upstream:short)%00%(objectname)%00%(upstream:track)%00%(upstream:remotename)%00%(upstream:remoteref) refs/heads/df_gcp_last refs/remotes/df_gcp_last [5ms]
2024-10-10 16:48:53.119 [info] > git status -z -uall [208ms]
2024-10-10 16:48:53.709 [info] > git fetch [870ms]
2024-10-10 16:48:53.755 [info] > git config --get commit.template [23ms]
2024-10-10 16:48:53.755 [info] > git for-each-ref --format=%(refname)%00%(upstream:short)%00%(objectname)%00%(upstream:track)%00%(upstream:remotename)%00%(upstream:remoteref) refs/heads/df_gcp_last refs/remotes/df_gcp_last [2ms]
2024-10-10 16:48:53.977 [info] > git status -z -uall [201ms]
2024-10-10 16:49:07.277 [info] > git config --get commit.template [22ms]
2024-10-10 16:49:07.277 [info] > git for-each-ref --format=%(refname)%00%(upstream:short)%00%(objectname)%00%(upstream:track)%00%(upstream:remotename)%00%(upstream:remoteref) refs/heads/df_gcp_last refs/remotes/df_gcp_last [2ms]
2024-10-10 16:49:07.353 [info] > git ls-files --stage -- /home/youwantsomethings/dataflow_python/5_Streaming_Analytics/solution/streaming_minute_traffic_pipeline.py [13ms]
2024-10-10 16:49:07.436 [info] > git show --textconv :dataflow_python/5_Streaming_Analytics/solution/streaming_minute_traffic_pipeline.py [10ms]
2024-10-10 16:49:07.505 [info] > git status -z -uall [207ms]
2024-10-10 16:49:34.389 [info] > git config --get commit.template [20ms]
2024-10-10 16:49:34.390 [info] > git for-each-ref --format=%(refname)%00%(upstream:short)%00%(objectname)%00%(upstream:track)%00%(upstream:remotename)%00%(upstream:remoteref) refs/heads/df_gcp_last refs/remotes/df_gcp_last [3ms]
2024-10-10 16:49:34.613 [info] > git status -z -uall [202ms]
2024-10-10 16:49:41.217 [info] > git config --get commit.template [21ms]
2024-10-10 16:49:41.218 [info] > git for-each-ref --format=%(refname)%00%(upstream:short)%00%(objectname)%00%(upstream:track)%00%(upstream:remotename)%00%(upstream:remoteref) refs/heads/df_gcp_last refs/remotes/df_gcp_last [3ms]
2024-10-10 16:49:41.431 [info] > git status -z -uall [193ms]
2024-10-10 16:49:46.528 [info] > git config --get commit.template [21ms]
2024-10-10 16:49:46.529 [info] > git for-each-ref --format=%(refname)%00%(upstream:short)%00%(objectname)%00%(upstream:track)%00%(upstream:remotename)%00%(upstream:remoteref) refs/heads/df_gcp_last refs/remotes/df_gcp_last [3ms]
2024-10-10 16:49:46.738 [info] > git status -z -uall [189ms]
2024-10-10 16:49:51.829 [info] > git config --get commit.template [21ms]
2024-10-10 16:49:51.830 [info] > git for-each-ref --format=%(refname)%00%(upstream:short)%00%(objectname)%00%(upstream:track)%00%(upstream:remotename)%00%(upstream:remoteref) refs/heads/df_gcp_last refs/remotes/df_gcp_last [3ms]
2024-10-10 16:49:52.044 [info] > git status -z -uall [193ms]
2024-10-10 16:49:58.750 [info] > git config --get commit.template [23ms]
2024-10-10 16:49:58.750 [info] > git for-each-ref --format=%(refname)%00%(upstream:short)%00%(objectname)%00%(upstream:track)%00%(upstream:remotename)%00%(upstream:remoteref) refs/heads/df_gcp_last refs/remotes/df_gcp_last [2ms]
2024-10-10 16:49:58.960 [info] > git status -z -uall [189ms]
2024-10-10 16:50:04.050 [info] > git config --get commit.template [23ms]
2024-10-10 16:50:04.051 [info] > git for-each-ref --format=%(refname)%00%(upstream:short)%00%(objectname)%00%(upstream:track)%00%(upstream:remotename)%00%(upstream:remoteref) refs/heads/df_gcp_last refs/remotes/df_gcp_last [3ms]
2024-10-10 16:50:04.269 [info] > git status -z -uall [198ms]
2024-10-10 16:50:09.371 [info] > git config --get commit.template [27ms]
2024-10-10 16:50:09.372 [info] > git for-each-ref --format=%(refname)%00%(upstream:short)%00%(objectname)%00%(upstream:track)%00%(upstream:remotename)%00%(upstream:remoteref) refs/heads/df_gcp_last refs/remotes/df_gcp_last [3ms]
2024-10-10 16:50:09.604 [info] > git status -z -uall [205ms]
2024-10-10 16:50:16.294 [info] > git config --get commit.template [2ms]
2024-10-10 16:50:16.322 [info] > git for-each-ref --format=%(refname)%00%(upstream:short)%00%(objectname)%00%(upstream:track)%00%(upstream:remotename)%00%(upstream:remoteref) refs/heads/df_gcp_last refs/remotes/df_gcp_last [4ms]
2024-10-10 16:50:16.560 [info] > git status -z -uall [213ms]
2024-10-10 16:50:21.652 [info] > git config --get commit.template [24ms]
2024-10-10 16:50:21.654 [info] > git for-each-ref --format=%(refname)%00%(upstream:short)%00%(objectname)%00%(upstream:track)%00%(upstream:remotename)%00%(upstream:remoteref) refs/heads/df_gcp_last refs/remotes/df_gcp_last [3ms]
2024-10-10 16:50:21.890 [info] > git status -z -uall [203ms]
2024-10-10 16:50:26.991 [info] > git for-each-ref --format=%(refname)%00%(upstream:short)%00%(objectname)%00%(upstream:track)%00%(upstream:remotename)%00%(upstream:remoteref) refs/heads/df_gcp_last refs/remotes/df_gcp_last [3ms]
2024-10-10 16:50:26.991 [info] > git config --get commit.template [27ms]
2024-10-10 16:50:27.205 [info] > git status -z -uall [192ms]
2024-10-10 16:50:32.297 [info] > git config --get commit.template [24ms]
2024-10-10 16:50:32.298 [info] > git for-each-ref --format=%(refname)%00%(upstream:short)%00%(objectname)%00%(upstream:track)%00%(upstream:remotename)%00%(upstream:remoteref) refs/heads/df_gcp_last refs/remotes/df_gcp_last [2ms]
2024-10-10 16:50:32.513 [info] > git status -z -uall [192ms]
2024-10-10 16:50:37.608 [info] > git config --get commit.template [23ms]
2024-10-10 16:50:37.609 [info] > git for-each-ref --format=%(refname)%00%(upstream:short)%00%(objectname)%00%(upstream:track)%00%(upstream:remotename)%00%(upstream:remoteref) refs/heads/df_gcp_last refs/remotes/df_gcp_last [2ms]
2024-10-10 16:50:37.828 [info] > git status -z -uall [197ms]
2024-10-10 16:56:35.452 [info] > git config --get commit.template [23ms]
2024-10-10 16:56:35.453 [info] > git for-each-ref --format=%(refname)%00%(upstream:short)%00%(objectname)%00%(upstream:track)%00%(upstream:remotename)%00%(upstream:remoteref) refs/heads/df_gcp_last refs/remotes/df_gcp_last [3ms]
2024-10-10 16:56:35.669 [info] > git status -z -uall [196ms]
2024-10-10 16:56:36.187 [info] > git fetch [781ms]
2024-10-10 16:56:36.228 [info] > git config --get commit.template [19ms]
2024-10-10 16:56:36.272 [info] > git for-each-ref --format=%(refname)%00%(upstream:short)%00%(objectname)%00%(upstream:track)%00%(upstream:remotename)%00%(upstream:remoteref) refs/heads/df_gcp_last refs/remotes/df_gcp_last [18ms]
2024-10-10 16:56:36.547 [info] > git status -z -uall [245ms]
2024-10-10 16:56:37.415 [info] > git ls-files --stage -- /home/youwantsomethings/dataflow_python/5_Streaming_Analytics/solution/streaming_minute_traffic_pipeline.py [9ms]
2024-10-10 16:56:37.496 [info] > git show --textconv :dataflow_python/5_Streaming_Analytics/solution/streaming_minute_traffic_pipeline.py [10ms]
2024-10-10 16:56:40.784 [info] > git config --get commit.template [23ms]
2024-10-10 16:56:40.785 [info] > git for-each-ref --format=%(refname)%00%(upstream:short)%00%(objectname)%00%(upstream:track)%00%(upstream:remotename)%00%(upstream:remoteref) refs/heads/df_gcp_last refs/remotes/df_gcp_last [3ms]
2024-10-10 16:56:40.995 [info] > git status -z -uall [190ms]
2024-10-10 16:56:46.090 [info] > git config --get commit.template [22ms]
2024-10-10 16:56:46.091 [info] > git for-each-ref --format=%(refname)%00%(upstream:short)%00%(objectname)%00%(upstream:track)%00%(upstream:remotename)%00%(upstream:remoteref) refs/heads/df_gcp_last refs/remotes/df_gcp_last [2ms]
2024-10-10 16:56:46.313 [info] > git status -z -uall [201ms]
2024-10-10 16:57:00.825 [info] > git config --get commit.template [22ms]
2024-10-10 16:57:00.826 [info] > git for-each-ref --format=%(refname)%00%(upstream:short)%00%(objectname)%00%(upstream:track)%00%(upstream:remotename)%00%(upstream:remoteref) refs/heads/df_gcp_last refs/remotes/df_gcp_last [2ms]
2024-10-10 16:57:01.052 [info] > git status -z -uall [203ms]
2024-10-10 16:57:24.749 [info] > git config --get commit.template [22ms]
2024-10-10 16:57:24.750 [info] > git for-each-ref --format=%(refname)%00%(upstream:short)%00%(objectname)%00%(upstream:track)%00%(upstream:remotename)%00%(upstream:remoteref) refs/heads/df_gcp_last refs/remotes/df_gcp_last [2ms]
2024-10-10 16:57:24.965 [info] > git status -z -uall [192ms]
2024-10-10 17:06:01.742 [info] > git config --get commit.template [28ms]
2024-10-10 17:06:01.743 [info] > git for-each-ref --format=%(refname)%00%(upstream:short)%00%(objectname)%00%(upstream:track)%00%(upstream:remotename)%00%(upstream:remoteref) refs/heads/df_gcp_last refs/remotes/df_gcp_last [3ms]
2024-10-10 17:06:01.966 [info] > git status -z -uall [199ms]
2024-10-10 17:06:02.475 [info] > git fetch [795ms]
2024-10-10 17:06:02.544 [info] > git config --get commit.template [30ms]
2024-10-10 17:06:02.561 [info] > git for-each-ref --format=%(refname)%00%(upstream:short)%00%(objectname)%00%(upstream:track)%00%(upstream:remotename)%00%(upstream:remoteref) refs/heads/df_gcp_last refs/remotes/df_gcp_last [18ms]
2024-10-10 17:06:02.825 [info] > git status -z -uall [230ms]
2024-10-10 17:06:03.734 [info] > git ls-files --stage -- /home/youwantsomethings/dataflow_python/5_Streaming_Analytics/solution/streaming_minute_traffic_pipeline.py [10ms]
2024-10-10 17:06:03.814 [info] > git show --textconv :dataflow_python/5_Streaming_Analytics/solution/streaming_minute_traffic_pipeline.py [10ms]
2024-10-10 17:06:03.933 [info] > git check-ignore -v -z --stdin [12ms]
2024-10-10 17:06:05.455 [info] > git check-ignore -v -z --stdin [14ms]
2024-10-10 17:06:07.073 [info] > git config --get commit.template [23ms]
2024-10-10 17:06:07.074 [info] > git for-each-ref --format=%(refname)%00%(upstream:short)%00%(objectname)%00%(upstream:track)%00%(upstream:remotename)%00%(upstream:remoteref) refs/heads/df_gcp_last refs/remotes/df_gcp_last [3ms]
2024-10-10 17:06:07.180 [info] > git show --textconv :dataflow_python/generate_streaming_events.sh [29ms]
2024-10-10 17:06:07.189 [info] > git ls-files --stage -- /home/youwantsomethings/dataflow_python/generate_streaming_events.sh [10ms]
2024-10-10 17:06:07.295 [info] > git status -z -uall [199ms]
2024-10-10 17:06:12.383 [info] > git config --get commit.template [23ms]
2024-10-10 17:06:12.384 [info] > git for-each-ref --format=%(refname)%00%(upstream:short)%00%(objectname)%00%(upstream:track)%00%(upstream:remotename)%00%(upstream:remoteref) refs/heads/df_gcp_last refs/remotes/df_gcp_last [2ms]
2024-10-10 17:06:12.607 [info] > git status -z -uall [200ms]
2024-10-10 17:06:20.275 [info] > git config --get commit.template [24ms]
2024-10-10 17:06:20.276 [info] > git for-each-ref --format=%(refname)%00%(upstream:short)%00%(objectname)%00%(upstream:track)%00%(upstream:remotename)%00%(upstream:remoteref) refs/heads/df_gcp_last refs/remotes/df_gcp_last [3ms]
2024-10-10 17:06:20.512 [info] > git status -z -uall [214ms]
2024-10-10 17:06:26.475 [info] > git config --get commit.template [22ms]
2024-10-10 17:06:26.477 [info] > git for-each-ref --format=%(refname)%00%(upstream:short)%00%(objectname)%00%(upstream:track)%00%(upstream:remotename)%00%(upstream:remoteref) refs/heads/df_gcp_last refs/remotes/df_gcp_last [2ms]
2024-10-10 17:06:26.689 [info] > git status -z -uall [191ms]
2024-10-10 17:06:31.783 [info] > git config --get commit.template [23ms]
2024-10-10 17:06:31.784 [info] > git for-each-ref --format=%(refname)%00%(upstream:short)%00%(objectname)%00%(upstream:track)%00%(upstream:remotename)%00%(upstream:remoteref) refs/heads/df_gcp_last refs/remotes/df_gcp_last [2ms]
2024-10-10 17:06:31.998 [info] > git status -z -uall [191ms]
2024-10-10 17:06:40.698 [info] > git config --get commit.template [23ms]
2024-10-10 17:06:40.698 [info] > git for-each-ref --format=%(refname)%00%(upstream:short)%00%(objectname)%00%(upstream:track)%00%(upstream:remotename)%00%(upstream:remoteref) refs/heads/df_gcp_last refs/remotes/df_gcp_last [2ms]
2024-10-10 17:06:40.916 [info] > git status -z -uall [196ms]
2024-10-10 17:08:11.318 [info] > git config --get commit.template [20ms]
2024-10-10 17:08:11.319 [info] > git for-each-ref --format=%(refname)%00%(upstream:short)%00%(objectname)%00%(upstream:track)%00%(upstream:remotename)%00%(upstream:remoteref) refs/heads/df_gcp_last refs/remotes/df_gcp_last [3ms]
2024-10-10 17:08:11.538 [info] > git status -z -uall [200ms]
2024-10-10 17:08:16.104 [info] > git show --textconv :dataflow_python/5_Streaming_Analytics/solution/streaming_minute_traffic_pipeline.py [29ms]
2024-10-10 17:08:16.109 [info] > git ls-files --stage -- /home/youwantsomethings/dataflow_python/5_Streaming_Analytics/solution/streaming_minute_traffic_pipeline.py [12ms]
2024-10-10 17:08:16.658 [info] > git config --get commit.template [22ms]
2024-10-10 17:08:16.660 [info] > git for-each-ref --format=%(refname)%00%(upstream:short)%00%(objectname)%00%(upstream:track)%00%(upstream:remotename)%00%(upstream:remoteref) refs/heads/df_gcp_last refs/remotes/df_gcp_last [3ms]
2024-10-10 17:08:16.886 [info] > git status -z -uall [207ms]
2024-10-10 17:08:21.985 [info] > git config --get commit.template [22ms]
2024-10-10 17:08:21.986 [info] > git for-each-ref --format=%(refname)%00%(upstream:short)%00%(objectname)%00%(upstream:track)%00%(upstream:remotename)%00%(upstream:remoteref) refs/heads/df_gcp_last refs/remotes/df_gcp_last [2ms]
2024-10-10 17:08:22.201 [info] > git status -z -uall [194ms]
2024-10-10 17:08:27.295 [info] > git config --get commit.template [22ms]
2024-10-10 17:08:27.296 [info] > git for-each-ref --format=%(refname)%00%(upstream:short)%00%(objectname)%00%(upstream:track)%00%(upstream:remotename)%00%(upstream:remoteref) refs/heads/df_gcp_last refs/remotes/df_gcp_last [3ms]
2024-10-10 17:08:27.510 [info] > git status -z -uall [194ms]
2024-10-10 17:09:19.095 [info] > git config --get commit.template [24ms]
2024-10-10 17:09:19.097 [info] > git for-each-ref --format=%(refname)%00%(upstream:short)%00%(objectname)%00%(upstream:track)%00%(upstream:remotename)%00%(upstream:remoteref) refs/heads/df_gcp_last refs/remotes/df_gcp_last [3ms]
2024-10-10 17:09:19.319 [info] > git status -z -uall [201ms]
2024-10-10 17:09:19.869 [info] > git fetch [822ms]
2024-10-10 17:09:19.894 [info] > git config --get commit.template [4ms]
2024-10-10 17:09:19.916 [info] > git for-each-ref --format=%(refname)%00%(upstream:short)%00%(objectname)%00%(upstream:track)%00%(upstream:remotename)%00%(upstream:remoteref) refs/heads/df_gcp_last refs/remotes/df_gcp_last [3ms]
2024-10-10 17:09:20.130 [info] > git status -z -uall [195ms]
2024-10-10 17:09:21.072 [info] > git ls-files --stage -- /home/youwantsomethings/dataflow_python/5_Streaming_Analytics/solution/streaming_minute_traffic_pipeline.py [9ms]
2024-10-10 17:09:21.149 [info] > git show --textconv :dataflow_python/5_Streaming_Analytics/solution/streaming_minute_traffic_pipeline.py [9ms]
2024-10-10 17:09:49.227 [info] > git config --get commit.template [22ms]
2024-10-10 17:09:49.228 [info] > git for-each-ref --format=%(refname)%00%(upstream:short)%00%(objectname)%00%(upstream:track)%00%(upstream:remotename)%00%(upstream:remoteref) refs/heads/df_gcp_last refs/remotes/df_gcp_last [2ms]
2024-10-10 17:09:49.452 [info] > git status -z -uall [203ms]
2024-10-10 17:09:54.539 [info] > git config --get commit.template [21ms]
2024-10-10 17:09:54.540 [info] > git for-each-ref --format=%(refname)%00%(upstream:short)%00%(objectname)%00%(upstream:track)%00%(upstream:remotename)%00%(upstream:remoteref) refs/heads/df_gcp_last refs/remotes/df_gcp_last [2ms]
2024-10-10 17:09:54.755 [info] > git status -z -uall [193ms]
