2024-10-16 07:50:13.390 [info] Log level: Info
2024-10-16 07:50:13.390 [info] Validating found git in: "git"
2024-10-16 07:50:13.390 [info] Using git "2.43.0" from "git"
2024-10-16 07:50:13.390 [info] > git rev-parse --show-toplevel [26ms]
2024-10-16 07:50:13.390 [info] > git rev-parse --git-dir --git-common-dir [29ms]
2024-10-16 07:50:13.390 [info] Open repository: /home/youwantsomethings
2024-10-16 07:50:13.390 [info] > git config --get commit.template [31ms]
2024-10-16 07:50:13.390 [info] > git for-each-ref --format=%(refname)%00%(upstream:short)%00%(objectname)%00%(upstream:track)%00%(upstream:remotename)%00%(upstream:remoteref) refs/heads/from-gcp-http refs/remotes/from-gcp-http [351ms]
2024-10-16 07:50:13.390 [info] > git rev-parse --show-toplevel [425ms]
2024-10-16 07:50:13.511 [info] > git rev-parse --show-toplevel [8ms]
2024-10-16 07:50:13.627 [info] > git fetch [736ms]
2024-10-16 07:50:13.682 [info] > git status -z -uall [96ms] (cancelled)
2024-10-16 07:50:13.683 [info] > git rev-parse --show-toplevel [60ms]
2024-10-16 07:50:17.761 [info] > git config --get commit.template [4081ms]
2024-10-16 07:50:17.762 [info] > git config --get commit.template [4102ms]
2024-10-16 07:50:17.825 [info] > git rev-parse --show-toplevel [4123ms]
2024-10-16 07:50:17.895 [info] > git check-ignore -v -z --stdin [110ms]
2024-10-16 07:50:17.914 [info] > git rev-parse --show-toplevel [21ms]
2024-10-16 07:50:17.915 [info] > git for-each-ref --format=%(refname)%00%(upstream:short)%00%(objectname)%00%(upstream:track)%00%(upstream:remotename)%00%(upstream:remoteref) refs/heads/from-gcp-http refs/remotes/from-gcp-http [43ms]
2024-10-16 07:50:17.915 [info] > git for-each-ref --format=%(refname)%00%(upstream:short)%00%(objectname)%00%(upstream:track)%00%(upstream:remotename)%00%(upstream:remoteref) refs/heads/from-gcp-http refs/remotes/from-gcp-http [63ms]
2024-10-16 07:50:17.939 [info] > git rev-parse --show-toplevel [3ms]
2024-10-16 07:50:18.004 [info] > git rev-parse --show-toplevel [44ms]
2024-10-16 07:50:18.155 [info] > git rev-parse --show-toplevel [101ms]
2024-10-16 07:50:18.194 [info] > git rev-parse --show-toplevel [2ms]
2024-10-16 07:50:18.228 [info] > git status -z -uall [228ms]
2024-10-16 07:50:18.271 [info] > git merge-base refs/heads/from-gcp-http refs/remotes/origin/from-gcp-http [11ms]
2024-10-16 07:50:18.293 [info] > git rev-parse --show-toplevel [67ms]
2024-10-16 07:50:18.329 [info] > git rev-parse --show-toplevel [12ms]
2024-10-16 07:50:18.329 [info] > git rev-list --count --left-right refs/heads/from-gcp-http...refs/remotes/origin/from-gcp-http [36ms]
2024-10-16 07:50:18.423 [info] > git diff --name-status -z --diff-filter=ADMR d3f9abf92fee09b4bc10853cc682efecb0eaf304...refs/remotes/origin/from-gcp-http [56ms]
2024-10-16 07:50:18.426 [info] > git rev-parse --show-toplevel [5ms]
2024-10-16 07:50:18.468 [info] > git rev-parse --show-toplevel [3ms]
2024-10-16 07:50:18.544 [info] > git show --textconv :from-http-gcs.py [38ms]
2024-10-16 07:50:18.855 [info] > git ls-files --stage -- /home/youwantsomethings/from-http-gcs.py [313ms]
2024-10-16 07:50:18.896 [info] > git cat-file -s 39ba13fef1a24bff67ecc5482fa56ed05b47c09c [4ms]
