2024-10-08 16:29:17.785 [info] Log level: Info
2024-10-08 16:29:17.785 [info] Validating found git in: "git"
2024-10-08 16:29:17.785 [info] Using git "2.43.0" from "git"
2024-10-08 16:29:17.785 [info] > git rev-parse --show-toplevel [5ms]
2024-10-08 16:29:17.785 [info] fatal: not a git repository (or any parent up to mount point /)
Stopping at filesystem boundary (GIT_DISCOVERY_ACROSS_FILESYSTEM not set).
2024-10-08 16:29:17.785 [info] > git rev-parse --show-toplevel [33ms]
2024-10-08 16:29:17.785 [info] fatal: not a git repository (or any parent up to mount point /)
Stopping at filesystem boundary (GIT_DISCOVERY_ACROSS_FILESYSTEM not set).
2024-10-08 16:29:17.785 [info] > git rev-parse --show-toplevel [8ms]
2024-10-08 16:29:17.785 [info] fatal: not a git repository (or any parent up to mount point /)
Stopping at filesystem boundary (GIT_DISCOVERY_ACROSS_FILESYSTEM not set).
2024-10-08 16:29:17.796 [info] > git rev-parse --show-toplevel [1ms]
2024-10-08 16:29:17.796 [info] fatal: not a git repository (or any parent up to mount point /)
Stopping at filesystem boundary (GIT_DISCOVERY_ACROSS_FILESYSTEM not set).
2024-10-08 16:29:17.805 [info] > git rev-parse --show-toplevel [2ms]
2024-10-08 16:29:17.805 [info] fatal: not a git repository (or any parent up to mount point /)
Stopping at filesystem boundary (GIT_DISCOVERY_ACROSS_FILESYSTEM not set).
2024-10-08 16:29:17.815 [info] > git rev-parse --show-toplevel [1ms]
2024-10-08 16:29:17.815 [info] fatal: not a git repository (or any parent up to mount point /)
Stopping at filesystem boundary (GIT_DISCOVERY_ACROSS_FILESYSTEM not set).
2024-10-08 16:29:17.824 [info] > git rev-parse --show-toplevel [2ms]
2024-10-08 16:29:17.824 [info] fatal: not a git repository (or any parent up to mount point /)
Stopping at filesystem boundary (GIT_DISCOVERY_ACROSS_FILESYSTEM not set).
2024-10-08 16:29:17.833 [info] > git rev-parse --show-toplevel [2ms]
2024-10-08 16:29:17.834 [info] fatal: not a git repository (or any parent up to mount point /)
Stopping at filesystem boundary (GIT_DISCOVERY_ACROSS_FILESYSTEM not set).
2024-10-08 16:29:17.843 [info] > git rev-parse --show-toplevel [2ms]
2024-10-08 16:29:17.843 [info] fatal: not a git repository (or any parent up to mount point /)
Stopping at filesystem boundary (GIT_DISCOVERY_ACROSS_FILESYSTEM not set).
2024-10-08 16:29:17.852 [info] > git rev-parse --show-toplevel [2ms]
2024-10-08 16:29:17.852 [info] fatal: not a git repository (or any parent up to mount point /)
Stopping at filesystem boundary (GIT_DISCOVERY_ACROSS_FILESYSTEM not set).
2024-10-08 16:29:17.863 [info] > git rev-parse --show-toplevel [2ms]
2024-10-08 16:29:17.863 [info] fatal: not a git repository (or any parent up to mount point /)
Stopping at filesystem boundary (GIT_DISCOVERY_ACROSS_FILESYSTEM not set).
2024-10-08 16:29:17.873 [info] > git rev-parse --show-toplevel [2ms]
2024-10-08 16:29:17.873 [info] fatal: not a git repository (or any parent up to mount point /)
Stopping at filesystem boundary (GIT_DISCOVERY_ACROSS_FILESYSTEM not set).
2024-10-08 16:29:38.926 [info] > git rev-parse --show-toplevel [7ms]
2024-10-08 16:29:38.926 [info] fatal: not a git repository (or any parent up to mount point /)
Stopping at filesystem boundary (GIT_DISCOVERY_ACROSS_FILESYSTEM not set).
2024-10-08 16:29:39.078 [info] > git rev-parse --show-toplevel [4ms]
2024-10-08 16:29:39.078 [info] fatal: not a git repository (or any parent up to mount point /)
Stopping at filesystem boundary (GIT_DISCOVERY_ACROSS_FILESYSTEM not set).
2024-10-08 16:29:45.892 [info] > git rev-parse --show-toplevel [2ms]
2024-10-08 16:29:45.892 [info] fatal: not a git repository (or any parent up to mount point /)
Stopping at filesystem boundary (GIT_DISCOVERY_ACROSS_FILESYSTEM not set).
2024-10-08 16:29:45.909 [info] > git rev-parse --show-toplevel [1ms]
2024-10-08 16:29:45.909 [info] fatal: not a git repository (or any parent up to mount point /)
Stopping at filesystem boundary (GIT_DISCOVERY_ACROSS_FILESYSTEM not set).
