2024-10-10 04:19:54.422 [info] Default formatter is set to null for workspace /home/youwantsomethings
2024-10-10 04:19:54.422 [info] Test server listening.
2024-10-10 04:19:54.422 [info] Python interpreter path: ./beam_env/bin/python
2024-10-10 04:19:54.766 [info] > pyenv which python
2024-10-10 04:19:54.766 [info] cwd: .
2024-10-10 04:20:00.057 [info] Starting Jedi language server for youwantsomethings.
2024-10-10 04:20:03.796 [info] Discover tests for workspace name: youwantsomethings - uri: /home/youwantsomethings/final_real.py
2024-10-10 04:20:04.635 [info] Discover tests for workspace name: youwantsomethings - uri: /home/youwantsomethings/final_real.py
2024-10-10 04:20:16.252 [info] Discover tests for workspace name: youwantsomethings - uri: /home/youwantsomethings/final_real.py
2024-10-10 04:42:05.041 [info] Send text to terminal: source /home/youwantsomethings/beam_env/bin/activate
2024-10-10 04:47:20.803 [info] Discover tests for workspace name: undefined - uri: /User/settings.json
2024-10-10 04:50:50.109 [info] Discover tests for workspace name: youwantsomethings - uri: /home/youwantsomethings/final_real.py
2024-10-10 04:50:56.196 [info] Discover tests for workspace name: youwantsomethings - uri: /home/youwantsomethings/final_real.py
2024-10-10 04:54:16.827 [info] Discover tests for workspace name: youwantsomethings - uri: /home/youwantsomethings/final_real.py
2024-10-10 04:54:17.357 [info] Discover tests for workspace name: youwantsomethings - uri: /home/youwantsomethings/final_real.py
2024-10-10 04:54:19.179 [info] Discover tests for workspace name: youwantsomethings - uri: /home/youwantsomethings/final_real.py
2024-10-10 04:58:58.702 [info] Discover tests for workspace name: undefined - uri: /User/settings.json
2024-10-10 05:03:01.796 [info] Discover tests for workspace name: youwantsomethings - uri: /home/youwantsomethings/final_real.py
2024-10-10 05:08:15.328 [info] Discover tests for workspace name: youwantsomethings - uri: /home/youwantsomethings/iot_real_time.py
2024-10-10 05:08:47.415 [info] Discover tests for workspace name: youwantsomethings - uri: /home/youwantsomethings/iot_real_time.py
2024-10-10 05:08:50.951 [info] Discover tests for workspace name: youwantsomethings - uri: /home/youwantsomethings/iot_real_time.py
2024-10-10 05:09:03.436 [info] Discover tests for workspace name: youwantsomethings - uri: /home/youwantsomethings/iot_real_time.py
2024-10-10 05:09:20.370 [info] Discover tests for workspace name: youwantsomethings - uri: /home/youwantsomethings/iot_real_time.py
2024-10-10 05:11:46.054 [info] Discover tests for workspace name: youwantsomethings - uri: /home/youwantsomethings/iot_real_time.py
2024-10-10 05:13:58.457 [info] Discover tests for workspace name: youwantsomethings - uri: /home/youwantsomethings/iot_real_time.py
2024-10-10 05:13:58.795 [info] Discover tests for workspace name: youwantsomethings - uri: /home/youwantsomethings/iot_real_time.py
2024-10-10 05:14:00.131 [info] Discover tests for workspace name: youwantsomethings - uri: /home/youwantsomethings/iot_real_time.py
2024-10-10 05:14:53.094 [info] Discover tests for workspace name: youwantsomethings - uri: /home/youwantsomethings/iot_real_time.py
2024-10-10 05:15:23.808 [info] Discover tests for workspace name: youwantsomethings - uri: /home/youwantsomethings/iot_real_time.py
2024-10-10 05:15:24.127 [info] Discover tests for workspace name: youwantsomethings - uri: /home/youwantsomethings/iot_real_time.py
2024-10-10 05:15:52.789 [info] Discover tests for workspace name: youwantsomethings - uri: /home/youwantsomethings/iot_real_time.py
2024-10-10 05:16:35.641 [info] Discover tests for workspace name: youwantsomethings - uri: /home/youwantsomethings/iot_real_time.py
2024-10-10 05:27:14.092 [info] Discover tests for workspace name: youwantsomethings - uri: /home/youwantsomethings/iot_real_time.py
2024-10-10 05:28:22.642 [info] Discover tests for workspace name: youwantsomethings - uri: /home/youwantsomethings/iot_real_time.py
2024-10-10 05:28:24.681 [info] Discover tests for workspace name: youwantsomethings - uri: /home/youwantsomethings/iot_real_time.py
2024-10-10 05:31:53.153 [info] Discover tests for workspace name: youwantsomethings - uri: /home/youwantsomethings/iot_real_time.py
2024-10-10 05:31:53.486 [info] Discover tests for workspace name: youwantsomethings - uri: /home/youwantsomethings/iot_real_time.py
