2024-10-08 15:26:51.179 [info] Log level: Info
2024-10-08 15:26:51.179 [info] Validating found git in: "git"
2024-10-08 15:26:51.179 [info] Using git "2.43.0" from "git"
2024-10-08 15:26:51.179 [info] > git rev-parse --show-toplevel [6ms]
2024-10-08 15:26:51.179 [info] fatal: not a git repository (or any parent up to mount point /)
Stopping at filesystem boundary (GIT_DISCOVERY_ACROSS_FILESYSTEM not set).
2024-10-08 15:26:51.179 [info] > git rev-parse --show-toplevel [4ms]
2024-10-08 15:26:51.179 [info] fatal: not a git repository (or any parent up to mount point /)
Stopping at filesystem boundary (GIT_DISCOVERY_ACROSS_FILESYSTEM not set).
2024-10-08 15:26:51.182 [info] > git rev-parse --show-toplevel [3ms]
2024-10-08 15:26:51.182 [info] fatal: not a git repository (or any parent up to mount point /)
Stopping at filesystem boundary (GIT_DISCOVERY_ACROSS_FILESYSTEM not set).
2024-10-08 15:26:51.193 [info] > git rev-parse --show-toplevel [2ms]
2024-10-08 15:26:51.193 [info] fatal: not a git repository (or any parent up to mount point /)
Stopping at filesystem boundary (GIT_DISCOVERY_ACROSS_FILESYSTEM not set).
2024-10-08 15:26:51.205 [info] > git rev-parse --show-toplevel [2ms]
2024-10-08 15:26:51.205 [info] fatal: not a git repository (or any parent up to mount point /)
Stopping at filesystem boundary (GIT_DISCOVERY_ACROSS_FILESYSTEM not set).
2024-10-08 15:26:51.231 [info] > git rev-parse --show-toplevel [16ms]
2024-10-08 15:26:51.231 [info] fatal: not a git repository (or any parent up to mount point /)
Stopping at filesystem boundary (GIT_DISCOVERY_ACROSS_FILESYSTEM not set).
2024-10-08 15:26:51.243 [info] > git rev-parse --show-toplevel [2ms]
2024-10-08 15:26:51.243 [info] fatal: not a git repository (or any parent up to mount point /)
Stopping at filesystem boundary (GIT_DISCOVERY_ACROSS_FILESYSTEM not set).
2024-10-08 15:26:51.254 [info] > git rev-parse --show-toplevel [2ms]
2024-10-08 15:26:51.254 [info] fatal: not a git repository (or any parent up to mount point /)
Stopping at filesystem boundary (GIT_DISCOVERY_ACROSS_FILESYSTEM not set).
2024-10-08 15:26:51.265 [info] > git rev-parse --show-toplevel [2ms]
2024-10-08 15:26:51.265 [info] fatal: not a git repository (or any parent up to mount point /)
Stopping at filesystem boundary (GIT_DISCOVERY_ACROSS_FILESYSTEM not set).
2024-10-08 15:26:51.277 [info] > git rev-parse --show-toplevel [2ms]
2024-10-08 15:26:51.277 [info] fatal: not a git repository (or any parent up to mount point /)
Stopping at filesystem boundary (GIT_DISCOVERY_ACROSS_FILESYSTEM not set).
2024-10-08 15:26:51.287 [info] > git rev-parse --show-toplevel [2ms]
2024-10-08 15:26:51.287 [info] fatal: not a git repository (or any parent up to mount point /)
Stopping at filesystem boundary (GIT_DISCOVERY_ACROSS_FILESYSTEM not set).
2024-10-08 15:26:51.299 [info] > git rev-parse --show-toplevel [2ms]
2024-10-08 15:26:51.299 [info] fatal: not a git repository (or any parent up to mount point /)
Stopping at filesystem boundary (GIT_DISCOVERY_ACROSS_FILESYSTEM not set).
2024-10-08 15:26:51.309 [info] > git rev-parse --show-toplevel [2ms]
2024-10-08 15:26:51.309 [info] fatal: not a git repository (or any parent up to mount point /)
Stopping at filesystem boundary (GIT_DISCOVERY_ACROSS_FILESYSTEM not set).
2024-10-08 15:26:51.625 [info] > git rev-parse --show-toplevel [15ms]
2024-10-08 15:26:51.625 [info] fatal: not a git repository (or any parent up to mount point /)
Stopping at filesystem boundary (GIT_DISCOVERY_ACROSS_FILESYSTEM not set).
2024-10-08 15:27:18.572 [info] > git rev-parse --show-toplevel [3ms]
2024-10-08 15:27:18.572 [info] fatal: not a git repository (or any parent up to mount point /)
Stopping at filesystem boundary (GIT_DISCOVERY_ACROSS_FILESYSTEM not set).
2024-10-08 15:29:18.351 [info] > git rev-parse --show-toplevel [4ms]
2024-10-08 15:29:18.351 [info] fatal: not a git repository (or any parent up to mount point /)
Stopping at filesystem boundary (GIT_DISCOVERY_ACROSS_FILESYSTEM not set).
2024-10-08 15:29:20.499 [info] > git rev-parse --show-toplevel [3ms]
2024-10-08 15:29:20.499 [info] fatal: not a git repository (or any parent up to mount point /)
Stopping at filesystem boundary (GIT_DISCOVERY_ACROSS_FILESYSTEM not set).
2024-10-08 15:29:23.961 [info] > git rev-parse --show-toplevel [3ms]
2024-10-08 15:29:23.961 [info] fatal: not a git repository (or any parent up to mount point /)
Stopping at filesystem boundary (GIT_DISCOVERY_ACROSS_FILESYSTEM not set).
2024-10-08 15:29:25.861 [info] > git rev-parse --show-toplevel [2ms]
2024-10-08 15:29:25.861 [info] fatal: not a git repository (or any parent up to mount point /)
Stopping at filesystem boundary (GIT_DISCOVERY_ACROSS_FILESYSTEM not set).
2024-10-08 15:29:28.978 [info] > git rev-parse --show-toplevel [3ms]
2024-10-08 15:29:28.978 [info] fatal: not a git repository (or any parent up to mount point /)
Stopping at filesystem boundary (GIT_DISCOVERY_ACROSS_FILESYSTEM not set).
2024-10-08 15:29:30.672 [info] > git rev-parse --show-toplevel [3ms]
2024-10-08 15:29:30.672 [info] fatal: not a git repository (or any parent up to mount point /)
Stopping at filesystem boundary (GIT_DISCOVERY_ACROSS_FILESYSTEM not set).
2024-10-08 15:29:41.128 [info] > git rev-parse --show-toplevel [2ms]
2024-10-08 15:29:41.128 [info] fatal: not a git repository (or any parent up to mount point /)
Stopping at filesystem boundary (GIT_DISCOVERY_ACROSS_FILESYSTEM not set).
2024-10-08 15:29:42.961 [info] > git rev-parse --show-toplevel [3ms]
2024-10-08 15:29:42.961 [info] fatal: not a git repository (or any parent up to mount point /)
Stopping at filesystem boundary (GIT_DISCOVERY_ACROSS_FILESYSTEM not set).
2024-10-08 15:29:45.193 [info] > git rev-parse --show-toplevel [3ms]
2024-10-08 15:29:45.193 [info] fatal: not a git repository (or any parent up to mount point /)
Stopping at filesystem boundary (GIT_DISCOVERY_ACROSS_FILESYSTEM not set).
2024-10-08 15:29:48.574 [info] > git rev-parse --show-toplevel [3ms]
2024-10-08 15:29:48.574 [info] fatal: not a git repository (or any parent up to mount point /)
Stopping at filesystem boundary (GIT_DISCOVERY_ACROSS_FILESYSTEM not set).
2024-10-08 15:29:54.134 [info] > git rev-parse --show-toplevel [3ms]
2024-10-08 15:29:54.134 [info] fatal: not a git repository (or any parent up to mount point /)
Stopping at filesystem boundary (GIT_DISCOVERY_ACROSS_FILESYSTEM not set).
2024-10-08 15:29:57.778 [info] > git rev-parse --show-toplevel [4ms]
2024-10-08 15:29:57.778 [info] fatal: not a git repository (or any parent up to mount point /)
Stopping at filesystem boundary (GIT_DISCOVERY_ACROSS_FILESYSTEM not set).
2024-10-08 15:30:18.183 [info] > git rev-parse --show-toplevel [2ms]
2024-10-08 15:30:18.183 [info] fatal: not a git repository (or any parent up to mount point /)
Stopping at filesystem boundary (GIT_DISCOVERY_ACROSS_FILESYSTEM not set).
2024-10-08 15:32:05.754 [info] > git rev-parse --show-toplevel [3ms]
2024-10-08 15:32:05.754 [info] fatal: not a git repository (or any parent up to mount point /)
Stopping at filesystem boundary (GIT_DISCOVERY_ACROSS_FILESYSTEM not set).
